{"numFailedTestSuites":0,"numFailedTests":0,"numPassedTestSuites":1,"numPassedTests":6,"numPendingTestSuites":0,"numPendingTests":0,"numRuntimeErrorTestSuites":0,"numTodoTests":0,"numTotalTestSuites":1,"numTotalTests":6,"openHandles":[],"snapshot":{"added":0,"didUpdate":false,"failure":false,"filesAdded":0,"filesRemoved":0,"filesRemovedList":[],"filesUnmatched":0,"filesUpdated":0,"matched":0,"total":0,"unchecked":0,"uncheckedKeysByFile":[],"unmatched":0,"updated":0},"startTime":1749590559953,"success":true,"testResults":[{"assertionResults":[{"ancestorTitles":["Tally API Client - Error Handling"],"duration":12,"failureDetails":[],"failureMessages":[],"fullName":"Tally API Client - Error Handling should handle 401 Unauthorized errors","invocations":1,"location":null,"numPassingAsserts":1,"retryReasons":[],"status":"passed","title":"should handle 401 Unauthorized errors"},{"ancestorTitles":["Tally API Client - Error Handling"],"duration":1,"failureDetails":[],"failureMessages":[],"fullName":"Tally API Client - Error Handling should handle 403 Forbidden errors","invocations":1,"location":null,"numPassingAsserts":1,"retryReasons":[],"status":"passed","title":"should handle 403 Forbidden errors"},{"ancestorTitles":["Tally API Client - Error Handling"],"duration":1,"failureDetails":[],"failureMessages":[],"fullName":"Tally API Client - Error Handling should handle 404 Not Found errors","invocations":1,"location":null,"numPassingAsserts":1,"retryReasons":[],"status":"passed","title":"should handle 404 Not Found errors"},{"ancestorTitles":["Tally API Client - Error Handling"],"duration":1,"failureDetails":[],"failureMessages":[],"fullName":"Tally API Client - Error Handling should handle 422 Unprocessable Entity errors","invocations":1,"location":null,"numPassingAsserts":1,"retryReasons":[],"status":"passed","title":"should handle 422 Unprocessable Entity errors"},{"ancestorTitles":["Tally API Client - Error Handling"],"duration":1,"failureDetails":[],"failureMessages":[],"fullName":"Tally API Client - Error Handling should handle 429 Rate Limit errors","invocations":1,"location":null,"numPassingAsserts":1,"retryReasons":[],"status":"passed","title":"should handle 429 Rate Limit errors"},{"ancestorTitles":["Tally API Client - Error Handling"],"duration":1,"failureDetails":[],"failureMessages":[],"fullName":"Tally API Client - Error Handling should handle 500 Server errors","invocations":1,"location":null,"numPassingAsserts":1,"retryReasons":[],"status":"passed","title":"should handle 500 Server errors"}],"endTime":1749590560276,"message":"","name":"/Users/cryophobic/dev/projects/tally-mcp/src/__tests__/api/errors.test.ts","startTime":1749590559974,"status":"passed","summary":""}],"wasInterrupted":false}
