<?xml version="1.0" encoding="UTF-8"?>
<testsuites name="jest tests" tests="472" failures="15" errors="0" time="49.904">
  <testsuite name="SSE Connection Establishment and MCP Handshake Testing" errors="0" failures="1" skipped="0" timestamp="2025-06-11T02:34:57" time="38.171" tests="17">
    <testcase classname="SSE Connection Establishment and MCP Handshake Testing Basic SSE Connection Establishment should establish SSE connection within expected timeframe" name="SSE Connection Establishment and MCP Handshake Testing Basic SSE Connection Establishment should establish SSE connection within expected timeframe" time="0.147">
    </testcase>
    <testcase classname="SSE Connection Establishment and MCP Handshake Testing Basic SSE Connection Establishment should handle multiple simultaneous SSE connections" name="SSE Connection Establishment and MCP Handshake Testing Basic SSE Connection Establishment should handle multiple simultaneous SSE connections" time="0.134">
    </testcase>
    <testcase classname="SSE Connection Establishment and MCP Handshake Testing Basic SSE Connection Establishment should send initial connection confirmation message" name="SSE Connection Establishment and MCP Handshake Testing Basic SSE Connection Establishment should send initial connection confirmation message" time="0.111">
    </testcase>
    <testcase classname="SSE Connection Establishment and MCP Handshake Testing Basic SSE Connection Establishment should maintain heartbeat mechanism" name="SSE Connection Establishment and MCP Handshake Testing Basic SSE Connection Establishment should maintain heartbeat mechanism" time="35.139">
      <failure>Error: Event heartbeat not received within 35000ms
    at MockMCPClient.waitForEvent (/Users/cryophobic/dev/projects/tally-mcp/src/__tests__/sse-connection-handshake.test.ts:139:11)
    at Object.&lt;anonymous&gt; (/Users/cryophobic/dev/projects/tally-mcp/src/__tests__/sse-connection-handshake.test.ts:281:30)</failure>
    </testcase>
    <testcase classname="SSE Connection Establishment and MCP Handshake Testing MCP Protocol Handshake should complete proper MCP initialization handshake" name="SSE Connection Establishment and MCP Handshake Testing MCP Protocol Handshake should complete proper MCP initialization handshake" time="0.11">
    </testcase>
    <testcase classname="SSE Connection Establishment and MCP Handshake Testing MCP Protocol Handshake should support capability negotiation" name="SSE Connection Establishment and MCP Handshake Testing MCP Protocol Handshake should support capability negotiation" time="0.108">
    </testcase>
    <testcase classname="SSE Connection Establishment and MCP Handshake Testing MCP Protocol Handshake should handle invalid handshake messages gracefully" name="SSE Connection Establishment and MCP Handshake Testing MCP Protocol Handshake should handle invalid handshake messages gracefully" time="0.108">
    </testcase>
    <testcase classname="SSE Connection Establishment and MCP Handshake Testing MCP Protocol Handshake should validate JSON-RPC 2.0 compliance" name="SSE Connection Establishment and MCP Handshake Testing MCP Protocol Handshake should validate JSON-RPC 2.0 compliance" time="0.104">
    </testcase>
    <testcase classname="SSE Connection Establishment and MCP Handshake Testing Tool Discovery Through SSE should list available tools correctly" name="SSE Connection Establishment and MCP Handshake Testing Tool Discovery Through SSE should list available tools correctly" time="0.114">
    </testcase>
    <testcase classname="SSE Connection Establishment and MCP Handshake Testing Tool Discovery Through SSE should handle tool calls with proper error handling" name="SSE Connection Establishment and MCP Handshake Testing Tool Discovery Through SSE should handle tool calls with proper error handling" time="0.116">
    </testcase>
    <testcase classname="SSE Connection Establishment and MCP Handshake Testing Client Type Simulation should handle Claude Desktop simulation" name="SSE Connection Establishment and MCP Handshake Testing Client Type Simulation should handle Claude Desktop simulation" time="0.115">
    </testcase>
    <testcase classname="SSE Connection Establishment and MCP Handshake Testing Client Type Simulation should handle MCP Inspector simulation" name="SSE Connection Establishment and MCP Handshake Testing Client Type Simulation should handle MCP Inspector simulation" time="0.123">
    </testcase>
    <testcase classname="SSE Connection Establishment and MCP Handshake Testing Client Type Simulation should handle custom client simulation" name="SSE Connection Establishment and MCP Handshake Testing Client Type Simulation should handle custom client simulation" time="0.109">
    </testcase>
    <testcase classname="SSE Connection Establishment and MCP Handshake Testing Connection State Management should track connection lifecycle properly" name="SSE Connection Establishment and MCP Handshake Testing Connection State Management should track connection lifecycle properly" time="0.329">
    </testcase>
    <testcase classname="SSE Connection Establishment and MCP Handshake Testing Connection State Management should handle abrupt connection termination" name="SSE Connection Establishment and MCP Handshake Testing Connection State Management should handle abrupt connection termination" time="0.615">
    </testcase>
    <testcase classname="SSE Connection Establishment and MCP Handshake Testing Performance and Reliability should establish connections within performance benchmarks" name="SSE Connection Establishment and MCP Handshake Testing Performance and Reliability should establish connections within performance benchmarks" time="0.113">
    </testcase>
    <testcase classname="SSE Connection Establishment and MCP Handshake Testing Performance and Reliability should handle rapid connection cycling" name="SSE Connection Establishment and MCP Handshake Testing Performance and Reliability should handle rapid connection cycling" time="0.136">
    </testcase>
  </testsuite>
  <testsuite name="Message Delivery and Formatting Verification" errors="0" failures="3" skipped="0" timestamp="2025-06-11T02:35:35" time="3.654" tests="14">
    <testcase classname="Message Delivery and Formatting Verification SSE Message Format Validation should establish SSE connection successfully" name="Message Delivery and Formatting Verification SSE Message Format Validation should establish SSE connection successfully" time="0.634">
    </testcase>
    <testcase classname="Message Delivery and Formatting Verification SSE Message Format Validation should format MCP response messages correctly" name="Message Delivery and Formatting Verification SSE Message Format Validation should format MCP response messages correctly" time="0.114">
    </testcase>
    <testcase classname="Message Delivery and Formatting Verification SSE Message Format Validation should handle various MCP method calls" name="Message Delivery and Formatting Verification SSE Message Format Validation should handle various MCP method calls" time="0.113">
    </testcase>
    <testcase classname="Message Delivery and Formatting Verification SSE Message Format Validation should format error messages properly" name="Message Delivery and Formatting Verification SSE Message Format Validation should format error messages properly" time="0.115">
    </testcase>
    <testcase classname="Message Delivery and Formatting Verification Message Timing and Delivery should deliver messages within acceptable timeframe" name="Message Delivery and Formatting Verification Message Timing and Delivery should deliver messages within acceptable timeframe" time="0.108">
    </testcase>
    <testcase classname="Message Delivery and Formatting Verification Message Timing and Delivery should maintain message order for sequential requests" name="Message Delivery and Formatting Verification Message Timing and Delivery should maintain message order for sequential requests" time="0.327">
    </testcase>
    <testcase classname="Message Delivery and Formatting Verification Message Timing and Delivery should handle concurrent message delivery" name="Message Delivery and Formatting Verification Message Timing and Delivery should handle concurrent message delivery" time="0.113">
    </testcase>
    <testcase classname="Message Delivery and Formatting Verification Connection Stability should maintain connection stability over time" name="Message Delivery and Formatting Verification Connection Stability should maintain connection stability over time" time="1.116">
    </testcase>
    <testcase classname="Message Delivery and Formatting Verification Error Handling and Edge Cases should handle malformed JSON in requests gracefully" name="Message Delivery and Formatting Verification Error Handling and Edge Cases should handle malformed JSON in requests gracefully" time="0.118">
      <failure>Error: SSE connection error
    at EventSource.eventSource.onerror (/Users/cryophobic/dev/projects/tally-mcp/src/__tests__/message-delivery-formatting.test.ts:56:23)
    at EventSource.emit (node:events:524:28)
    at _emit (/Users/cryophobic/dev/projects/tally-mcp/node_modules/eventsource/lib/eventsource.js:287:17)
    at ClientRequest.&lt;anonymous&gt; (/Users/cryophobic/dev/projects/tally-mcp/node_modules/eventsource/lib/eventsource.js:173:9)
    at Object.onceWrapper (node:events:639:26)
    at ClientRequest.emit (node:events:524:28)
    at HTTPParser.parserOnIncomingClient (node:_http_client:702:27)
    at HTTPParser.parserOnHeadersComplete (node:_http_common:118:17)
    at Socket.socketOnData (node:_http_client:544:22)
    at Socket.emit (node:events:524:28)
    at addChunk (node:internal/streams/readable:561:12)
    at readableAddChunkPushByteMode (node:internal/streams/readable:512:3)
    at Socket.Readable.push (node:internal/streams/readable:392:5)
    at TCP.onStreamRead (node:internal/stream_base_commons:191:23)</failure>
    </testcase>
    <testcase classname="Message Delivery and Formatting Verification Error Handling and Edge Cases should handle malformed JSON in responses" name="Message Delivery and Formatting Verification Error Handling and Edge Cases should handle malformed JSON in responses" time="0.115">
      <failure>Error: SSE connection error
    at EventSource.eventSource.onerror (/Users/cryophobic/dev/projects/tally-mcp/src/__tests__/message-delivery-formatting.test.ts:56:23)
    at EventSource.emit (node:events:524:28)
    at _emit (/Users/cryophobic/dev/projects/tally-mcp/node_modules/eventsource/lib/eventsource.js:287:17)
    at ClientRequest.&lt;anonymous&gt; (/Users/cryophobic/dev/projects/tally-mcp/node_modules/eventsource/lib/eventsource.js:173:9)
    at Object.onceWrapper (node:events:639:26)
    at ClientRequest.emit (node:events:524:28)
    at HTTPParser.parserOnIncomingClient (node:_http_client:702:27)
    at HTTPParser.parserOnHeadersComplete (node:_http_common:118:17)
    at Socket.socketOnData (node:_http_client:544:22)
    at Socket.emit (node:events:524:28)
    at addChunk (node:internal/streams/readable:561:12)
    at readableAddChunkPushByteMode (node:internal/streams/readable:512:3)
    at Socket.Readable.push (node:internal/streams/readable:392:5)
    at TCP.onStreamRead (node:internal/stream_base_commons:191:23)</failure>
    </testcase>
    <testcase classname="Message Delivery and Formatting Verification Error Handling and Edge Cases should handle requests without required fields" name="Message Delivery and Formatting Verification Error Handling and Edge Cases should handle requests without required fields" time="0.109">
      <failure>Error: expect(received).toBe(expected) // Object.is equality

Expected: 400
Received: undefined
    at Object.&lt;anonymous&gt; (/Users/cryophobic/dev/projects/tally-mcp/src/__tests__/message-delivery-formatting.test.ts:455:40)
    at processTicksAndRejections (node:internal/process/task_queues:95:5)</failure>
    </testcase>
    <testcase classname="Message Delivery and Formatting Verification Error Handling and Edge Cases should handle non-existent methods" name="Message Delivery and Formatting Verification Error Handling and Edge Cases should handle non-existent methods" time="0.112">
    </testcase>
    <testcase classname="Message Delivery and Formatting Verification Message Content Validation should handle special characters and encoding" name="Message Delivery and Formatting Verification Message Content Validation should handle special characters and encoding" time="0.114">
    </testcase>
    <testcase classname="Message Delivery and Formatting Verification Message Content Validation should validate JSON-RPC message structure compliance" name="Message Delivery and Formatting Verification Message Content Validation should validate JSON-RPC message structure compliance" time="0.111">
    </testcase>
  </testsuite>
  <testsuite name="TallyApiClient" errors="0" failures="4" skipped="0" timestamp="2025-06-11T02:35:38" time="0.611" tests="30">
    <testcase classname="TallyApiClient Constructor and Configuration should create a client with default configuration" name="TallyApiClient Constructor and Configuration should create a client with default configuration" time="0.001">
    </testcase>
    <testcase classname="TallyApiClient Constructor and Configuration should create a client with custom configuration" name="TallyApiClient Constructor and Configuration should create a client with custom configuration" time="0.001">
    </testcase>
    <testcase classname="TallyApiClient Constructor and Configuration should not set Authorization header if no access token is provided" name="TallyApiClient Constructor and Configuration should not set Authorization header if no access token is provided" time="0">
    </testcase>
    <testcase classname="TallyApiClient Access Token Management should set access token and update Authorization header" name="TallyApiClient Access Token Management should set access token and update Authorization header" time="0.001">
    </testcase>
    <testcase classname="TallyApiClient Access Token Management should remove Authorization header when setting empty token" name="TallyApiClient Access Token Management should remove Authorization header when setting empty token" time="0">
    </testcase>
    <testcase classname="TallyApiClient Access Token Management should return current access token" name="TallyApiClient Access Token Management should return current access token" time="0.001">
    </testcase>
    <testcase classname="TallyApiClient HTTP Methods should make a GET request" name="TallyApiClient HTTP Methods should make a GET request" time="0.001">
    </testcase>
    <testcase classname="TallyApiClient HTTP Methods should make a GET request with custom config" name="TallyApiClient HTTP Methods should make a GET request with custom config" time="0.003">
    </testcase>
    <testcase classname="TallyApiClient HTTP Methods should make a POST request with data" name="TallyApiClient HTTP Methods should make a POST request with data" time="0.001">
    </testcase>
    <testcase classname="TallyApiClient HTTP Methods should make a PUT request with data" name="TallyApiClient HTTP Methods should make a PUT request with data" time="0.001">
    </testcase>
    <testcase classname="TallyApiClient HTTP Methods should make a DELETE request" name="TallyApiClient HTTP Methods should make a DELETE request" time="0">
    </testcase>
    <testcase classname="TallyApiClient HTTP Methods should make a PATCH request with data" name="TallyApiClient HTTP Methods should make a PATCH request with data" time="0.001">
    </testcase>
    <testcase classname="TallyApiClient Error Handling should propagate axios errors" name="TallyApiClient Error Handling should propagate axios errors" time="0.008">
    </testcase>
    <testcase classname="TallyApiClient Error Handling should propagate HTTP error responses" name="TallyApiClient Error Handling should propagate HTTP error responses" time="0.001">
    </testcase>
    <testcase classname="TallyApiClient Utility Methods should return the axios instance" name="TallyApiClient Utility Methods should return the axios instance" time="0.001">
    </testcase>
    <testcase classname="TallyApiClient Utility Methods should return readonly configuration" name="TallyApiClient Utility Methods should return readonly configuration" time="0">
    </testcase>
    <testcase classname="TallyApiClient Interceptors should always setup interceptors for authentication and error handling" name="TallyApiClient Interceptors should always setup interceptors for authentication and error handling" time="0.001">
    </testcase>
    <testcase classname="TallyApiClient Interceptors should setup interceptors with debug logging when debug is enabled" name="TallyApiClient Interceptors should setup interceptors with debug logging when debug is enabled" time="0">
    </testcase>
    <testcase classname="TallyApiClient Type Safety should maintain type safety with generic responses" name="TallyApiClient Type Safety should maintain type safety with generic responses" time="0.001">
    </testcase>
    <testcase classname="TallyApiClient Rate Limiting and Retry Logic should have retry configuration set correctly" name="TallyApiClient Rate Limiting and Retry Logic should have retry configuration set correctly" time="0">
    </testcase>
    <testcase classname="TallyApiClient Rate Limiting and Retry Logic should setup interceptors for retry logic" name="TallyApiClient Rate Limiting and Retry Logic should setup interceptors for retry logic" time="0.002">
    </testcase>
    <testcase classname="TallyApiClient Rate Limiting and Retry Logic should handle custom retry configuration" name="TallyApiClient Rate Limiting and Retry Logic should handle custom retry configuration" time="0.001">
    </testcase>
    <testcase classname="TallyApiClient Type-Safe API Methods with Zod Validation getSubmissions should validate and return submissions response" name="TallyApiClient Type-Safe API Methods with Zod Validation getSubmissions should validate and return submissions response" time="0.112">
      <failure>Error: expect(received).toEqual(expected) // deep equality

- Expected  -   7
+ Received  + 204

@@ -3,24 +3,221 @@
    &quot;limit&quot;: 10,
    &quot;page&quot;: 1,
    &quot;questions&quot;: Array [],
    &quot;submissions&quot;: Array [
      Object {
-       &quot;formId&quot;: &quot;form_123&quot;,
-       &quot;id&quot;: &quot;sub_1&quot;,
+       &quot;formId&quot;: &quot;form_123456789&quot;,
+       &quot;id&quot;: &quot;sub_000000001&quot;,
+       &quot;isCompleted&quot;: true,
+       &quot;respondentId&quot;: &quot;resp_000000001&quot;,
+       &quot;responses&quot;: Array [
+         Object {
+           &quot;questionId&quot;: &quot;q1&quot;,
+           &quot;value&quot;: &quot;User 1&quot;,
+         },
+         Object {
+           &quot;questionId&quot;: &quot;q2&quot;,
+           &quot;value&quot;: &quot;user1@example.com&quot;,
+         },
+         Object {
+           &quot;questionId&quot;: &quot;q3&quot;,
+           &quot;value&quot;: &quot;This is message 1 from a test user.&quot;,
+         },
+       ],
+       &quot;submittedAt&quot;: &quot;2025-06-10T02:35:39.103Z&quot;,
+     },
+     Object {
+       &quot;formId&quot;: &quot;form_123456789&quot;,
+       &quot;id&quot;: &quot;sub_000000002&quot;,
+       &quot;isCompleted&quot;: true,
+       &quot;respondentId&quot;: &quot;resp_000000002&quot;,
+       &quot;responses&quot;: Array [
+         Object {
+           &quot;questionId&quot;: &quot;q1&quot;,
+           &quot;value&quot;: &quot;User 2&quot;,
+         },
+         Object {
+           &quot;questionId&quot;: &quot;q2&quot;,
+           &quot;value&quot;: &quot;user2@example.com&quot;,
+         },
+         Object {
+           &quot;questionId&quot;: &quot;q3&quot;,
+           &quot;value&quot;: &quot;This is message 2 from a test user.&quot;,
+         },
+       ],
+       &quot;submittedAt&quot;: &quot;2025-06-09T02:35:39.103Z&quot;,
+     },
+     Object {
+       &quot;formId&quot;: &quot;form_123456789&quot;,
+       &quot;id&quot;: &quot;sub_000000003&quot;,
+       &quot;isCompleted&quot;: true,
+       &quot;respondentId&quot;: &quot;resp_000000003&quot;,
+       &quot;responses&quot;: Array [
+         Object {
+           &quot;questionId&quot;: &quot;q1&quot;,
+           &quot;value&quot;: &quot;User 3&quot;,
+         },
+         Object {
+           &quot;questionId&quot;: &quot;q2&quot;,
+           &quot;value&quot;: &quot;user3@example.com&quot;,
+         },
+         Object {
+           &quot;questionId&quot;: &quot;q3&quot;,
+           &quot;value&quot;: &quot;This is message 3 from a test user.&quot;,
+         },
+       ],
+       &quot;submittedAt&quot;: &quot;2025-06-08T02:35:39.103Z&quot;,
+     },
+     Object {
+       &quot;formId&quot;: &quot;form_123456789&quot;,
+       &quot;id&quot;: &quot;sub_000000004&quot;,
+       &quot;isCompleted&quot;: true,
+       &quot;respondentId&quot;: &quot;resp_000000004&quot;,
+       &quot;responses&quot;: Array [
+         Object {
+           &quot;questionId&quot;: &quot;q1&quot;,
+           &quot;value&quot;: &quot;User 4&quot;,
+         },
+         Object {
+           &quot;questionId&quot;: &quot;q2&quot;,
+           &quot;value&quot;: &quot;user4@example.com&quot;,
+         },
+         Object {
+           &quot;questionId&quot;: &quot;q3&quot;,
+           &quot;value&quot;: &quot;This is message 4 from a test user.&quot;,
+         },
+       ],
+       &quot;submittedAt&quot;: &quot;2025-06-07T02:35:39.103Z&quot;,
+     },
+     Object {
+       &quot;formId&quot;: &quot;form_123456789&quot;,
+       &quot;id&quot;: &quot;sub_000000005&quot;,
+       &quot;isCompleted&quot;: true,
+       &quot;respondentId&quot;: &quot;resp_000000005&quot;,
+       &quot;responses&quot;: Array [
+         Object {
+           &quot;questionId&quot;: &quot;q1&quot;,
+           &quot;value&quot;: &quot;User 5&quot;,
+         },
+         Object {
+           &quot;questionId&quot;: &quot;q2&quot;,
+           &quot;value&quot;: &quot;user5@example.com&quot;,
+         },
+         Object {
+           &quot;questionId&quot;: &quot;q3&quot;,
+           &quot;value&quot;: &quot;This is message 5 from a test user.&quot;,
+         },
+       ],
+       &quot;submittedAt&quot;: &quot;2025-06-06T02:35:39.103Z&quot;,
+     },
+     Object {
+       &quot;formId&quot;: &quot;form_123456789&quot;,
+       &quot;id&quot;: &quot;sub_000000006&quot;,
+       &quot;isCompleted&quot;: true,
+       &quot;respondentId&quot;: &quot;resp_000000006&quot;,
+       &quot;responses&quot;: Array [
+         Object {
+           &quot;questionId&quot;: &quot;q1&quot;,
+           &quot;value&quot;: &quot;User 6&quot;,
+         },
+         Object {
+           &quot;questionId&quot;: &quot;q2&quot;,
+           &quot;value&quot;: &quot;user6@example.com&quot;,
+         },
+         Object {
+           &quot;questionId&quot;: &quot;q3&quot;,
+           &quot;value&quot;: &quot;This is message 6 from a test user.&quot;,
+         },
+       ],
+       &quot;submittedAt&quot;: &quot;2025-06-05T02:35:39.103Z&quot;,
+     },
+     Object {
+       &quot;formId&quot;: &quot;form_123456789&quot;,
+       &quot;id&quot;: &quot;sub_000000007&quot;,
+       &quot;isCompleted&quot;: true,
+       &quot;respondentId&quot;: &quot;resp_000000007&quot;,
+       &quot;responses&quot;: Array [
+         Object {
+           &quot;questionId&quot;: &quot;q1&quot;,
+           &quot;value&quot;: &quot;User 7&quot;,
+         },
+         Object {
+           &quot;questionId&quot;: &quot;q2&quot;,
+           &quot;value&quot;: &quot;user7@example.com&quot;,
+         },
+         Object {
+           &quot;questionId&quot;: &quot;q3&quot;,
+           &quot;value&quot;: &quot;This is message 7 from a test user.&quot;,
+         },
+       ],
+       &quot;submittedAt&quot;: &quot;2025-06-04T02:35:39.103Z&quot;,
+     },
+     Object {
+       &quot;formId&quot;: &quot;form_123456789&quot;,
+       &quot;id&quot;: &quot;sub_000000008&quot;,
+       &quot;isCompleted&quot;: true,
+       &quot;respondentId&quot;: &quot;resp_000000008&quot;,
+       &quot;responses&quot;: Array [
+         Object {
+           &quot;questionId&quot;: &quot;q1&quot;,
+           &quot;value&quot;: &quot;User 8&quot;,
+         },
+         Object {
+           &quot;questionId&quot;: &quot;q2&quot;,
+           &quot;value&quot;: &quot;user8@example.com&quot;,
+         },
+         Object {
+           &quot;questionId&quot;: &quot;q3&quot;,
+           &quot;value&quot;: &quot;This is message 8 from a test user.&quot;,
+         },
+       ],
+       &quot;submittedAt&quot;: &quot;2025-06-03T02:35:39.103Z&quot;,
+     },
+     Object {
+       &quot;formId&quot;: &quot;form_123456789&quot;,
+       &quot;id&quot;: &quot;sub_000000009&quot;,
        &quot;isCompleted&quot;: true,
-       &quot;respondentId&quot;: &quot;resp_1&quot;,
+       &quot;respondentId&quot;: &quot;resp_000000009&quot;,
        &quot;responses&quot;: Array [
          Object {
            &quot;questionId&quot;: &quot;q1&quot;,
-           &quot;value&quot;: &quot;Test User&quot;,
+           &quot;value&quot;: &quot;User 9&quot;,
+         },
+         Object {
+           &quot;questionId&quot;: &quot;q2&quot;,
+           &quot;value&quot;: &quot;user9@example.com&quot;,
          },
+         Object {
+           &quot;questionId&quot;: &quot;q3&quot;,
+           &quot;value&quot;: &quot;This is message 9 from a test user.&quot;,
+         },
        ],
-       &quot;submittedAt&quot;: &quot;2025-06-11T02:35:38.998Z&quot;,
+       &quot;submittedAt&quot;: &quot;2025-06-02T02:35:39.103Z&quot;,
      },
+     Object {
+       &quot;formId&quot;: &quot;form_123456789&quot;,
+       &quot;id&quot;: &quot;sub_000000010&quot;,
+       &quot;isCompleted&quot;: true,
+       &quot;respondentId&quot;: &quot;resp_000000010&quot;,
+       &quot;responses&quot;: Array [
+         Object {
+           &quot;questionId&quot;: &quot;q1&quot;,
+           &quot;value&quot;: &quot;User 10&quot;,
+         },
+         Object {
+           &quot;questionId&quot;: &quot;q2&quot;,
+           &quot;value&quot;: &quot;user10@example.com&quot;,
+         },
+         Object {
+           &quot;questionId&quot;: &quot;q3&quot;,
+           &quot;value&quot;: &quot;This is message 10 from a test user.&quot;,
+         },
+       ],
+       &quot;submittedAt&quot;: &quot;2025-06-01T02:35:39.103Z&quot;,
+     },
    ],
    &quot;totalNumberOfSubmissionsPerFilter&quot;: Object {
-     &quot;all&quot;: 1,
-     &quot;completed&quot;: 1,
+     &quot;all&quot;: 10,
+     &quot;completed&quot;: 10,
      &quot;partial&quot;: 0,
    },
  }
    at Object.&lt;anonymous&gt; (/Users/cryophobic/dev/projects/tally-mcp/src/__tests__/TallyApiClient.test.ts:481:24)</failure>
    </testcase>
    <testcase classname="TallyApiClient Type-Safe API Methods with Zod Validation getSubmissions should throw validation error for invalid submissions response" name="TallyApiClient Type-Safe API Methods with Zod Validation getSubmissions should throw validation error for invalid submissions response" time="0.103">
      <failure>Error: expect(received).rejects.toThrow()

Received promise resolved instead of rejected
Resolved to value: {&quot;hasMore&quot;: false, &quot;limit&quot;: 10, &quot;page&quot;: 1, &quot;questions&quot;: [], &quot;submissions&quot;: [{&quot;formId&quot;: &quot;form_123456789&quot;, &quot;id&quot;: &quot;sub_000000001&quot;, &quot;isCompleted&quot;: true, &quot;respondentId&quot;: &quot;resp_000000001&quot;, &quot;responses&quot;: [{&quot;questionId&quot;: &quot;q1&quot;, &quot;value&quot;: &quot;User 1&quot;}, {&quot;questionId&quot;: &quot;q2&quot;, &quot;value&quot;: &quot;user1@example.com&quot;}, {&quot;questionId&quot;: &quot;q3&quot;, &quot;value&quot;: &quot;This is message 1 from a test user.&quot;}], &quot;submittedAt&quot;: &quot;2025-06-10T02:35:39.211Z&quot;}, {&quot;formId&quot;: &quot;form_123456789&quot;, &quot;id&quot;: &quot;sub_000000002&quot;, &quot;isCompleted&quot;: true, &quot;respondentId&quot;: &quot;resp_000000002&quot;, &quot;responses&quot;: [{&quot;questionId&quot;: &quot;q1&quot;, &quot;value&quot;: &quot;User 2&quot;}, {&quot;questionId&quot;: &quot;q2&quot;, &quot;value&quot;: &quot;user2@example.com&quot;}, {&quot;questionId&quot;: &quot;q3&quot;, &quot;value&quot;: &quot;This is message 2 from a test user.&quot;}], &quot;submittedAt&quot;: &quot;2025-06-09T02:35:39.211Z&quot;}, {&quot;formId&quot;: &quot;form_123456789&quot;, &quot;id&quot;: &quot;sub_000000003&quot;, &quot;isCompleted&quot;: true, &quot;respondentId&quot;: &quot;resp_000000003&quot;, &quot;responses&quot;: [{&quot;questionId&quot;: &quot;q1&quot;, &quot;value&quot;: &quot;User 3&quot;}, {&quot;questionId&quot;: &quot;q2&quot;, &quot;value&quot;: &quot;user3@example.com&quot;}, {&quot;questionId&quot;: &quot;q3&quot;, &quot;value&quot;: &quot;This is message 3 from a test user.&quot;}], &quot;submittedAt&quot;: &quot;2025-06-08T02:35:39.211Z&quot;}, {&quot;formId&quot;: &quot;form_123456789&quot;, &quot;id&quot;: &quot;sub_000000004&quot;, &quot;isCompleted&quot;: true, &quot;respondentId&quot;: &quot;resp_000000004&quot;, &quot;responses&quot;: [{&quot;questionId&quot;: &quot;q1&quot;, &quot;value&quot;: &quot;User 4&quot;}, {&quot;questionId&quot;: &quot;q2&quot;, &quot;value&quot;: &quot;user4@example.com&quot;}, {&quot;questionId&quot;: &quot;q3&quot;, &quot;value&quot;: &quot;This is message 4 from a test user.&quot;}], &quot;submittedAt&quot;: &quot;2025-06-07T02:35:39.211Z&quot;}, {&quot;formId&quot;: &quot;form_123456789&quot;, &quot;id&quot;: &quot;sub_000000005&quot;, &quot;isCompleted&quot;: true, &quot;respondentId&quot;: &quot;resp_000000005&quot;, &quot;responses&quot;: [{&quot;questionId&quot;: &quot;q1&quot;, &quot;value&quot;: &quot;User 5&quot;}, {&quot;questionId&quot;: &quot;q2&quot;, &quot;value&quot;: &quot;user5@example.com&quot;}, {&quot;questionId&quot;: &quot;q3&quot;, &quot;value&quot;: &quot;This is message 5 from a test user.&quot;}], &quot;submittedAt&quot;: &quot;2025-06-06T02:35:39.211Z&quot;}, {&quot;formId&quot;: &quot;form_123456789&quot;, &quot;id&quot;: &quot;sub_000000006&quot;, &quot;isCompleted&quot;: true, &quot;respondentId&quot;: &quot;resp_000000006&quot;, &quot;responses&quot;: [{&quot;questionId&quot;: &quot;q1&quot;, &quot;value&quot;: &quot;User 6&quot;}, {&quot;questionId&quot;: &quot;q2&quot;, &quot;value&quot;: &quot;user6@example.com&quot;}, {&quot;questionId&quot;: &quot;q3&quot;, &quot;value&quot;: &quot;This is message 6 from a test user.&quot;}], &quot;submittedAt&quot;: &quot;2025-06-05T02:35:39.211Z&quot;}, {&quot;formId&quot;: &quot;form_123456789&quot;, &quot;id&quot;: &quot;sub_000000007&quot;, &quot;isCompleted&quot;: true, &quot;respondentId&quot;: &quot;resp_000000007&quot;, &quot;responses&quot;: [{&quot;questionId&quot;: &quot;q1&quot;, &quot;value&quot;: &quot;User 7&quot;}, {&quot;questionId&quot;: &quot;q2&quot;, &quot;value&quot;: &quot;user7@example.com&quot;}, {&quot;questionId&quot;: &quot;q3&quot;, &quot;value&quot;: &quot;This is message 7 from a test user.&quot;}], &quot;submittedAt&quot;: &quot;2025-06-04T02:35:39.211Z&quot;}, {&quot;formId&quot;: &quot;form_123456789&quot;, &quot;id&quot;: &quot;sub_000000008&quot;, &quot;isCompleted&quot;: true, &quot;respondentId&quot;: &quot;resp_000000008&quot;, &quot;responses&quot;: [{&quot;questionId&quot;: &quot;q1&quot;, &quot;value&quot;: &quot;User 8&quot;}, {&quot;questionId&quot;: &quot;q2&quot;, &quot;value&quot;: &quot;user8@example.com&quot;}, {&quot;questionId&quot;: &quot;q3&quot;, &quot;value&quot;: &quot;This is message 8 from a test user.&quot;}], &quot;submittedAt&quot;: &quot;2025-06-03T02:35:39.211Z&quot;}, {&quot;formId&quot;: &quot;form_123456789&quot;, &quot;id&quot;: &quot;sub_000000009&quot;, &quot;isCompleted&quot;: true, &quot;respondentId&quot;: &quot;resp_000000009&quot;, &quot;responses&quot;: [{&quot;questionId&quot;: &quot;q1&quot;, &quot;value&quot;: &quot;User 9&quot;}, {&quot;questionId&quot;: &quot;q2&quot;, &quot;value&quot;: &quot;user9@example.com&quot;}, {&quot;questionId&quot;: &quot;q3&quot;, &quot;value&quot;: &quot;This is message 9 from a test user.&quot;}], &quot;submittedAt&quot;: &quot;2025-06-02T02:35:39.211Z&quot;}, {&quot;formId&quot;: &quot;form_123456789&quot;, &quot;id&quot;: &quot;sub_000000010&quot;, &quot;isCompleted&quot;: true, &quot;respondentId&quot;: &quot;resp_000000010&quot;, &quot;responses&quot;: [{&quot;questionId&quot;: &quot;q1&quot;, &quot;value&quot;: &quot;User 10&quot;}, {&quot;questionId&quot;: &quot;q2&quot;, &quot;value&quot;: &quot;user10@example.com&quot;}, {&quot;questionId&quot;: &quot;q3&quot;, &quot;value&quot;: &quot;This is message 10 from a test user.&quot;}], &quot;submittedAt&quot;: &quot;2025-06-01T02:35:39.211Z&quot;}], &quot;totalNumberOfSubmissionsPerFilter&quot;: {&quot;all&quot;: 10, &quot;completed&quot;: 10, &quot;partial&quot;: 0}}
    at expect (/Users/cryophobic/dev/projects/tally-mcp/node_modules/expect/build/index.js:113:15)
    at Object.&lt;anonymous&gt; (/Users/cryophobic/dev/projects/tally-mcp/src/__tests__/TallyApiClient.test.ts:504:15)
    at Promise.then.completed (/Users/cryophobic/dev/projects/tally-mcp/node_modules/jest-circus/build/utils.js:298:28)
    at new Promise (&lt;anonymous&gt;)
    at callAsyncCircusFn (/Users/cryophobic/dev/projects/tally-mcp/node_modules/jest-circus/build/utils.js:231:10)
    at _callCircusTest (/Users/cryophobic/dev/projects/tally-mcp/node_modules/jest-circus/build/run.js:316:40)
    at _runTest (/Users/cryophobic/dev/projects/tally-mcp/node_modules/jest-circus/build/run.js:252:3)
    at _runTestsForDescribeBlock (/Users/cryophobic/dev/projects/tally-mcp/node_modules/jest-circus/build/run.js:126:9)
    at _runTestsForDescribeBlock (/Users/cryophobic/dev/projects/tally-mcp/node_modules/jest-circus/build/run.js:121:9)
    at _runTestsForDescribeBlock (/Users/cryophobic/dev/projects/tally-mcp/node_modules/jest-circus/build/run.js:121:9)
    at _runTestsForDescribeBlock (/Users/cryophobic/dev/projects/tally-mcp/node_modules/jest-circus/build/run.js:121:9)
    at run (/Users/cryophobic/dev/projects/tally-mcp/node_modules/jest-circus/build/run.js:71:3)
    at runAndTransformResultsToJestFormat (/Users/cryophobic/dev/projects/tally-mcp/node_modules/jest-circus/build/legacy-code-todo-rewrite/jestAdapterInit.js:122:21)
    at jestAdapter (/Users/cryophobic/dev/projects/tally-mcp/node_modules/jest-circus/build/legacy-code-todo-rewrite/jestAdapter.js:79:19)
    at runTestInternal (/Users/cryophobic/dev/projects/tally-mcp/node_modules/jest-runner/build/runTest.js:367:16)
    at runTest (/Users/cryophobic/dev/projects/tally-mcp/node_modules/jest-runner/build/runTest.js:444:34)</failure>
    </testcase>
    <testcase classname="TallyApiClient Type-Safe API Methods with Zod Validation getForm should validate and return form data" name="TallyApiClient Type-Safe API Methods with Zod Validation getForm should validate and return form data" time="0.102">
      <failure>Error: expect(received).toEqual(expected) // deep equality

- Expected  - 2
+ Received  + 2

  Object {
-   &quot;createdAt&quot;: &quot;2025-06-11T02:35:39.213Z&quot;,
+   &quot;createdAt&quot;: &quot;2024-01-01T00:00:00Z&quot;,
    &quot;description&quot;: &quot;Get in touch with our team&quot;,
    &quot;embedUrl&quot;: &quot;https://tally.so/embed/form_123456789&quot;,
    &quot;id&quot;: &quot;form123&quot;,
    &quot;isPublished&quot;: true,
    &quot;status&quot;: &quot;published&quot;,
    &quot;submissionsCount&quot;: 42,
    &quot;title&quot;: &quot;Contact Us&quot;,
-   &quot;updatedAt&quot;: &quot;2025-06-11T02:35:39.213Z&quot;,
+   &quot;updatedAt&quot;: &quot;2024-01-01T00:00:00Z&quot;,
    &quot;url&quot;: &quot;https://tally.so/r/form_123456789&quot;,
  }
    at Object.&lt;anonymous&gt; (/Users/cryophobic/dev/projects/tally-mcp/src/__tests__/TallyApiClient.test.ts:539:24)</failure>
    </testcase>
    <testcase classname="TallyApiClient Type-Safe API Methods with Zod Validation getForm should throw validation error for invalid form response" name="TallyApiClient Type-Safe API Methods with Zod Validation getForm should throw validation error for invalid form response" time="0.103">
      <failure>Error: expect(received).rejects.toThrow()

Received promise resolved instead of rejected
Resolved to value: {&quot;createdAt&quot;: &quot;2024-01-01T00:00:00Z&quot;, &quot;description&quot;: &quot;Get in touch with our team&quot;, &quot;embedUrl&quot;: &quot;https://tally.so/embed/form_123456789&quot;, &quot;id&quot;: &quot;form123&quot;, &quot;isPublished&quot;: true, &quot;status&quot;: &quot;published&quot;, &quot;submissionsCount&quot;: 42, &quot;title&quot;: &quot;Contact Us&quot;, &quot;updatedAt&quot;: &quot;2024-01-01T00:00:00Z&quot;, &quot;url&quot;: &quot;https://tally.so/r/form_123456789&quot;}
    at expect (/Users/cryophobic/dev/projects/tally-mcp/node_modules/expect/build/index.js:113:15)
    at Object.&lt;anonymous&gt; (/Users/cryophobic/dev/projects/tally-mcp/src/__tests__/TallyApiClient.test.ts:562:15)
    at Promise.then.completed (/Users/cryophobic/dev/projects/tally-mcp/node_modules/jest-circus/build/utils.js:298:28)
    at new Promise (&lt;anonymous&gt;)
    at callAsyncCircusFn (/Users/cryophobic/dev/projects/tally-mcp/node_modules/jest-circus/build/utils.js:231:10)
    at _callCircusTest (/Users/cryophobic/dev/projects/tally-mcp/node_modules/jest-circus/build/run.js:316:40)
    at _runTest (/Users/cryophobic/dev/projects/tally-mcp/node_modules/jest-circus/build/run.js:252:3)
    at _runTestsForDescribeBlock (/Users/cryophobic/dev/projects/tally-mcp/node_modules/jest-circus/build/run.js:126:9)
    at _runTestsForDescribeBlock (/Users/cryophobic/dev/projects/tally-mcp/node_modules/jest-circus/build/run.js:121:9)
    at _runTestsForDescribeBlock (/Users/cryophobic/dev/projects/tally-mcp/node_modules/jest-circus/build/run.js:121:9)
    at _runTestsForDescribeBlock (/Users/cryophobic/dev/projects/tally-mcp/node_modules/jest-circus/build/run.js:121:9)
    at run (/Users/cryophobic/dev/projects/tally-mcp/node_modules/jest-circus/build/run.js:71:3)
    at runAndTransformResultsToJestFormat (/Users/cryophobic/dev/projects/tally-mcp/node_modules/jest-circus/build/legacy-code-todo-rewrite/jestAdapterInit.js:122:21)
    at jestAdapter (/Users/cryophobic/dev/projects/tally-mcp/node_modules/jest-circus/build/legacy-code-todo-rewrite/jestAdapter.js:79:19)
    at runTestInternal (/Users/cryophobic/dev/projects/tally-mcp/node_modules/jest-runner/build/runTest.js:367:16)
    at runTest (/Users/cryophobic/dev/projects/tally-mcp/node_modules/jest-runner/build/runTest.js:444:34)</failure>
    </testcase>
    <testcase classname="TallyApiClient Type-Safe API Methods with Zod Validation validateResponse should return success result for valid data" name="TallyApiClient Type-Safe API Methods with Zod Validation validateResponse should return success result for valid data" time="0.002">
    </testcase>
    <testcase classname="TallyApiClient Type-Safe API Methods with Zod Validation validateResponse should return error result for invalid data" name="TallyApiClient Type-Safe API Methods with Zod Validation validateResponse should return error result for invalid data" time="0.001">
    </testcase>
    <testcase classname="TallyApiClient Type-Safe API Methods with Zod Validation requestWithValidation should make request and validate response with schema" name="TallyApiClient Type-Safe API Methods with Zod Validation requestWithValidation should make request and validate response with schema" time="0.001">
    </testcase>
    <testcase classname="TallyApiClient Type-Safe API Methods with Zod Validation requestWithValidation should throw validation error for invalid response data" name="TallyApiClient Type-Safe API Methods with Zod Validation requestWithValidation should throw validation error for invalid response data" time="0.008">
    </testcase>
  </testsuite>
  <testsuite name="Security Middleware" errors="0" failures="4" skipped="0" timestamp="2025-06-11T02:35:39" time="0.477" tests="24">
    <testcase classname="Security Middleware CORS Configuration should handle preflight OPTIONS requests" name="Security Middleware CORS Configuration should handle preflight OPTIONS requests" time="0.028">
    </testcase>
    <testcase classname="Security Middleware CORS Configuration should allow GET requests with CORS headers" name="Security Middleware CORS Configuration should allow GET requests with CORS headers" time="0.021">
    </testcase>
    <testcase classname="Security Middleware CORS Configuration should expose rate limit headers" name="Security Middleware CORS Configuration should expose rate limit headers" time="0.012">
    </testcase>
    <testcase classname="Security Middleware CORS with Environment Configuration should allow requests from allowed origins" name="Security Middleware CORS with Environment Configuration should allow requests from allowed origins" time="0.011">
    </testcase>
    <testcase classname="Security Middleware CORS with Environment Configuration should reject requests from disallowed origins" name="Security Middleware CORS with Environment Configuration should reject requests from disallowed origins" time="0.009">
    </testcase>
    <testcase classname="Security Middleware Security Headers should set Content Security Policy header" name="Security Middleware Security Headers should set Content Security Policy header" time="0.008">
    </testcase>
    <testcase classname="Security Middleware Security Headers should set HSTS header" name="Security Middleware Security Headers should set HSTS header" time="0.006">
    </testcase>
    <testcase classname="Security Middleware Security Headers should set X-Content-Type-Options header" name="Security Middleware Security Headers should set X-Content-Type-Options header" time="0.005">
    </testcase>
    <testcase classname="Security Middleware Security Headers should set X-Frame-Options header" name="Security Middleware Security Headers should set X-Frame-Options header" time="0.005">
    </testcase>
    <testcase classname="Security Middleware Security Headers should remove X-Powered-By header" name="Security Middleware Security Headers should remove X-Powered-By header" time="0.005">
    </testcase>
    <testcase classname="Security Middleware Security Headers should set Referrer-Policy header" name="Security Middleware Security Headers should set Referrer-Policy header" time="0.004">
    </testcase>
    <testcase classname="Security Middleware Custom Security Middleware should set custom API version header" name="Security Middleware Custom Security Middleware should set custom API version header" time="0.006">
    </testcase>
    <testcase classname="Security Middleware Custom Security Middleware should set request ID header" name="Security Middleware Custom Security Middleware should set request ID header" time="0.004">
    </testcase>
    <testcase classname="Security Middleware Custom Security Middleware should set no-cache headers for non-GET API endpoints" name="Security Middleware Custom Security Middleware should set no-cache headers for non-GET API endpoints" time="0.005">
    </testcase>
    <testcase classname="Security Middleware Custom Security Middleware should add timing protection for auth endpoints" name="Security Middleware Custom Security Middleware should add timing protection for auth endpoints" time="0.09">
    </testcase>
    <testcase classname="Security Middleware Security Logger should log security information for requests" name="Security Middleware Security Logger should log security information for requests" time="0.004">
    </testcase>
    <testcase classname="Security Middleware Security Validation should allow normal requests" name="Security Middleware Security Validation should allow normal requests" time="0.005">
    </testcase>
    <testcase classname="Security Middleware Security Validation should block directory traversal attempts" name="Security Middleware Security Validation should block directory traversal attempts" time="0.005">
      <failure>Error: expect(received).toBe(expected) // Object.is equality

Expected: 400
Received: 200
    at Object.&lt;anonymous&gt; (/Users/cryophobic/dev/projects/tally-mcp/src/middleware/__tests__/security.test.ts:191:31)
    at processTicksAndRejections (node:internal/process/task_queues:95:5)</failure>
    </testcase>
    <testcase classname="Security Middleware Security Validation should block XSS attempts in URL" name="Security Middleware Security Validation should block XSS attempts in URL" time="0.004">
    </testcase>
    <testcase classname="Security Middleware Security Validation should reject negative Content-Length" name="Security Middleware Security Validation should reject negative Content-Length" time="0.005">
      <failure>Error: expect(received).toBe(expected) // Object.is equality

Expected: &quot;INVALID_CONTENT_LENGTH&quot;
Received: undefined
    at Object.&lt;anonymous&gt; (/Users/cryophobic/dev/projects/tally-mcp/src/middleware/__tests__/security.test.ts:207:34)
    at processTicksAndRejections (node:internal/process/task_queues:95:5)</failure>
    </testcase>
    <testcase classname="Security Middleware Security Validation should reject oversized payloads" name="Security Middleware Security Validation should reject oversized payloads" time="0.028">
    </testcase>
    <testcase classname="Security Middleware Security Validation should warn about invalid User-Agent headers" name="Security Middleware Security Validation should warn about invalid User-Agent headers" time="0.005">
      <failure>Error: expect(jest.fn()).toHaveBeenCalledWith(...expected)

Expected: &quot;Security Warning: Missing or empty User-Agent header.&quot;

Number of calls: 0
    at Object.&lt;anonymous&gt; (/Users/cryophobic/dev/projects/tally-mcp/src/middleware/__tests__/security.test.ts:219:30)
    at processTicksAndRejections (node:internal/process/task_queues:95:5)</failure>
    </testcase>
    <testcase classname="Security Middleware Security Validation should warn about oversized User-Agent headers" name="Security Middleware Security Validation should warn about oversized User-Agent headers" time="0.004">
      <failure>Error: expect(jest.fn()).toHaveBeenCalledWith(...expected)

Expected: &quot;Security Warning: Oversized User-Agent header: 300 chars&quot;

Number of calls: 0
    at Object.&lt;anonymous&gt; (/Users/cryophobic/dev/projects/tally-mcp/src/middleware/__tests__/security.test.ts:224:30)
    at processTicksAndRejections (node:internal/process/task_queues:95:5)</failure>
    </testcase>
    <testcase classname="Security Middleware Complete Security Middleware Stack should block malicious requests even with full stack" name="Security Middleware Complete Security Middleware Stack should block malicious requests even with full stack" time="0.004">
    </testcase>
  </testsuite>
  <testsuite name="Health Check Endpoint and Monitoring" errors="0" failures="1" skipped="0" timestamp="2025-06-11T02:35:40" time="0.399" tests="12">
    <testcase classname="Health Check Endpoint and Monitoring Health Metrics Collection should collect comprehensive health metrics" name="Health Check Endpoint and Monitoring Health Metrics Collection should collect comprehensive health metrics" time="0.007">
    </testcase>
    <testcase classname="Health Check Endpoint and Monitoring Health Metrics Collection should track uptime correctly" name="Health Check Endpoint and Monitoring Health Metrics Collection should track uptime correctly" time="0.103">
    </testcase>
    <testcase classname="Health Check Endpoint and Monitoring Health Metrics Collection should report healthy status for running server" name="Health Check Endpoint and Monitoring Health Metrics Collection should report healthy status for running server" time="0.002">
    </testcase>
    <testcase classname="Health Check Endpoint and Monitoring Health Check Endpoint should respond to /health endpoint with comprehensive metrics" name="Health Check Endpoint and Monitoring Health Check Endpoint should respond to /health endpoint with comprehensive metrics" time="0.002">
    </testcase>
    <testcase classname="Health Check Endpoint and Monitoring Health Check Endpoint should return 503 status when server is unhealthy" name="Health Check Endpoint and Monitoring Health Check Endpoint should return 503 status when server is unhealthy" time="0.002">
    </testcase>
    <testcase classname="Health Check Endpoint and Monitoring Health Check Endpoint should handle health check errors gracefully" name="Health Check Endpoint and Monitoring Health Check Endpoint should handle health check errors gracefully" time="0.003">
    </testcase>
    <testcase classname="Health Check Endpoint and Monitoring Request Statistics Tracking should track request counts" name="Health Check Endpoint and Monitoring Request Statistics Tracking should track request counts" time="0.002">
      <failure>Error: expect(received).toBeGreaterThan(expected)

Expected: &gt; 0
Received:   0
    at Object.&lt;anonymous&gt; (/Users/cryophobic/dev/projects/tally-mcp/src/__tests__/health-check.test.ts:191:45)
    at processTicksAndRejections (node:internal/process/task_queues:95:5)</failure>
    </testcase>
    <testcase classname="Health Check Endpoint and Monitoring Request Statistics Tracking should track error counts" name="Health Check Endpoint and Monitoring Request Statistics Tracking should track error counts" time="0.103">
    </testcase>
    <testcase classname="Health Check Endpoint and Monitoring Backward Compatibility should maintain basic info endpoint at /" name="Health Check Endpoint and Monitoring Backward Compatibility should maintain basic info endpoint at /" time="0.002">
    </testcase>
    <testcase classname="Health Check Endpoint and Monitoring System Resource Monitoring should provide valid memory statistics" name="Health Check Endpoint and Monitoring System Resource Monitoring should provide valid memory statistics" time="0.002">
    </testcase>
    <testcase classname="Health Check Endpoint and Monitoring System Resource Monitoring should provide valid CPU statistics" name="Health Check Endpoint and Monitoring System Resource Monitoring should provide valid CPU statistics" time="0.001">
    </testcase>
    <testcase classname="Health Check Endpoint and Monitoring System Resource Monitoring should provide valid system information" name="Health Check Endpoint and Monitoring System Resource Monitoring should provide valid system information" time="0.002">
    </testcase>
  </testsuite>
  <testsuite name="TallyApiClient" errors="0" failures="2" skipped="0" timestamp="2025-06-11T02:35:40" time="0.162" tests="13">
    <testcase classname="TallyApiClient should be defined" name="TallyApiClient should be defined" time="0.001">
    </testcase>
    <testcase classname="TallyApiClient Authentication should throw an error when getting authorization URL without OAuth2 config" name="TallyApiClient Authentication should throw an error when getting authorization URL without OAuth2 config" time="0.012">
    </testcase>
    <testcase classname="TallyApiClient Authentication should throw an error when exchanging code for token without OAuth2 config" name="TallyApiClient Authentication should throw an error when exchanging code for token without OAuth2 config" time="0.001">
    </testcase>
    <testcase classname="TallyApiClient Authentication should be authenticated if access token is provided" name="TallyApiClient Authentication should be authenticated if access token is provided" time="0">
    </testcase>
    <testcase classname="TallyApiClient Authentication should not be authenticated if access token is not provided" name="TallyApiClient Authentication should not be authenticated if access token is not provided" time="0.001">
    </testcase>
    <testcase classname="TallyApiClient Authentication should throw an error when refreshing token without OAuth2 config" name="TallyApiClient Authentication should throw an error when refreshing token without OAuth2 config" time="0.001">
    </testcase>
    <testcase classname="TallyApiClient Authentication should clear the access token" name="TallyApiClient Authentication should clear the access token" time="0">
    </testcase>
    <testcase classname="TallyApiClient Authentication should set the access token" name="TallyApiClient Authentication should set the access token" time="0.001">
    </testcase>
    <testcase classname="TallyApiClient Authentication should get the access token" name="TallyApiClient Authentication should get the access token" time="0.001">
    </testcase>
    <testcase classname="TallyApiClient Authentication should get the current token" name="TallyApiClient Authentication should get the current token" time="0">
    </testcase>
    <testcase classname="TallyApiClient Request Handling should handle a successful GET request" name="TallyApiClient Request Handling should handle a successful GET request" time="0.001">
    </testcase>
    <testcase classname="TallyApiClient Request Handling should handle a 404 Not Found error" name="TallyApiClient Request Handling should handle a 404 Not Found error" time="0.001">
      <failure>Error: expect(received).rejects.toThrow(expected)

Expected substring: &quot;Not Found&quot;

Received function did not throw
    at Object.toThrow (/Users/cryophobic/dev/projects/tally-mcp/node_modules/expect/build/index.js:218:22)
    at Object.&lt;anonymous&gt; (/Users/cryophobic/dev/projects/tally-mcp/src/__tests__/api/TallyApiClient.test.ts:90:66)
    at Promise.then.completed (/Users/cryophobic/dev/projects/tally-mcp/node_modules/jest-circus/build/utils.js:298:28)
    at new Promise (&lt;anonymous&gt;)
    at callAsyncCircusFn (/Users/cryophobic/dev/projects/tally-mcp/node_modules/jest-circus/build/utils.js:231:10)
    at _callCircusTest (/Users/cryophobic/dev/projects/tally-mcp/node_modules/jest-circus/build/run.js:316:40)
    at _runTest (/Users/cryophobic/dev/projects/tally-mcp/node_modules/jest-circus/build/run.js:252:3)
    at _runTestsForDescribeBlock (/Users/cryophobic/dev/projects/tally-mcp/node_modules/jest-circus/build/run.js:126:9)
    at _runTestsForDescribeBlock (/Users/cryophobic/dev/projects/tally-mcp/node_modules/jest-circus/build/run.js:121:9)
    at _runTestsForDescribeBlock (/Users/cryophobic/dev/projects/tally-mcp/node_modules/jest-circus/build/run.js:121:9)
    at run (/Users/cryophobic/dev/projects/tally-mcp/node_modules/jest-circus/build/run.js:71:3)
    at runAndTransformResultsToJestFormat (/Users/cryophobic/dev/projects/tally-mcp/node_modules/jest-circus/build/legacy-code-todo-rewrite/jestAdapterInit.js:122:21)
    at jestAdapter (/Users/cryophobic/dev/projects/tally-mcp/node_modules/jest-circus/build/legacy-code-todo-rewrite/jestAdapter.js:79:19)
    at runTestInternal (/Users/cryophobic/dev/projects/tally-mcp/node_modules/jest-runner/build/runTest.js:367:16)
    at runTest (/Users/cryophobic/dev/projects/tally-mcp/node_modules/jest-runner/build/runTest.js:444:34)</failure>
    </testcase>
    <testcase classname="TallyApiClient Request Handling should handle a 401 Unauthorized error" name="TallyApiClient Request Handling should handle a 401 Unauthorized error" time="0.007">
      <failure>Error: expect(received).rejects.toThrow(expected)

Expected substring: &quot;No valid authentication found. Please authenticate first.&quot;
Received message:   &quot;this.axiosInstance.request is not a function&quot;

      586 |
      587 |     // The interceptors will handle authentication and error handling
    &gt; 588 |     const response: AxiosResponse&lt;T&gt; = await this.axiosInstance.request(requestConfig);
          |                                                                 ^
      589 |
      590 |     return {
      591 |       data: response.data,

      at TallyApiClient.request (src/services/TallyApiClient.ts:588:65)
      at TallyApiClient.get (src/services/TallyApiClient.ts:348:17)
      at Object.&lt;anonymous&gt; (src/__tests__/api/TallyApiClient.test.ts:96:27)
    at Object.toThrow (/Users/cryophobic/dev/projects/tally-mcp/node_modules/expect/build/index.js:218:22)
    at Object.&lt;anonymous&gt; (/Users/cryophobic/dev/projects/tally-mcp/src/__tests__/api/TallyApiClient.test.ts:96:47)
    at Promise.then.completed (/Users/cryophobic/dev/projects/tally-mcp/node_modules/jest-circus/build/utils.js:298:28)
    at new Promise (&lt;anonymous&gt;)
    at callAsyncCircusFn (/Users/cryophobic/dev/projects/tally-mcp/node_modules/jest-circus/build/utils.js:231:10)
    at _callCircusTest (/Users/cryophobic/dev/projects/tally-mcp/node_modules/jest-circus/build/run.js:316:40)
    at _runTest (/Users/cryophobic/dev/projects/tally-mcp/node_modules/jest-circus/build/run.js:252:3)
    at _runTestsForDescribeBlock (/Users/cryophobic/dev/projects/tally-mcp/node_modules/jest-circus/build/run.js:126:9)
    at _runTestsForDescribeBlock (/Users/cryophobic/dev/projects/tally-mcp/node_modules/jest-circus/build/run.js:121:9)
    at _runTestsForDescribeBlock (/Users/cryophobic/dev/projects/tally-mcp/node_modules/jest-circus/build/run.js:121:9)
    at run (/Users/cryophobic/dev/projects/tally-mcp/node_modules/jest-circus/build/run.js:71:3)
    at runAndTransformResultsToJestFormat (/Users/cryophobic/dev/projects/tally-mcp/node_modules/jest-circus/build/legacy-code-todo-rewrite/jestAdapterInit.js:122:21)
    at jestAdapter (/Users/cryophobic/dev/projects/tally-mcp/node_modules/jest-circus/build/legacy-code-todo-rewrite/jestAdapter.js:79:19)
    at runTestInternal (/Users/cryophobic/dev/projects/tally-mcp/node_modules/jest-runner/build/runTest.js:367:16)
    at runTest (/Users/cryophobic/dev/projects/tally-mcp/node_modules/jest-runner/build/runTest.js:444:34)</failure>
    </testcase>
    <testcase classname=" Test execution failure: could be caused by test hooks like &apos;afterAll&apos;." name=" Test execution failure: could be caused by test hooks like &apos;afterAll&apos;." time="0">
      <failure>{&quot;message&quot;:&quot;&quot;,&quot;stack&quot;:&quot;Error: thrown: Object {\n  \&quot;isAxiosError\&quot;: true,\n  \&quot;response\&quot;: Object {\n    \&quot;data\&quot;: Object {\n      \&quot;message\&quot;: \&quot;Not Found\&quot;,\n    },\n    \&quot;status\&quot;: 404,\n  },\n}\n    at _getError (/Users/cryophobic/dev/projects/tally-mcp/node_modules/jest-circus/build/utils.js:432:18)\n    at Array.map (&lt;anonymous&gt;)\n    at makeRunResult (/Users/cryophobic/dev/projects/tally-mcp/node_modules/jest-circus/build/utils.js:346:36)\n    at run (/Users/cryophobic/dev/projects/tally-mcp/node_modules/jest-circus/build/run.js:75:35)\n    at runAndTransformResultsToJestFormat (/Users/cryophobic/dev/projects/tally-mcp/node_modules/jest-circus/build/legacy-code-todo-rewrite/jestAdapterInit.js:122:21)\n    at jestAdapter (/Users/cryophobic/dev/projects/tally-mcp/node_modules/jest-circus/build/legacy-code-todo-rewrite/jestAdapter.js:79:19)\n    at runTestInternal (/Users/cryophobic/dev/projects/tally-mcp/node_modules/jest-runner/build/runTest.js:367:16)\n    at runTest (/Users/cryophobic/dev/projects/tally-mcp/node_modules/jest-runner/build/runTest.js:444:34)\nNotFoundError: Not Found\n    at createErrorFromResponse (/Users/cryophobic/dev/projects/tally-mcp/src/models/errors.ts:291:14)\n    at TallyApiClient.handleResponseError (/Users/cryophobic/dev/projects/tally-mcp/src/services/TallyApiClient.ts:876:54)\n    at /Users/cryophobic/dev/projects/tally-mcp/src/services/TallyApiClient.ts:999:21\n    at Object.mockInterceptor [as use] (/Users/cryophobic/dev/projects/tally-mcp/src/__tests__/api/TallyApiClient.test.ts:85:57)\n    at TallyApiClient.setupInterceptors (/Users/cryophobic/dev/projects/tally-mcp/src/services/TallyApiClient.ts:987:46)\n    at new TallyApiClient (/Users/cryophobic/dev/projects/tally-mcp/src/services/TallyApiClient.ts:220:10)\n    at Object.&lt;anonymous&gt; (/Users/cryophobic/dev/projects/tally-mcp/src/__tests__/api/TallyApiClient.test.ts:88:16)\n    at Promise.then.completed (/Users/cryophobic/dev/projects/tally-mcp/node_modules/jest-circus/build/utils.js:298:28)\n    at new Promise (&lt;anonymous&gt;)\n    at callAsyncCircusFn (/Users/cryophobic/dev/projects/tally-mcp/node_modules/jest-circus/build/utils.js:231:10)\n    at _callCircusTest (/Users/cryophobic/dev/projects/tally-mcp/node_modules/jest-circus/build/run.js:316:40)\n    at _runTest (/Users/cryophobic/dev/projects/tally-mcp/node_modules/jest-circus/build/run.js:252:3)\n    at _runTestsForDescribeBlock (/Users/cryophobic/dev/projects/tally-mcp/node_modules/jest-circus/build/run.js:126:9)\n    at _runTestsForDescribeBlock (/Users/cryophobic/dev/projects/tally-mcp/node_modules/jest-circus/build/run.js:121:9)\n    at _runTestsForDescribeBlock (/Users/cryophobic/dev/projects/tally-mcp/node_modules/jest-circus/build/run.js:121:9)\n    at run (/Users/cryophobic/dev/projects/tally-mcp/node_modules/jest-circus/build/run.js:71:3)\n    at runAndTransformResultsToJestFormat (/Users/cryophobic/dev/projects/tally-mcp/node_modules/jest-circus/build/legacy-code-todo-rewrite/jestAdapterInit.js:122:21)\n    at jestAdapter (/Users/cryophobic/dev/projects/tally-mcp/node_modules/jest-circus/build/legacy-code-todo-rewrite/jestAdapter.js:79:19)\n    at runTestInternal (/Users/cryophobic/dev/projects/tally-mcp/node_modules/jest-runner/build/runTest.js:367:16)\n    at runTest (/Users/cryophobic/dev/projects/tally-mcp/node_modules/jest-runner/build/runTest.js:444:34)&quot;}</failure>
    </testcase>
  </testsuite>
  <testsuite name="Express Middleware and SSE Transport" errors="0" failures="0" skipped="0" timestamp="2025-06-11T02:35:40" time="1.777" tests="13">
    <testcase classname="Express Middleware and SSE Transport Middleware Stack should handle CORS headers correctly" name="Express Middleware and SSE Transport Middleware Stack should handle CORS headers correctly" time="0.108">
    </testcase>
    <testcase classname="Express Middleware and SSE Transport Middleware Stack should handle JSON body parsing" name="Express Middleware and SSE Transport Middleware Stack should handle JSON body parsing" time="0.118">
    </testcase>
    <testcase classname="Express Middleware and SSE Transport Middleware Stack should enforce connection limits" name="Express Middleware and SSE Transport Middleware Stack should enforce connection limits" time="0.104">
    </testcase>
    <testcase classname="Express Middleware and SSE Transport Middleware Stack should handle malformed JSON gracefully" name="Express Middleware and SSE Transport Middleware Stack should handle malformed JSON gracefully" time="0.105">
    </testcase>
    <testcase classname="Express Middleware and SSE Transport SSE Transport should establish SSE connection with proper headers" name="Express Middleware and SSE Transport SSE Transport should establish SSE connection with proper headers" time="0.113">
    </testcase>
    <testcase classname="Express Middleware and SSE Transport SSE Transport should track connection count correctly" name="Express Middleware and SSE Transport SSE Transport should track connection count correctly" time="0.311">
    </testcase>
    <testcase classname="Express Middleware and SSE Transport MCP Message Handling should process valid MCP messages" name="Express Middleware and SSE Transport MCP Message Handling should process valid MCP messages" time="0.103">
    </testcase>
    <testcase classname="Express Middleware and SSE Transport MCP Message Handling should reject invalid message format" name="Express Middleware and SSE Transport MCP Message Handling should reject invalid message format" time="0.108">
    </testcase>
    <testcase classname="Express Middleware and SSE Transport MCP Message Handling should handle missing message properties" name="Express Middleware and SSE Transport MCP Message Handling should handle missing message properties" time="0.106">
    </testcase>
    <testcase classname="Express Middleware and SSE Transport Error Handling should handle request timeout gracefully" name="Express Middleware and SSE Transport Error Handling should handle request timeout gracefully" time="0.106">
    </testcase>
    <testcase classname="Express Middleware and SSE Transport Error Handling should handle server errors gracefully" name="Express Middleware and SSE Transport Error Handling should handle server errors gracefully" time="0.108">
    </testcase>
    <testcase classname="Express Middleware and SSE Transport Security Features should have security headers set" name="Express Middleware and SSE Transport Security Features should have security headers set" time="0.102">
    </testcase>
    <testcase classname="Express Middleware and SSE Transport Security Features should handle large payloads within limits" name="Express Middleware and SSE Transport Security Features should handle large payloads within limits" time="0.107">
    </testcase>
  </testsuite>
  <testsuite name="Validation Middleware" errors="0" failures="0" skipped="0" timestamp="2025-06-11T02:35:42" time="0.52" tests="34">
    <testcase classname="Validation Middleware createValidationMiddleware should validate request body successfully" name="Validation Middleware createValidationMiddleware should validate request body successfully" time="0.001">
    </testcase>
    <testcase classname="Validation Middleware createValidationMiddleware should reject invalid request body" name="Validation Middleware createValidationMiddleware should reject invalid request body" time="0">
    </testcase>
    <testcase classname="Validation Middleware createValidationMiddleware should validate query parameters" name="Validation Middleware createValidationMiddleware should validate query parameters" time="0">
    </testcase>
    <testcase classname="Validation Middleware createValidationMiddleware should validate URL parameters" name="Validation Middleware createValidationMiddleware should validate URL parameters" time="0.002">
    </testcase>
    <testcase classname="Validation Middleware createValidationMiddleware should validate headers" name="Validation Middleware createValidationMiddleware should validate headers" time="0">
    </testcase>
    <testcase classname="Validation Middleware createValidationMiddleware should perform security checks when enabled" name="Validation Middleware createValidationMiddleware should perform security checks when enabled" time="0.001">
    </testcase>
    <testcase classname="Validation Middleware createValidationMiddleware should detect SQL injection patterns" name="Validation Middleware createValidationMiddleware should detect SQL injection patterns" time="0.001">
    </testcase>
    <testcase classname="Validation Middleware createValidationMiddleware should handle partial validation" name="Validation Middleware createValidationMiddleware should handle partial validation" time="0">
    </testcase>
    <testcase classname="Validation Middleware createValidationMiddleware should strip unknown fields when configured" name="Validation Middleware createValidationMiddleware should strip unknown fields when configured" time="0.001">
    </testcase>
    <testcase classname="Validation Middleware createValidationMiddleware should handle validation errors gracefully" name="Validation Middleware createValidationMiddleware should handle validation errors gracefully" time="0">
    </testcase>
    <testcase classname="Validation Middleware CommonSchemas pagination should validate valid pagination parameters" name="Validation Middleware CommonSchemas pagination should validate valid pagination parameters" time="0.001">
    </testcase>
    <testcase classname="Validation Middleware CommonSchemas pagination should apply default values" name="Validation Middleware CommonSchemas pagination should apply default values" time="0">
    </testcase>
    <testcase classname="Validation Middleware CommonSchemas pagination should reject invalid pagination" name="Validation Middleware CommonSchemas pagination should reject invalid pagination" time="0">
    </testcase>
    <testcase classname="Validation Middleware CommonSchemas formId should validate valid form IDs" name="Validation Middleware CommonSchemas formId should validate valid form IDs" time="0.001">
    </testcase>
    <testcase classname="Validation Middleware CommonSchemas formId should reject invalid form IDs" name="Validation Middleware CommonSchemas formId should reject invalid form IDs" time="0">
    </testcase>
    <testcase classname="Validation Middleware CommonSchemas formId should reject empty form IDs" name="Validation Middleware CommonSchemas formId should reject empty form IDs" time="0">
    </testcase>
    <testcase classname="Validation Middleware CommonSchemas dateRange should validate valid date ranges" name="Validation Middleware CommonSchemas dateRange should validate valid date ranges" time="0">
    </testcase>
    <testcase classname="Validation Middleware CommonSchemas dateRange should reject invalid date ranges" name="Validation Middleware CommonSchemas dateRange should reject invalid date ranges" time="0">
    </testcase>
    <testcase classname="Validation Middleware CommonSchemas search should validate safe search queries" name="Validation Middleware CommonSchemas search should validate safe search queries" time="0">
    </testcase>
    <testcase classname="Validation Middleware CommonSchemas search should reject SQL injection attempts" name="Validation Middleware CommonSchemas search should reject SQL injection attempts" time="0">
    </testcase>
    <testcase classname="Validation Middleware CommonSchemas search should reject XSS attempts" name="Validation Middleware CommonSchemas search should reject XSS attempts" time="0">
    </testcase>
    <testcase classname="Validation Middleware CommonSchemas fileUpload should validate valid file uploads" name="Validation Middleware CommonSchemas fileUpload should validate valid file uploads" time="0.001">
    </testcase>
    <testcase classname="Validation Middleware CommonSchemas fileUpload should reject files that are too large" name="Validation Middleware CommonSchemas fileUpload should reject files that are too large" time="0">
    </testcase>
    <testcase classname="Validation Middleware CommonSchemas fileUpload should reject invalid MIME types" name="Validation Middleware CommonSchemas fileUpload should reject invalid MIME types" time="0">
    </testcase>
    <testcase classname="Validation Middleware ValidationMiddleware presets should validate pagination middleware" name="Validation Middleware ValidationMiddleware presets should validate pagination middleware" time="0.001">
    </testcase>
    <testcase classname="Validation Middleware ValidationMiddleware presets should validate form params middleware" name="Validation Middleware ValidationMiddleware presets should validate form params middleware" time="0">
    </testcase>
    <testcase classname="Validation Middleware ValidationMiddleware presets should validate search middleware" name="Validation Middleware ValidationMiddleware presets should validate search middleware" time="0.003">
    </testcase>
    <testcase classname="Validation Middleware ValidationMiddleware presets should reject malicious search queries" name="Validation Middleware ValidationMiddleware presets should reject malicious search queries" time="0.001">
    </testcase>
    <testcase classname="Validation Middleware Helper functions validateWithSchema should validate data successfully" name="Validation Middleware Helper functions validateWithSchema should validate data successfully" time="0">
    </testcase>
    <testcase classname="Validation Middleware Helper functions validateWithSchema should return errors for invalid data" name="Validation Middleware Helper functions validateWithSchema should return errors for invalid data" time="0.001">
    </testcase>
    <testcase classname="Validation Middleware Helper functions createTypedValidator should create a type guard function" name="Validation Middleware Helper functions createTypedValidator should create a type guard function" time="0">
    </testcase>
    <testcase classname="Validation Middleware Helper functions formatValidationError should format validation errors correctly" name="Validation Middleware Helper functions formatValidationError should format validation errors correctly" time="0.001">
    </testcase>
    <testcase classname="Validation Middleware Security Features should detect and block length-based attacks" name="Validation Middleware Security Features should detect and block length-based attacks" time="0">
    </testcase>
    <testcase classname="Validation Middleware Security Features should handle nested object security checks" name="Validation Middleware Security Features should handle nested object security checks" time="0">
    </testcase>
  </testsuite>
  <testsuite name="Rate Limiter Middleware" errors="0" failures="0" skipped="0" timestamp="2025-06-11T02:35:42" time="0.381" tests="20">
    <testcase classname="Rate Limiter Middleware Basic Rate Limiting should allow requests within the limit" name="Rate Limiter Middleware Basic Rate Limiting should allow requests within the limit" time="0.02">
    </testcase>
    <testcase classname="Rate Limiter Middleware Basic Rate Limiting should block requests that exceed the limit" name="Rate Limiter Middleware Basic Rate Limiting should block requests that exceed the limit" time="0.01">
    </testcase>
    <testcase classname="Rate Limiter Middleware Basic Rate Limiting should skip rate limiting for health checks" name="Rate Limiter Middleware Basic Rate Limiting should skip rate limiting for health checks" time="0.016">
    </testcase>
    <testcase classname="Rate Limiter Middleware Pre-configured Rate Limiters should apply strict rate limiting" name="Rate Limiter Middleware Pre-configured Rate Limiters should apply strict rate limiting" time="0.004">
    </testcase>
    <testcase classname="Rate Limiter Middleware Pre-configured Rate Limiters should apply standard rate limiting" name="Rate Limiter Middleware Pre-configured Rate Limiters should apply standard rate limiting" time="0.004">
    </testcase>
    <testcase classname="Rate Limiter Middleware Pre-configured Rate Limiters should apply lenient rate limiting" name="Rate Limiter Middleware Pre-configured Rate Limiters should apply lenient rate limiting" time="0.005">
    </testcase>
    <testcase classname="Rate Limiter Middleware Tally API Rate Limiter should allow requests when tokens are available" name="Rate Limiter Middleware Tally API Rate Limiter should allow requests when tokens are available" time="0.004">
    </testcase>
    <testcase classname="Rate Limiter Middleware Tally API Rate Limiter should block requests when no tokens are available" name="Rate Limiter Middleware Tally API Rate Limiter should block requests when no tokens are available" time="0.003">
    </testcase>
    <testcase classname="Rate Limiter Middleware Tally API Rate Limiter should refill tokens over time" name="Rate Limiter Middleware Tally API Rate Limiter should refill tokens over time" time="0.004">
    </testcase>
    <testcase classname="Rate Limiter Middleware Composite Rate Limiter should apply both rate limiters" name="Rate Limiter Middleware Composite Rate Limiter should apply both rate limiters" time="0.004">
    </testcase>
    <testcase classname="Rate Limiter Middleware Composite Rate Limiter should be blocked by Tally API limiter when tokens exhausted" name="Rate Limiter Middleware Composite Rate Limiter should be blocked by Tally API limiter when tokens exhausted" time="0.004">
    </testcase>
    <testcase classname="Rate Limiter Middleware Rate Limit Error Handler should handle rate limit errors" name="Rate Limiter Middleware Rate Limit Error Handler should handle rate limit errors" time="0.004">
    </testcase>
    <testcase classname="Rate Limiter Middleware Rate Limit Error Handler should pass through non-rate-limit errors" name="Rate Limiter Middleware Rate Limit Error Handler should pass through non-rate-limit errors" time="0.001">
    </testcase>
    <testcase classname="Rate Limiter Middleware Rate Limit Status Utility should return current rate limit status" name="Rate Limiter Middleware Rate Limit Status Utility should return current rate limit status" time="0">
    </testcase>
    <testcase classname="Rate Limiter Middleware Token Bucket Algorithm should refill tokens at the correct rate" name="Rate Limiter Middleware Token Bucket Algorithm should refill tokens at the correct rate" time="0">
    </testcase>
    <testcase classname="Rate Limiter Middleware Token Bucket Algorithm should not exceed maximum tokens" name="Rate Limiter Middleware Token Bucket Algorithm should not exceed maximum tokens" time="0">
    </testcase>
    <testcase classname="Rate Limiter Middleware Token Bucket Algorithm should calculate correct time until next token" name="Rate Limiter Middleware Token Bucket Algorithm should calculate correct time until next token" time="0.001">
    </testcase>
    <testcase classname="Rate Limit Configurations should have correct strict configuration" name="Rate Limit Configurations should have correct strict configuration" time="0">
    </testcase>
    <testcase classname="Rate Limit Configurations should have correct standard configuration" name="Rate Limit Configurations should have correct standard configuration" time="0">
    </testcase>
    <testcase classname="Rate Limit Configurations should have correct lenient configuration" name="Rate Limit Configurations should have correct lenient configuration" time="0.001">
    </testcase>
  </testsuite>
  <testsuite name="User Workflow Integration Tests" errors="0" failures="0" skipped="0" timestamp="2025-06-11T02:35:43" time="0.279" tests="6">
    <testcase classname="User Workflow Integration Tests Form Creation Workflow should create a form from a natural language prompt via MCP" name="User Workflow Integration Tests Form Creation Workflow should create a form from a natural language prompt via MCP" time="0.016">
    </testcase>
    <testcase classname="User Workflow Integration Tests Form Modification Workflow should modify a form from a natural language prompt via MCP" name="User Workflow Integration Tests Form Modification Workflow should modify a form from a natural language prompt via MCP" time="0.005">
    </testcase>
    <testcase classname="User Workflow Integration Tests Form Sharing Workflow should get form sharing details via MCP" name="User Workflow Integration Tests Form Sharing Workflow should get form sharing details via MCP" time="0.006">
    </testcase>
    <testcase classname="User Workflow Integration Tests Team Management Workflow should invite a team member via MCP" name="User Workflow Integration Tests Team Management Workflow should invite a team member via MCP" time="0.005">
    </testcase>
    <testcase classname="User Workflow Integration Tests Submission Management Workflow should get form submissions via MCP" name="User Workflow Integration Tests Submission Management Workflow should get form submissions via MCP" time="0.006">
    </testcase>
    <testcase classname="User Workflow Integration Tests Template Workflow should create a form from a template via MCP" name="User Workflow Integration Tests Template Workflow should create a form from a template via MCP" time="0.006">
    </testcase>
  </testsuite>
[...]
    </testcase>
    <testcase classname="FormModificationOperations REMOVE_FIELD operation should fail when field is not found" name="FormModificationOperations REMOVE_FIELD operation should fail when field is not found" time="0.001">
    </testcase>
    <testcase classname="FormModificationOperations MAKE_REQUIRED/MAKE_OPTIONAL operations should make field required" name="FormModificationOperations MAKE_REQUIRED/MAKE_OPTIONAL operations should make field required" time="0">
    </testcase>
    <testcase classname="FormModificationOperations MAKE_REQUIRED/MAKE_OPTIONAL operations should make field optional" name="FormModificationOperations MAKE_REQUIRED/MAKE_OPTIONAL operations should make field optional" time="0.001">
    </testcase>
    <testcase classname="FormModificationOperations UPDATE_TITLE operation should update form title" name="FormModificationOperations UPDATE_TITLE operation should update form title" time="0">
    </testcase>
    <testcase classname="FormModificationOperations UPDATE_TITLE operation should fail when new title is missing" name="FormModificationOperations UPDATE_TITLE operation should fail when new title is missing" time="0.003">
    </testcase>
    <testcase classname="FormModificationOperations UPDATE_DESCRIPTION operation should update form description" name="FormModificationOperations UPDATE_DESCRIPTION operation should update form description" time="0.001">
    </testcase>
    <testcase classname="FormModificationOperations REORDER_FIELD operation should reorder field successfully" name="FormModificationOperations REORDER_FIELD operation should reorder field successfully" time="0">
    </testcase>
    <testcase classname="FormModificationOperations REORDER_FIELD operation should fail with invalid source position" name="FormModificationOperations REORDER_FIELD operation should fail with invalid source position" time="0">
    </testcase>
    <testcase classname="FormModificationOperations ADD_OPTION operation should add option to choice field" name="FormModificationOperations ADD_OPTION operation should add option to choice field" time="0">
    </testcase>
    <testcase classname="FormModificationOperations ADD_OPTION operation should fail when adding option to non-choice field" name="FormModificationOperations ADD_OPTION operation should fail when adding option to non-choice field" time="0">
    </testcase>
    <testcase classname="FormModificationOperations ADD_OPTION operation should fail when option text is missing" name="FormModificationOperations ADD_OPTION operation should fail when option text is missing" time="0">
    </testcase>
    <testcase classname="FormModificationOperations MODIFY_FIELD operation should modify field label" name="FormModificationOperations MODIFY_FIELD operation should modify field label" time="0.001">
    </testcase>
    <testcase classname="FormModificationOperations MODIFY_FIELD operation should modify multiple field properties" name="FormModificationOperations MODIFY_FIELD operation should modify multiple field properties" time="0">
    </testcase>
    <testcase classname="FormModificationOperations MODIFY_FIELD operation should fail when no modifications are specified" name="FormModificationOperations MODIFY_FIELD operation should fail when no modifications are specified" time="0.001">
    </testcase>
    <testcase classname="FormModificationOperations validateFormConfig should validate valid form configuration" name="FormModificationOperations validateFormConfig should validate valid form configuration" time="0">
    </testcase>
    <testcase classname="FormModificationOperations validateFormConfig should detect duplicate field IDs" name="FormModificationOperations validateFormConfig should detect duplicate field IDs" time="0.001">
    </testcase>
    <testcase classname="FormModificationOperations validateFormConfig should detect empty field labels" name="FormModificationOperations validateFormConfig should detect empty field labels" time="0">
    </testcase>
    <testcase classname="FormModificationOperations validateFormConfig should detect choice fields without options" name="FormModificationOperations validateFormConfig should detect choice fields without options" time="0.001">
    </testcase>
  </testsuite>
  <testsuite name="SubmissionAnalysisTool" errors="0" failures="0" skipped="0" timestamp="2025-06-11T02:35:45" time="0.143" tests="12">
    <testcase classname="SubmissionAnalysisTool filterByDateRange should call SubmissionService.getFormSubmissions with the correct date range" name="SubmissionAnalysisTool filterByDateRange should call SubmissionService.getFormSubmissions with the correct date range" time="0.001">
    </testcase>
    <testcase classname="SubmissionAnalysisTool filterByDateRange should return the submissions from the service" name="SubmissionAnalysisTool filterByDateRange should return the submissions from the service" time="0">
    </testcase>
    <testcase classname="SubmissionAnalysisTool filterByStatus should call SubmissionService.getFormSubmissions with the correct status" name="SubmissionAnalysisTool filterByStatus should call SubmissionService.getFormSubmissions with the correct status" time="0.001">
    </testcase>
    <testcase classname="SubmissionAnalysisTool filterByStatus should return the submissions from the service" name="SubmissionAnalysisTool filterByStatus should return the submissions from the service" time="0">
    </testcase>
    <testcase classname="SubmissionAnalysisTool analyze should correctly analyze the submissions response" name="SubmissionAnalysisTool analyze should correctly analyze the submissions response" time="0.001">
    </testcase>
    <testcase classname="SubmissionAnalysisTool formatForAnalysis should correctly format submissions for analysis" name="SubmissionAnalysisTool formatForAnalysis should correctly format submissions for analysis" time="0">
    </testcase>
    <testcase classname="SubmissionAnalysisTool getAverageRating should calculate the average rating for a numeric question" name="SubmissionAnalysisTool getAverageRating should calculate the average rating for a numeric question" time="0.001">
    </testcase>
    <testcase classname="SubmissionAnalysisTool getAverageRating should return null if no numeric ratings are found" name="SubmissionAnalysisTool getAverageRating should return null if no numeric ratings are found" time="0.003">
    </testcase>
    <testcase classname="SubmissionAnalysisTool getResponseDistribution should calculate the response distribution for a question" name="SubmissionAnalysisTool getResponseDistribution should calculate the response distribution for a question" time="0">
    </testcase>
    <testcase classname="SubmissionAnalysisTool exportToCSV should export formatted submissions to a CSV file" name="SubmissionAnalysisTool exportToCSV should export formatted submissions to a CSV file" time="0.003">
    </testcase>
    <testcase classname="SubmissionAnalysisTool exportToJSON should export formatted submissions to a JSON file" name="SubmissionAnalysisTool exportToJSON should export formatted submissions to a JSON file" time="0.001">
    </testcase>
    <testcase classname="SubmissionAnalysisTool search should return submissions matching the search query" name="SubmissionAnalysisTool search should return submissions matching the search query" time="0">
    </testcase>
  </testsuite>
  <testsuite name="WorkspaceManagementTool" errors="0" failures="0" skipped="0" timestamp="2025-06-11T02:35:45" time="0.132" tests="5">
    <testcase classname="WorkspaceManagementTool listWorkspaces should call WorkspaceService.getWorkspaces and return the result" name="WorkspaceManagementTool listWorkspaces should call WorkspaceService.getWorkspaces and return the result" time="0.001">
    </testcase>
    <testcase classname="WorkspaceManagementTool getWorkspaceDetails should call WorkspaceService.getWorkspace and return the result" name="WorkspaceManagementTool getWorkspaceDetails should call WorkspaceService.getWorkspace and return the result" time="0">
    </testcase>
    <testcase classname="WorkspaceManagementTool inviteUserToWorkspace should call WorkspaceService.inviteUser with the correct parameters" name="WorkspaceManagementTool inviteUserToWorkspace should call WorkspaceService.inviteUser with the correct parameters" time="0">
    </testcase>
    <testcase classname="WorkspaceManagementTool removeUserFromWorkspace should call WorkspaceService.removeUser with the correct parameters" name="WorkspaceManagementTool removeUserFromWorkspace should call WorkspaceService.removeUser with the correct parameters" time="0.001">
    </testcase>
    <testcase classname="WorkspaceManagementTool updateUserRoleInWorkspace should call WorkspaceService.updateUserRole with the correct parameters" name="WorkspaceManagementTool updateUserRoleInWorkspace should call WorkspaceService.updateUserRole with the correct parameters" time="0">
    </testcase>
  </testsuite>
  <testsuite name="WorkspaceService" errors="0" failures="0" skipped="0" timestamp="2025-06-11T02:35:45" time="0.14" tests="5">
    <testcase classname="WorkspaceService getWorkspaces should call TallyApiClient.getWorkspaces and return the result" name="WorkspaceService getWorkspaces should call TallyApiClient.getWorkspaces and return the result" time="0.002">
    </testcase>
    <testcase classname="WorkspaceService getWorkspace should call TallyApiClient.getWorkspace and return the result" name="WorkspaceService getWorkspace should call TallyApiClient.getWorkspace and return the result" time="0.001">
    </testcase>
    <testcase classname="WorkspaceService inviteUser should call TallyApiClient.inviteUserToWorkspace with the correct parameters" name="WorkspaceService inviteUser should call TallyApiClient.inviteUserToWorkspace with the correct parameters" time="0.001">
    </testcase>
    <testcase classname="WorkspaceService removeUser should call TallyApiClient.removeUserFromWorkspace with the correct parameters" name="WorkspaceService removeUser should call TallyApiClient.removeUserFromWorkspace with the correct parameters" time="0.004">
    </testcase>
    <testcase classname="WorkspaceService updateUserRole should call TallyApiClient.updateUserRole with the correct parameters" name="WorkspaceService updateUserRole should call TallyApiClient.updateUserRole with the correct parameters" time="0.001">
    </testcase>
  </testsuite>
  <testsuite name="NlpService" errors="0" failures="0" skipped="0" timestamp="2025-06-11T02:35:46" time="0.127" tests="4">
    <testcase classname="NlpService customizeFormConfig should add a new question to the form" name="NlpService customizeFormConfig should add a new question to the form" time="0.001">
    </testcase>
    <testcase classname="NlpService customizeFormConfig should remove an existing question from the form" name="NlpService customizeFormConfig should remove an existing question from the form" time="0">
    </testcase>
    <testcase classname="NlpService customizeFormConfig should update the form title" name="NlpService customizeFormConfig should update the form title" time="0.001">
    </testcase>
    <testcase classname="NlpService customizeFormConfig should handle multiple commands" name="NlpService customizeFormConfig should handle multiple commands" time="0">
    </testcase>
  </testsuite>
  <testsuite name="Tally API Client - Forms" errors="0" failures="0" skipped="0" timestamp="2025-06-11T02:35:46" time="0.126" tests="3">
    <testcase classname="Tally API Client - Forms should fetch forms and validate the response" name="Tally API Client - Forms should fetch forms and validate the response" time="0.001">
    </testcase>
    <testcase classname="Tally API Client - Forms should fetch a single form and validate the response" name="Tally API Client - Forms should fetch a single form and validate the response" time="0">
    </testcase>
    <testcase classname="Tally API Client - Forms should fetch form submissions and validate the response" name="Tally API Client - Forms should fetch form submissions and validate the response" time="0.001">
    </testcase>
  </testsuite>
  <testsuite name="TemplateService" errors="0" failures="0" skipped="0" timestamp="2025-06-11T02:35:46" time="0.138" tests="12">
    <testcase classname="TemplateService getTemplates should return all available templates" name="TemplateService getTemplates should return all available templates" time="0.001">
    </testcase>
    <testcase classname="TemplateService findTemplateById should find a template by its ID" name="TemplateService findTemplateById should find a template by its ID" time="0">
    </testcase>
    <testcase classname="TemplateService findTemplateById should return undefined for a non-existent template ID" name="TemplateService findTemplateById should return undefined for a non-existent template ID" time="0.001">
    </testcase>
    <testcase classname="TemplateService instantiateTemplate should instantiate a form from a template" name="TemplateService instantiateTemplate should instantiate a form from a template" time="0">
    </testcase>
    <testcase classname="TemplateService instantiateTemplate should override the title if a custom title is provided" name="TemplateService instantiateTemplate should override the title if a custom title is provided" time="0.001">
    </testcase>
    <testcase classname="TemplateService instantiateTemplate should return undefined for a non-existent template ID" name="TemplateService instantiateTemplate should return undefined for a non-existent template ID" time="0.001">
    </testcase>
    <testcase classname="TemplateService instantiateTemplate should create a deep copy of the form configuration" name="TemplateService instantiateTemplate should create a deep copy of the form configuration" time="0.004">
    </testcase>
    <testcase classname="TemplateService createTemplate should create a new template and add it to the registry" name="TemplateService createTemplate should create a new template and add it to the registry" time="0">
    </testcase>
    <testcase classname="TemplateService updateTemplate should update an existing template" name="TemplateService updateTemplate should update an existing template" time="0">
    </testcase>
    <testcase classname="TemplateService updateTemplate should return undefined for a non-existent template ID" name="TemplateService updateTemplate should return undefined for a non-existent template ID" time="0.001">
    </testcase>
    <testcase classname="TemplateService deleteTemplate should delete an existing template" name="TemplateService deleteTemplate should delete an existing template" time="0">
    </testcase>
    <testcase classname="TemplateService deleteTemplate should return false for a non-existent template ID" name="TemplateService deleteTemplate should return false for a non-existent template ID" time="0">
    </testcase>
  </testsuite>
  <testsuite name="TallyApiClient Integration Tests" errors="0" failures="0" skipped="0" timestamp="2025-06-11T02:35:46" time="0.132" tests="9">
    <testcase classname="TallyApiClient Integration Tests Retry Configuration Integration should initialize with default retry configuration" name="TallyApiClient Integration Tests Retry Configuration Integration should initialize with default retry configuration" time="0.001">
    </testcase>
    <testcase classname="TallyApiClient Integration Tests Retry Configuration Integration should accept custom retry configuration" name="TallyApiClient Integration Tests Retry Configuration Integration should accept custom retry configuration" time="0.001">
    </testcase>
    <testcase classname="TallyApiClient Integration Tests Retry Configuration Integration should merge partial retry configuration with defaults" name="TallyApiClient Integration Tests Retry Configuration Integration should merge partial retry configuration with defaults" time="0">
    </testcase>
    <testcase classname="TallyApiClient Integration Tests Retry Configuration Integration should have interceptors set up when retry config is provided" name="TallyApiClient Integration Tests Retry Configuration Integration should have interceptors set up when retry config is provided" time="0">
    </testcase>
    <testcase classname="TallyApiClient Integration Tests Retry Configuration Integration should maintain backward compatibility when no retry config is provided" name="TallyApiClient Integration Tests Retry Configuration Integration should maintain backward compatibility when no retry config is provided" time="0.001">
    </testcase>
    <testcase classname="TallyApiClient Integration Tests Error Handling Configuration should have proper error types available for retry logic" name="TallyApiClient Integration Tests Error Handling Configuration should have proper error types available for retry logic" time="0">
    </testcase>
    <testcase classname="TallyApiClient Integration Tests Error Handling Configuration should create client with debug logging enabled" name="TallyApiClient Integration Tests Error Handling Configuration should create client with debug logging enabled" time="0.001">
    </testcase>
    <testcase classname="TallyApiClient Integration Tests Circuit Breaker Configuration should configure circuit breaker with custom settings" name="TallyApiClient Integration Tests Circuit Breaker Configuration should configure circuit breaker with custom settings" time="0">
    </testcase>
    <testcase classname="TallyApiClient Integration Tests Circuit Breaker Configuration should allow disabling circuit breaker" name="TallyApiClient Integration Tests Circuit Breaker Configuration should allow disabling circuit breaker" time="0.001">
    </testcase>
  </testsuite>
  <testsuite name="Tally API Client - Workspaces and User" errors="0" failures="0" skipped="0" timestamp="2025-06-11T02:35:46" time="0.129" tests="2">
    <testcase classname="Tally API Client - Workspaces and User should fetch workspaces and validate the response" name="Tally API Client - Workspaces and User should fetch workspaces and validate the response" time="0.001">
    </testcase>
    <testcase classname="Tally API Client - Workspaces and User should fetch a single workspace and validate the response" name="Tally API Client - Workspaces and User should fetch a single workspace and validate the response" time="0.001">
    </testcase>
  </testsuite>
  <testsuite name="Matrix Question Support" errors="0" failures="0" skipped="0" timestamp="2025-06-11T02:35:46" time="0.128" tests="4">
    <testcase classname="Matrix Question Support Matrix Question Creation should create a matrix question with default configuration" name="Matrix Question Support Matrix Question Creation should create a matrix question with default configuration" time="0.005">
    </testcase>
    <testcase classname="Matrix Question Support Matrix Question Creation should include matrix in choice field types" name="Matrix Question Support Matrix Question Creation should include matrix in choice field types" time="0">
    </testcase>
    <testcase classname="Matrix Question Support Matrix Question Creation should generate appropriate default label for matrix questions" name="Matrix Question Support Matrix Question Creation should generate appropriate default label for matrix questions" time="0.001">
    </testcase>
    <testcase classname="Matrix Question Support Matrix Question Structure should have properly structured rows and columns" name="Matrix Question Support Matrix Question Structure should have properly structured rows and columns" time="0">
    </testcase>
  </testsuite>
  <testsuite name="Network Resilience and Timeout" errors="0" failures="0" skipped="0" timestamp="2025-06-11T02:35:46" time="0.122" tests="1">
    <testcase classname="Network Resilience and Timeout should have tests" name="Network Resilience and Timeout should have tests" time="0.003">
    </testcase>
  </testsuite>
</testsuites>