<?xml version="1.0" encoding="UTF-8"?>
<testsuites name="jest tests" tests="13" failures="2" errors="0" time="0.336">
  <testsuite name="FormCreationTool" errors="0" failures="2" skipped="0" timestamp="2025-06-20T00:25:27" time="0.318" tests="13">
    <testcase classname="FormCreationTool constructor should create an instance with correct name and description" name="FormCreationTool constructor should create an instance with correct name and description" time="0.003">
    </testcase>
    <testcase classname="FormCreationTool constructor should initialize all required services" name="FormCreationTool constructor should initialize all required services" time="0.001">
    </testcase>
    <testcase classname="FormCreationTool execute - template creation should create form from template successfully" name="FormCreationTool execute - template creation should create form from template successfully" time="0.001">
    </testcase>
    <testcase classname="FormCreationTool execute - template creation should create form from template without custom title" name="FormCreationTool execute - template creation should create form from template without custom title" time="0.001">
    </testcase>
    <testcase classname="FormCreationTool execute - template creation should throw error when template not found" name="FormCreationTool execute - template creation should throw error when template not found" time="0.007">
    </testcase>
    <testcase classname="FormCreationTool execute - natural language creation should create form from natural language prompt successfully" name="FormCreationTool execute - natural language creation should create form from natural language prompt successfully" time="0.004">
    </testcase>
    <testcase classname="FormCreationTool execute - natural language creation should create form without custom title override" name="FormCreationTool execute - natural language creation should create form without custom title override" time="0.003">
    </testcase>
    <testcase classname="FormCreationTool execute - error scenarios should throw error when neither templateId nor naturalLanguagePrompt provided" name="FormCreationTool execute - error scenarios should throw error when neither templateId nor naturalLanguagePrompt provided" time="0.016">
      <failure>Error: expect(received).rejects.toThrow(expected)

Expected substring: &quot;Either naturalLanguagePrompt or templateId must be provided.&quot;
Received message:   &quot;One of formConfig, naturalLanguagePrompt, or templateId must be provided.&quot;

      78 |
      79 |     if (!formConfig) {
    &gt; 80 |       throw new Error(&apos;One of formConfig, naturalLanguagePrompt, or templateId must be provided.&apos;);
         |             ^
      81 |     }
      82 |
      83 |     let createdTallyForm;

      at FormCreationTool.execute (src/tools/form-creation-tool.ts:80:13)
      at Object.&lt;anonymous&gt; (src/tools/__tests__/form-creation-tool.test.ts:191:25)
    at Object.toThrow (/Users/cryophobic/dev/projects/tally-mcp/node_modules/expect/build/index.js:218:22)
    at Object.&lt;anonymous&gt; (/Users/cryophobic/dev/projects/tally-mcp/src/tools/__tests__/form-creation-tool.test.ts:191:53)
    at Promise.then.completed (/Users/cryophobic/dev/projects/tally-mcp/node_modules/jest-circus/build/utils.js:298:28)
    at new Promise (&lt;anonymous&gt;)
    at callAsyncCircusFn (/Users/cryophobic/dev/projects/tally-mcp/node_modules/jest-circus/build/utils.js:231:10)
    at _callCircusTest (/Users/cryophobic/dev/projects/tally-mcp/node_modules/jest-circus/build/run.js:316:40)
    at _runTest (/Users/cryophobic/dev/projects/tally-mcp/node_modules/jest-circus/build/run.js:252:3)
    at _runTestsForDescribeBlock (/Users/cryophobic/dev/projects/tally-mcp/node_modules/jest-circus/build/run.js:126:9)
    at _runTestsForDescribeBlock (/Users/cryophobic/dev/projects/tally-mcp/node_modules/jest-circus/build/run.js:121:9)
    at _runTestsForDescribeBlock (/Users/cryophobic/dev/projects/tally-mcp/node_modules/jest-circus/build/run.js:121:9)
    at run (/Users/cryophobic/dev/projects/tally-mcp/node_modules/jest-circus/build/run.js:71:3)
    at runAndTransformResultsToJestFormat (/Users/cryophobic/dev/projects/tally-mcp/node_modules/jest-circus/build/legacy-code-todo-rewrite/jestAdapterInit.js:122:21)
    at jestAdapter (/Users/cryophobic/dev/projects/tally-mcp/node_modules/jest-circus/build/legacy-code-todo-rewrite/jestAdapter.js:79:19)
    at runTestInternal (/Users/cryophobic/dev/projects/tally-mcp/node_modules/jest-runner/build/runTest.js:367:16)
    at runTest (/Users/cryophobic/dev/projects/tally-mcp/node_modules/jest-runner/build/runTest.js:444:34)</failure>
    </testcase>
    <testcase classname="FormCreationTool execute - error scenarios should propagate API errors from createForm" name="FormCreationTool execute - error scenarios should propagate API errors from createForm" time="0.015">
    </testcase>
    <testcase classname="FormCreationTool execute - error scenarios should handle both templateId and naturalLanguagePrompt (prioritize template)" name="FormCreationTool execute - error scenarios should handle both templateId and naturalLanguagePrompt (prioritize template)" time="0.001">
    </testcase>
    <testcase classname="FormCreationTool execute - edge cases should handle empty string values gracefully" name="FormCreationTool execute - edge cases should handle empty string values gracefully" time="0">
    </testcase>
    <testcase classname="FormCreationTool execute - edge cases should handle null/undefined form URL from API" name="FormCreationTool execute - edge cases should handle null/undefined form URL from API" time="0">
      <failure>Error: expect(received).toBeUndefined()

Received: &quot;https://tally.so/forms/form123/edit&quot;
    at Object.&lt;anonymous&gt; (/Users/cryophobic/dev/projects/tally-mcp/src/tools/__tests__/form-creation-tool.test.ts:269:30)</failure>
    </testcase>
    <testcase classname="FormCreationTool logging should log execution arguments" name="FormCreationTool logging should log execution arguments" time="0.001">
    </testcase>
  </testsuite>
</testsuites>