<?xml version="1.0" encoding="UTF-8"?>
<testsuites name="jest tests" tests="968" failures="210" errors="0" time="18.759">
  <testsuite name="SSE Connection Establishment and MCP Handshake Testing" errors="0" failures="17" skipped="0" timestamp="2025-06-19T14:52:56" time="2.904" tests="17">
    <testcase classname="SSE Connection Establishment and MCP Handshake Testing Basic SSE Connection Establishment should establish SSE connection within expected timeframe" name="SSE Connection Establishment and MCP Handshake Testing Basic SSE Connection Establishment should establish SSE connection within expected timeframe" time="0.114">
      <failure>Error: Server does not support tools (required for tools/list)
    at MCPServer.assertRequestHandlerCapability (/Users/cryophobic/dev/projects/tally-mcp/node_modules/@modelcontextprotocol/sdk/src/server/index.ts:233:17)
    at MCPServer.setRequestHandler (/Users/cryophobic/dev/projects/tally-mcp/node_modules/@modelcontextprotocol/sdk/src/shared/protocol.ts:644:10)
    at MCPServer.setupMCPHandlers (/Users/cryophobic/dev/projects/tally-mcp/src/server.ts:1700:10)
    at new MCPServer (/Users/cryophobic/dev/projects/tally-mcp/src/server.ts:389:10)
    at Object.&lt;anonymous&gt; (/Users/cryophobic/dev/projects/tally-mcp/src/__tests__/sse-connection-handshake.test.ts:224:14)
    at Promise.then.completed (/Users/cryophobic/dev/projects/tally-mcp/node_modules/jest-circus/build/utils.js:298:28)
    at new Promise (&lt;anonymous&gt;)
    at callAsyncCircusFn (/Users/cryophobic/dev/projects/tally-mcp/node_modules/jest-circus/build/utils.js:231:10)
    at _callCircusHook (/Users/cryophobic/dev/projects/tally-mcp/node_modules/jest-circus/build/run.js:281:40)
    at _runTest (/Users/cryophobic/dev/projects/tally-mcp/node_modules/jest-circus/build/run.js:246:5)
    at _runTestsForDescribeBlock (/Users/cryophobic/dev/projects/tally-mcp/node_modules/jest-circus/build/run.js:126:9)
    at _runTestsForDescribeBlock (/Users/cryophobic/dev/projects/tally-mcp/node_modules/jest-circus/build/run.js:121:9)
    at _runTestsForDescribeBlock (/Users/cryophobic/dev/projects/tally-mcp/node_modules/jest-circus/build/run.js:121:9)
    at run (/Users/cryophobic/dev/projects/tally-mcp/node_modules/jest-circus/build/run.js:71:3)
    at runAndTransformResultsToJestFormat (/Users/cryophobic/dev/projects/tally-mcp/node_modules/jest-circus/build/legacy-code-todo-rewrite/jestAdapterInit.js:122:21)
    at jestAdapter (/Users/cryophobic/dev/projects/tally-mcp/node_modules/jest-circus/build/legacy-code-todo-rewrite/jestAdapter.js:79:19)
    at runTestInternal (/Users/cryophobic/dev/projects/tally-mcp/node_modules/jest-runner/build/runTest.js:367:16)
    at runTest (/Users/cryophobic/dev/projects/tally-mcp/node_modules/jest-runner/build/runTest.js:444:34)</failure>
    </testcase>
    <testcase classname="SSE Connection Establishment and MCP Handshake Testing Basic SSE Connection Establishment should handle multiple simultaneous SSE connections" name="SSE Connection Establishment and MCP Handshake Testing Basic SSE Connection Establishment should handle multiple simultaneous SSE connections" time="0.103">
      <failure>Error: Server does not support tools (required for tools/list)
    at MCPServer.assertRequestHandlerCapability (/Users/cryophobic/dev/projects/tally-mcp/node_modules/@modelcontextprotocol/sdk/src/server/index.ts:233:17)
    at MCPServer.setRequestHandler (/Users/cryophobic/dev/projects/tally-mcp/node_modules/@modelcontextprotocol/sdk/src/shared/protocol.ts:644:10)
    at MCPServer.setupMCPHandlers (/Users/cryophobic/dev/projects/tally-mcp/src/server.ts:1700:10)
    at new MCPServer (/Users/cryophobic/dev/projects/tally-mcp/src/server.ts:389:10)
    at Object.&lt;anonymous&gt; (/Users/cryophobic/dev/projects/tally-mcp/src/__tests__/sse-connection-handshake.test.ts:224:14)
    at Promise.then.completed (/Users/cryophobic/dev/projects/tally-mcp/node_modules/jest-circus/build/utils.js:298:28)
    at new Promise (&lt;anonymous&gt;)
    at callAsyncCircusFn (/Users/cryophobic/dev/projects/tally-mcp/node_modules/jest-circus/build/utils.js:231:10)
    at _callCircusHook (/Users/cryophobic/dev/projects/tally-mcp/node_modules/jest-circus/build/run.js:281:40)
    at _runTest (/Users/cryophobic/dev/projects/tally-mcp/node_modules/jest-circus/build/run.js:246:5)
    at _runTestsForDescribeBlock (/Users/cryophobic/dev/projects/tally-mcp/node_modules/jest-circus/build/run.js:126:9)
    at _runTestsForDescribeBlock (/Users/cryophobic/dev/projects/tally-mcp/node_modules/jest-circus/build/run.js:121:9)
    at _runTestsForDescribeBlock (/Users/cryophobic/dev/projects/tally-mcp/node_modules/jest-circus/build/run.js:121:9)
    at run (/Users/cryophobic/dev/projects/tally-mcp/node_modules/jest-circus/build/run.js:71:3)
    at runAndTransformResultsToJestFormat (/Users/cryophobic/dev/projects/tally-mcp/node_modules/jest-circus/build/legacy-code-todo-rewrite/jestAdapterInit.js:122:21)
    at jestAdapter (/Users/cryophobic/dev/projects/tally-mcp/node_modules/jest-circus/build/legacy-code-todo-rewrite/jestAdapter.js:79:19)
    at runTestInternal (/Users/cryophobic/dev/projects/tally-mcp/node_modules/jest-runner/build/runTest.js:367:16)
    at runTest (/Users/cryophobic/dev/projects/tally-mcp/node_modules/jest-runner/build/runTest.js:444:34)</failure>
    </testcase>
    <testcase classname="SSE Connection Establishment and MCP Handshake Testing Basic SSE Connection Establishment should send initial connection confirmation message" name="SSE Connection Establishment and MCP Handshake Testing Basic SSE Connection Establishment should send initial connection confirmation message" time="0.103">
      <failure>Error: Server does not support tools (required for tools/list)
    at MCPServer.assertRequestHandlerCapability (/Users/cryophobic/dev/projects/tally-mcp/node_modules/@modelcontextprotocol/sdk/src/server/index.ts:233:17)
    at MCPServer.setRequestHandler (/Users/cryophobic/dev/projects/tally-mcp/node_modules/@modelcontextprotocol/sdk/src/shared/protocol.ts:644:10)
    at MCPServer.setupMCPHandlers (/Users/cryophobic/dev/projects/tally-mcp/src/server.ts:1700:10)
    at new MCPServer (/Users/cryophobic/dev/projects/tally-mcp/src/server.ts:389:10)
    at Object.&lt;anonymous&gt; (/Users/cryophobic/dev/projects/tally-mcp/src/__tests__/sse-connection-handshake.test.ts:224:14)
    at Promise.then.completed (/Users/cryophobic/dev/projects/tally-mcp/node_modules/jest-circus/build/utils.js:298:28)
    at new Promise (&lt;anonymous&gt;)
    at callAsyncCircusFn (/Users/cryophobic/dev/projects/tally-mcp/node_modules/jest-circus/build/utils.js:231:10)
    at _callCircusHook (/Users/cryophobic/dev/projects/tally-mcp/node_modules/jest-circus/build/run.js:281:40)
    at _runTest (/Users/cryophobic/dev/projects/tally-mcp/node_modules/jest-circus/build/run.js:246:5)
    at _runTestsForDescribeBlock (/Users/cryophobic/dev/projects/tally-mcp/node_modules/jest-circus/build/run.js:126:9)
    at _runTestsForDescribeBlock (/Users/cryophobic/dev/projects/tally-mcp/node_modules/jest-circus/build/run.js:121:9)
    at _runTestsForDescribeBlock (/Users/cryophobic/dev/projects/tally-mcp/node_modules/jest-circus/build/run.js:121:9)
    at run (/Users/cryophobic/dev/projects/tally-mcp/node_modules/jest-circus/build/run.js:71:3)
    at runAndTransformResultsToJestFormat (/Users/cryophobic/dev/projects/tally-mcp/node_modules/jest-circus/build/legacy-code-todo-rewrite/jestAdapterInit.js:122:21)
    at jestAdapter (/Users/cryophobic/dev/projects/tally-mcp/node_modules/jest-circus/build/legacy-code-todo-rewrite/jestAdapter.js:79:19)
    at runTestInternal (/Users/cryophobic/dev/projects/tally-mcp/node_modules/jest-runner/build/runTest.js:367:16)
    at runTest (/Users/cryophobic/dev/projects/tally-mcp/node_modules/jest-runner/build/runTest.js:444:34)</failure>
    </testcase>
    <testcase classname="SSE Connection Establishment and MCP Handshake Testing Basic SSE Connection Establishment should maintain heartbeat mechanism" name="SSE Connection Establishment and MCP Handshake Testing Basic SSE Connection Establishment should maintain heartbeat mechanism" time="0.102">
      <failure>Error: Server does not support tools (required for tools/list)
    at MCPServer.assertRequestHandlerCapability (/Users/cryophobic/dev/projects/tally-mcp/node_modules/@modelcontextprotocol/sdk/src/server/index.ts:233:17)
    at MCPServer.setRequestHandler (/Users/cryophobic/dev/projects/tally-mcp/node_modules/@modelcontextprotocol/sdk/src/shared/protocol.ts:644:10)
    at MCPServer.setupMCPHandlers (/Users/cryophobic/dev/projects/tally-mcp/src/server.ts:1700:10)
    at new MCPServer (/Users/cryophobic/dev/projects/tally-mcp/src/server.ts:389:10)
    at Object.&lt;anonymous&gt; (/Users/cryophobic/dev/projects/tally-mcp/src/__tests__/sse-connection-handshake.test.ts:224:14)
    at Promise.then.completed (/Users/cryophobic/dev/projects/tally-mcp/node_modules/jest-circus/build/utils.js:298:28)
    at new Promise (&lt;anonymous&gt;)
    at callAsyncCircusFn (/Users/cryophobic/dev/projects/tally-mcp/node_modules/jest-circus/build/utils.js:231:10)
    at _callCircusHook (/Users/cryophobic/dev/projects/tally-mcp/node_modules/jest-circus/build/run.js:281:40)
    at _runTest (/Users/cryophobic/dev/projects/tally-mcp/node_modules/jest-circus/build/run.js:246:5)
    at _runTestsForDescribeBlock (/Users/cryophobic/dev/projects/tally-mcp/node_modules/jest-circus/build/run.js:126:9)
    at _runTestsForDescribeBlock (/Users/cryophobic/dev/projects/tally-mcp/node_modules/jest-circus/build/run.js:121:9)
    at _runTestsForDescribeBlock (/Users/cryophobic/dev/projects/tally-mcp/node_modules/jest-circus/build/run.js:121:9)
    at run (/Users/cryophobic/dev/projects/tally-mcp/node_modules/jest-circus/build/run.js:71:3)
    at runAndTransformResultsToJestFormat (/Users/cryophobic/dev/projects/tally-mcp/node_modules/jest-circus/build/legacy-code-todo-rewrite/jestAdapterInit.js:122:21)
    at jestAdapter (/Users/cryophobic/dev/projects/tally-mcp/node_modules/jest-circus/build/legacy-code-todo-rewrite/jestAdapter.js:79:19)
    at runTestInternal (/Users/cryophobic/dev/projects/tally-mcp/node_modules/jest-runner/build/runTest.js:367:16)
    at runTest (/Users/cryophobic/dev/projects/tally-mcp/node_modules/jest-runner/build/runTest.js:444:34)</failure>
    </testcase>
    <testcase classname="SSE Connection Establishment and MCP Handshake Testing MCP Protocol Handshake should complete proper MCP initialization handshake" name="SSE Connection Establishment and MCP Handshake Testing MCP Protocol Handshake should complete proper MCP initialization handshake" time="0.103">
      <failure>Error: Server does not support tools (required for tools/list)
    at MCPServer.assertRequestHandlerCapability (/Users/cryophobic/dev/projects/tally-mcp/node_modules/@modelcontextprotocol/sdk/src/server/index.ts:233:17)
    at MCPServer.setRequestHandler (/Users/cryophobic/dev/projects/tally-mcp/node_modules/@modelcontextprotocol/sdk/src/shared/protocol.ts:644:10)
    at MCPServer.setupMCPHandlers (/Users/cryophobic/dev/projects/tally-mcp/src/server.ts:1700:10)
    at new MCPServer (/Users/cryophobic/dev/projects/tally-mcp/src/server.ts:389:10)
    at Object.&lt;anonymous&gt; (/Users/cryophobic/dev/projects/tally-mcp/src/__tests__/sse-connection-handshake.test.ts:224:14)
    at Promise.then.completed (/Users/cryophobic/dev/projects/tally-mcp/node_modules/jest-circus/build/utils.js:298:28)
    at new Promise (&lt;anonymous&gt;)
    at callAsyncCircusFn (/Users/cryophobic/dev/projects/tally-mcp/node_modules/jest-circus/build/utils.js:231:10)
    at _callCircusHook (/Users/cryophobic/dev/projects/tally-mcp/node_modules/jest-circus/build/run.js:281:40)
    at _runTest (/Users/cryophobic/dev/projects/tally-mcp/node_modules/jest-circus/build/run.js:246:5)
    at _runTestsForDescribeBlock (/Users/cryophobic/dev/projects/tally-mcp/node_modules/jest-circus/build/run.js:126:9)
    at _runTestsForDescribeBlock (/Users/cryophobic/dev/projects/tally-mcp/node_modules/jest-circus/build/run.js:121:9)
    at _runTestsForDescribeBlock (/Users/cryophobic/dev/projects/tally-mcp/node_modules/jest-circus/build/run.js:121:9)
    at run (/Users/cryophobic/dev/projects/tally-mcp/node_modules/jest-circus/build/run.js:71:3)
    at runAndTransformResultsToJestFormat (/Users/cryophobic/dev/projects/tally-mcp/node_modules/jest-circus/build/legacy-code-todo-rewrite/jestAdapterInit.js:122:21)
    at jestAdapter (/Users/cryophobic/dev/projects/tally-mcp/node_modules/jest-circus/build/legacy-code-todo-rewrite/jestAdapter.js:79:19)
    at runTestInternal (/Users/cryophobic/dev/projects/tally-mcp/node_modules/jest-runner/build/runTest.js:367:16)
    at runTest (/Users/cryophobic/dev/projects/tally-mcp/node_modules/jest-runner/build/runTest.js:444:34)</failure>
    </testcase>
    <testcase classname="SSE Connection Establishment and MCP Handshake Testing MCP Protocol Handshake should support capability negotiation" name="SSE Connection Establishment and MCP Handshake Testing MCP Protocol Handshake should support capability negotiation" time="0.102">
      <failure>Error: Server does not support tools (required for tools/list)
    at MCPServer.assertRequestHandlerCapability (/Users/cryophobic/dev/projects/tally-mcp/node_modules/@modelcontextprotocol/sdk/src/server/index.ts:233:17)
    at MCPServer.setRequestHandler (/Users/cryophobic/dev/projects/tally-mcp/node_modules/@modelcontextprotocol/sdk/src/shared/protocol.ts:644:10)
    at MCPServer.setupMCPHandlers (/Users/cryophobic/dev/projects/tally-mcp/src/server.ts:1700:10)
    at new MCPServer (/Users/cryophobic/dev/projects/tally-mcp/src/server.ts:389:10)
    at Object.&lt;anonymous&gt; (/Users/cryophobic/dev/projects/tally-mcp/src/__tests__/sse-connection-handshake.test.ts:224:14)
    at Promise.then.completed (/Users/cryophobic/dev/projects/tally-mcp/node_modules/jest-circus/build/utils.js:298:28)
    at new Promise (&lt;anonymous&gt;)
    at callAsyncCircusFn (/Users/cryophobic/dev/projects/tally-mcp/node_modules/jest-circus/build/utils.js:231:10)
    at _callCircusHook (/Users/cryophobic/dev/projects/tally-mcp/node_modules/jest-circus/build/run.js:281:40)
    at _runTest (/Users/cryophobic/dev/projects/tally-mcp/node_modules/jest-circus/build/run.js:246:5)
    at _runTestsForDescribeBlock (/Users/cryophobic/dev/projects/tally-mcp/node_modules/jest-circus/build/run.js:126:9)
    at _runTestsForDescribeBlock (/Users/cryophobic/dev/projects/tally-mcp/node_modules/jest-circus/build/run.js:121:9)
    at _runTestsForDescribeBlock (/Users/cryophobic/dev/projects/tally-mcp/node_modules/jest-circus/build/run.js:121:9)
    at run (/Users/cryophobic/dev/projects/tally-mcp/node_modules/jest-circus/build/run.js:71:3)
    at runAndTransformResultsToJestFormat (/Users/cryophobic/dev/projects/tally-mcp/node_modules/jest-circus/build/legacy-code-todo-rewrite/jestAdapterInit.js:122:21)
    at jestAdapter (/Users/cryophobic/dev/projects/tally-mcp/node_modules/jest-circus/build/legacy-code-todo-rewrite/jestAdapter.js:79:19)
    at runTestInternal (/Users/cryophobic/dev/projects/tally-mcp/node_modules/jest-runner/build/runTest.js:367:16)
    at runTest (/Users/cryophobic/dev/projects/tally-mcp/node_modules/jest-runner/build/runTest.js:444:34)</failure>
    </testcase>
    <testcase classname="SSE Connection Establishment and MCP Handshake Testing MCP Protocol Handshake should handle invalid handshake messages gracefully" name="SSE Connection Establishment and MCP Handshake Testing MCP Protocol Handshake should handle invalid handshake messages gracefully" time="0.102">
      <failure>Error: Server does not support tools (required for tools/list)
    at MCPServer.assertRequestHandlerCapability (/Users/cryophobic/dev/projects/tally-mcp/node_modules/@modelcontextprotocol/sdk/src/server/index.ts:233:17)
    at MCPServer.setRequestHandler (/Users/cryophobic/dev/projects/tally-mcp/node_modules/@modelcontextprotocol/sdk/src/shared/protocol.ts:644:10)
    at MCPServer.setupMCPHandlers (/Users/cryophobic/dev/projects/tally-mcp/src/server.ts:1700:10)
    at new MCPServer (/Users/cryophobic/dev/projects/tally-mcp/src/server.ts:389:10)
    at Object.&lt;anonymous&gt; (/Users/cryophobic/dev/projects/tally-mcp/src/__tests__/sse-connection-handshake.test.ts:224:14)
    at Promise.then.completed (/Users/cryophobic/dev/projects/tally-mcp/node_modules/jest-circus/build/utils.js:298:28)
    at new Promise (&lt;anonymous&gt;)
    at callAsyncCircusFn (/Users/cryophobic/dev/projects/tally-mcp/node_modules/jest-circus/build/utils.js:231:10)
    at _callCircusHook (/Users/cryophobic/dev/projects/tally-mcp/node_modules/jest-circus/build/run.js:281:40)
    at _runTest (/Users/cryophobic/dev/projects/tally-mcp/node_modules/jest-circus/build/run.js:246:5)
    at _runTestsForDescribeBlock (/Users/cryophobic/dev/projects/tally-mcp/node_modules/jest-circus/build/run.js:126:9)
    at _runTestsForDescribeBlock (/Users/cryophobic/dev/projects/tally-mcp/node_modules/jest-circus/build/run.js:121:9)
    at _runTestsForDescribeBlock (/Users/cryophobic/dev/projects/tally-mcp/node_modules/jest-circus/build/run.js:121:9)
    at run (/Users/cryophobic/dev/projects/tally-mcp/node_modules/jest-circus/build/run.js:71:3)
    at runAndTransformResultsToJestFormat (/Users/cryophobic/dev/projects/tally-mcp/node_modules/jest-circus/build/legacy-code-todo-rewrite/jestAdapterInit.js:122:21)
    at jestAdapter (/Users/cryophobic/dev/projects/tally-mcp/node_modules/jest-circus/build/legacy-code-todo-rewrite/jestAdapter.js:79:19)
    at runTestInternal (/Users/cryophobic/dev/projects/tally-mcp/node_modules/jest-runner/build/runTest.js:367:16)
    at runTest (/Users/cryophobic/dev/projects/tally-mcp/node_modules/jest-runner/build/runTest.js:444:34)</failure>
    </testcase>
    <testcase classname="SSE Connection Establishment and MCP Handshake Testing MCP Protocol Handshake should validate JSON-RPC 2.0 compliance" name="SSE Connection Establishment and MCP Handshake Testing MCP Protocol Handshake should validate JSON-RPC 2.0 compliance" time="0.104">
      <failure>Error: Server does not support tools (required for tools/list)
    at MCPServer.assertRequestHandlerCapability (/Users/cryophobic/dev/projects/tally-mcp/node_modules/@modelcontextprotocol/sdk/src/server/index.ts:233:17)
    at MCPServer.setRequestHandler (/Users/cryophobic/dev/projects/tally-mcp/node_modules/@modelcontextprotocol/sdk/src/shared/protocol.ts:644:10)
    at MCPServer.setupMCPHandlers (/Users/cryophobic/dev/projects/tally-mcp/src/server.ts:1700:10)
    at new MCPServer (/Users/cryophobic/dev/projects/tally-mcp/src/server.ts:389:10)
    at Object.&lt;anonymous&gt; (/Users/cryophobic/dev/projects/tally-mcp/src/__tests__/sse-connection-handshake.test.ts:224:14)
    at Promise.then.completed (/Users/cryophobic/dev/projects/tally-mcp/node_modules/jest-circus/build/utils.js:298:28)
    at new Promise (&lt;anonymous&gt;)
    at callAsyncCircusFn (/Users/cryophobic/dev/projects/tally-mcp/node_modules/jest-circus/build/utils.js:231:10)
    at _callCircusHook (/Users/cryophobic/dev/projects/tally-mcp/node_modules/jest-circus/build/run.js:281:40)
    at _runTest (/Users/cryophobic/dev/projects/tally-mcp/node_modules/jest-circus/build/run.js:246:5)
    at _runTestsForDescribeBlock (/Users/cryophobic/dev/projects/tally-mcp/node_modules/jest-circus/build/run.js:126:9)
    at _runTestsForDescribeBlock (/Users/cryophobic/dev/projects/tally-mcp/node_modules/jest-circus/build/run.js:121:9)
    at _runTestsForDescribeBlock (/Users/cryophobic/dev/projects/tally-mcp/node_modules/jest-circus/build/run.js:121:9)
    at run (/Users/cryophobic/dev/projects/tally-mcp/node_modules/jest-circus/build/run.js:71:3)
    at runAndTransformResultsToJestFormat (/Users/cryophobic/dev/projects/tally-mcp/node_modules/jest-circus/build/legacy-code-todo-rewrite/jestAdapterInit.js:122:21)
    at jestAdapter (/Users/cryophobic/dev/projects/tally-mcp/node_modules/jest-circus/build/legacy-code-todo-rewrite/jestAdapter.js:79:19)
    at runTestInternal (/Users/cryophobic/dev/projects/tally-mcp/node_modules/jest-runner/build/runTest.js:367:16)
    at runTest (/Users/cryophobic/dev/projects/tally-mcp/node_modules/jest-runner/build/runTest.js:444:34)</failure>
    </testcase>
    <testcase classname="SSE Connection Establishment and MCP Handshake Testing Tool Discovery Through SSE should list available tools correctly" name="SSE Connection Establishment and MCP Handshake Testing Tool Discovery Through SSE should list available tools correctly" time="0.102">
      <failure>Error: Server does not support tools (required for tools/list)
    at MCPServer.assertRequestHandlerCapability (/Users/cryophobic/dev/projects/tally-mcp/node_modules/@modelcontextprotocol/sdk/src/server/index.ts:233:17)
    at MCPServer.setRequestHandler (/Users/cryophobic/dev/projects/tally-mcp/node_modules/@modelcontextprotocol/sdk/src/shared/protocol.ts:644:10)
    at MCPServer.setupMCPHandlers (/Users/cryophobic/dev/projects/tally-mcp/src/server.ts:1700:10)
    at new MCPServer (/Users/cryophobic/dev/projects/tally-mcp/src/server.ts:389:10)
    at Object.&lt;anonymous&gt; (/Users/cryophobic/dev/projects/tally-mcp/src/__tests__/sse-connection-handshake.test.ts:224:14)
    at Promise.then.completed (/Users/cryophobic/dev/projects/tally-mcp/node_modules/jest-circus/build/utils.js:298:28)
    at new Promise (&lt;anonymous&gt;)
    at callAsyncCircusFn (/Users/cryophobic/dev/projects/tally-mcp/node_modules/jest-circus/build/utils.js:231:10)
    at _callCircusHook (/Users/cryophobic/dev/projects/tally-mcp/node_modules/jest-circus/build/run.js:281:40)
    at _runTest (/Users/cryophobic/dev/projects/tally-mcp/node_modules/jest-circus/build/run.js:246:5)
    at _runTestsForDescribeBlock (/Users/cryophobic/dev/projects/tally-mcp/node_modules/jest-circus/build/run.js:126:9)
    at _runTestsForDescribeBlock (/Users/cryophobic/dev/projects/tally-mcp/node_modules/jest-circus/build/run.js:121:9)
    at _runTestsForDescribeBlock (/Users/cryophobic/dev/projects/tally-mcp/node_modules/jest-circus/build/run.js:121:9)
    at run (/Users/cryophobic/dev/projects/tally-mcp/node_modules/jest-circus/build/run.js:71:3)
    at runAndTransformResultsToJestFormat (/Users/cryophobic/dev/projects/tally-mcp/node_modules/jest-circus/build/legacy-code-todo-rewrite/jestAdapterInit.js:122:21)
    at jestAdapter (/Users/cryophobic/dev/projects/tally-mcp/node_modules/jest-circus/build/legacy-code-todo-rewrite/jestAdapter.js:79:19)
    at runTestInternal (/Users/cryophobic/dev/projects/tally-mcp/node_modules/jest-runner/build/runTest.js:367:16)
    at runTest (/Users/cryophobic/dev/projects/tally-mcp/node_modules/jest-runner/build/runTest.js:444:34)</failure>
    </testcase>
    <testcase classname="SSE Connection Establishment and MCP Handshake Testing Tool Discovery Through SSE should handle tool calls with proper error handling" name="SSE Connection Establishment and MCP Handshake Testing Tool Discovery Through SSE should handle tool calls with proper error handling" time="0.101">
      <failure>Error: Server does not support tools (required for tools/list)
    at MCPServer.assertRequestHandlerCapability (/Users/cryophobic/dev/projects/tally-mcp/node_modules/@modelcontextprotocol/sdk/src/server/index.ts:233:17)
    at MCPServer.setRequestHandler (/Users/cryophobic/dev/projects/tally-mcp/node_modules/@modelcontextprotocol/sdk/src/shared/protocol.ts:644:10)
    at MCPServer.setupMCPHandlers (/Users/cryophobic/dev/projects/tally-mcp/src/server.ts:1700:10)
    at new MCPServer (/Users/cryophobic/dev/projects/tally-mcp/src/server.ts:389:10)
    at Object.&lt;anonymous&gt; (/Users/cryophobic/dev/projects/tally-mcp/src/__tests__/sse-connection-handshake.test.ts:224:14)
    at Promise.then.completed (/Users/cryophobic/dev/projects/tally-mcp/node_modules/jest-circus/build/utils.js:298:28)
    at new Promise (&lt;anonymous&gt;)
    at callAsyncCircusFn (/Users/cryophobic/dev/projects/tally-mcp/node_modules/jest-circus/build/utils.js:231:10)
    at _callCircusHook (/Users/cryophobic/dev/projects/tally-mcp/node_modules/jest-circus/build/run.js:281:40)
    at _runTest (/Users/cryophobic/dev/projects/tally-mcp/node_modules/jest-circus/build/run.js:246:5)
    at _runTestsForDescribeBlock (/Users/cryophobic/dev/projects/tally-mcp/node_modules/jest-circus/build/run.js:126:9)
    at _runTestsForDescribeBlock (/Users/cryophobic/dev/projects/tally-mcp/node_modules/jest-circus/build/run.js:121:9)
    at _runTestsForDescribeBlock (/Users/cryophobic/dev/projects/tally-mcp/node_modules/jest-circus/build/run.js:121:9)
    at run (/Users/cryophobic/dev/projects/tally-mcp/node_modules/jest-circus/build/run.js:71:3)
    at runAndTransformResultsToJestFormat (/Users/cryophobic/dev/projects/tally-mcp/node_modules/jest-circus/build/legacy-code-todo-rewrite/jestAdapterInit.js:122:21)
    at jestAdapter (/Users/cryophobic/dev/projects/tally-mcp/node_modules/jest-circus/build/legacy-code-todo-rewrite/jestAdapter.js:79:19)
    at runTestInternal (/Users/cryophobic/dev/projects/tally-mcp/node_modules/jest-runner/build/runTest.js:367:16)
    at runTest (/Users/cryophobic/dev/projects/tally-mcp/node_modules/jest-runner/build/runTest.js:444:34)</failure>
    </testcase>
    <testcase classname="SSE Connection Establishment and MCP Handshake Testing Client Type Simulation should handle Claude Desktop simulation" name="SSE Connection Establishment and MCP Handshake Testing Client Type Simulation should handle Claude Desktop simulation" time="0.102">
      <failure>Error: Server does not support tools (required for tools/list)
    at MCPServer.assertRequestHandlerCapability (/Users/cryophobic/dev/projects/tally-mcp/node_modules/@modelcontextprotocol/sdk/src/server/index.ts:233:17)
    at MCPServer.setRequestHandler (/Users/cryophobic/dev/projects/tally-mcp/node_modules/@modelcontextprotocol/sdk/src/shared/protocol.ts:644:10)
    at MCPServer.setupMCPHandlers (/Users/cryophobic/dev/projects/tally-mcp/src/server.ts:1700:10)
    at new MCPServer (/Users/cryophobic/dev/projects/tally-mcp/src/server.ts:389:10)
    at Object.&lt;anonymous&gt; (/Users/cryophobic/dev/projects/tally-mcp/src/__tests__/sse-connection-handshake.test.ts:224:14)
    at Promise.then.completed (/Users/cryophobic/dev/projects/tally-mcp/node_modules/jest-circus/build/utils.js:298:28)
    at new Promise (&lt;anonymous&gt;)
    at callAsyncCircusFn (/Users/cryophobic/dev/projects/tally-mcp/node_modules/jest-circus/build/utils.js:231:10)
    at _callCircusHook (/Users/cryophobic/dev/projects/tally-mcp/node_modules/jest-circus/build/run.js:281:40)
    at _runTest (/Users/cryophobic/dev/projects/tally-mcp/node_modules/jest-circus/build/run.js:246:5)
    at _runTestsForDescribeBlock (/Users/cryophobic/dev/projects/tally-mcp/node_modules/jest-circus/build/run.js:126:9)
    at _runTestsForDescribeBlock (/Users/cryophobic/dev/projects/tally-mcp/node_modules/jest-circus/build/run.js:121:9)
    at _runTestsForDescribeBlock (/Users/cryophobic/dev/projects/tally-mcp/node_modules/jest-circus/build/run.js:121:9)
    at run (/Users/cryophobic/dev/projects/tally-mcp/node_modules/jest-circus/build/run.js:71:3)
    at runAndTransformResultsToJestFormat (/Users/cryophobic/dev/projects/tally-mcp/node_modules/jest-circus/build/legacy-code-todo-rewrite/jestAdapterInit.js:122:21)
    at jestAdapter (/Users/cryophobic/dev/projects/tally-mcp/node_modules/jest-circus/build/legacy-code-todo-rewrite/jestAdapter.js:79:19)
    at runTestInternal (/Users/cryophobic/dev/projects/tally-mcp/node_modules/jest-runner/build/runTest.js:367:16)
    at runTest (/Users/cryophobic/dev/projects/tally-mcp/node_modules/jest-runner/build/runTest.js:444:34)</failure>
    </testcase>
    <testcase classname="SSE Connection Establishment and MCP Handshake Testing Client Type Simulation should handle MCP Inspector simulation" name="SSE Connection Establishment and MCP Handshake Testing Client Type Simulation should handle MCP Inspector simulation" time="0.124">
      <failure>Error: Server does not support tools (required for tools/list)
    at MCPServer.assertRequestHandlerCapability (/Users/cryophobic/dev/projects/tally-mcp/node_modules/@modelcontextprotocol/sdk/src/server/index.ts:233:17)
    at MCPServer.setRequestHandler (/Users/cryophobic/dev/projects/tally-mcp/node_modules/@modelcontextprotocol/sdk/src/shared/protocol.ts:644:10)
    at MCPServer.setupMCPHandlers (/Users/cryophobic/dev/projects/tally-mcp/src/server.ts:1700:10)
    at new MCPServer (/Users/cryophobic/dev/projects/tally-mcp/src/server.ts:389:10)
    at Object.&lt;anonymous&gt; (/Users/cryophobic/dev/projects/tally-mcp/src/__tests__/sse-connection-handshake.test.ts:224:14)
    at Promise.then.completed (/Users/cryophobic/dev/projects/tally-mcp/node_modules/jest-circus/build/utils.js:298:28)
    at new Promise (&lt;anonymous&gt;)
    at callAsyncCircusFn (/Users/cryophobic/dev/projects/tally-mcp/node_modules/jest-circus/build/utils.js:231:10)
    at _callCircusHook (/Users/cryophobic/dev/projects/tally-mcp/node_modules/jest-circus/build/run.js:281:40)
    at _runTest (/Users/cryophobic/dev/projects/tally-mcp/node_modules/jest-circus/build/run.js:246:5)
    at _runTestsForDescribeBlock (/Users/cryophobic/dev/projects/tally-mcp/node_modules/jest-circus/build/run.js:126:9)
    at _runTestsForDescribeBlock (/Users/cryophobic/dev/projects/tally-mcp/node_modules/jest-circus/build/run.js:121:9)
    at _runTestsForDescribeBlock (/Users/cryophobic/dev/projects/tally-mcp/node_modules/jest-circus/build/run.js:121:9)
    at run (/Users/cryophobic/dev/projects/tally-mcp/node_modules/jest-circus/build/run.js:71:3)
    at runAndTransformResultsToJestFormat (/Users/cryophobic/dev/projects/tally-mcp/node_modules/jest-circus/build/legacy-code-todo-rewrite/jestAdapterInit.js:122:21)
    at jestAdapter (/Users/cryophobic/dev/projects/tally-mcp/node_modules/jest-circus/build/legacy-code-todo-rewrite/jestAdapter.js:79:19)
    at runTestInternal (/Users/cryophobic/dev/projects/tally-mcp/node_modules/jest-runner/build/runTest.js:367:16)
    at runTest (/Users/cryophobic/dev/projects/tally-mcp/node_modules/jest-runner/build/runTest.js:444:34)</failure>
    </testcase>
    <testcase classname="SSE Connection Establishment and MCP Handshake Testing Client Type Simulation should handle custom client simulation" name="SSE Connection Establishment and MCP Handshake Testing Client Type Simulation should handle custom client simulation" time="0.103">
      <failure>Error: Server does not support tools (required for tools/list)
    at MCPServer.assertRequestHandlerCapability (/Users/cryophobic/dev/projects/tally-mcp/node_modules/@modelcontextprotocol/sdk/src/server/index.ts:233:17)
    at MCPServer.setRequestHandler (/Users/cryophobic/dev/projects/tally-mcp/node_modules/@modelcontextprotocol/sdk/src/shared/protocol.ts:644:10)
    at MCPServer.setupMCPHandlers (/Users/cryophobic/dev/projects/tally-mcp/src/server.ts:1700:10)
    at new MCPServer (/Users/cryophobic/dev/projects/tally-mcp/src/server.ts:389:10)
    at Object.&lt;anonymous&gt; (/Users/cryophobic/dev/projects/tally-mcp/src/__tests__/sse-connection-handshake.test.ts:224:14)
    at Promise.then.completed (/Users/cryophobic/dev/projects/tally-mcp/node_modules/jest-circus/build/utils.js:298:28)
    at new Promise (&lt;anonymous&gt;)
    at callAsyncCircusFn (/Users/cryophobic/dev/projects/tally-mcp/node_modules/jest-circus/build/utils.js:231:10)
    at _callCircusHook (/Users/cryophobic/dev/projects/tally-mcp/node_modules/jest-circus/build/run.js:281:40)
    at _runTest (/Users/cryophobic/dev/projects/tally-mcp/node_modules/jest-circus/build/run.js:246:5)
    at _runTestsForDescribeBlock (/Users/cryophobic/dev/projects/tally-mcp/node_modules/jest-circus/build/run.js:126:9)
    at _runTestsForDescribeBlock (/Users/cryophobic/dev/projects/tally-mcp/node_modules/jest-circus/build/run.js:121:9)
    at _runTestsForDescribeBlock (/Users/cryophobic/dev/projects/tally-mcp/node_modules/jest-circus/build/run.js:121:9)
    at run (/Users/cryophobic/dev/projects/tally-mcp/node_modules/jest-circus/build/run.js:71:3)
    at runAndTransformResultsToJestFormat (/Users/cryophobic/dev/projects/tally-mcp/node_modules/jest-circus/build/legacy-code-todo-rewrite/jestAdapterInit.js:122:21)
    at jestAdapter (/Users/cryophobic/dev/projects/tally-mcp/node_modules/jest-circus/build/legacy-code-todo-rewrite/jestAdapter.js:79:19)
    at runTestInternal (/Users/cryophobic/dev/projects/tally-mcp/node_modules/jest-runner/build/runTest.js:367:16)
    at runTest (/Users/cryophobic/dev/projects/tally-mcp/node_modules/jest-runner/build/runTest.js:444:34)</failure>
    </testcase>
    <testcase classname="SSE Connection Establishment and MCP Handshake Testing Connection State Management should track connection lifecycle properly" name="SSE Connection Establishment and MCP Handshake Testing Connection State Management should track connection lifecycle properly" time="0.101">
      <failure>Error: Server does not support tools (required for tools/list)
    at MCPServer.assertRequestHandlerCapability (/Users/cryophobic/dev/projects/tally-mcp/node_modules/@modelcontextprotocol/sdk/src/server/index.ts:233:17)
    at MCPServer.setRequestHandler (/Users/cryophobic/dev/projects/tally-mcp/node_modules/@modelcontextprotocol/sdk/src/shared/protocol.ts:644:10)
    at MCPServer.setupMCPHandlers (/Users/cryophobic/dev/projects/tally-mcp/src/server.ts:1700:10)
    at new MCPServer (/Users/cryophobic/dev/projects/tally-mcp/src/server.ts:389:10)
    at Object.&lt;anonymous&gt; (/Users/cryophobic/dev/projects/tally-mcp/src/__tests__/sse-connection-handshake.test.ts:224:14)
    at Promise.then.completed (/Users/cryophobic/dev/projects/tally-mcp/node_modules/jest-circus/build/utils.js:298:28)
    at new Promise (&lt;anonymous&gt;)
    at callAsyncCircusFn (/Users/cryophobic/dev/projects/tally-mcp/node_modules/jest-circus/build/utils.js:231:10)
    at _callCircusHook (/Users/cryophobic/dev/projects/tally-mcp/node_modules/jest-circus/build/run.js:281:40)
    at _runTest (/Users/cryophobic/dev/projects/tally-mcp/node_modules/jest-circus/build/run.js:246:5)
    at _runTestsForDescribeBlock (/Users/cryophobic/dev/projects/tally-mcp/node_modules/jest-circus/build/run.js:126:9)
    at _runTestsForDescribeBlock (/Users/cryophobic/dev/projects/tally-mcp/node_modules/jest-circus/build/run.js:121:9)
    at _runTestsForDescribeBlock (/Users/cryophobic/dev/projects/tally-mcp/node_modules/jest-circus/build/run.js:121:9)
    at run (/Users/cryophobic/dev/projects/tally-mcp/node_modules/jest-circus/build/run.js:71:3)
    at runAndTransformResultsToJestFormat (/Users/cryophobic/dev/projects/tally-mcp/node_modules/jest-circus/build/legacy-code-todo-rewrite/jestAdapterInit.js:122:21)
    at jestAdapter (/Users/cryophobic/dev/projects/tally-mcp/node_modules/jest-circus/build/legacy-code-todo-rewrite/jestAdapter.js:79:19)
    at runTestInternal (/Users/cryophobic/dev/projects/tally-mcp/node_modules/jest-runner/build/runTest.js:367:16)
    at runTest (/Users/cryophobic/dev/projects/tally-mcp/node_modules/jest-runner/build/runTest.js:444:34)</failure>
    </testcase>
    <testcase classname="SSE Connection Establishment and MCP Handshake Testing Connection State Management should handle abrupt connection termination" name="SSE Connection Establishment and MCP Handshake Testing Connection State Management should handle abrupt connection termination" time="0.102">
      <failure>Error: Server does not support tools (required for tools/list)
    at MCPServer.assertRequestHandlerCapability (/Users/cryophobic/dev/projects/tally-mcp/node_modules/@modelcontextprotocol/sdk/src/server/index.ts:233:17)
    at MCPServer.setRequestHandler (/Users/cryophobic/dev/projects/tally-mcp/node_modules/@modelcontextprotocol/sdk/src/shared/protocol.ts:644:10)
    at MCPServer.setupMCPHandlers (/Users/cryophobic/dev/projects/tally-mcp/src/server.ts:1700:10)
    at new MCPServer (/Users/cryophobic/dev/projects/tally-mcp/src/server.ts:389:10)
    at Object.&lt;anonymous&gt; (/Users/cryophobic/dev/projects/tally-mcp/src/__tests__/sse-connection-handshake.test.ts:224:14)
    at Promise.then.completed (/Users/cryophobic/dev/projects/tally-mcp/node_modules/jest-circus/build/utils.js:298:28)
    at new Promise (&lt;anonymous&gt;)
    at callAsyncCircusFn (/Users/cryophobic/dev/projects/tally-mcp/node_modules/jest-circus/build/utils.js:231:10)
    at _callCircusHook (/Users/cryophobic/dev/projects/tally-mcp/node_modules/jest-circus/build/run.js:281:40)
    at _runTest (/Users/cryophobic/dev/projects/tally-mcp/node_modules/jest-circus/build/run.js:246:5)
    at _runTestsForDescribeBlock (/Users/cryophobic/dev/projects/tally-mcp/node_modules/jest-circus/build/run.js:126:9)
    at _runTestsForDescribeBlock (/Users/cryophobic/dev/projects/tally-mcp/node_modules/jest-circus/build/run.js:121:9)
    at _runTestsForDescribeBlock (/Users/cryophobic/dev/projects/tally-mcp/node_modules/jest-circus/build/run.js:121:9)
    at run (/Users/cryophobic/dev/projects/tally-mcp/node_modules/jest-circus/build/run.js:71:3)
    at runAndTransformResultsToJestFormat (/Users/cryophobic/dev/projects/tally-mcp/node_modules/jest-circus/build/legacy-code-todo-rewrite/jestAdapterInit.js:122:21)
    at jestAdapter (/Users/cryophobic/dev/projects/tally-mcp/node_modules/jest-circus/build/legacy-code-todo-rewrite/jestAdapter.js:79:19)
    at runTestInternal (/Users/cryophobic/dev/projects/tally-mcp/node_modules/jest-runner/build/runTest.js:367:16)
    at runTest (/Users/cryophobic/dev/projects/tally-mcp/node_modules/jest-runner/build/runTest.js:444:34)</failure>
    </testcase>
    <testcase classname="SSE Connection Establishment and MCP Handshake Testing Performance and Reliability should establish connections within performance benchmarks" name="SSE Connection Establishment and MCP Handshake Testing Performance and Reliability should establish connections within performance benchmarks" time="0.101">
      <failure>Error: Server does not support tools (required for tools/list)
    at MCPServer.assertRequestHandlerCapability (/Users/cryophobic/dev/projects/tally-mcp/node_modules/@modelcontextprotocol/sdk/src/server/index.ts:233:17)
    at MCPServer.setRequestHandler (/Users/cryophobic/dev/projects/tally-mcp/node_modules/@modelcontextprotocol/sdk/src/shared/protocol.ts:644:10)
    at MCPServer.setupMCPHandlers (/Users/cryophobic/dev/projects/tally-mcp/src/server.ts:1700:10)
    at new MCPServer (/Users/cryophobic/dev/projects/tally-mcp/src/server.ts:389:10)
    at Object.&lt;anonymous&gt; (/Users/cryophobic/dev/projects/tally-mcp/src/__tests__/sse-connection-handshake.test.ts:224:14)
    at Promise.then.completed (/Users/cryophobic/dev/projects/tally-mcp/node_modules/jest-circus/build/utils.js:298:28)
    at new Promise (&lt;anonymous&gt;)
    at callAsyncCircusFn (/Users/cryophobic/dev/projects/tally-mcp/node_modules/jest-circus/build/utils.js:231:10)
    at _callCircusHook (/Users/cryophobic/dev/projects/tally-mcp/node_modules/jest-circus/build/run.js:281:40)
    at _runTest (/Users/cryophobic/dev/projects/tally-mcp/node_modules/jest-circus/build/run.js:246:5)
    at _runTestsForDescribeBlock (/Users/cryophobic/dev/projects/tally-mcp/node_modules/jest-circus/build/run.js:126:9)
    at _runTestsForDescribeBlock (/Users/cryophobic/dev/projects/tally-mcp/node_modules/jest-circus/build/run.js:121:9)
    at _runTestsForDescribeBlock (/Users/cryophobic/dev/projects/tally-mcp/node_modules/jest-circus/build/run.js:121:9)
    at run (/Users/cryophobic/dev/projects/tally-mcp/node_modules/jest-circus/build/run.js:71:3)
    at runAndTransformResultsToJestFormat (/Users/cryophobic/dev/projects/tally-mcp/node_modules/jest-circus/build/legacy-code-todo-rewrite/jestAdapterInit.js:122:21)
    at jestAdapter (/Users/cryophobic/dev/projects/tally-mcp/node_modules/jest-circus/build/legacy-code-todo-rewrite/jestAdapter.js:79:19)
    at runTestInternal (/Users/cryophobic/dev/projects/tally-mcp/node_modules/jest-runner/build/runTest.js:367:16)
    at runTest (/Users/cryophobic/dev/projects/tally-mcp/node_modules/jest-runner/build/runTest.js:444:34)</failure>
    </testcase>
    <testcase classname="SSE Connection Establishment and MCP Handshake Testing Performance and Reliability should handle rapid connection cycling" name="SSE Connection Establishment and MCP Handshake Testing Performance and Reliability should handle rapid connection cycling" time="0.101">
      <failure>Error: Server does not support tools (required for tools/list)
    at MCPServer.assertRequestHandlerCapability (/Users/cryophobic/dev/projects/tally-mcp/node_modules/@modelcontextprotocol/sdk/src/server/index.ts:233:17)
    at MCPServer.setRequestHandler (/Users/cryophobic/dev/projects/tally-mcp/node_modules/@modelcontextprotocol/sdk/src/shared/protocol.ts:644:10)
    at MCPServer.setupMCPHandlers (/Users/cryophobic/dev/projects/tally-mcp/src/server.ts:1700:10)
    at new MCPServer (/Users/cryophobic/dev/projects/tally-mcp/src/server.ts:389:10)
    at Object.&lt;anonymous&gt; (/Users/cryophobic/dev/projects/tally-mcp/src/__tests__/sse-connection-handshake.test.ts:224:14)
    at Promise.then.completed (/Users/cryophobic/dev/projects/tally-mcp/node_modules/jest-circus/build/utils.js:298:28)
    at new Promise (&lt;anonymous&gt;)
    at callAsyncCircusFn (/Users/cryophobic/dev/projects/tally-mcp/node_modules/jest-circus/build/utils.js:231:10)
    at _callCircusHook (/Users/cryophobic/dev/projects/tally-mcp/node_modules/jest-circus/build/run.js:281:40)
    at _runTest (/Users/cryophobic/dev/projects/tally-mcp/node_modules/jest-circus/build/run.js:246:5)
    at _runTestsForDescribeBlock (/Users/cryophobic/dev/projects/tally-mcp/node_modules/jest-circus/build/run.js:126:9)
    at _runTestsForDescribeBlock (/Users/cryophobic/dev/projects/tally-mcp/node_modules/jest-circus/build/run.js:121:9)
    at _runTestsForDescribeBlock (/Users/cryophobic/dev/projects/tally-mcp/node_modules/jest-circus/build/run.js:121:9)
    at run (/Users/cryophobic/dev/projects/tally-mcp/node_modules/jest-circus/build/run.js:71:3)
    at runAndTransformResultsToJestFormat (/Users/cryophobic/dev/projects/tally-mcp/node_modules/jest-circus/build/legacy-code-todo-rewrite/jestAdapterInit.js:122:21)
    at jestAdapter (/Users/cryophobic/dev/projects/tally-mcp/node_modules/jest-circus/build/legacy-code-todo-rewrite/jestAdapter.js:79:19)
    at runTestInternal (/Users/cryophobic/dev/projects/tally-mcp/node_modules/jest-runner/build/runTest.js:367:16)
    at runTest (/Users/cryophobic/dev/projects/tally-mcp/node_modules/jest-runner/build/runTest.js:444:34)</failure>
    </testcase>
  </testsuite>
  <testsuite name="Message Delivery and Formatting Verification" errors="0" failures="14" skipped="0" timestamp="2025-06-19T14:52:59" time="1.748" tests="14">
    <testcase classname="Message Delivery and Formatting Verification SSE Message Format Validation should establish SSE connection successfully" name="Message Delivery and Formatting Verification SSE Message Format Validation should establish SSE connection successfully" time="0.107">
      <failure>Error: Server does not support tools (required for tools/list)
    at MCPServer.assertRequestHandlerCapability (/Users/cryophobic/dev/projects/tally-mcp/node_modules/@modelcontextprotocol/sdk/src/server/index.ts:233:17)
    at MCPServer.setRequestHandler (/Users/cryophobic/dev/projects/tally-mcp/node_modules/@modelcontextprotocol/sdk/src/shared/protocol.ts:644:10)
    at MCPServer.setupMCPHandlers (/Users/cryophobic/dev/projects/tally-mcp/src/server.ts:1700:10)
    at new MCPServer (/Users/cryophobic/dev/projects/tally-mcp/src/server.ts:389:10)
    at Object.&lt;anonymous&gt; (/Users/cryophobic/dev/projects/tally-mcp/src/__tests__/message-delivery-formatting.test.ts:172:14)
    at Promise.then.completed (/Users/cryophobic/dev/projects/tally-mcp/node_modules/jest-circus/build/utils.js:298:28)
    at new Promise (&lt;anonymous&gt;)
    at callAsyncCircusFn (/Users/cryophobic/dev/projects/tally-mcp/node_modules/jest-circus/build/utils.js:231:10)
    at _callCircusHook (/Users/cryophobic/dev/projects/tally-mcp/node_modules/jest-circus/build/run.js:281:40)
    at runNextTicks (node:internal/process/task_queues:60:5)
    at processImmediate (node:internal/timers:454:9)
    at _runTest (/Users/cryophobic/dev/projects/tally-mcp/node_modules/jest-circus/build/run.js:246:5)
    at _runTestsForDescribeBlock (/Users/cryophobic/dev/projects/tally-mcp/node_modules/jest-circus/build/run.js:126:9)
    at _runTestsForDescribeBlock (/Users/cryophobic/dev/projects/tally-mcp/node_modules/jest-circus/build/run.js:121:9)
    at _runTestsForDescribeBlock (/Users/cryophobic/dev/projects/tally-mcp/node_modules/jest-circus/build/run.js:121:9)
    at run (/Users/cryophobic/dev/projects/tally-mcp/node_modules/jest-circus/build/run.js:71:3)
    at runAndTransformResultsToJestFormat (/Users/cryophobic/dev/projects/tally-mcp/node_modules/jest-circus/build/legacy-code-todo-rewrite/jestAdapterInit.js:122:21)
    at jestAdapter (/Users/cryophobic/dev/projects/tally-mcp/node_modules/jest-circus/build/legacy-code-todo-rewrite/jestAdapter.js:79:19)
    at runTestInternal (/Users/cryophobic/dev/projects/tally-mcp/node_modules/jest-runner/build/runTest.js:367:16)
    at runTest (/Users/cryophobic/dev/projects/tally-mcp/node_modules/jest-runner/build/runTest.js:444:34)</failure>
    </testcase>
    <testcase classname="Message Delivery and Formatting Verification SSE Message Format Validation should format MCP response messages correctly" name="Message Delivery and Formatting Verification SSE Message Format Validation should format MCP response messages correctly" time="0.102">
      <failure>Error: Server does not support tools (required for tools/list)
    at MCPServer.assertRequestHandlerCapability (/Users/cryophobic/dev/projects/tally-mcp/node_modules/@modelcontextprotocol/sdk/src/server/index.ts:233:17)
    at MCPServer.setRequestHandler (/Users/cryophobic/dev/projects/tally-mcp/node_modules/@modelcontextprotocol/sdk/src/shared/protocol.ts:644:10)
    at MCPServer.setupMCPHandlers (/Users/cryophobic/dev/projects/tally-mcp/src/server.ts:1700:10)
    at new MCPServer (/Users/cryophobic/dev/projects/tally-mcp/src/server.ts:389:10)
    at Object.&lt;anonymous&gt; (/Users/cryophobic/dev/projects/tally-mcp/src/__tests__/message-delivery-formatting.test.ts:172:14)
    at Promise.then.completed (/Users/cryophobic/dev/projects/tally-mcp/node_modules/jest-circus/build/utils.js:298:28)
    at new Promise (&lt;anonymous&gt;)
    at callAsyncCircusFn (/Users/cryophobic/dev/projects/tally-mcp/node_modules/jest-circus/build/utils.js:231:10)
    at _callCircusHook (/Users/cryophobic/dev/projects/tally-mcp/node_modules/jest-circus/build/run.js:281:40)
    at _runTest (/Users/cryophobic/dev/projects/tally-mcp/node_modules/jest-circus/build/run.js:246:5)
    at _runTestsForDescribeBlock (/Users/cryophobic/dev/projects/tally-mcp/node_modules/jest-circus/build/run.js:126:9)
    at _runTestsForDescribeBlock (/Users/cryophobic/dev/projects/tally-mcp/node_modules/jest-circus/build/run.js:121:9)
    at _runTestsForDescribeBlock (/Users/cryophobic/dev/projects/tally-mcp/node_modules/jest-circus/build/run.js:121:9)
    at run (/Users/cryophobic/dev/projects/tally-mcp/node_modules/jest-circus/build/run.js:71:3)
    at runAndTransformResultsToJestFormat (/Users/cryophobic/dev/projects/tally-mcp/node_modules/jest-circus/build/legacy-code-todo-rewrite/jestAdapterInit.js:122:21)
    at jestAdapter (/Users/cryophobic/dev/projects/tally-mcp/node_modules/jest-circus/build/legacy-code-todo-rewrite/jestAdapter.js:79:19)
    at runTestInternal (/Users/cryophobic/dev/projects/tally-mcp/node_modules/jest-runner/build/runTest.js:367:16)
    at runTest (/Users/cryophobic/dev/projects/tally-mcp/node_modules/jest-runner/build/runTest.js:444:34)</failure>
    </testcase>
    <testcase classname="Message Delivery and Formatting Verification SSE Message Format Validation should handle various MCP method calls" name="Message Delivery and Formatting Verification SSE Message Format Validation should handle various MCP method calls" time="0.102">
      <failure>Error: Server does not support tools (required for tools/list)
    at MCPServer.assertRequestHandlerCapability (/Users/cryophobic/dev/projects/tally-mcp/node_modules/@modelcontextprotocol/sdk/src/server/index.ts:233:17)
    at MCPServer.setRequestHandler (/Users/cryophobic/dev/projects/tally-mcp/node_modules/@modelcontextprotocol/sdk/src/shared/protocol.ts:644:10)
    at MCPServer.setupMCPHandlers (/Users/cryophobic/dev/projects/tally-mcp/src/server.ts:1700:10)
    at new MCPServer (/Users/cryophobic/dev/projects/tally-mcp/src/server.ts:389:10)
    at Object.&lt;anonymous&gt; (/Users/cryophobic/dev/projects/tally-mcp/src/__tests__/message-delivery-formatting.test.ts:172:14)
    at Promise.then.completed (/Users/cryophobic/dev/projects/tally-mcp/node_modules/jest-circus/build/utils.js:298:28)
    at new Promise (&lt;anonymous&gt;)
    at callAsyncCircusFn (/Users/cryophobic/dev/projects/tally-mcp/node_modules/jest-circus/build/utils.js:231:10)
    at _callCircusHook (/Users/cryophobic/dev/projects/tally-mcp/node_modules/jest-circus/build/run.js:281:40)
    at _runTest (/Users/cryophobic/dev/projects/tally-mcp/node_modules/jest-circus/build/run.js:246:5)
    at _runTestsForDescribeBlock (/Users/cryophobic/dev/projects/tally-mcp/node_modules/jest-circus/build/run.js:126:9)
    at _runTestsForDescribeBlock (/Users/cryophobic/dev/projects/tally-mcp/node_modules/jest-circus/build/run.js:121:9)
    at _runTestsForDescribeBlock (/Users/cryophobic/dev/projects/tally-mcp/node_modules/jest-circus/build/run.js:121:9)
    at run (/Users/cryophobic/dev/projects/tally-mcp/node_modules/jest-circus/build/run.js:71:3)
    at runAndTransformResultsToJestFormat (/Users/cryophobic/dev/projects/tally-mcp/node_modules/jest-circus/build/legacy-code-todo-rewrite/jestAdapterInit.js:122:21)
    at jestAdapter (/Users/cryophobic/dev/projects/tally-mcp/node_modules/jest-circus/build/legacy-code-todo-rewrite/jestAdapter.js:79:19)
    at runTestInternal (/Users/cryophobic/dev/projects/tally-mcp/node_modules/jest-runner/build/runTest.js:367:16)
    at runTest (/Users/cryophobic/dev/projects/tally-mcp/node_modules/jest-runner/build/runTest.js:444:34)</failure>
    </testcase>
    <testcase classname="Message Delivery and Formatting Verification SSE Message Format Validation should format error messages properly" name="Message Delivery and Formatting Verification SSE Message Format Validation should format error messages properly" time="0.103">
      <failure>Error: Server does not support tools (required for tools/list)
    at MCPServer.assertRequestHandlerCapability (/Users/cryophobic/dev/projects/tally-mcp/node_modules/@modelcontextprotocol/sdk/src/server/index.ts:233:17)
    at MCPServer.setRequestHandler (/Users/cryophobic/dev/projects/tally-mcp/node_modules/@modelcontextprotocol/sdk/src/shared/protocol.ts:644:10)
    at MCPServer.setupMCPHandlers (/Users/cryophobic/dev/projects/tally-mcp/src/server.ts:1700:10)
    at new MCPServer (/Users/cryophobic/dev/projects/tally-mcp/src/server.ts:389:10)
    at Object.&lt;anonymous&gt; (/Users/cryophobic/dev/projects/tally-mcp/src/__tests__/message-delivery-formatting.test.ts:172:14)
    at Promise.then.completed (/Users/cryophobic/dev/projects/tally-mcp/node_modules/jest-circus/build/utils.js:298:28)
    at new Promise (&lt;anonymous&gt;)
    at callAsyncCircusFn (/Users/cryophobic/dev/projects/tally-mcp/node_modules/jest-circus/build/utils.js:231:10)
    at _callCircusHook (/Users/cryophobic/dev/projects/tally-mcp/node_modules/jest-circus/build/run.js:281:40)
    at _runTest (/Users/cryophobic/dev/projects/tally-mcp/node_modules/jest-circus/build/run.js:246:5)
    at _runTestsForDescribeBlock (/Users/cryophobic/dev/projects/tally-mcp/node_modules/jest-circus/build/run.js:126:9)
    at _runTestsForDescribeBlock (/Users/cryophobic/dev/projects/tally-mcp/node_modules/jest-circus/build/run.js:121:9)
    at _runTestsForDescribeBlock (/Users/cryophobic/dev/projects/tally-mcp/node_modules/jest-circus/build/run.js:121:9)
    at run (/Users/cryophobic/dev/projects/tally-mcp/node_modules/jest-circus/build/run.js:71:3)
    at runAndTransformResultsToJestFormat (/Users/cryophobic/dev/projects/tally-mcp/node_modules/jest-circus/build/legacy-code-todo-rewrite/jestAdapterInit.js:122:21)
    at jestAdapter (/Users/cryophobic/dev/projects/tally-mcp/node_modules/jest-circus/build/legacy-code-todo-rewrite/jestAdapter.js:79:19)
    at runTestInternal (/Users/cryophobic/dev/projects/tally-mcp/node_modules/jest-runner/build/runTest.js:367:16)
    at runTest (/Users/cryophobic/dev/projects/tally-mcp/node_modules/jest-runner/build/runTest.js:444:34)</failure>
    </testcase>
    <testcase classname="Message Delivery and Formatting Verification Message Timing and Delivery should deliver messages within acceptable timeframe" name="Message Delivery and Formatting Verification Message Timing and Delivery should deliver messages within acceptable timeframe" time="0.103">
      <failure>Error: Server does not support tools (required for tools/list)
    at MCPServer.assertRequestHandlerCapability (/Users/cryophobic/dev/projects/tally-mcp/node_modules/@modelcontextprotocol/sdk/src/server/index.ts:233:17)
    at MCPServer.setRequestHandler (/Users/cryophobic/dev/projects/tally-mcp/node_modules/@modelcontextprotocol/sdk/src/shared/protocol.ts:644:10)
    at MCPServer.setupMCPHandlers (/Users/cryophobic/dev/projects/tally-mcp/src/server.ts:1700:10)
    at new MCPServer (/Users/cryophobic/dev/projects/tally-mcp/src/server.ts:389:10)
    at Object.&lt;anonymous&gt; (/Users/cryophobic/dev/projects/tally-mcp/src/__tests__/message-delivery-formatting.test.ts:172:14)
    at Promise.then.completed (/Users/cryophobic/dev/projects/tally-mcp/node_modules/jest-circus/build/utils.js:298:28)
    at new Promise (&lt;anonymous&gt;)
    at callAsyncCircusFn (/Users/cryophobic/dev/projects/tally-mcp/node_modules/jest-circus/build/utils.js:231:10)
    at _callCircusHook (/Users/cryophobic/dev/projects/tally-mcp/node_modules/jest-circus/build/run.js:281:40)
    at _runTest (/Users/cryophobic/dev/projects/tally-mcp/node_modules/jest-circus/build/run.js:246:5)
    at _runTestsForDescribeBlock (/Users/cryophobic/dev/projects/tally-mcp/node_modules/jest-circus/build/run.js:126:9)
    at _runTestsForDescribeBlock (/Users/cryophobic/dev/projects/tally-mcp/node_modules/jest-circus/build/run.js:121:9)
    at _runTestsForDescribeBlock (/Users/cryophobic/dev/projects/tally-mcp/node_modules/jest-circus/build/run.js:121:9)
    at run (/Users/cryophobic/dev/projects/tally-mcp/node_modules/jest-circus/build/run.js:71:3)
    at runAndTransformResultsToJestFormat (/Users/cryophobic/dev/projects/tally-mcp/node_modules/jest-circus/build/legacy-code-todo-rewrite/jestAdapterInit.js:122:21)
    at jestAdapter (/Users/cryophobic/dev/projects/tally-mcp/node_modules/jest-circus/build/legacy-code-todo-rewrite/jestAdapter.js:79:19)
    at runTestInternal (/Users/cryophobic/dev/projects/tally-mcp/node_modules/jest-runner/build/runTest.js:367:16)
    at runTest (/Users/cryophobic/dev/projects/tally-mcp/node_modules/jest-runner/build/runTest.js:444:34)</failure>
    </testcase>
    <testcase classname="Message Delivery and Formatting Verification Message Timing and Delivery should maintain message order for sequential requests" name="Message Delivery and Formatting Verification Message Timing and Delivery should maintain message order for sequential requests" time="0.109">
      <failure>Error: Server does not support tools (required for tools/list)
    at MCPServer.assertRequestHandlerCapability (/Users/cryophobic/dev/projects/tally-mcp/node_modules/@modelcontextprotocol/sdk/src/server/index.ts:233:17)
    at MCPServer.setRequestHandler (/Users/cryophobic/dev/projects/tally-mcp/node_modules/@modelcontextprotocol/sdk/src/shared/protocol.ts:644:10)
    at MCPServer.setupMCPHandlers (/Users/cryophobic/dev/projects/tally-mcp/src/server.ts:1700:10)
    at new MCPServer (/Users/cryophobic/dev/projects/tally-mcp/src/server.ts:389:10)
    at Object.&lt;anonymous&gt; (/Users/cryophobic/dev/projects/tally-mcp/src/__tests__/message-delivery-formatting.test.ts:172:14)
    at Promise.then.completed (/Users/cryophobic/dev/projects/tally-mcp/node_modules/jest-circus/build/utils.js:298:28)
    at new Promise (&lt;anonymous&gt;)
    at callAsyncCircusFn (/Users/cryophobic/dev/projects/tally-mcp/node_modules/jest-circus/build/utils.js:231:10)
    at _callCircusHook (/Users/cryophobic/dev/projects/tally-mcp/node_modules/jest-circus/build/run.js:281:40)
    at _runTest (/Users/cryophobic/dev/projects/tally-mcp/node_modules/jest-circus/build/run.js:246:5)
    at _runTestsForDescribeBlock (/Users/cryophobic/dev/projects/tally-mcp/node_modules/jest-circus/build/run.js:126:9)
    at _runTestsForDescribeBlock (/Users/cryophobic/dev/projects/tally-mcp/node_modules/jest-circus/build/run.js:121:9)
    at _runTestsForDescribeBlock (/Users/cryophobic/dev/projects/tally-mcp/node_modules/jest-circus/build/run.js:121:9)
    at run (/Users/cryophobic/dev/projects/tally-mcp/node_modules/jest-circus/build/run.js:71:3)
    at runAndTransformResultsToJestFormat (/Users/cryophobic/dev/projects/tally-mcp/node_modules/jest-circus/build/legacy-code-todo-rewrite/jestAdapterInit.js:122:21)
    at jestAdapter (/Users/cryophobic/dev/projects/tally-mcp/node_modules/jest-circus/build/legacy-code-todo-rewrite/jestAdapter.js:79:19)
    at runTestInternal (/Users/cryophobic/dev/projects/tally-mcp/node_modules/jest-runner/build/runTest.js:367:16)
    at runTest (/Users/cryophobic/dev/projects/tally-mcp/node_modules/jest-runner/build/runTest.js:444:34)</failure>
    </testcase>
    <testcase classname="Message Delivery and Formatting Verification Message Timing and Delivery should handle concurrent message delivery" name="Message Delivery and Formatting Verification Message Timing and Delivery should handle concurrent message delivery" time="0.11">
      <failure>Error: Server does not support tools (required for tools/list)
    at MCPServer.assertRequestHandlerCapability (/Users/cryophobic/dev/projects/tally-mcp/node_modules/@modelcontextprotocol/sdk/src/server/index.ts:233:17)
    at MCPServer.setRequestHandler (/Users/cryophobic/dev/projects/tally-mcp/node_modules/@modelcontextprotocol/sdk/src/shared/protocol.ts:644:10)
    at MCPServer.setupMCPHandlers (/Users/cryophobic/dev/projects/tally-mcp/src/server.ts:1700:10)
    at new MCPServer (/Users/cryophobic/dev/projects/tally-mcp/src/server.ts:389:10)
    at Object.&lt;anonymous&gt; (/Users/cryophobic/dev/projects/tally-mcp/src/__tests__/message-delivery-formatting.test.ts:172:14)
    at Promise.then.completed (/Users/cryophobic/dev/projects/tally-mcp/node_modules/jest-circus/build/utils.js:298:28)
    at new Promise (&lt;anonymous&gt;)
    at callAsyncCircusFn (/Users/cryophobic/dev/projects/tally-mcp/node_modules/jest-circus/build/utils.js:231:10)
    at _callCircusHook (/Users/cryophobic/dev/projects/tally-mcp/node_modules/jest-circus/build/run.js:281:40)
    at _runTest (/Users/cryophobic/dev/projects/tally-mcp/node_modules/jest-circus/build/run.js:246:5)
    at _runTestsForDescribeBlock (/Users/cryophobic/dev/projects/tally-mcp/node_modules/jest-circus/build/run.js:126:9)
    at _runTestsForDescribeBlock (/Users/cryophobic/dev/projects/tally-mcp/node_modules/jest-circus/build/run.js:121:9)
    at _runTestsForDescribeBlock (/Users/cryophobic/dev/projects/tally-mcp/node_modules/jest-circus/build/run.js:121:9)
    at run (/Users/cryophobic/dev/projects/tally-mcp/node_modules/jest-circus/build/run.js:71:3)
    at runAndTransformResultsToJestFormat (/Users/cryophobic/dev/projects/tally-mcp/node_modules/jest-circus/build/legacy-code-todo-rewrite/jestAdapterInit.js:122:21)
    at jestAdapter (/Users/cryophobic/dev/projects/tally-mcp/node_modules/jest-circus/build/legacy-code-todo-rewrite/jestAdapter.js:79:19)
    at runTestInternal (/Users/cryophobic/dev/projects/tally-mcp/node_modules/jest-runner/build/runTest.js:367:16)
    at runTest (/Users/cryophobic/dev/projects/tally-mcp/node_modules/jest-runner/build/runTest.js:444:34)</failure>
    </testcase>
    <testcase classname="Message Delivery and Formatting Verification Connection Stability should maintain connection stability over time" name="Message Delivery and Formatting Verification Connection Stability should maintain connection stability over time" time="0.101">
      <failure>Error: Server does not support tools (required for tools/list)
    at MCPServer.assertRequestHandlerCapability (/Users/cryophobic/dev/projects/tally-mcp/node_modules/@modelcontextprotocol/sdk/src/server/index.ts:233:17)
    at MCPServer.setRequestHandler (/Users/cryophobic/dev/projects/tally-mcp/node_modules/@modelcontextprotocol/sdk/src/shared/protocol.ts:644:10)
    at MCPServer.setupMCPHandlers (/Users/cryophobic/dev/projects/tally-mcp/src/server.ts:1700:10)
    at new MCPServer (/Users/cryophobic/dev/projects/tally-mcp/src/server.ts:389:10)
    at Object.&lt;anonymous&gt; (/Users/cryophobic/dev/projects/tally-mcp/src/__tests__/message-delivery-formatting.test.ts:172:14)
    at Promise.then.completed (/Users/cryophobic/dev/projects/tally-mcp/node_modules/jest-circus/build/utils.js:298:28)
    at new Promise (&lt;anonymous&gt;)
    at callAsyncCircusFn (/Users/cryophobic/dev/projects/tally-mcp/node_modules/jest-circus/build/utils.js:231:10)
    at _callCircusHook (/Users/cryophobic/dev/projects/tally-mcp/node_modules/jest-circus/build/run.js:281:40)
    at _runTest (/Users/cryophobic/dev/projects/tally-mcp/node_modules/jest-circus/build/run.js:246:5)
    at _runTestsForDescribeBlock (/Users/cryophobic/dev/projects/tally-mcp/node_modules/jest-circus/build/run.js:126:9)
    at _runTestsForDescribeBlock (/Users/cryophobic/dev/projects/tally-mcp/node_modules/jest-circus/build/run.js:121:9)
    at _runTestsForDescribeBlock (/Users/cryophobic/dev/projects/tally-mcp/node_modules/jest-circus/build/run.js:121:9)
    at run (/Users/cryophobic/dev/projects/tally-mcp/node_modules/jest-circus/build/run.js:71:3)
    at runAndTransformResultsToJestFormat (/Users/cryophobic/dev/projects/tally-mcp/node_modules/jest-circus/build/legacy-code-todo-rewrite/jestAdapterInit.js:122:21)
    at jestAdapter (/Users/cryophobic/dev/projects/tally-mcp/node_modules/jest-circus/build/legacy-code-todo-rewrite/jestAdapter.js:79:19)
    at runTestInternal (/Users/cryophobic/dev/projects/tally-mcp/node_modules/jest-runner/build/runTest.js:367:16)
    at runTest (/Users/cryophobic/dev/projects/tally-mcp/node_modules/jest-runner/build/runTest.js:444:34)</failure>
    </testcase>
    <testcase classname="Message Delivery and Formatting Verification Error Handling and Edge Cases should handle malformed JSON in requests gracefully" name="Message Delivery and Formatting Verification Error Handling and Edge Cases should handle malformed JSON in requests gracefully" time="0.101">
      <failure>Error: Server does not support tools (required for tools/list)
    at MCPServer.assertRequestHandlerCapability (/Users/cryophobic/dev/projects/tally-mcp/node_modules/@modelcontextprotocol/sdk/src/server/index.ts:233:17)
    at MCPServer.setRequestHandler (/Users/cryophobic/dev/projects/tally-mcp/node_modules/@modelcontextprotocol/sdk/src/shared/protocol.ts:644:10)
    at MCPServer.setupMCPHandlers (/Users/cryophobic/dev/projects/tally-mcp/src/server.ts:1700:10)
    at new MCPServer (/Users/cryophobic/dev/projects/tally-mcp/src/server.ts:389:10)
    at Object.&lt;anonymous&gt; (/Users/cryophobic/dev/projects/tally-mcp/src/__tests__/message-delivery-formatting.test.ts:172:14)
    at Promise.then.completed (/Users/cryophobic/dev/projects/tally-mcp/node_modules/jest-circus/build/utils.js:298:28)
    at new Promise (&lt;anonymous&gt;)
    at callAsyncCircusFn (/Users/cryophobic/dev/projects/tally-mcp/node_modules/jest-circus/build/utils.js:231:10)
    at _callCircusHook (/Users/cryophobic/dev/projects/tally-mcp/node_modules/jest-circus/build/run.js:281:40)
    at _runTest (/Users/cryophobic/dev/projects/tally-mcp/node_modules/jest-circus/build/run.js:246:5)
    at _runTestsForDescribeBlock (/Users/cryophobic/dev/projects/tally-mcp/node_modules/jest-circus/build/run.js:126:9)
    at _runTestsForDescribeBlock (/Users/cryophobic/dev/projects/tally-mcp/node_modules/jest-circus/build/run.js:121:9)
    at _runTestsForDescribeBlock (/Users/cryophobic/dev/projects/tally-mcp/node_modules/jest-circus/build/run.js:121:9)
    at run (/Users/cryophobic/dev/projects/tally-mcp/node_modules/jest-circus/build/run.js:71:3)
    at runAndTransformResultsToJestFormat (/Users/cryophobic/dev/projects/tally-mcp/node_modules/jest-circus/build/legacy-code-todo-rewrite/jestAdapterInit.js:122:21)
    at jestAdapter (/Users/cryophobic/dev/projects/tally-mcp/node_modules/jest-circus/build/legacy-code-todo-rewrite/jestAdapter.js:79:19)
    at runTestInternal (/Users/cryophobic/dev/projects/tally-mcp/node_modules/jest-runner/build/runTest.js:367:16)
    at runTest (/Users/cryophobic/dev/projects/tally-mcp/node_modules/jest-runner/build/runTest.js:444:34)</failure>
    </testcase>
    <testcase classname="Message Delivery and Formatting Verification Error Handling and Edge Cases should handle malformed JSON in responses" name="Message Delivery and Formatting Verification Error Handling and Edge Cases should handle malformed JSON in responses" time="0.101">
      <failure>Error: Server does not support tools (required for tools/list)
    at MCPServer.assertRequestHandlerCapability (/Users/cryophobic/dev/projects/tally-mcp/node_modules/@modelcontextprotocol/sdk/src/server/index.ts:233:17)
    at MCPServer.setRequestHandler (/Users/cryophobic/dev/projects/tally-mcp/node_modules/@modelcontextprotocol/sdk/src/shared/protocol.ts:644:10)
    at MCPServer.setupMCPHandlers (/Users/cryophobic/dev/projects/tally-mcp/src/server.ts:1700:10)
    at new MCPServer (/Users/cryophobic/dev/projects/tally-mcp/src/server.ts:389:10)
    at Object.&lt;anonymous&gt; (/Users/cryophobic/dev/projects/tally-mcp/src/__tests__/message-delivery-formatting.test.ts:172:14)
    at Promise.then.completed (/Users/cryophobic/dev/projects/tally-mcp/node_modules/jest-circus/build/utils.js:298:28)
    at new Promise (&lt;anonymous&gt;)
    at callAsyncCircusFn (/Users/cryophobic/dev/projects/tally-mcp/node_modules/jest-circus/build/utils.js:231:10)
    at _callCircusHook (/Users/cryophobic/dev/projects/tally-mcp/node_modules/jest-circus/build/run.js:281:40)
    at _runTest (/Users/cryophobic/dev/projects/tally-mcp/node_modules/jest-circus/build/run.js:246:5)
    at _runTestsForDescribeBlock (/Users/cryophobic/dev/projects/tally-mcp/node_modules/jest-circus/build/run.js:126:9)
    at _runTestsForDescribeBlock (/Users/cryophobic/dev/projects/tally-mcp/node_modules/jest-circus/build/run.js:121:9)
    at _runTestsForDescribeBlock (/Users/cryophobic/dev/projects/tally-mcp/node_modules/jest-circus/build/run.js:121:9)
    at run (/Users/cryophobic/dev/projects/tally-mcp/node_modules/jest-circus/build/run.js:71:3)
    at runAndTransformResultsToJestFormat (/Users/cryophobic/dev/projects/tally-mcp/node_modules/jest-circus/build/legacy-code-todo-rewrite/jestAdapterInit.js:122:21)
    at jestAdapter (/Users/cryophobic/dev/projects/tally-mcp/node_modules/jest-circus/build/legacy-code-todo-rewrite/jestAdapter.js:79:19)
    at runTestInternal (/Users/cryophobic/dev/projects/tally-mcp/node_modules/jest-runner/build/runTest.js:367:16)
    at runTest (/Users/cryophobic/dev/projects/tally-mcp/node_modules/jest-runner/build/runTest.js:444:34)</failure>
    </testcase>
    <testcase classname="Message Delivery and Formatting Verification Error Handling and Edge Cases should handle requests without required fields" name="Message Delivery and Formatting Verification Error Handling and Edge Cases should handle requests without required fields" time="0.101">
      <failure>Error: Server does not support tools (required for tools/list)
    at MCPServer.assertRequestHandlerCapability (/Users/cryophobic/dev/projects/tally-mcp/node_modules/@modelcontextprotocol/sdk/src/server/index.ts:233:17)
    at MCPServer.setRequestHandler (/Users/cryophobic/dev/projects/tally-mcp/node_modules/@modelcontextprotocol/sdk/src/shared/protocol.ts:644:10)
    at MCPServer.setupMCPHandlers (/Users/cryophobic/dev/projects/tally-mcp/src/server.ts:1700:10)
    at new MCPServer (/Users/cryophobic/dev/projects/tally-mcp/src/server.ts:389:10)
    at Object.&lt;anonymous&gt; (/Users/cryophobic/dev/projects/tally-mcp/src/__tests__/message-delivery-formatting.test.ts:172:14)
    at Promise.then.completed (/Users/cryophobic/dev/projects/tally-mcp/node_modules/jest-circus/build/utils.js:298:28)
    at new Promise (&lt;anonymous&gt;)
    at callAsyncCircusFn (/Users/cryophobic/dev/projects/tally-mcp/node_modules/jest-circus/build/utils.js:231:10)
    at _callCircusHook (/Users/cryophobic/dev/projects/tally-mcp/node_modules/jest-circus/build/run.js:281:40)
    at _runTest (/Users/cryophobic/dev/projects/tally-mcp/node_modules/jest-circus/build/run.js:246:5)
    at _runTestsForDescribeBlock (/Users/cryophobic/dev/projects/tally-mcp/node_modules/jest-circus/build/run.js:126:9)
    at _runTestsForDescribeBlock (/Users/cryophobic/dev/projects/tally-mcp/node_modules/jest-circus/build/run.js:121:9)
    at _runTestsForDescribeBlock (/Users/cryophobic/dev/projects/tally-mcp/node_modules/jest-circus/build/run.js:121:9)
    at run (/Users/cryophobic/dev/projects/tally-mcp/node_modules/jest-circus/build/run.js:71:3)
    at runAndTransformResultsToJestFormat (/Users/cryophobic/dev/projects/tally-mcp/node_modules/jest-circus/build/legacy-code-todo-rewrite/jestAdapterInit.js:122:21)
    at jestAdapter (/Users/cryophobic/dev/projects/tally-mcp/node_modules/jest-circus/build/legacy-code-todo-rewrite/jestAdapter.js:79:19)
    at runTestInternal (/Users/cryophobic/dev/projects/tally-mcp/node_modules/jest-runner/build/runTest.js:367:16)
    at runTest (/Users/cryophobic/dev/projects/tally-mcp/node_modules/jest-runner/build/runTest.js:444:34)</failure>
    </testcase>
    <testcase classname="Message Delivery and Formatting Verification Error Handling and Edge Cases should handle non-existent methods" name="Message Delivery and Formatting Verification Error Handling and Edge Cases should handle non-existent methods" time="0.102">
      <failure>Error: Server does not support tools (required for tools/list)
    at MCPServer.assertRequestHandlerCapability (/Users/cryophobic/dev/projects/tally-mcp/node_modules/@modelcontextprotocol/sdk/src/server/index.ts:233:17)
    at MCPServer.setRequestHandler (/Users/cryophobic/dev/projects/tally-mcp/node_modules/@modelcontextprotocol/sdk/src/shared/protocol.ts:644:10)
    at MCPServer.setupMCPHandlers (/Users/cryophobic/dev/projects/tally-mcp/src/server.ts:1700:10)
    at new MCPServer (/Users/cryophobic/dev/projects/tally-mcp/src/server.ts:389:10)
    at Object.&lt;anonymous&gt; (/Users/cryophobic/dev/projects/tally-mcp/src/__tests__/message-delivery-formatting.test.ts:172:14)
    at Promise.then.completed (/Users/cryophobic/dev/projects/tally-mcp/node_modules/jest-circus/build/utils.js:298:28)
    at new Promise (&lt;anonymous&gt;)
    at callAsyncCircusFn (/Users/cryophobic/dev/projects/tally-mcp/node_modules/jest-circus/build/utils.js:231:10)
    at _callCircusHook (/Users/cryophobic/dev/projects/tally-mcp/node_modules/jest-circus/build/run.js:281:40)
    at _runTest (/Users/cryophobic/dev/projects/tally-mcp/node_modules/jest-circus/build/run.js:246:5)
    at _runTestsForDescribeBlock (/Users/cryophobic/dev/projects/tally-mcp/node_modules/jest-circus/build/run.js:126:9)
    at _runTestsForDescribeBlock (/Users/cryophobic/dev/projects/tally-mcp/node_modules/jest-circus/build/run.js:121:9)
    at _runTestsForDescribeBlock (/Users/cryophobic/dev/projects/tally-mcp/node_modules/jest-circus/build/run.js:121:9)
    at run (/Users/cryophobic/dev/projects/tally-mcp/node_modules/jest-circus/build/run.js:71:3)
    at runAndTransformResultsToJestFormat (/Users/cryophobic/dev/projects/tally-mcp/node_modules/jest-circus/build/legacy-code-todo-rewrite/jestAdapterInit.js:122:21)
    at jestAdapter (/Users/cryophobic/dev/projects/tally-mcp/node_modules/jest-circus/build/legacy-code-todo-rewrite/jestAdapter.js:79:19)
    at runTestInternal (/Users/cryophobic/dev/projects/tally-mcp/node_modules/jest-runner/build/runTest.js:367:16)
    at runTest (/Users/cryophobic/dev/projects/tally-mcp/node_modules/jest-runner/build/runTest.js:444:34)</failure>
    </testcase>
    <testcase classname="Message Delivery and Formatting Verification Message Content Validation should handle special characters and encoding" name="Message Delivery and Formatting Verification Message Content Validation should handle special characters and encoding" time="0.102">
      <failure>Error: Server does not support tools (required for tools/list)
    at MCPServer.assertRequestHandlerCapability (/Users/cryophobic/dev/projects/tally-mcp/node_modules/@modelcontextprotocol/sdk/src/server/index.ts:233:17)
    at MCPServer.setRequestHandler (/Users/cryophobic/dev/projects/tally-mcp/node_modules/@modelcontextprotocol/sdk/src/shared/protocol.ts:644:10)
    at MCPServer.setupMCPHandlers (/Users/cryophobic/dev/projects/tally-mcp/src/server.ts:1700:10)
    at new MCPServer (/Users/cryophobic/dev/projects/tally-mcp/src/server.ts:389:10)
    at Object.&lt;anonymous&gt; (/Users/cryophobic/dev/projects/tally-mcp/src/__tests__/message-delivery-formatting.test.ts:172:14)
    at Promise.then.completed (/Users/cryophobic/dev/projects/tally-mcp/node_modules/jest-circus/build/utils.js:298:28)
    at new Promise (&lt;anonymous&gt;)
    at callAsyncCircusFn (/Users/cryophobic/dev/projects/tally-mcp/node_modules/jest-circus/build/utils.js:231:10)
    at _callCircusHook (/Users/cryophobic/dev/projects/tally-mcp/node_modules/jest-circus/build/run.js:281:40)
    at _runTest (/Users/cryophobic/dev/projects/tally-mcp/node_modules/jest-circus/build/run.js:246:5)
    at _runTestsForDescribeBlock (/Users/cryophobic/dev/projects/tally-mcp/node_modules/jest-circus/build/run.js:126:9)
    at _runTestsForDescribeBlock (/Users/cryophobic/dev/projects/tally-mcp/node_modules/jest-circus/build/run.js:121:9)
    at _runTestsForDescribeBlock (/Users/cryophobic/dev/projects/tally-mcp/node_modules/jest-circus/build/run.js:121:9)
    at run (/Users/cryophobic/dev/projects/tally-mcp/node_modules/jest-circus/build/run.js:71:3)
    at runAndTransformResultsToJestFormat (/Users/cryophobic/dev/projects/tally-mcp/node_modules/jest-circus/build/legacy-code-todo-rewrite/jestAdapterInit.js:122:21)
    at jestAdapter (/Users/cryophobic/dev/projects/tally-mcp/node_modules/jest-circus/build/legacy-code-todo-rewrite/jestAdapter.js:79:19)
    at runTestInternal (/Users/cryophobic/dev/projects/tally-mcp/node_modules/jest-runner/build/runTest.js:367:16)
    at runTest (/Users/cryophobic/dev/projects/tally-mcp/node_modules/jest-runner/build/runTest.js:444:34)</failure>
    </testcase>
    <testcase classname="Message Delivery and Formatting Verification Message Content Validation should validate JSON-RPC message structure compliance" name="Message Delivery and Formatting Verification Message Content Validation should validate JSON-RPC message structure compliance" time="0.101">
      <failure>Error: Server does not support tools (required for tools/list)
    at MCPServer.assertRequestHandlerCapability (/Users/cryophobic/dev/projects/tally-mcp/node_modules/@modelcontextprotocol/sdk/src/server/index.ts:233:17)
    at MCPServer.setRequestHandler (/Users/cryophobic/dev/projects/tally-mcp/node_modules/@modelcontextprotocol/sdk/src/shared/protocol.ts:644:10)
    at MCPServer.setupMCPHandlers (/Users/cryophobic/dev/projects/tally-mcp/src/server.ts:1700:10)
    at new MCPServer (/Users/cryophobic/dev/projects/tally-mcp/src/server.ts:389:10)
    at Object.&lt;anonymous&gt; (/Users/cryophobic/dev/projects/tally-mcp/src/__tests__/message-delivery-formatting.test.ts:172:14)
    at Promise.then.completed (/Users/cryophobic/dev/projects/tally-mcp/node_modules/jest-circus/build/utils.js:298:28)
    at new Promise (&lt;anonymous&gt;)
    at callAsyncCircusFn (/Users/cryophobic/dev/projects/tally-mcp/node_modules/jest-circus/build/utils.js:231:10)
    at _callCircusHook (/Users/cryophobic/dev/projects/tally-mcp/node_modules/jest-circus/build/run.js:281:40)
    at _runTest (/Users/cryophobic/dev/projects/tally-mcp/node_modules/jest-circus/build/run.js:246:5)
    at _runTestsForDescribeBlock (/Users/cryophobic/dev/projects/tally-mcp/node_modules/jest-circus/build/run.js:126:9)
    at _runTestsForDescribeBlock (/Users/cryophobic/dev/projects/tally-mcp/node_modules/jest-circus/build/run.js:121:9)
    at _runTestsForDescribeBlock (/Users/cryophobic/dev/projects/tally-mcp/node_modules/jest-circus/build/run.js:121:9)
    at run (/Users/cryophobic/dev/projects/tally-mcp/node_modules/jest-circus/build/run.js:71:3)
    at runAndTransformResultsToJestFormat (/Users/cryophobic/dev/projects/tally-mcp/node_modules/jest-circus/build/legacy-code-todo-rewrite/jestAdapterInit.js:122:21)
    at jestAdapter (/Users/cryophobic/dev/projects/tally-mcp/node_modules/jest-circus/build/legacy-code-todo-rewrite/jestAdapter.js:79:19)
    at runTestInternal (/Users/cryophobic/dev/projects/tally-mcp/node_modules/jest-runner/build/runTest.js:367:16)
    at runTest (/Users/cryophobic/dev/projects/tally-mcp/node_modules/jest-runner/build/runTest.js:444:34)</failure>
    </testcase>
  </testsuite>
  <testsuite name="Express Middleware and SSE Transport" errors="0" failures="13" skipped="0" timestamp="2025-06-19T14:53:01" time="1.588" tests="13">
    <testcase classname="Express Middleware and SSE Transport Middleware Stack should handle CORS headers correctly" name="Express Middleware and SSE Transport Middleware Stack should handle CORS headers correctly" time="0.104">
      <failure>Error: Server does not support tools (required for tools/list)
    at MCPServer.assertRequestHandlerCapability (/Users/cryophobic/dev/projects/tally-mcp/node_modules/@modelcontextprotocol/sdk/src/server/index.ts:233:17)
    at MCPServer.setRequestHandler (/Users/cryophobic/dev/projects/tally-mcp/node_modules/@modelcontextprotocol/sdk/src/shared/protocol.ts:644:10)
    at MCPServer.setupMCPHandlers (/Users/cryophobic/dev/projects/tally-mcp/src/server.ts:1700:10)
    at new MCPServer (/Users/cryophobic/dev/projects/tally-mcp/src/server.ts:389:10)
    at Object.&lt;anonymous&gt; (/Users/cryophobic/dev/projects/tally-mcp/src/__tests__/middleware-sse.test.ts:38:14)
    at Promise.then.completed (/Users/cryophobic/dev/projects/tally-mcp/node_modules/jest-circus/build/utils.js:298:28)
    at new Promise (&lt;anonymous&gt;)
    at callAsyncCircusFn (/Users/cryophobic/dev/projects/tally-mcp/node_modules/jest-circus/build/utils.js:231:10)
    at _callCircusHook (/Users/cryophobic/dev/projects/tally-mcp/node_modules/jest-circus/build/run.js:281:40)
    at runNextTicks (node:internal/process/task_queues:60:5)
    at processImmediate (node:internal/timers:454:9)
    at _runTest (/Users/cryophobic/dev/projects/tally-mcp/node_modules/jest-circus/build/run.js:246:5)
    at _runTestsForDescribeBlock (/Users/cryophobic/dev/projects/tally-mcp/node_modules/jest-circus/build/run.js:126:9)
    at _runTestsForDescribeBlock (/Users/cryophobic/dev/projects/tally-mcp/node_modules/jest-circus/build/run.js:121:9)
    at _runTestsForDescribeBlock (/Users/cryophobic/dev/projects/tally-mcp/node_modules/jest-circus/build/run.js:121:9)
    at run (/Users/cryophobic/dev/projects/tally-mcp/node_modules/jest-circus/build/run.js:71:3)
[...]
    </testcase>
    <testcase classname="Matrix Question Support Matrix Question Structure should have properly structured rows and columns" name="Matrix Question Support Matrix Question Structure should have properly structured rows and columns" time="0.001">
    </testcase>
  </testsuite>
  <testsuite name="WorkspaceService" errors="0" failures="0" skipped="0" timestamp="2025-06-19T14:53:14" time="0.128" tests="5">
    <testcase classname="WorkspaceService getWorkspaces should call TallyApiClient.getWorkspaces and return the result" name="WorkspaceService getWorkspaces should call TallyApiClient.getWorkspaces and return the result" time="0.001">
    </testcase>
    <testcase classname="WorkspaceService getWorkspace should call TallyApiClient.getWorkspace and return the result" name="WorkspaceService getWorkspace should call TallyApiClient.getWorkspace and return the result" time="0.001">
    </testcase>
    <testcase classname="WorkspaceService inviteUser should call TallyApiClient.inviteUserToWorkspace with the correct parameters" name="WorkspaceService inviteUser should call TallyApiClient.inviteUserToWorkspace with the correct parameters" time="0.001">
    </testcase>
    <testcase classname="WorkspaceService removeUser should call TallyApiClient.removeUserFromWorkspace with the correct parameters" name="WorkspaceService removeUser should call TallyApiClient.removeUserFromWorkspace with the correct parameters" time="0">
    </testcase>
    <testcase classname="WorkspaceService updateUserRole should call TallyApiClient.updateUserRole with the correct parameters" name="WorkspaceService updateUserRole should call TallyApiClient.updateUserRole with the correct parameters" time="0.001">
    </testcase>
  </testsuite>
  <testsuite name="Application Configuration" errors="0" failures="0" skipped="0" timestamp="2025-06-19T14:53:14" time="0.127" tests="6">
    <testcase classname="Application Configuration should load configuration from environment variables" name="Application Configuration should load configuration from environment variables" time="0.002">
    </testcase>
    <testcase classname="Application Configuration should use default values for optional variables" name="Application Configuration should use default values for optional variables" time="0.001">
    </testcase>
    <testcase classname="Application Configuration should throw an error if a required environment variable is missing" name="Application Configuration should throw an error if a required environment variable is missing" time="0.003">
    </testcase>
    <testcase classname="Application Configuration should throw an error for non-numeric number variables" name="Application Configuration should throw an error for non-numeric number variables" time="0.002">
    </testcase>
    <testcase classname="Application Configuration validateConfig should log success if all required config is present" name="Application Configuration validateConfig should log success if all required config is present" time="0.004">
    </testcase>
    <testcase classname="Application Configuration validateConfig should log an error and exit if required config is missing" name="Application Configuration validateConfig should log an error and exit if required config is missing" time="0.001">
    </testcase>
  </testsuite>
  <testsuite name="ValidationUtils" errors="0" failures="0" skipped="0" timestamp="2025-06-19T14:53:14" time="0.128" tests="22">
    <testcase classname="ValidationUtils createError should create a validation error with required fields" name="ValidationUtils createError should create a validation error with required fields" time="0.001">
    </testcase>
    <testcase classname="ValidationUtils createError should create a validation error with optional fields" name="ValidationUtils createError should create a validation error with optional fields" time="0">
    </testcase>
    <testcase classname="ValidationUtils formatPath should format simple path" name="ValidationUtils formatPath should format simple path" time="0.001">
    </testcase>
    <testcase classname="ValidationUtils formatPath should format array index path" name="ValidationUtils formatPath should format array index path" time="0">
    </testcase>
    <testcase classname="ValidationUtils formatPath should handle empty path" name="ValidationUtils formatPath should handle empty path" time="0">
    </testcase>
    <testcase classname="ValidationUtils formatPath should handle single element path" name="ValidationUtils formatPath should handle single element path" time="0.001">
    </testcase>
    <testcase classname="ValidationUtils isValidJsonSchemaType should return true for valid types" name="ValidationUtils isValidJsonSchemaType should return true for valid types" time="0.003">
    </testcase>
    <testcase classname="ValidationUtils isValidJsonSchemaType should return false for invalid types" name="ValidationUtils isValidJsonSchemaType should return false for invalid types" time="0">
    </testcase>
    <testcase classname="ValidationUtils isValidJsonSchemaType should handle null and undefined" name="ValidationUtils isValidJsonSchemaType should handle null and undefined" time="0.001">
    </testcase>
    <testcase classname="ValidationUtils mergeValidationResults should merge two validation results" name="ValidationUtils mergeValidationResults should merge two validation results" time="0">
    </testcase>
    <testcase classname="ValidationUtils mergeValidationResults should handle empty results" name="ValidationUtils mergeValidationResults should handle empty results" time="0.001">
    </testcase>
    <testcase classname="ValidationUtils validateRequired should validate required fields are present" name="ValidationUtils validateRequired should validate required fields are present" time="0">
    </testcase>
    <testcase classname="ValidationUtils validateRequired should return errors for missing required fields" name="ValidationUtils validateRequired should return errors for missing required fields" time="0.001">
    </testcase>
    <testcase classname="ValidationUtils validateRequired should handle empty required array" name="ValidationUtils validateRequired should handle empty required array" time="0">
    </testcase>
    <testcase classname="ValidationUtils validateRequired should handle null/undefined data" name="ValidationUtils validateRequired should handle null/undefined data" time="0">
    </testcase>
    <testcase classname="ValidationUtils sanitizeErrorMessage should sanitize error messages" name="ValidationUtils sanitizeErrorMessage should sanitize error messages" time="0.001">
    </testcase>
    <testcase classname="ValidationUtils sanitizeErrorMessage should preserve safe content" name="ValidationUtils sanitizeErrorMessage should preserve safe content" time="0">
    </testcase>
    <testcase classname="ValidationUtils sanitizeErrorMessage should handle empty and null messages" name="ValidationUtils sanitizeErrorMessage should handle empty and null messages" time="0.001">
    </testcase>
    <testcase classname="ValidationUtils getErrorSeverityLevel should return correct numeric levels for severities" name="ValidationUtils getErrorSeverityLevel should return correct numeric levels for severities" time="0">
    </testcase>
    <testcase classname="ValidationUtils getErrorSeverityLevel should handle invalid severity" name="ValidationUtils getErrorSeverityLevel should handle invalid severity" time="0">
    </testcase>
    <testcase classname="ValidationUtils sortErrorsBySeverity should sort errors by severity (highest first)" name="ValidationUtils sortErrorsBySeverity should sort errors by severity (highest first)" time="0">
    </testcase>
    <testcase classname="ValidationUtils sortErrorsBySeverity should handle empty array" name="ValidationUtils sortErrorsBySeverity should handle empty array" time="0.001">
    </testcase>
  </testsuite>
  <testsuite name="capability-negotiation" errors="0" failures="0" skipped="0" timestamp="2025-06-19T14:53:14" time="0.124" tests="8">
    <testcase classname="capability-negotiation negotiateCapabilities should return server defaults when no client capabilities provided" name="capability-negotiation negotiateCapabilities should return server defaults when no client capabilities provided" time="0.001">
    </testcase>
    <testcase classname="capability-negotiation negotiateCapabilities should throw StructuredError on protocol version mismatch" name="capability-negotiation negotiateCapabilities should throw StructuredError on protocol version mismatch" time="0.005">
    </testcase>
    <testcase classname="capability-negotiation negotiateCapabilities should negotiate tools capabilities correctly" name="capability-negotiation negotiateCapabilities should negotiate tools capabilities correctly" time="0">
    </testcase>
    <testcase classname="capability-negotiation negotiateCapabilities should negotiate resources capabilities correctly" name="capability-negotiation negotiateCapabilities should negotiate resources capabilities correctly" time="0.001">
    </testcase>
    <testcase classname="capability-negotiation negotiateCapabilities should negotiate prompts capabilities correctly" name="capability-negotiation negotiateCapabilities should negotiate prompts capabilities correctly" time="0">
    </testcase>
    <testcase classname="capability-negotiation negotiateCapabilities should negotiate logging capabilities correctly" name="capability-negotiation negotiateCapabilities should negotiate logging capabilities correctly" time="0">
    </testcase>
    <testcase classname="capability-negotiation negotiateCapabilities should handle partial client capabilities" name="capability-negotiation negotiateCapabilities should handle partial client capabilities" time="0.001">
    </testcase>
    <testcase classname="capability-negotiation negotiateCapabilities should handle all capabilities disabled by client" name="capability-negotiation negotiateCapabilities should handle all capabilities disabled by client" time="0">
    </testcase>
  </testsuite>
  <testsuite name="ValidationUtils" errors="0" failures="0" skipped="0" timestamp="2025-06-19T14:53:14" time="0.123" tests="15">
    <testcase classname="ValidationUtils createError should create a validation error with required fields" name="ValidationUtils createError should create a validation error with required fields" time="0.001">
    </testcase>
    <testcase classname="ValidationUtils createError should create a validation error with optional fields" name="ValidationUtils createError should create a validation error with optional fields" time="0">
    </testcase>
    <testcase classname="ValidationUtils createError should use default severity when not provided" name="ValidationUtils createError should use default severity when not provided" time="0">
    </testcase>
    <testcase classname="ValidationUtils mergeResults should merge multiple validation results" name="ValidationUtils mergeResults should merge multiple validation results" time="0.001">
    </testcase>
    <testcase classname="ValidationUtils mergeResults should handle empty results" name="ValidationUtils mergeResults should handle empty results" time="0">
    </testcase>
    <testcase classname="ValidationUtils mergeResults should handle single result" name="ValidationUtils mergeResults should handle single result" time="0">
    </testcase>
    <testcase classname="ValidationUtils formatError should format basic error" name="ValidationUtils formatError should format basic error" time="0.001">
    </testcase>
    <testcase classname="ValidationUtils formatError should format error with path" name="ValidationUtils formatError should format error with path" time="0">
    </testcase>
    <testcase classname="ValidationUtils formatError should format error with expected/actual values" name="ValidationUtils formatError should format error with expected/actual values" time="0">
    </testcase>
    <testcase classname="ValidationUtils formatError should format error with spec reference" name="ValidationUtils formatError should format error with spec reference" time="0.001">
    </testcase>
    <testcase classname="ValidationUtils calculateComplexity should calculate complexity for simple schema" name="ValidationUtils calculateComplexity should calculate complexity for simple schema" time="0">
    </testcase>
    <testcase classname="ValidationUtils calculateComplexity should calculate complexity for object schema" name="ValidationUtils calculateComplexity should calculate complexity for object schema" time="0">
    </testcase>
    <testcase classname="ValidationUtils calculateComplexity should calculate complexity for nested schema" name="ValidationUtils calculateComplexity should calculate complexity for nested schema" time="0.001">
    </testcase>
    <testcase classname="ValidationUtils calculateComplexity should handle null/undefined schema" name="ValidationUtils calculateComplexity should handle null/undefined schema" time="0">
    </testcase>
    <testcase classname="ValidationUtils calculateComplexity should handle empty schema" name="ValidationUtils calculateComplexity should handle empty schema" time="0">
    </testcase>
  </testsuite>
  <testsuite name="Tally API Client - Forms" errors="0" failures="0" skipped="0" timestamp="2025-06-19T14:53:14" time="0.122" tests="3">
    <testcase classname="Tally API Client - Forms should fetch forms and validate the response" name="Tally API Client - Forms should fetch forms and validate the response" time="0.001">
    </testcase>
    <testcase classname="Tally API Client - Forms should fetch a single form and validate the response" name="Tally API Client - Forms should fetch a single form and validate the response" time="0.001">
    </testcase>
    <testcase classname="Tally API Client - Forms should fetch form submissions and validate the response" name="Tally API Client - Forms should fetch form submissions and validate the response" time="0">
    </testcase>
  </testsuite>
  <testsuite name="Logger - Core Functionality" errors="0" failures="0" skipped="0" timestamp="2025-06-19T14:53:14" time="0.126" tests="15">
    <testcase classname="Logger - Core Functionality Constructor and Configuration should create logger with default configuration" name="Logger - Core Functionality Constructor and Configuration should create logger with default configuration" time="0.001">
    </testcase>
    <testcase classname="Logger - Core Functionality Constructor and Configuration should create logger with custom configuration" name="Logger - Core Functionality Constructor and Configuration should create logger with custom configuration" time="0.001">
    </testcase>
    <testcase classname="Logger - Core Functionality Constructor and Configuration should update configuration" name="Logger - Core Functionality Constructor and Configuration should update configuration" time="0">
    </testcase>
    <testcase classname="Logger - Core Functionality Child Logger Creation should create child logger with same config but different component" name="Logger - Core Functionality Child Logger Creation should create child logger with same config but different component" time="0">
    </testcase>
    <testcase classname="Logger - Core Functionality Child Logger Creation should create child logger with additional config" name="Logger - Core Functionality Child Logger Creation should create child logger with additional config" time="0.003">
    </testcase>
    <testcase classname="Logger - Core Functionality Trace ID Management should generate unique trace ID on creation" name="Logger - Core Functionality Trace ID Management should generate unique trace ID on creation" time="0.001">
    </testcase>
    <testcase classname="Logger - Core Functionality Trace ID Management should allow setting custom trace ID" name="Logger - Core Functionality Trace ID Management should allow setting custom trace ID" time="0">
    </testcase>
    <testcase classname="Logger - Core Functionality Sensitive Data Redaction should redact sensitive fields from context" name="Logger - Core Functionality Sensitive Data Redaction should redact sensitive fields from context" time="0.001">
    </testcase>
    <testcase classname="Logger - Core Functionality Sensitive Data Redaction should handle nested objects in redaction" name="Logger - Core Functionality Sensitive Data Redaction should handle nested objects in redaction" time="0">
    </testcase>
    <testcase classname="Logger - Core Functionality Sensitive Data Redaction should handle arrays in context" name="Logger - Core Functionality Sensitive Data Redaction should handle arrays in context" time="0.001">
    </testcase>
    <testcase classname="Logger - Core Functionality Factory Functions should create logger with createLogger function" name="Logger - Core Functionality Factory Functions should create logger with createLogger function" time="0">
    </testcase>
    <testcase classname="Logger - Core Functionality Factory Functions should provide global logger instance" name="Logger - Core Functionality Factory Functions should provide global logger instance" time="0">
    </testcase>
    <testcase classname="Logger - Core Functionality Edge Cases should handle null and undefined context values" name="Logger - Core Functionality Edge Cases should handle null and undefined context values" time="0.001">
    </testcase>
    <testcase classname="Logger - Core Functionality Log Level Behavior should respect log level thresholds" name="Logger - Core Functionality Log Level Behavior should respect log level thresholds" time="0">
    </testcase>
    <testcase classname="Logger - Core Functionality Operation Timing should provide timing functionality" name="Logger - Core Functionality Operation Timing should provide timing functionality" time="0.004">
    </testcase>
  </testsuite>
  <testsuite name="NlpService" errors="0" failures="0" skipped="0" timestamp="2025-06-19T14:53:15" time="0.124" tests="4">
    <testcase classname="NlpService customizeFormConfig should add a new question to the form" name="NlpService customizeFormConfig should add a new question to the form" time="0.001">
    </testcase>
    <testcase classname="NlpService customizeFormConfig should remove an existing question from the form" name="NlpService customizeFormConfig should remove an existing question from the form" time="0.001">
    </testcase>
    <testcase classname="NlpService customizeFormConfig should update the form title" name="NlpService customizeFormConfig should update the form title" time="0">
    </testcase>
    <testcase classname="NlpService customizeFormConfig should handle multiple commands" name="NlpService customizeFormConfig should handle multiple commands" time="0">
    </testcase>
  </testsuite>
  <testsuite name="Tally API Client - Workspaces and User" errors="0" failures="0" skipped="0" timestamp="2025-06-19T14:53:15" time="0.126" tests="2">
    <testcase classname="Tally API Client - Workspaces and User should fetch workspaces and validate the response" name="Tally API Client - Workspaces and User should fetch workspaces and validate the response" time="0.001">
    </testcase>
    <testcase classname="Tally API Client - Workspaces and User should fetch a single workspace and validate the response" name="Tally API Client - Workspaces and User should fetch a single workspace and validate the response" time="0.001">
    </testcase>
  </testsuite>
  <testsuite name="Network Resilience and Timeout" errors="0" failures="0" skipped="0" timestamp="2025-06-19T14:53:15" time="0.113" tests="1">
    <testcase classname="Network Resilience and Timeout should have tests" name="Network Resilience and Timeout should have tests" time="0">
    </testcase>
  </testsuite>
</testsuites>