<?xml version="1.0" encoding="UTF-8"?>
<testsuites name="jest tests" tests="755" failures="69" errors="0" time="1014.948">
  <testsuite name="SSE Connection Establishment and MCP Handshake Testing" errors="0" failures="1" skipped="0" timestamp="2025-06-13T13:20:52" time="38.173" tests="17">
    <testcase classname="SSE Connection Establishment and MCP Handshake Testing Basic SSE Connection Establishment should establish SSE connection within expected timeframe" name="SSE Connection Establishment and MCP Handshake Testing Basic SSE Connection Establishment should establish SSE connection within expected timeframe" time="0.153">
    </testcase>
    <testcase classname="SSE Connection Establishment and MCP Handshake Testing Basic SSE Connection Establishment should handle multiple simultaneous SSE connections" name="SSE Connection Establishment and MCP Handshake Testing Basic SSE Connection Establishment should handle multiple simultaneous SSE connections" time="0.135">
    </testcase>
    <testcase classname="SSE Connection Establishment and MCP Handshake Testing Basic SSE Connection Establishment should send initial connection confirmation message" name="SSE Connection Establishment and MCP Handshake Testing Basic SSE Connection Establishment should send initial connection confirmation message" time="0.109">
    </testcase>
    <testcase classname="SSE Connection Establishment and MCP Handshake Testing Basic SSE Connection Establishment should maintain heartbeat mechanism" name="SSE Connection Establishment and MCP Handshake Testing Basic SSE Connection Establishment should maintain heartbeat mechanism" time="35.129">
      <failure>Error: Event heartbeat not received within 35000ms
    at MockMCPClient.waitForEvent (/Users/cryophobic/dev/projects/tally-mcp/src/__tests__/sse-connection-handshake.test.ts:139:11)
    at Object.&lt;anonymous&gt; (/Users/cryophobic/dev/projects/tally-mcp/src/__tests__/sse-connection-handshake.test.ts:281:30)</failure>
    </testcase>
    <testcase classname="SSE Connection Establishment and MCP Handshake Testing MCP Protocol Handshake should complete proper MCP initialization handshake" name="SSE Connection Establishment and MCP Handshake Testing MCP Protocol Handshake should complete proper MCP initialization handshake" time="0.105">
    </testcase>
    <testcase classname="SSE Connection Establishment and MCP Handshake Testing MCP Protocol Handshake should support capability negotiation" name="SSE Connection Establishment and MCP Handshake Testing MCP Protocol Handshake should support capability negotiation" time="0.107">
    </testcase>
    <testcase classname="SSE Connection Establishment and MCP Handshake Testing MCP Protocol Handshake should handle invalid handshake messages gracefully" name="SSE Connection Establishment and MCP Handshake Testing MCP Protocol Handshake should handle invalid handshake messages gracefully" time="0.123">
    </testcase>
    <testcase classname="SSE Connection Establishment and MCP Handshake Testing MCP Protocol Handshake should validate JSON-RPC 2.0 compliance" name="SSE Connection Establishment and MCP Handshake Testing MCP Protocol Handshake should validate JSON-RPC 2.0 compliance" time="0.108">
    </testcase>
    <testcase classname="SSE Connection Establishment and MCP Handshake Testing Tool Discovery Through SSE should list available tools correctly" name="SSE Connection Establishment and MCP Handshake Testing Tool Discovery Through SSE should list available tools correctly" time="0.109">
    </testcase>
    <testcase classname="SSE Connection Establishment and MCP Handshake Testing Tool Discovery Through SSE should handle tool calls with proper error handling" name="SSE Connection Establishment and MCP Handshake Testing Tool Discovery Through SSE should handle tool calls with proper error handling" time="0.109">
    </testcase>
    <testcase classname="SSE Connection Establishment and MCP Handshake Testing Client Type Simulation should handle Claude Desktop simulation" name="SSE Connection Establishment and MCP Handshake Testing Client Type Simulation should handle Claude Desktop simulation" time="0.109">
    </testcase>
    <testcase classname="SSE Connection Establishment and MCP Handshake Testing Client Type Simulation should handle MCP Inspector simulation" name="SSE Connection Establishment and MCP Handshake Testing Client Type Simulation should handle MCP Inspector simulation" time="0.114">
    </testcase>
    <testcase classname="SSE Connection Establishment and MCP Handshake Testing Client Type Simulation should handle custom client simulation" name="SSE Connection Establishment and MCP Handshake Testing Client Type Simulation should handle custom client simulation" time="0.108">
    </testcase>
    <testcase classname="SSE Connection Establishment and MCP Handshake Testing Connection State Management should track connection lifecycle properly" name="SSE Connection Establishment and MCP Handshake Testing Connection State Management should track connection lifecycle properly" time="0.318">
    </testcase>
    <testcase classname="SSE Connection Establishment and MCP Handshake Testing Connection State Management should handle abrupt connection termination" name="SSE Connection Establishment and MCP Handshake Testing Connection State Management should handle abrupt connection termination" time="0.616">
    </testcase>
    <testcase classname="SSE Connection Establishment and MCP Handshake Testing Performance and Reliability should establish connections within performance benchmarks" name="SSE Connection Establishment and MCP Handshake Testing Performance and Reliability should establish connections within performance benchmarks" time="0.111">
    </testcase>
    <testcase classname="SSE Connection Establishment and MCP Handshake Testing Performance and Reliability should handle rapid connection cycling" name="SSE Connection Establishment and MCP Handshake Testing Performance and Reliability should handle rapid connection cycling" time="0.129">
    </testcase>
  </testsuite>
  <testsuite name="MCP Capability Negotiation" errors="0" failures="7" skipped="0" timestamp="2025-06-13T13:21:30" time="15.427" tests="12">
    <testcase classname="MCP Capability Negotiation Protocol Version Negotiation should accept matching protocol version" name="MCP Capability Negotiation Protocol Version Negotiation should accept matching protocol version" time="0.005">
    </testcase>
    <testcase classname="MCP Capability Negotiation Protocol Version Negotiation should reject unsupported protocol version" name="MCP Capability Negotiation Protocol Version Negotiation should reject unsupported protocol version" time="0.003">
      <failure>Error: expect(received).toBeDefined()

Received: undefined
    at Object.&lt;anonymous&gt; (/Users/cryophobic/dev/projects/tally-mcp/src/__tests__/capability-negotiation.test.ts:199:30)
    at processTicksAndRejections (node:internal/process/task_queues:95:5)</failure>
    </testcase>
    <testcase classname="MCP Capability Negotiation Protocol Version Negotiation should handle missing protocol version" name="MCP Capability Negotiation Protocol Version Negotiation should handle missing protocol version" time="0.005">
      <failure>Error: expect(received).toBeDefined()

Received: undefined
    at Object.&lt;anonymous&gt; (/Users/cryophobic/dev/projects/tally-mcp/src/__tests__/capability-negotiation.test.ts:216:30)
    at processTicksAndRejections (node:internal/process/task_queues:95:5)</failure>
    </testcase>
    <testcase classname="MCP Capability Negotiation Capability Discovery should advertise supported capabilities in SSE connection" name="MCP Capability Negotiation Capability Discovery should advertise supported capabilities in SSE connection" time="5.016">
      <failure>Error: Timeout waiting for event connection
    at Timeout._onTimeout (/Users/cryophobic/dev/projects/tally-mcp/src/__tests__/capability-negotiation.test.ts:101:16)
    at listOnTimeout (node:internal/timers:581:17)
    at processTimers (node:internal/timers:519:7)</failure>
    </testcase>
    <testcase classname="MCP Capability Negotiation Capability Discovery should include full capability details in initialization response" name="MCP Capability Negotiation Capability Discovery should include full capability details in initialization response" time="0.003">
    </testcase>
    <testcase classname="MCP Capability Negotiation Capability Negotiation should handle client requesting unsupported capability" name="MCP Capability Negotiation Capability Negotiation should handle client requesting unsupported capability" time="0.002">
    </testcase>
    <testcase classname="MCP Capability Negotiation Capability Negotiation should respect client capability preferences" name="MCP Capability Negotiation Capability Negotiation should respect client capability preferences" time="0.004">
    </testcase>
    <testcase classname="MCP Capability Negotiation Capability Negotiation should handle missing client capabilities gracefully" name="MCP Capability Negotiation Capability Negotiation should handle missing client capabilities gracefully" time="0.003">
    </testcase>
    <testcase classname="MCP Capability Negotiation Capability Updates should notify clients when tool list changes" name="MCP Capability Negotiation Capability Updates should notify clients when tool list changes" time="5.019">
      <failure>Error: Unhandled error. (Error: SSE connection error
    at EventSource.eventSource.onerror (/Users/cryophobic/dev/projects/tally-mcp/src/__tests__/capability-negotiation.test.ts:55:23)
    at EventSource.emit (node:events:524:28)
    at _emit (/Users/cryophobic/dev/projects/tally-mcp/node_modules/eventsource/lib/eventsource.js:287:17)
    at onConnectionClosed (/Users/cryophobic/dev/projects/tally-mcp/node_modules/eventsource/lib/eventsource.js:58:5)
    at IncomingMessage.&lt;anonymous&gt; (/Users/cryophobic/dev/projects/tally-mcp/node_modules/eventsource/lib/eventsource.js:187:9)
    at IncomingMessage.emit (node:events:536:35)
    at endReadableNT (node:internal/streams/readable:1698:12)
    at processTicksAndRejections (node:internal/process/task_queues:82:21) {
  event: Event { type: &apos;error&apos;, message: undefined }
})
    at EventEmitter.emit (node:events:513:17)
    at EventSource.eventSource.onerror (/Users/cryophobic/dev/projects/tally-mcp/src/__tests__/capability-negotiation.test.ts:58:27)
    at EventSource.emit (node:events:524:28)
    at _emit (/Users/cryophobic/dev/projects/tally-mcp/node_modules/eventsource/lib/eventsource.js:287:17)
    at onConnectionClosed (/Users/cryophobic/dev/projects/tally-mcp/node_modules/eventsource/lib/eventsource.js:58:5)
    at IncomingMessage.&lt;anonymous&gt; (/Users/cryophobic/dev/projects/tally-mcp/node_modules/eventsource/lib/eventsource.js:187:9)
    at IncomingMessage.emit (node:events:536:35)
    at endReadableNT (node:internal/streams/readable:1698:12)
    at processTicksAndRejections (node:internal/process/task_queues:82:21)</failure>
      <failure>Error: Timeout waiting for event mcp-response
    at Timeout._onTimeout (/Users/cryophobic/dev/projects/tally-mcp/src/__tests__/capability-negotiation.test.ts:101:16)
    at listOnTimeout (node:internal/timers:581:17)
    at processTimers (node:internal/timers:519:7)</failure>
    </testcase>
    <testcase classname="MCP Capability Negotiation Capability Updates should maintain capability state across reconnections" name="MCP Capability Negotiation Capability Updates should maintain capability state across reconnections" time="5.019">
      <failure>Error: Unhandled error. (Error: SSE connection error
    at EventSource.eventSource.onerror (/Users/cryophobic/dev/projects/tally-mcp/src/__tests__/capability-negotiation.test.ts:55:23)
    at EventSource.emit (node:events:524:28)
    at _emit (/Users/cryophobic/dev/projects/tally-mcp/node_modules/eventsource/lib/eventsource.js:287:17)
    at onConnectionClosed (/Users/cryophobic/dev/projects/tally-mcp/node_modules/eventsource/lib/eventsource.js:58:5)
    at IncomingMessage.&lt;anonymous&gt; (/Users/cryophobic/dev/projects/tally-mcp/node_modules/eventsource/lib/eventsource.js:187:9)
    at IncomingMessage.emit (node:events:536:35)
    at endReadableNT (node:internal/streams/readable:1698:12)
    at processTicksAndRejections (node:internal/process/task_queues:82:21) {
  event: Event { type: &apos;error&apos;, message: undefined }
})
    at EventEmitter.emit (node:events:513:17)
    at EventSource.eventSource.onerror (/Users/cryophobic/dev/projects/tally-mcp/src/__tests__/capability-negotiation.test.ts:58:27)
    at EventSource.emit (node:events:524:28)
    at _emit (/Users/cryophobic/dev/projects/tally-mcp/node_modules/eventsource/lib/eventsource.js:287:17)
    at onConnectionClosed (/Users/cryophobic/dev/projects/tally-mcp/node_modules/eventsource/lib/eventsource.js:58:5)
    at IncomingMessage.&lt;anonymous&gt; (/Users/cryophobic/dev/projects/tally-mcp/node_modules/eventsource/lib/eventsource.js:187:9)
    at IncomingMessage.emit (node:events:536:35)
    at endReadableNT (node:internal/streams/readable:1698:12)
    at processTicksAndRejections (node:internal/process/task_queues:82:21)</failure>
      <failure>Error: Timeout waiting for event connection
    at Timeout._onTimeout (/Users/cryophobic/dev/projects/tally-mcp/src/__tests__/capability-negotiation.test.ts:101:16)
    at listOnTimeout (node:internal/timers:581:17)
    at processTimers (node:internal/timers:519:7)</failure>
    </testcase>
    <testcase classname="MCP Capability Negotiation Error Handling should handle malformed capability objects" name="MCP Capability Negotiation Error Handling should handle malformed capability objects" time="0.002">
      <failure>Error: expect(received).toBeDefined()

Received: undefined
    at Object.&lt;anonymous&gt; (/Users/cryophobic/dev/projects/tally-mcp/src/__tests__/capability-negotiation.test.ts:388:30)
    at processTicksAndRejections (node:internal/process/task_queues:95:5)</failure>
    </testcase>
    <testcase classname="MCP Capability Negotiation Error Handling should handle invalid capability values" name="MCP Capability Negotiation Error Handling should handle invalid capability values" time="0.003">
      <failure>Error: expect(received).toBeDefined()

Received: undefined
    at Object.&lt;anonymous&gt; (/Users/cryophobic/dev/projects/tally-mcp/src/__tests__/capability-negotiation.test.ts:410:30)
    at processTicksAndRejections (node:internal/process/task_queues:95:5)</failure>
    </testcase>
    <testcase classname=" Test execution failure: could be caused by test hooks like &apos;afterAll&apos;." name=" Test execution failure: could be caused by test hooks like &apos;afterAll&apos;." time="0">
      <failure>{&quot;message&quot;:&quot;&quot;,&quot;stack&quot;:&quot;Error: Unhandled error. (Error: SSE connection error\n    at EventSource.eventSource.onerror (/Users/cryophobic/dev/projects/tally-mcp/src/__tests__/capability-negotiation.test.ts:55:23)\n    at EventSource.emit (node:events:524:28)\n    at _emit (/Users/cryophobic/dev/projects/tally-mcp/node_modules/eventsource/lib/eventsource.js:287:17)\n    at onConnectionClosed (/Users/cryophobic/dev/projects/tally-mcp/node_modules/eventsource/lib/eventsource.js:58:5)\n    at IncomingMessage.&lt;anonymous&gt; (/Users/cryophobic/dev/projects/tally-mcp/node_modules/eventsource/lib/eventsource.js:187:9)\n    at IncomingMessage.emit (node:events:536:35)\n    at endReadableNT (node:internal/streams/readable:1698:12)\n    at processTicksAndRejections (node:internal/process/task_queues:82:21) {\n  event: Event { type: &apos;error&apos;, message: undefined }\n})\n    at EventEmitter.emit (node:events:513:17)\n    at EventSource.eventSource.onerror (/Users/cryophobic/dev/projects/tally-mcp/src/__tests__/capability-negotiation.test.ts:58:27)\n    at EventSource.emit (node:events:524:28)\n    at _emit (/Users/cryophobic/dev/projects/tally-mcp/node_modules/eventsource/lib/eventsource.js:287:17)\n    at onConnectionClosed (/Users/cryophobic/dev/projects/tally-mcp/node_modules/eventsource/lib/eventsource.js:58:5)\n    at IncomingMessage.&lt;anonymous&gt; (/Users/cryophobic/dev/projects/tally-mcp/node_modules/eventsource/lib/eventsource.js:187:9)\n    at IncomingMessage.emit (node:events:536:35)\n    at endReadableNT (node:internal/streams/readable:1698:12)\n    at processTicksAndRejections (node:internal/process/task_queues:82:21)&quot;}</failure>
    </testcase>
  </testsuite>
  <testsuite name="Message Delivery and Formatting Verification" errors="0" failures="3" skipped="0" timestamp="2025-06-13T13:21:45" time="3.645" tests="14">
    <testcase classname="Message Delivery and Formatting Verification SSE Message Format Validation should establish SSE connection successfully" name="Message Delivery and Formatting Verification SSE Message Format Validation should establish SSE connection successfully" time="0.622">
    </testcase>
    <testcase classname="Message Delivery and Formatting Verification SSE Message Format Validation should format MCP response messages correctly" name="Message Delivery and Formatting Verification SSE Message Format Validation should format MCP response messages correctly" time="0.111">
    </testcase>
    <testcase classname="Message Delivery and Formatting Verification SSE Message Format Validation should handle various MCP method calls" name="Message Delivery and Formatting Verification SSE Message Format Validation should handle various MCP method calls" time="0.111">
    </testcase>
    <testcase classname="Message Delivery and Formatting Verification SSE Message Format Validation should format error messages properly" name="Message Delivery and Formatting Verification SSE Message Format Validation should format error messages properly" time="0.11">
    </testcase>
    <testcase classname="Message Delivery and Formatting Verification Message Timing and Delivery should deliver messages within acceptable timeframe" name="Message Delivery and Formatting Verification Message Timing and Delivery should deliver messages within acceptable timeframe" time="0.11">
    </testcase>
    <testcase classname="Message Delivery and Formatting Verification Message Timing and Delivery should maintain message order for sequential requests" name="Message Delivery and Formatting Verification Message Timing and Delivery should maintain message order for sequential requests" time="0.315">
    </testcase>
    <testcase classname="Message Delivery and Formatting Verification Message Timing and Delivery should handle concurrent message delivery" name="Message Delivery and Formatting Verification Message Timing and Delivery should handle concurrent message delivery" time="0.11">
    </testcase>
    <testcase classname="Message Delivery and Formatting Verification Connection Stability should maintain connection stability over time" name="Message Delivery and Formatting Verification Connection Stability should maintain connection stability over time" time="1.114">
    </testcase>
    <testcase classname="Message Delivery and Formatting Verification Error Handling and Edge Cases should handle malformed JSON in requests gracefully" name="Message Delivery and Formatting Verification Error Handling and Edge Cases should handle malformed JSON in requests gracefully" time="0.121">
      <failure>Error: SSE connection error
    at EventSource.eventSource.onerror (/Users/cryophobic/dev/projects/tally-mcp/src/__tests__/message-delivery-formatting.test.ts:56:23)
    at EventSource.emit (node:events:524:28)
    at _emit (/Users/cryophobic/dev/projects/tally-mcp/node_modules/eventsource/lib/eventsource.js:287:17)
    at ClientRequest.&lt;anonymous&gt; (/Users/cryophobic/dev/projects/tally-mcp/node_modules/eventsource/lib/eventsource.js:173:9)
    at Object.onceWrapper (node:events:639:26)
    at ClientRequest.emit (node:events:524:28)
    at HTTPParser.parserOnIncomingClient (node:_http_client:702:27)
    at HTTPParser.parserOnHeadersComplete (node:_http_common:118:17)
    at Socket.socketOnData (node:_http_client:544:22)
    at Socket.emit (node:events:524:28)
    at addChunk (node:internal/streams/readable:561:12)
    at readableAddChunkPushByteMode (node:internal/streams/readable:512:3)
    at Socket.Readable.push (node:internal/streams/readable:392:5)
    at TCP.onStreamRead (node:internal/stream_base_commons:191:23)</failure>
    </testcase>
    <testcase classname="Message Delivery and Formatting Verification Error Handling and Edge Cases should handle malformed JSON in responses" name="Message Delivery and Formatting Verification Error Handling and Edge Cases should handle malformed JSON in responses" time="0.114">
      <failure>Error: SSE connection error
    at EventSource.eventSource.onerror (/Users/cryophobic/dev/projects/tally-mcp/src/__tests__/message-delivery-formatting.test.ts:56:23)
    at EventSource.emit (node:events:524:28)
    at _emit (/Users/cryophobic/dev/projects/tally-mcp/node_modules/eventsource/lib/eventsource.js:287:17)
    at ClientRequest.&lt;anonymous&gt; (/Users/cryophobic/dev/projects/tally-mcp/node_modules/eventsource/lib/eventsource.js:173:9)
    at Object.onceWrapper (node:events:639:26)
    at ClientRequest.emit (node:events:524:28)
    at HTTPParser.parserOnIncomingClient (node:_http_client:702:27)
    at HTTPParser.parserOnHeadersComplete (node:_http_common:118:17)
    at Socket.socketOnData (node:_http_client:544:22)
    at Socket.emit (node:events:524:28)
    at addChunk (node:internal/streams/readable:561:12)
    at readableAddChunkPushByteMode (node:internal/streams/readable:512:3)
    at Socket.Readable.push (node:internal/streams/readable:392:5)
    at TCP.onStreamRead (node:internal/stream_base_commons:191:23)</failure>
    </testcase>
    <testcase classname="Message Delivery and Formatting Verification Error Handling and Edge Cases should handle requests without required fields" name="Message Delivery and Formatting Verification Error Handling and Edge Cases should handle requests without required fields" time="0.116">
      <failure>Error: expect(received).toBe(expected) // Object.is equality

Expected: 400
Received: undefined
    at Object.&lt;anonymous&gt; (/Users/cryophobic/dev/projects/tally-mcp/src/__tests__/message-delivery-formatting.test.ts:455:40)
    at processTicksAndRejections (node:internal/process/task_queues:95:5)</failure>
    </testcase>
    <testcase classname="Message Delivery and Formatting Verification Error Handling and Edge Cases should handle non-existent methods" name="Message Delivery and Formatting Verification Error Handling and Edge Cases should handle non-existent methods" time="0.116">
    </testcase>
    <testcase classname="Message Delivery and Formatting Verification Message Content Validation should handle special characters and encoding" name="Message Delivery and Formatting Verification Message Content Validation should handle special characters and encoding" time="0.111">
    </testcase>
    <testcase classname="Message Delivery and Formatting Verification Message Content Validation should validate JSON-RPC message structure compliance" name="Message Delivery and Formatting Verification Message Content Validation should validate JSON-RPC message structure compliance" time="0.111">
    </testcase>
  </testsuite>
  <testsuite name="TallyApiClient" errors="0" failures="4" skipped="0" timestamp="2025-06-13T13:21:49" time="0.639" tests="30">
    <testcase classname="TallyApiClient Constructor and Configuration should create a client with default configuration" name="TallyApiClient Constructor and Configuration should create a client with default configuration" time="0.001">
    </testcase>
    <testcase classname="TallyApiClient Constructor and Configuration should create a client with custom configuration" name="TallyApiClient Constructor and Configuration should create a client with custom configuration" time="0">
    </testcase>
    <testcase classname="TallyApiClient Constructor and Configuration should not set Authorization header if no access token is provided" name="TallyApiClient Constructor and Configuration should not set Authorization header if no access token is provided" time="0.001">
    </testcase>
    <testcase classname="TallyApiClient Access Token Management should set access token and update Authorization header" name="TallyApiClient Access Token Management should set access token and update Authorization header" time="0.003">
    </testcase>
    <testcase classname="TallyApiClient Access Token Management should remove Authorization header when setting empty token" name="TallyApiClient Access Token Management should remove Authorization header when setting empty token" time="0">
    </testcase>
    <testcase classname="TallyApiClient Access Token Management should return current access token" name="TallyApiClient Access Token Management should return current access token" time="0">
    </testcase>
    <testcase classname="TallyApiClient HTTP Methods should make a GET request" name="TallyApiClient HTTP Methods should make a GET request" time="0.001">
    </testcase>
    <testcase classname="TallyApiClient HTTP Methods should make a GET request with custom config" name="TallyApiClient HTTP Methods should make a GET request with custom config" time="0.001">
    </testcase>
    <testcase classname="TallyApiClient HTTP Methods should make a POST request with data" name="TallyApiClient HTTP Methods should make a POST request with data" time="0">
    </testcase>
    <testcase classname="TallyApiClient HTTP Methods should make a PUT request with data" name="TallyApiClient HTTP Methods should make a PUT request with data" time="0">
    </testcase>
    <testcase classname="TallyApiClient HTTP Methods should make a DELETE request" name="TallyApiClient HTTP Methods should make a DELETE request" time="0">
    </testcase>
    <testcase classname="TallyApiClient HTTP Methods should make a PATCH request with data" name="TallyApiClient HTTP Methods should make a PATCH request with data" time="0">
    </testcase>
    <testcase classname="TallyApiClient Error Handling should propagate axios errors" name="TallyApiClient Error Handling should propagate axios errors" time="0.009">
    </testcase>
    <testcase classname="TallyApiClient Error Handling should propagate HTTP error responses" name="TallyApiClient Error Handling should propagate HTTP error responses" time="0.001">
    </testcase>
    <testcase classname="TallyApiClient Utility Methods should return the axios instance" name="TallyApiClient Utility Methods should return the axios instance" time="0.002">
    </testcase>
    <testcase classname="TallyApiClient Utility Methods should return readonly configuration" name="TallyApiClient Utility Methods should return readonly configuration" time="0.001">
    </testcase>
    <testcase classname="TallyApiClient Interceptors should always setup interceptors for authentication and error handling" name="TallyApiClient Interceptors should always setup interceptors for authentication and error handling" time="0">
    </testcase>
    <testcase classname="TallyApiClient Interceptors should setup interceptors with debug logging when debug is enabled" name="TallyApiClient Interceptors should setup interceptors with debug logging when debug is enabled" time="0.001">
    </testcase>
    <testcase classname="TallyApiClient Type Safety should maintain type safety with generic responses" name="TallyApiClient Type Safety should maintain type safety with generic responses" time="0.001">
    </testcase>
    <testcase classname="TallyApiClient Rate Limiting and Retry Logic should have retry configuration set correctly" name="TallyApiClient Rate Limiting and Retry Logic should have retry configuration set correctly" time="0">
    </testcase>
    <testcase classname="TallyApiClient Rate Limiting and Retry Logic should setup interceptors for retry logic" name="TallyApiClient Rate Limiting and Retry Logic should setup interceptors for retry logic" time="0.001">
    </testcase>
    <testcase classname="TallyApiClient Rate Limiting and Retry Logic should handle custom retry configuration" name="TallyApiClient Rate Limiting and Retry Logic should handle custom retry configuration" time="0">
    </testcase>
    <testcase classname="TallyApiClient Type-Safe API Methods with Zod Validation getSubmissions should validate and return submissions response" name="TallyApiClient Type-Safe API Methods with Zod Validation getSubmissions should validate and return submissions response" time="0.114">
      <failure>Error: expect(received).toEqual(expected) // deep equality

- Expected  -   7
+ Received  + 204

@@ -3,24 +3,221 @@
    &quot;limit&quot;: 10,
    &quot;page&quot;: 1,
    &quot;questions&quot;: Array [],
    &quot;submissions&quot;: Array [
      Object {
-       &quot;formId&quot;: &quot;form_123&quot;,
-       &quot;id&quot;: &quot;sub_1&quot;,
+       &quot;formId&quot;: &quot;form_123456789&quot;,
+       &quot;id&quot;: &quot;sub_000000001&quot;,
+       &quot;isCompleted&quot;: true,
+       &quot;respondentId&quot;: &quot;resp_000000001&quot;,
+       &quot;responses&quot;: Array [
+         Object {
+           &quot;questionId&quot;: &quot;q1&quot;,
+           &quot;value&quot;: &quot;User 1&quot;,
+         },
+         Object {
+           &quot;questionId&quot;: &quot;q2&quot;,
+           &quot;value&quot;: &quot;user1@example.com&quot;,
+         },
+         Object {
+           &quot;questionId&quot;: &quot;q3&quot;,
+           &quot;value&quot;: &quot;This is message 1 from a test user.&quot;,
+         },
+       ],
+       &quot;submittedAt&quot;: &quot;2025-06-12T13:21:49.720Z&quot;,
+     },
+     Object {
+       &quot;formId&quot;: &quot;form_123456789&quot;,
+       &quot;id&quot;: &quot;sub_000000002&quot;,
+       &quot;isCompleted&quot;: true,
+       &quot;respondentId&quot;: &quot;resp_000000002&quot;,
+       &quot;responses&quot;: Array [
+         Object {
+           &quot;questionId&quot;: &quot;q1&quot;,
+           &quot;value&quot;: &quot;User 2&quot;,
+         },
+         Object {
+           &quot;questionId&quot;: &quot;q2&quot;,
+           &quot;value&quot;: &quot;user2@example.com&quot;,
+         },
+         Object {
+           &quot;questionId&quot;: &quot;q3&quot;,
+           &quot;value&quot;: &quot;This is message 2 from a test user.&quot;,
+         },
+       ],
+       &quot;submittedAt&quot;: &quot;2025-06-11T13:21:49.720Z&quot;,
+     },
+     Object {
+       &quot;formId&quot;: &quot;form_123456789&quot;,
+       &quot;id&quot;: &quot;sub_000000003&quot;,
+       &quot;isCompleted&quot;: true,
+       &quot;respondentId&quot;: &quot;resp_000000003&quot;,
+       &quot;responses&quot;: Array [
+         Object {
+           &quot;questionId&quot;: &quot;q1&quot;,
+           &quot;value&quot;: &quot;User 3&quot;,
+         },
+         Object {
+           &quot;questionId&quot;: &quot;q2&quot;,
+           &quot;value&quot;: &quot;user3@example.com&quot;,
+         },
+         Object {
+           &quot;questionId&quot;: &quot;q3&quot;,
+           &quot;value&quot;: &quot;This is message 3 from a test user.&quot;,
+         },
+       ],
+       &quot;submittedAt&quot;: &quot;2025-06-10T13:21:49.720Z&quot;,
+     },
+     Object {
+       &quot;formId&quot;: &quot;form_123456789&quot;,
+       &quot;id&quot;: &quot;sub_000000004&quot;,
+       &quot;isCompleted&quot;: true,
+       &quot;respondentId&quot;: &quot;resp_000000004&quot;,
+       &quot;responses&quot;: Array [
+         Object {
+           &quot;questionId&quot;: &quot;q1&quot;,
+           &quot;value&quot;: &quot;User 4&quot;,
+         },
+         Object {
+           &quot;questionId&quot;: &quot;q2&quot;,
+           &quot;value&quot;: &quot;user4@example.com&quot;,
+         },
+         Object {
+           &quot;questionId&quot;: &quot;q3&quot;,
+           &quot;value&quot;: &quot;This is message 4 from a test user.&quot;,
+         },
+       ],
+       &quot;submittedAt&quot;: &quot;2025-06-09T13:21:49.720Z&quot;,
+     },
+     Object {
+       &quot;formId&quot;: &quot;form_123456789&quot;,
+       &quot;id&quot;: &quot;sub_000000005&quot;,
+       &quot;isCompleted&quot;: true,
+       &quot;respondentId&quot;: &quot;resp_000000005&quot;,
+       &quot;responses&quot;: Array [
+         Object {
+           &quot;questionId&quot;: &quot;q1&quot;,
+           &quot;value&quot;: &quot;User 5&quot;,
+         },
+         Object {
+           &quot;questionId&quot;: &quot;q2&quot;,
+           &quot;value&quot;: &quot;user5@example.com&quot;,
+         },
+         Object {
+           &quot;questionId&quot;: &quot;q3&quot;,
+           &quot;value&quot;: &quot;This is message 5 from a test user.&quot;,
+         },
+       ],
+       &quot;submittedAt&quot;: &quot;2025-06-08T13:21:49.720Z&quot;,
+     },
+     Object {
+       &quot;formId&quot;: &quot;form_123456789&quot;,
+       &quot;id&quot;: &quot;sub_000000006&quot;,
+       &quot;isCompleted&quot;: true,
+       &quot;respondentId&quot;: &quot;resp_000000006&quot;,
+       &quot;responses&quot;: Array [
+         Object {
+           &quot;questionId&quot;: &quot;q1&quot;,
+           &quot;value&quot;: &quot;User 6&quot;,
+         },
+         Object {
+           &quot;questionId&quot;: &quot;q2&quot;,
+           &quot;value&quot;: &quot;user6@example.com&quot;,
+         },
+         Object {
+           &quot;questionId&quot;: &quot;q3&quot;,
+           &quot;value&quot;: &quot;This is message 6 from a test user.&quot;,
+         },
+       ],
+       &quot;submittedAt&quot;: &quot;2025-06-07T13:21:49.720Z&quot;,
+     },
+     Object {
+       &quot;formId&quot;: &quot;form_123456789&quot;,
+       &quot;id&quot;: &quot;sub_000000007&quot;,
+       &quot;isCompleted&quot;: true,
+       &quot;respondentId&quot;: &quot;resp_000000007&quot;,
+       &quot;responses&quot;: Array [
+         Object {
+           &quot;questionId&quot;: &quot;q1&quot;,
+           &quot;value&quot;: &quot;User 7&quot;,
+         },
+         Object {
+           &quot;questionId&quot;: &quot;q2&quot;,
+           &quot;value&quot;: &quot;user7@example.com&quot;,
+         },
+         Object {
+           &quot;questionId&quot;: &quot;q3&quot;,
+           &quot;value&quot;: &quot;This is message 7 from a test user.&quot;,
+         },
+       ],
+       &quot;submittedAt&quot;: &quot;2025-06-06T13:21:49.720Z&quot;,
+     },
+     Object {
+       &quot;formId&quot;: &quot;form_123456789&quot;,
+       &quot;id&quot;: &quot;sub_000000008&quot;,
+       &quot;isCompleted&quot;: true,
+       &quot;respondentId&quot;: &quot;resp_000000008&quot;,
+       &quot;responses&quot;: Array [
+         Object {
+           &quot;questionId&quot;: &quot;q1&quot;,
+           &quot;value&quot;: &quot;User 8&quot;,
+         },
+         Object {
+           &quot;questionId&quot;: &quot;q2&quot;,
+           &quot;value&quot;: &quot;user8@example.com&quot;,
+         },
+         Object {
+           &quot;questionId&quot;: &quot;q3&quot;,
+           &quot;value&quot;: &quot;This is message 8 from a test user.&quot;,
+         },
+       ],
+       &quot;submittedAt&quot;: &quot;2025-06-05T13:21:49.720Z&quot;,
+     },
+     Object {
+       &quot;formId&quot;: &quot;form_123456789&quot;,
+       &quot;id&quot;: &quot;sub_000000009&quot;,
        &quot;isCompleted&quot;: true,
-       &quot;respondentId&quot;: &quot;resp_1&quot;,
+       &quot;respondentId&quot;: &quot;resp_000000009&quot;,
        &quot;responses&quot;: Array [
          Object {
            &quot;questionId&quot;: &quot;q1&quot;,
-           &quot;value&quot;: &quot;Test User&quot;,
+           &quot;value&quot;: &quot;User 9&quot;,
+         },
+         Object {
+           &quot;questionId&quot;: &quot;q2&quot;,
+           &quot;value&quot;: &quot;user9@example.com&quot;,
          },
+         Object {
+           &quot;questionId&quot;: &quot;q3&quot;,
+           &quot;value&quot;: &quot;This is message 9 from a test user.&quot;,
+         },
        ],
-       &quot;submittedAt&quot;: &quot;2025-06-13T13:21:49.612Z&quot;,
+       &quot;submittedAt&quot;: &quot;2025-06-04T13:21:49.720Z&quot;,
      },
+     Object {
+       &quot;formId&quot;: &quot;form_123456789&quot;,
+       &quot;id&quot;: &quot;sub_000000010&quot;,
+       &quot;isCompleted&quot;: true,
+       &quot;respondentId&quot;: &quot;resp_000000010&quot;,
+       &quot;responses&quot;: Array [
+         Object {
+           &quot;questionId&quot;: &quot;q1&quot;,
+           &quot;value&quot;: &quot;User 10&quot;,
+         },
+         Object {
+           &quot;questionId&quot;: &quot;q2&quot;,
+           &quot;value&quot;: &quot;user10@example.com&quot;,
+         },
+         Object {
+           &quot;questionId&quot;: &quot;q3&quot;,
+           &quot;value&quot;: &quot;This is message 10 from a test user.&quot;,
+         },
+       ],
+       &quot;submittedAt&quot;: &quot;2025-06-03T13:21:49.720Z&quot;,
+     },
    ],
    &quot;totalNumberOfSubmissionsPerFilter&quot;: Object {
-     &quot;all&quot;: 1,
-     &quot;completed&quot;: 1,
+     &quot;all&quot;: 10,
+     &quot;completed&quot;: 10,
      &quot;partial&quot;: 0,
    },
  }
    at Object.&lt;anonymous&gt; (/Users/cryophobic/dev/projects/tally-mcp/src/__tests__/TallyApiClient.test.ts:481:24)</failure>
    </testcase>
    <testcase classname="TallyApiClient Type-Safe API Methods with Zod Validation getSubmissions should throw validation error for invalid submissions response" name="TallyApiClient Type-Safe API Methods with Zod Validation getSubmissions should throw validation error for invalid submissions response" time="0.103">
      <failure>Error: expect(received).rejects.toThrow()

Received promise resolved instead of rejected
Resolved to value: {&quot;hasMore&quot;: false, &quot;limit&quot;: 10, &quot;page&quot;: 1, &quot;questions&quot;: [], &quot;submissions&quot;: [{&quot;formId&quot;: &quot;form_123456789&quot;, &quot;id&quot;: &quot;sub_000000001&quot;, &quot;isCompleted&quot;: true, &quot;respondentId&quot;: &quot;resp_000000001&quot;, &quot;responses&quot;: [{&quot;questionId&quot;: &quot;q1&quot;, &quot;value&quot;: &quot;User 1&quot;}, {&quot;questionId&quot;: &quot;q2&quot;, &quot;value&quot;: &quot;user1@example.com&quot;}, {&quot;questionId&quot;: &quot;q3&quot;, &quot;value&quot;: &quot;This is message 1 from a test user.&quot;}], &quot;submittedAt&quot;: &quot;2025-06-12T13:21:49.828Z&quot;}, {&quot;formId&quot;: &quot;form_123456789&quot;, &quot;id&quot;: &quot;sub_000000002&quot;, &quot;isCompleted&quot;: true, &quot;respondentId&quot;: &quot;resp_000000002&quot;, &quot;responses&quot;: [{&quot;questionId&quot;: &quot;q1&quot;, &quot;value&quot;: &quot;User 2&quot;}, {&quot;questionId&quot;: &quot;q2&quot;, &quot;value&quot;: &quot;user2@example.com&quot;}, {&quot;questionId&quot;: &quot;q3&quot;, &quot;value&quot;: &quot;This is message 2 from a test user.&quot;}], &quot;submittedAt&quot;: &quot;2025-06-11T13:21:49.828Z&quot;}, {&quot;formId&quot;: &quot;form_123456789&quot;, &quot;id&quot;: &quot;sub_000000003&quot;, &quot;isCompleted&quot;: true, &quot;respondentId&quot;: &quot;resp_000000003&quot;, &quot;responses&quot;: [{&quot;questionId&quot;: &quot;q1&quot;, &quot;value&quot;: &quot;User 3&quot;}, {&quot;questionId&quot;: &quot;q2&quot;, &quot;value&quot;: &quot;user3@example.com&quot;}, {&quot;questionId&quot;: &quot;q3&quot;, &quot;value&quot;: &quot;This is message 3 from a test user.&quot;}], &quot;submittedAt&quot;: &quot;2025-06-10T13:21:49.828Z&quot;}, {&quot;formId&quot;: &quot;form_123456789&quot;, &quot;id&quot;: &quot;sub_000000004&quot;, &quot;isCompleted&quot;: true, &quot;respondentId&quot;: &quot;resp_000000004&quot;, &quot;responses&quot;: [{&quot;questionId&quot;: &quot;q1&quot;, &quot;value&quot;: &quot;User 4&quot;}, {&quot;questionId&quot;: &quot;q2&quot;, &quot;value&quot;: &quot;user4@example.com&quot;}, {&quot;questionId&quot;: &quot;q3&quot;, &quot;value&quot;: &quot;This is message 4 from a test user.&quot;}], &quot;submittedAt&quot;: &quot;2025-06-09T13:21:49.828Z&quot;}, {&quot;formId&quot;: &quot;form_123456789&quot;, &quot;id&quot;: &quot;sub_000000005&quot;, &quot;isCompleted&quot;: true, &quot;respondentId&quot;: &quot;resp_000000005&quot;, &quot;responses&quot;: [{&quot;questionId&quot;: &quot;q1&quot;, &quot;value&quot;: &quot;User 5&quot;}, {&quot;questionId&quot;: &quot;q2&quot;, &quot;value&quot;: &quot;user5@example.com&quot;}, {&quot;questionId&quot;: &quot;q3&quot;, &quot;value&quot;: &quot;This is message 5 from a test user.&quot;}], &quot;submittedAt&quot;: &quot;2025-06-08T13:21:49.828Z&quot;}, {&quot;formId&quot;: &quot;form_123456789&quot;, &quot;id&quot;: &quot;sub_000000006&quot;, &quot;isCompleted&quot;: true, &quot;respondentId&quot;: &quot;resp_000000006&quot;, &quot;responses&quot;: [{&quot;questionId&quot;: &quot;q1&quot;, &quot;value&quot;: &quot;User 6&quot;}, {&quot;questionId&quot;: &quot;q2&quot;, &quot;value&quot;: &quot;user6@example.com&quot;}, {&quot;questionId&quot;: &quot;q3&quot;, &quot;value&quot;: &quot;This is message 6 from a test user.&quot;}], &quot;submittedAt&quot;: &quot;2025-06-07T13:21:49.828Z&quot;}, {&quot;formId&quot;: &quot;form_123456789&quot;, &quot;id&quot;: &quot;sub_000000007&quot;, &quot;isCompleted&quot;: true, &quot;respondentId&quot;: &quot;resp_000000007&quot;, &quot;responses&quot;: [{&quot;questionId&quot;: &quot;q1&quot;, &quot;value&quot;: &quot;User 7&quot;}, {&quot;questionId&quot;: &quot;q2&quot;, &quot;value&quot;: &quot;user7@example.com&quot;}, {&quot;questionId&quot;: &quot;q3&quot;, &quot;value&quot;: &quot;This is message 7 from a test user.&quot;}], &quot;submittedAt&quot;: &quot;2025-06-06T13:21:49.828Z&quot;}, {&quot;formId&quot;: &quot;form_123456789&quot;, &quot;id&quot;: &quot;sub_000000008&quot;, &quot;isCompleted&quot;: true, &quot;respondentId&quot;: &quot;resp_000000008&quot;, &quot;responses&quot;: [{&quot;questionId&quot;: &quot;q1&quot;, &quot;value&quot;: &quot;User 8&quot;}, {&quot;questionId&quot;: &quot;q2&quot;, &quot;value&quot;: &quot;user8@example.com&quot;}, {&quot;questionId&quot;: &quot;q3&quot;, &quot;value&quot;: &quot;This is message 8 from a test user.&quot;}], &quot;submittedAt&quot;: &quot;2025-06-05T13:21:49.828Z&quot;}, {&quot;formId&quot;: &quot;form_123456789&quot;, &quot;id&quot;: &quot;sub_000000009&quot;, &quot;isCompleted&quot;: true, &quot;respondentId&quot;: &quot;resp_000000009&quot;, &quot;responses&quot;: [{&quot;questionId&quot;: &quot;q1&quot;, &quot;value&quot;: &quot;User 9&quot;}, {&quot;questionId&quot;: &quot;q2&quot;, &quot;value&quot;: &quot;user9@example.com&quot;}, {&quot;questionId&quot;: &quot;q3&quot;, &quot;value&quot;: &quot;This is message 9 from a test user.&quot;}], &quot;submittedAt&quot;: &quot;2025-06-04T13:21:49.828Z&quot;}, {&quot;formId&quot;: &quot;form_123456789&quot;, &quot;id&quot;: &quot;sub_000000010&quot;, &quot;isCompleted&quot;: true, &quot;respondentId&quot;: &quot;resp_000000010&quot;, &quot;responses&quot;: [{&quot;questionId&quot;: &quot;q1&quot;, &quot;value&quot;: &quot;User 10&quot;}, {&quot;questionId&quot;: &quot;q2&quot;, &quot;value&quot;: &quot;user10@example.com&quot;}, {&quot;questionId&quot;: &quot;q3&quot;, &quot;value&quot;: &quot;This is message 10 from a test user.&quot;}], &quot;submittedAt&quot;: &quot;2025-06-03T13:21:49.828Z&quot;}], &quot;totalNumberOfSubmissionsPerFilter&quot;: {&quot;all&quot;: 10, &quot;completed&quot;: 10, &quot;partial&quot;: 0}}
    at expect (/Users/cryophobic/dev/projects/tally-mcp/node_modules/expect/build/index.js:113:15)
    at Object.&lt;anonymous&gt; (/Users/cryophobic/dev/projects/tally-mcp/src/__tests__/TallyApiClient.test.ts:504:15)
    at Promise.then.completed (/Users/cryophobic/dev/projects/tally-mcp/node_modules/jest-circus/build/utils.js:298:28)
    at new Promise (&lt;anonymous&gt;)
    at callAsyncCircusFn (/Users/cryophobic/dev/projects/tally-mcp/node_modules/jest-circus/build/utils.js:231:10)
    at _callCircusTest (/Users/cryophobic/dev/projects/tally-mcp/node_modules/jest-circus/build/run.js:316:40)
    at _runTest (/Users/cryophobic/dev/projects/tally-mcp/node_modules/jest-circus/build/run.js:252:3)
    at _runTestsForDescribeBlock (/Users/cryophobic/dev/projects/tally-mcp/node_modules/jest-circus/build/run.js:126:9)
    at _runTestsForDescribeBlock (/Users/cryophobic/dev/projects/tally-mcp/node_modules/jest-circus/build/run.js:121:9)
    at _runTestsForDescribeBlock (/Users/cryophobic/dev/projects/tally-mcp/node_modules/jest-circus/build/run.js:121:9)
    at _runTestsForDescribeBlock (/Users/cryophobic/dev/projects/tally-mcp/node_modules/jest-circus/build/run.js:121:9)
    at run (/Users/cryophobic/dev/projects/tally-mcp/node_modules/jest-circus/build/run.js:71:3)
    at runAndTransformResultsToJestFormat (/Users/cryophobic/dev/projects/tally-mcp/node_modules/jest-circus/build/legacy-code-todo-rewrite/jestAdapterInit.js:122:21)
    at jestAdapter (/Users/cryophobic/dev/projects/tally-mcp/node_modules/jest-circus/build/legacy-code-todo-rewrite/jestAdapter.js:79:19)
    at runTestInternal (/Users/cryophobic/dev/projects/tally-mcp/node_modules/jest-runner/build/runTest.js:367:16)
    at runTest (/Users/cryophobic/dev/projects/tally-mcp/node_modules/jest-runner/build/runTest.js:444:34)</failure>
    </testcase>
    <testcase classname="TallyApiClient Type-Safe API Methods with Zod Validation getForm should validate and return form data" name="TallyApiClient Type-Safe API Methods with Zod Validation getForm should validate and return form data" time="0.106">
      <failure>Error: expect(received).toEqual(expected) // deep equality

- Expected  - 2
+ Received  + 2

  Object {
-   &quot;createdAt&quot;: &quot;2025-06-13T13:21:49.830Z&quot;,
+   &quot;createdAt&quot;: &quot;2024-01-01T00:00:00Z&quot;,
    &quot;description&quot;: &quot;Get in touch with our team&quot;,
    &quot;embedUrl&quot;: &quot;https://tally.so/embed/form_123456789&quot;,
    &quot;id&quot;: &quot;form123&quot;,
    &quot;isPublished&quot;: true,
    &quot;status&quot;: &quot;published&quot;,
    &quot;submissionsCount&quot;: 42,
    &quot;title&quot;: &quot;Contact Us&quot;,
-   &quot;updatedAt&quot;: &quot;2025-06-13T13:21:49.830Z&quot;,
+   &quot;updatedAt&quot;: &quot;2024-01-01T00:00:00Z&quot;,
    &quot;url&quot;: &quot;https://tally.so/r/form_123456789&quot;,
  }
    at Object.&lt;anonymous&gt; (/Users/cryophobic/dev/projects/tally-mcp/src/__tests__/TallyApiClient.test.ts:539:24)</failure>
    </testcase>
    <testcase classname="TallyApiClient Type-Safe API Methods with Zod Validation getForm should throw validation error for invalid form response" name="TallyApiClient Type-Safe API Methods with Zod Validation getForm should throw validation error for invalid form response" time="0.103">
      <failure>Error: expect(received).rejects.toThrow()

Received promise resolved instead of rejected
Resolved to value: {&quot;createdAt&quot;: &quot;2024-01-01T00:00:00Z&quot;, &quot;description&quot;: &quot;Get in touch with our team&quot;, &quot;embedUrl&quot;: &quot;https://tally.so/embed/form_123456789&quot;, &quot;id&quot;: &quot;form123&quot;, &quot;isPublished&quot;: true, &quot;status&quot;: &quot;published&quot;, &quot;submissionsCount&quot;: 42, &quot;title&quot;: &quot;Contact Us&quot;, &quot;updatedAt&quot;: &quot;2024-01-01T00:00:00Z&quot;, &quot;url&quot;: &quot;https://tally.so/r/form_123456789&quot;}
    at expect (/Users/cryophobic/dev/projects/tally-mcp/node_modules/expect/build/index.js:113:15)
    at Object.&lt;anonymous&gt; (/Users/cryophobic/dev/projects/tally-mcp/src/__tests__/TallyApiClient.test.ts:562:15)
    at Promise.then.completed (/Users/cryophobic/dev/projects/tally-mcp/node_modules/jest-circus/build/utils.js:298:28)
    at new Promise (&lt;anonymous&gt;)
    at callAsyncCircusFn (/Users/cryophobic/dev/projects/tally-mcp/node_modules/jest-circus/build/utils.js:231:10)
    at _callCircusTest (/Users/cryophobic/dev/projects/tally-mcp/node_modules/jest-circus/build/run.js:316:40)
    at _runTest (/Users/cryophobic/dev/projects/tally-mcp/node_modules/jest-circus/build/run.js:252:3)
    at _runTestsForDescribeBlock (/Users/cryophobic/dev/projects/tally-mcp/node_modules/jest-circus/build/run.js:126:9)
    at _runTestsForDescribeBlock (/Users/cryophobic/dev/projects/tally-mcp/node_modules/jest-circus/build/run.js:121:9)
    at _runTestsForDescribeBlock (/Users/cryophobic/dev/projects/tally-mcp/node_modules/jest-circus/build/run.js:121:9)
    at _runTestsForDescribeBlock (/Users/cryophobic/dev/projects/tally-mcp/node_modules/jest-circus/build/run.js:121:9)
    at run (/Users/cryophobic/dev/projects/tally-mcp/node_modules/jest-circus/build/run.js:71:3)
    at runAndTransformResultsToJestFormat (/Users/cryophobic/dev/projects/tally-mcp/node_modules/jest-circus/build/legacy-code-todo-rewrite/jestAdapterInit.js:122:21)
    at jestAdapter (/Users/cryophobic/dev/projects/tally-mcp/node_modules/jest-circus/build/legacy-code-todo-rewrite/jestAdapter.js:79:19)
    at runTestInternal (/Users/cryophobic/dev/projects/tally-mcp/node_modules/jest-runner/build/runTest.js:367:16)
    at runTest (/Users/cryophobic/dev/projects/tally-mcp/node_modules/jest-runner/build/runTest.js:444:34)</failure>
    </testcase>
    <testcase classname="TallyApiClient Type-Safe API Methods with Zod Validation validateResponse should return success result for valid data" name="TallyApiClient Type-Safe API Methods with Zod Validation validateResponse should return success result for valid data" time="0.003">
    </testcase>
    <testcase classname="TallyApiClient Type-Safe API Methods with Zod Validation validateResponse should return error result for invalid data" name="TallyApiClient Type-Safe API Methods with Zod Validation validateResponse should return error result for invalid data" time="0.001">
    </testcase>
    <testcase classname="TallyApiClient Type-Safe API Methods with Zod Validation requestWithValidation should make request and validate response with schema" name="TallyApiClient Type-Safe API Methods with Zod Validation requestWithValidation should make request and validate response with schema" time="0.001">
    </testcase>
    <testcase classname="TallyApiClient Type-Safe API Methods with Zod Validation requestWithValidation should throw validation error for invalid response data" name="TallyApiClient Type-Safe API Methods with Zod Validation requestWithValidation should throw validation error for invalid response data" time="0.016">
    </testcase>
  </testsuite>
  <testsuite name="Health Check Endpoint and Monitoring" errors="0" failures="1" skipped="0" timestamp="2025-06-13T13:21:50" time="0.414" tests="12">
    <testcase classname="Health Check Endpoint and Monitoring Health Metrics Collection should collect comprehensive health metrics" name="Health Check Endpoint and Monitoring Health Metrics Collection should collect comprehensive health metrics" time="0.007">
    </testcase>
    <testcase classname="Health Check Endpoint and Monitoring Health Metrics Collection should track uptime correctly" name="Health Check Endpoint and Monitoring Health Metrics Collection should track uptime correctly" time="0.101">
    </testcase>
    <testcase classname="Health Check Endpoint and Monitoring Health Metrics Collection should report healthy status for running server" name="Health Check Endpoint and Monitoring Health Metrics Collection should report healthy status for running server" time="0.002">
    </testcase>
    <testcase classname="Health Check Endpoint and Monitoring Health Check Endpoint should respond to /health endpoint with comprehensive metrics" name="Health Check Endpoint and Monitoring Health Check Endpoint should respond to /health endpoint with comprehensive metrics" time="0.003">
    </testcase>
    <testcase classname="Health Check Endpoint and Monitoring Health Check Endpoint should return 503 status when server is unhealthy" name="Health Check Endpoint and Monitoring Health Check Endpoint should return 503 status when server is unhealthy" time="0.002">
    </testcase>
    <testcase classname="Health Check Endpoint and Monitoring Health Check Endpoint should handle health check errors gracefully" name="Health Check Endpoint and Monitoring Health Check Endpoint should handle health check errors gracefully" time="0.002">
    </testcase>
    <testcase classname="Health Check Endpoint and Monitoring Request Statistics Tracking should track request counts" name="Health Check Endpoint and Monitoring Request Statistics Tracking should track request counts" time="0.003">
      <failure>Error: expect(received).toBeGreaterThan(expected)

Expected: &gt; 0
Received:   0
    at Object.&lt;anonymous&gt; (/Users/cryophobic/dev/projects/tally-mcp/src/__tests__/health-check.test.ts:191:45)
    at processTicksAndRejections (node:internal/process/task_queues:95:5)</failure>
    </testcase>
    <testcase classname="Health Check Endpoint and Monitoring Request Statistics Tracking should track error counts" name="Health Check Endpoint and Monitoring Request Statistics Tracking should track error counts" time="0.104">
    </testcase>
    <testcase classname="Health Check Endpoint and Monitoring Backward Compatibility should maintain basic info endpoint at /" name="Health Check Endpoint and Monitoring Backward Compatibility should maintain basic info endpoint at /" time="0.002">
    </testcase>
    <testcase classname="Health Check Endpoint and Monitoring System Resource Monitoring should provide valid memory statistics" name="Health Check Endpoint and Monitoring System Resource Monitoring should provide valid memory statistics" time="0.002">
    </testcase>
    <testcase classname="Health Check Endpoint and Monitoring System Resource Monitoring should provide valid CPU statistics" name="Health Check Endpoint and Monitoring System Resource Monitoring should provide valid CPU statistics" time="0.002">
    </testcase>
    <testcase classname="Health Check Endpoint and Monitoring System Resource Monitoring should provide valid system information" name="Health Check Endpoint and Monitoring System Resource Monitoring should provide valid system information" time="0.002">
    </testcase>
  </testsuite>
  <testsuite name="Security Middleware" errors="0" failures="4" skipped="0" timestamp="2025-06-13T13:21:50" time="0.376" tests="24">
    <testcase classname="Security Middleware CORS Configuration should handle preflight OPTIONS requests" name="Security Middleware CORS Configuration should handle preflight OPTIONS requests" time="0.019">
    </testcase>
    <testcase classname="Security Middleware CORS Configuration should allow GET requests with CORS headers" name="Security Middleware CORS Configuration should allow GET requests with CORS headers" time="0.018">
    </testcase>
    <testcase classname="Security Middleware CORS Configuration should expose rate limit headers" name="Security Middleware CORS Configuration should expose rate limit headers" time="0.004">
    </testcase>
    <testcase classname="Security Middleware CORS with Environment Configuration should allow requests from allowed origins" name="Security Middleware CORS with Environment Configuration should allow requests from allowed origins" time="0.005">
    </testcase>
    <testcase classname="Security Middleware CORS with Environment Configuration should reject requests from disallowed origins" name="Security Middleware CORS with Environment Configuration should reject requests from disallowed origins" time="0.004">
    </testcase>
    <testcase classname="Security Middleware Security Headers should set Content Security Policy header" name="Security Middleware Security Headers should set Content Security Policy header" time="0.006">
    </testcase>
    <testcase classname="Security Middleware Security Headers should set HSTS header" name="Security Middleware Security Headers should set HSTS header" time="0.004">
    </testcase>
    <testcase classname="Security Middleware Security Headers should set X-Content-Type-Options header" name="Security Middleware Security Headers should set X-Content-Type-Options header" time="0.005">
    </testcase>
    <testcase classname="Security Middleware Security Headers should set X-Frame-Options header" name="Security Middleware Security Headers should set X-Frame-Options header" time="0.006">
    </testcase>
    <testcase classname="Security Middleware Security Headers should remove X-Powered-By header" name="Security Middleware Security Headers should remove X-Powered-By header" time="0.004">
    </testcase>
    <testcase classname="Security Middleware Security Headers should set Referrer-Policy header" name="Security Middleware Security Headers should set Referrer-Policy header" time="0.004">
    </testcase>
    <testcase classname="Security Middleware Custom Security Middleware should set custom API version header" name="Security Middleware Custom Security Middleware should set custom API version header" time="0.006">
    </testcase>
    <testcase classname="Security Middleware Custom Security Middleware should set request ID header" name="Security Middleware Custom Security Middleware should set request ID header" time="0.004">
    </testcase>
    <testcase classname="Security Middleware Custom Security Middleware should set no-cache headers for non-GET API endpoints" name="Security Middleware Custom Security Middleware should set no-cache headers for non-GET API endpoints" time="0.004">
    </testcase>
    <testcase classname="Security Middleware Custom Security Middleware should add timing protection for auth endpoints" name="Security Middleware Custom Security Middleware should add timing protection for auth endpoints" time="0.051">
    </testcase>
    <testcase classname="Security Middleware Security Logger should log security information for requests" name="Security Middleware Security Logger should log security information for requests" time="0.005">
    </testcase>
    <testcase classname="Security Middleware Security Validation should allow normal requests" name="Security Middleware Security Validation should allow normal requests" time="0.005">
    </testcase>
    <testcase classname="Security Middleware Security Validation should block directory traversal attempts" name="Security Middleware Security Validation should block directory traversal attempts" time="0.005">
      <failure>Error: expect(received).toBe(expected) // Object.is equality

Expected: 400
Received: 200
    at Object.&lt;anonymous&gt; (/Users/cryophobic/dev/projects/tally-mcp/src/middleware/__tests__/security.test.ts:191:31)
    at processTicksAndRejections (node:internal/process/task_queues:95:5)</failure>
    </testcase>
    <testcase classname="Security Middleware Security Validation should block XSS attempts in URL" name="Security Middleware Security Validation should block XSS attempts in URL" time="0.004">
    </testcase>
    <testcase classname="Security Middleware Security Validation should reject negative Content-Length" name="Security Middleware Security Validation should reject negative Content-Length" time="0.004">
      <failure>Error: expect(received).toBe(expected) // Object.is equality

Expected: &quot;INVALID_CONTENT_LENGTH&quot;
Received: undefined
    at Object.&lt;anonymous&gt; (/Users/cryophobic/dev/projects/tally-mcp/src/middleware/__tests__/security.test.ts:207:34)
    at processTicksAndRejections (node:internal/process/task_queues:95:5)</failure>
    </testcase>
    <testcase classname="Security Middleware Security Validation should reject oversized payloads" name="Security Middleware Security Validation should reject oversized payloads" time="0.019">
    </testcase>
    <testcase classname="Security Middleware Security Validation should warn about invalid User-Agent headers" name="Security Middleware Security Validation should warn about invalid User-Agent headers" time="0.005">
      <failure>Error: expect(jest.fn()).toHaveBeenCalledWith(...expected)

Expected: &quot;Security Warning: Missing or empty User-Agent header.&quot;

Number of calls: 0
    at Object.&lt;anonymous&gt; (/Users/cryophobic/dev/projects/tally-mcp/src/middleware/__tests__/security.test.ts:219:30)
    at processTicksAndRejections (node:internal/process/task_queues:95:5)</failure>
    </testcase>
    <testcase classname="Security Middleware Security Validation should warn about oversized User-Agent headers" name="Security Middleware Security Validation should warn about oversized User-Agent headers" time="0.004">
      <failure>Error: expect(jest.fn()).toHaveBeenCalledWith(...expected)

Expected: &quot;Security Warning: Oversized User-Agent header: 300 chars&quot;

Number of calls: 0
    at Object.&lt;anonymous&gt; (/Users/cryophobic/dev/projects/tally-mcp/src/middleware/__tests__/security.test.ts:224:30)
    at processTicksAndRejections (node:internal/process/task_queues:95:5)</failure>
    </testcase>
    <testcase classname="Security Middleware Complete Security Middleware Stack should block malicious requests even with full stack" name="Security Middleware Complete Security Middleware Stack should block malicious requests even with full stack" time="0.004">
    </testcase>
  </testsuite>
  <testsuite name="FormSharingTool" errors="0" failures="8" skipped="0" timestamp="2025-06-13T13:21:51" time="0.286" tests="37">
    <testcase classname="FormSharingTool constructor should create an instance with FormPublicationService" name="FormSharingTool constructor should create an instance with FormPublicationService" time="0.021">
    </testcase>
    <testcase classname="FormSharingTool publishForm should publish form successfully with minimal input" name="FormSharingTool publishForm should publish form successfully with minimal input" time="0.001">
    </testcase>
    <testcase classname="FormSharingTool publishForm should publish form with all optional parameters" name="FormSharingTool publishForm should publish form with all optional parameters" time="0.001">
    </testcase>
    <testcase classname="FormSharingTool publishForm should handle publication errors" name="FormSharingTool publishForm should handle publication errors" time="0.001">
    </testcase>
    <testcase classname="FormSharingTool publishForm should handle unknown errors" name="FormSharingTool publishForm should handle unknown errors" time="0.001">
    </testcase>
    <testcase classname="FormSharingTool publishForm should filter out undefined optional parameters" name="FormSharingTool publishForm should filter out undefined optional parameters" time="0.004">
    </testcase>
    <testcase classname="FormSharingTool unpublishForm should unpublish form successfully" name="FormSharingTool unpublishForm should unpublish form successfully" time="0.013">
    </testcase>
    <testcase classname="FormSharingTool unpublishForm should handle unpublish errors" name="FormSharingTool unpublishForm should handle unpublish errors" time="0.009">
    </testcase>
    <testcase classname="FormSharingTool getPublicationSettings should get publication settings successfully" name="FormSharingTool getPublicationSettings should get publication settings successfully" time="0.004">
    </testcase>
    <testcase classname="FormSharingTool getPublicationSettings should handle get settings errors" name="FormSharingTool getPublicationSettings should handle get settings errors" time="0.002">
    </testcase>
    <testcase classname="FormSharingTool updatePublicationSettings should update publication settings successfully" name="FormSharingTool updatePublicationSettings should update publication settings successfully" time="0.001">
      <failure>Error: expect(jest.fn()).toHaveBeenCalledWith(...expected)

- Expected
+ Received

  &quot;form-123&quot;,
  Object {
-   &quot;maxSubmissions&quot;: 100,
    &quot;password&quot;: &quot;newpassword&quot;,
    &quot;visibility&quot;: &quot;private&quot;,
  },

Number of calls: 1
    at Object.&lt;anonymous&gt; (/Users/cryophobic/dev/projects/tally-mcp/src/tools/__tests__/form-sharing-tool.test.ts:312:64)</failure>
    </testcase>
    <testcase classname="FormSharingTool updatePublicationSettings should filter out undefined values from settings" name="FormSharingTool updatePublicationSettings should filter out undefined values from settings" time="0.001">
      <failure>Error: expect(jest.fn()).toHaveBeenCalledWith(...expected)

- Expected
+ Received

  &quot;form-123&quot;,
  Object {
-   &quot;maxSubmissions&quot;: 100,
    &quot;visibility&quot;: &quot;private&quot;,
  },

Number of calls: 1
    at Object.&lt;anonymous&gt; (/Users/cryophobic/dev/projects/tally-mcp/src/tools/__tests__/form-sharing-tool.test.ts:338:64)</failure>
    </testcase>
    <testcase classname="FormSharingTool updatePublicationSettings should handle update settings errors" name="FormSharingTool updatePublicationSettings should handle update settings errors" time="0.001">
    </testcase>
    <testcase classname="FormSharingTool generateEmbedCode should generate embed code successfully with minimal input" name="FormSharingTool generateEmbedCode should generate embed code successfully with minimal input" time="0.001">
    </testcase>
    <testcase classname="FormSharingTool generateEmbedCode should generate embed code with all options" name="FormSharingTool generateEmbedCode should generate embed code with all options" time="0.001">
    </testcase>
    <testcase classname="FormSharingTool generateEmbedCode should handle embed code generation errors" name="FormSharingTool generateEmbedCode should handle embed code generation errors" time="0">
    </testcase>
    <testcase classname="FormSharingTool generateShareLink should generate share link successfully" name="FormSharingTool generateShareLink should generate share link successfully" time="0.001">
      <failure>Error: expect(jest.fn()).toHaveBeenCalledWith(...expected)

Expected: &quot;form-123&quot;, {&quot;customSlug&quot;: &quot;my-form&quot;, &quot;type&quot;: undefined}

Number of calls: 0
    at Object.&lt;anonymous&gt; (/Users/cryophobic/dev/projects/tally-mcp/src/tools/__tests__/form-sharing-tool.test.ts:451:56)</failure>
    </testcase>
    <testcase classname="FormSharingTool generateShareLink should generate share link with security options" name="FormSharingTool generateShareLink should generate share link with security options" time="0.003">
      <failure>Error: expect(jest.fn()).toHaveBeenCalledWith(...expected)

Expected: &quot;form-123&quot;, {&quot;expirationHours&quot;: 24, &quot;maxUses&quot;: 100, &quot;password&quot;: &quot;secret&quot;, &quot;trackingEnabled&quot;: true, &quot;type&quot;: undefined}

Number of calls: 0
    at Object.&lt;anonymous&gt; (/Users/cryophobic/dev/projects/tally-mcp/src/tools/__tests__/form-sharing-tool.test.ts:480:56)</failure>
    </testcase>
    <testcase classname="FormSharingTool generateShareLink should handle share link generation errors" name="FormSharingTool generateShareLink should handle share link generation errors" time="0.002">
      <failure>Error: expect(received).toEqual(expected) // deep equality

- Expected  -  1
+ Received  + 11

  Object {
-   &quot;error&quot;: &quot;Link generation failed&quot;,
+   &quot;error&quot;: &quot;[
+   {
+     \&quot;expected\&quot;: \&quot;&apos;standard&apos; | &apos;embed&apos; | &apos;qr_code&apos; | &apos;social&apos;\&quot;,
+     \&quot;received\&quot;: \&quot;undefined\&quot;,
+     \&quot;code\&quot;: \&quot;invalid_type\&quot;,
+     \&quot;path\&quot;: [
+       \&quot;type\&quot;
+     ],
+     \&quot;message\&quot;: \&quot;Required\&quot;
+   }
+ ]&quot;,
    &quot;message&quot;: &quot;Failed to generate share link&quot;,
    &quot;success&quot;: false,
  }
    at Object.&lt;anonymous&gt; (/Users/cryophobic/dev/projects/tally-mcp/src/tools/__tests__/form-sharing-tool.test.ts:500:22)</failure>
    </testcase>
    <testcase classname="FormSharingTool getShareLinks should get share links successfully" name="FormSharingTool getShareLinks should get share links successfully" time="0.001">
    </testcase>
    <testcase classname="FormSharingTool getShareLinks should handle get share links errors" name="FormSharingTool getShareLinks should handle get share links errors" time="0">
    </testcase>
    <testcase classname="FormSharingTool deactivateShareLink should deactivate share link successfully" name="FormSharingTool deactivateShareLink should deactivate share link successfully" time="0.001">
    </testcase>
    <testcase classname="FormSharingTool deactivateShareLink should handle deactivate share link errors" name="FormSharingTool deactivateShareLink should handle deactivate share link errors" time="0.001">
    </testcase>
    <testcase classname="FormSharingTool getFormSharingStats should get sharing stats successfully" name="FormSharingTool getFormSharingStats should get sharing stats successfully" time="0">
    </testcase>
    <testcase classname="FormSharingTool getFormSharingStats should handle get sharing stats errors" name="FormSharingTool getFormSharingStats should handle get sharing stats errors" time="0.001">
    </testcase>
    <testcase classname="FormSharingTool getFormAnalytics should get analytics with default period" name="FormSharingTool getFormAnalytics should get analytics with default period" time="0.001">
    </testcase>
    <testcase classname="FormSharingTool getFormAnalytics should get analytics with custom period" name="FormSharingTool getFormAnalytics should get analytics with custom period" time="0.001">
    </testcase>
    <testcase classname="FormSharingTool getFormAnalytics should handle get analytics errors" name="FormSharingTool getFormAnalytics should handle get analytics errors" time="0.001">
    </testcase>
    <testcase classname="FormSharingTool performBulkOperation should perform bulk publish operation successfully" name="FormSharingTool performBulkOperation should perform bulk publish operation successfully" time="0.002">
    </testcase>
    <testcase classname="FormSharingTool performBulkOperation should perform bulk operation without settings" name="FormSharingTool performBulkOperation should perform bulk operation without settings" time="0.003">
    </testcase>
    <testcase classname="FormSharingTool performBulkOperation should handle bulk operation errors" name="FormSharingTool performBulkOperation should handle bulk operation errors" time="0.001">
    </testcase>
    <testcase classname="FormSharingTool validateFormForPublication should validate form successfully when form can be published" name="FormSharingTool validateFormForPublication should validate form successfully when form can be published" time="0">
    </testcase>
    <testcase classname="FormSharingTool validateFormForPublication should validate form with validation issues" name="FormSharingTool validateFormForPublication should validate form with validation issues" time="0.001">
    </testcase>
    <testcase classname="FormSharingTool validateFormForPublication should handle validation errors" name="FormSharingTool validateFormForPublication should handle validation errors" time="0.001">
    </testcase>
    <testcase classname="FormSharingTool edge cases and error handling should handle empty form IDs array in bulk operation" name="FormSharingTool edge cases and error handling should handle empty form IDs array in bulk operation" time="0">
      <failure>Error: expect(received).rejects.toThrow()

Received promise resolved instead of rejected
Resolved to value: {&quot;error&quot;: &quot;[
  {
    \&quot;code\&quot;: \&quot;too_small\&quot;,
    \&quot;minimum\&quot;: 1,
    \&quot;type\&quot;: \&quot;array\&quot;,
    \&quot;inclusive\&quot;: true,
    \&quot;exact\&quot;: false,
    \&quot;message\&quot;: \&quot;Array must contain at least 1 element(s)\&quot;,
    \&quot;path\&quot;: [
      \&quot;formIds\&quot;
    ]
  }
]&quot;, &quot;message&quot;: &quot;Failed to perform bulk operation&quot;, &quot;success&quot;: false}
    at expect (/Users/cryophobic/dev/projects/tally-mcp/node_modules/expect/build/index.js:113:15)
    at Object.&lt;anonymous&gt; (/Users/cryophobic/dev/projects/tally-mcp/src/tools/__tests__/form-sharing-tool.test.ts:830:13)
    at Promise.then.completed (/Users/cryophobic/dev/projects/tally-mcp/node_modules/jest-circus/build/utils.js:298:28)
    at new Promise (&lt;anonymous&gt;)
    at callAsyncCircusFn (/Users/cryophobic/dev/projects/tally-mcp/node_modules/jest-circus/build/utils.js:231:10)
    at _callCircusTest (/Users/cryophobic/dev/projects/tally-mcp/node_modules/jest-circus/build/run.js:316:40)
    at _runTest (/Users/cryophobic/dev/projects/tally-mcp/node_modules/jest-circus/build/run.js:252:3)
    at _runTestsForDescribeBlock (/Users/cryophobic/dev/projects/tally-mcp/node_modules/jest-circus/build/run.js:126:9)
    at _runTestsForDescribeBlock (/Users/cryophobic/dev/projects/tally-mcp/node_modules/jest-circus/build/run.js:121:9)
    at _runTestsForDescribeBlock (/Users/cryophobic/dev/projects/tally-mcp/node_modules/jest-circus/build/run.js:121:9)
    at run (/Users/cryophobic/dev/projects/tally-mcp/node_modules/jest-circus/build/run.js:71:3)
    at runAndTransformResultsToJestFormat (/Users/cryophobic/dev/projects/tally-mcp/node_modules/jest-circus/build/legacy-code-todo-rewrite/jestAdapterInit.js:122:21)
    at jestAdapter (/Users/cryophobic/dev/projects/tally-mcp/node_modules/jest-circus/build/legacy-code-todo-rewrite/jestAdapter.js:79:19)
    at runTestInternal (/Users/cryophobic/dev/projects/tally-mcp/node_modules/jest-runner/build/runTest.js:367:16)
    at runTest (/Users/cryophobic/dev/projects/tally-mcp/node_modules/jest-runner/build/runTest.js:444:34)</failure>
    </testcase>
    <testcase classname="FormSharingTool edge cases and error handling should handle invalid email in notification emails" name="FormSharingTool edge cases and error handling should handle invalid email in notification emails" time="0">
      <failure>Error: expect(received).rejects.toThrow()

Received promise resolved instead of rejected
Resolved to value: {&quot;error&quot;: &quot;[
  {
    \&quot;validation\&quot;: \&quot;email\&quot;,
    \&quot;code\&quot;: \&quot;invalid_string\&quot;,
    \&quot;message\&quot;: \&quot;Invalid email\&quot;,
    \&quot;path\&quot;: [
      \&quot;notificationEmails\&quot;,
      0
    ]
  }
]&quot;, &quot;message&quot;: &quot;Failed to publish form&quot;, &quot;success&quot;: false}
    at expect (/Users/cryophobic/dev/projects/tally-mcp/node_modules/expect/build/index.js:113:15)
    at Object.&lt;anonymous&gt; (/Users/cryophobic/dev/projects/tally-mcp/src/tools/__tests__/form-sharing-tool.test.ts:842:13)
    at Promise.then.completed (/Users/cryophobic/dev/projects/tally-mcp/node_modules/jest-circus/build/utils.js:298:28)
    at new Promise (&lt;anonymous&gt;)
    at callAsyncCircusFn (/Users/cryophobic/dev/projects/tally-mcp/node_modules/jest-circus/build/utils.js:231:10)
    at _callCircusTest (/Users/cryophobic/dev/projects/tally-mcp/node_modules/jest-circus/build/run.js:316:40)
    at _runTest (/Users/cryophobic/dev/projects/tally-mcp/node_modules/jest-circus/build/run.js:252:3)
    at _runTestsForDescribeBlock (/Users/cryophobic/dev/projects/tally-mcp/node_modules/jest-circus/build/run.js:126:9)
    at _runTestsForDescribeBlock (/Users/cryophobic/dev/projects/tally-mcp/node_modules/jest-circus/build/run.js:121:9)
    at _runTestsForDescribeBlock (/Users/cryophobic/dev/projects/tally-mcp/node_modules/jest-circus/build/run.js:121:9)
    at run (/Users/cryophobic/dev/projects/tally-mcp/node_modules/jest-circus/build/run.js:71:3)
    at runAndTransformResultsToJestFormat (/Users/cryophobic/dev/projects/tally-mcp/node_modules/jest-circus/build/legacy-code-todo-rewrite/jestAdapterInit.js:122:21)
    at jestAdapter (/Users/cryophobic/dev/projects/tally-mcp/node_modules/jest-circus/build/legacy-code-todo-rewrite/jestAdapter.js:79:19)
    at runTestInternal (/Users/cryophobic/dev/projects/tally-mcp/node_modules/jest-runner/build/runTest.js:367:16)
    at runTest (/Users/cryophobic/dev/projects/tally-mcp/node_modules/jest-runner/build/runTest.js:444:34)</failure>
    </testcase>
    <testcase classname="FormSharingTool edge cases and error handling should handle invalid datetime in publish date" name="FormSharingTool edge cases and error handling should handle invalid datetime in publish date" time="0.002">
      <failure>Error: expect(received).rejects.toThrow()

Received promise resolved instead of rejected
Resolved to value: {&quot;error&quot;: &quot;[
  {
    \&quot;code\&quot;: \&quot;invalid_string\&quot;,
    \&quot;validation\&quot;: \&quot;datetime\&quot;,
    \&quot;message\&quot;: \&quot;Invalid datetime\&quot;,
    \&quot;path\&quot;: [
      \&quot;publishDate\&quot;
    ]
  }
]&quot;, &quot;message&quot;: &quot;Failed to publish form&quot;, &quot;success&quot;: false}
    at expect (/Users/cryophobic/dev/projects/tally-mcp/node_modules/expect/build/index.js:113:15)
    at Object.&lt;anonymous&gt; (/Users/cryophobic/dev/projects/tally-mcp/src/tools/__tests__/form-sharing-tool.test.ts:854:13)
    at Promise.then.completed (/Users/cryophobic/dev/projects/tally-mcp/node_modules/jest-circus/build/utils.js:298:28)
    at new Promise (&lt;anonymous&gt;)
    at callAsyncCircusFn (/Users/cryophobic/dev/projects/tally-mcp/node_modules/jest-circus/build/utils.js:231:10)
    at _callCircusTest (/Users/cryophobic/dev/projects/tally-mcp/node_modules/jest-circus/build/run.js:316:40)
    at _runTest (/Users/cryophobic/dev/projects/tally-mcp/node_modules/jest-circus/build/run.js:252:3)
    at _runTestsForDescribeBlock (/Users/cryophobic/dev/projects/tally-mcp/node_modules/jest-circus/build/run.js:126:9)
    at _runTestsForDescribeBlock (/Users/cryophobic/dev/projects/tally-mcp/node_modules/jest-circus/build/run.js:121:9)
    at _runTestsForDescribeBlock (/Users/cryophobic/dev/projects/tally-mcp/node_modules/jest-circus/build/run.js:121:9)
    at run (/Users/cryophobic/dev/projects/tally-mcp/node_modules/jest-circus/build/run.js:71:3)
    at runAndTransformResultsToJestFormat (/Users/cryophobic/dev/projects/tally-mcp/node_modules/jest-circus/build/legacy-code-todo-rewrite/jestAdapterInit.js:122:21)
    at jestAdapter (/Users/cryophobic/dev/projects/tally-mcp/node_modules/jest-circus/build/legacy-code-todo-rewrite/jestAdapter.js:79:19)
    at runTestInternal (/Users/cryophobic/dev/projects/tally-mcp/node_modules/jest-runner/build/runTest.js:367:16)
    at runTest (/Users/cryophobic/dev/projects/tally-mcp/node_modules/jest-runner/build/runTest.js:444:34)</failure>
    </testcase>
  </testsuite>
  <testsuite name="SchemaValidator" errors="0" failures="9" skipped="0" timestamp="2025-06-13T13:21:51" time="0.19" tests="43">
    <testcase classname="SchemaValidator constructor should create instance with default config" name="SchemaValidator constructor should create instance with default config" time="0">
    </testcase>
    <testcase classname="SchemaValidator constructor should create instance with custom config" name="SchemaValidator constructor should create instance with custom config" time="0.001">
    </testcase>
    <testcase classname="SchemaValidator validateSchema should validate a simple valid schema" name="SchemaValidator validateSchema should validate a simple valid schema" time="0">
    </testcase>
    <testcase classname="SchemaValidator validateSchema should validate a complex valid object schema" name="SchemaValidator validateSchema should validate a complex valid object schema" time="0.001">
    </testcase>
    <testcase classname="SchemaValidator validateSchema should validate array schema" name="SchemaValidator validateSchema should validate array schema" time="0">
    </testcase>
[...]
    </testcase>
    <testcase classname="SubmissionAnalysisTool filterByDateRange should return the submissions from the service" name="SubmissionAnalysisTool filterByDateRange should return the submissions from the service" time="0.001">
    </testcase>
    <testcase classname="SubmissionAnalysisTool filterByStatus should call SubmissionService.getFormSubmissions with the correct status" name="SubmissionAnalysisTool filterByStatus should call SubmissionService.getFormSubmissions with the correct status" time="0">
    </testcase>
    <testcase classname="SubmissionAnalysisTool filterByStatus should return the submissions from the service" name="SubmissionAnalysisTool filterByStatus should return the submissions from the service" time="0">
    </testcase>
    <testcase classname="SubmissionAnalysisTool analyze should correctly analyze the submissions response" name="SubmissionAnalysisTool analyze should correctly analyze the submissions response" time="0">
    </testcase>
    <testcase classname="SubmissionAnalysisTool formatForAnalysis should correctly format submissions for analysis" name="SubmissionAnalysisTool formatForAnalysis should correctly format submissions for analysis" time="0.001">
    </testcase>
    <testcase classname="SubmissionAnalysisTool getAverageRating should calculate the average rating for a numeric question" name="SubmissionAnalysisTool getAverageRating should calculate the average rating for a numeric question" time="0.001">
    </testcase>
    <testcase classname="SubmissionAnalysisTool getAverageRating should return null if no numeric ratings are found" name="SubmissionAnalysisTool getAverageRating should return null if no numeric ratings are found" time="0">
    </testcase>
    <testcase classname="SubmissionAnalysisTool getResponseDistribution should calculate the response distribution for a question" name="SubmissionAnalysisTool getResponseDistribution should calculate the response distribution for a question" time="0.003">
    </testcase>
    <testcase classname="SubmissionAnalysisTool exportToCSV should export formatted submissions to a CSV file" name="SubmissionAnalysisTool exportToCSV should export formatted submissions to a CSV file" time="0.002">
    </testcase>
    <testcase classname="SubmissionAnalysisTool exportToJSON should export formatted submissions to a JSON file" name="SubmissionAnalysisTool exportToJSON should export formatted submissions to a JSON file" time="0.001">
    </testcase>
    <testcase classname="SubmissionAnalysisTool search should return submissions matching the search query" name="SubmissionAnalysisTool search should return submissions matching the search query" time="0">
    </testcase>
  </testsuite>
  <testsuite name="WorkspaceManagementTool" errors="0" failures="0" skipped="0" timestamp="2025-06-13T13:37:45" time="0.135" tests="5">
    <testcase classname="WorkspaceManagementTool listWorkspaces should call WorkspaceService.getWorkspaces and return the result" name="WorkspaceManagementTool listWorkspaces should call WorkspaceService.getWorkspaces and return the result" time="0">
    </testcase>
    <testcase classname="WorkspaceManagementTool getWorkspaceDetails should call WorkspaceService.getWorkspace and return the result" name="WorkspaceManagementTool getWorkspaceDetails should call WorkspaceService.getWorkspace and return the result" time="0">
    </testcase>
    <testcase classname="WorkspaceManagementTool inviteUserToWorkspace should call WorkspaceService.inviteUser with the correct parameters" name="WorkspaceManagementTool inviteUserToWorkspace should call WorkspaceService.inviteUser with the correct parameters" time="0.001">
    </testcase>
    <testcase classname="WorkspaceManagementTool removeUserFromWorkspace should call WorkspaceService.removeUser with the correct parameters" name="WorkspaceManagementTool removeUserFromWorkspace should call WorkspaceService.removeUser with the correct parameters" time="0">
    </testcase>
    <testcase classname="WorkspaceManagementTool updateUserRoleInWorkspace should call WorkspaceService.updateUserRole with the correct parameters" name="WorkspaceManagementTool updateUserRoleInWorkspace should call WorkspaceService.updateUserRole with the correct parameters" time="0.001">
    </testcase>
  </testsuite>
  <testsuite name="Cloudflare Worker Components" errors="0" failures="0" skipped="0" timestamp="2025-06-13T13:37:45" time="0.13" tests="18">
    <testcase classname="Cloudflare Worker Components Environment Interface should define required environment variables" name="Cloudflare Worker Components Environment Interface should define required environment variables" time="0">
    </testcase>
    <testcase classname="Cloudflare Worker Components Environment Interface should handle missing optional environment variables" name="Cloudflare Worker Components Environment Interface should handle missing optional environment variables" time="0.001">
    </testcase>
    <testcase classname="Cloudflare Worker Components MCP Protocol Structures should validate MCP request structure" name="Cloudflare Worker Components MCP Protocol Structures should validate MCP request structure" time="0">
    </testcase>
    <testcase classname="Cloudflare Worker Components MCP Protocol Structures should validate MCP response structure" name="Cloudflare Worker Components MCP Protocol Structures should validate MCP response structure" time="0">
    </testcase>
    <testcase classname="Cloudflare Worker Components MCP Protocol Structures should validate MCP error response structure" name="Cloudflare Worker Components MCP Protocol Structures should validate MCP error response structure" time="0.001">
    </testcase>
    <testcase classname="Cloudflare Worker Components Tool Schema Validation should validate create_form tool schema structure" name="Cloudflare Worker Components Tool Schema Validation should validate create_form tool schema structure" time="0">
    </testcase>
    <testcase classname="Cloudflare Worker Components Tool Schema Validation should validate form status enum values" name="Cloudflare Worker Components Tool Schema Validation should validate form status enum values" time="0">
    </testcase>
    <testcase classname="Cloudflare Worker Components Tool Schema Validation should validate field type mappings" name="Cloudflare Worker Components Tool Schema Validation should validate field type mappings" time="0.001">
    </testcase>
    <testcase classname="Cloudflare Worker Components Session Management should validate SSE session structure" name="Cloudflare Worker Components Session Management should validate SSE session structure" time="0.001">
    </testcase>
    <testcase classname="Cloudflare Worker Components Session Management should handle session cleanup logic" name="Cloudflare Worker Components Session Management should handle session cleanup logic" time="0.001">
    </testcase>
    <testcase classname="Cloudflare Worker Components API Key Validation should validate API key format requirements" name="Cloudflare Worker Components API Key Validation should validate API key format requirements" time="0.001">
    </testcase>
    <testcase classname="Cloudflare Worker Components API Key Validation should handle API key extraction from different sources" name="Cloudflare Worker Components API Key Validation should handle API key extraction from different sources" time="0">
    </testcase>
    <testcase classname="Cloudflare Worker Components Error Response Generation should generate JSON-RPC error responses" name="Cloudflare Worker Components Error Response Generation should generate JSON-RPC error responses" time="0.001">
    </testcase>
    <testcase classname="Cloudflare Worker Components Error Response Generation should generate appropriate HTTP status codes" name="Cloudflare Worker Components Error Response Generation should generate appropriate HTTP status codes" time="0">
    </testcase>
    <testcase classname="Cloudflare Worker Components CORS Headers Management should define proper CORS headers" name="Cloudflare Worker Components CORS Headers Management should define proper CORS headers" time="0.001">
    </testcase>
    <testcase classname="Cloudflare Worker Components CORS Headers Management should handle preflight request detection" name="Cloudflare Worker Components CORS Headers Management should handle preflight request detection" time="0.001">
    </testcase>
    <testcase classname="Cloudflare Worker Components Request Method Routing should identify different request types" name="Cloudflare Worker Components Request Method Routing should identify different request types" time="0">
    </testcase>
    <testcase classname="Cloudflare Worker Components Request Method Routing should validate method-path combinations" name="Cloudflare Worker Components Request Method Routing should validate method-path combinations" time="0">
    </testcase>
  </testsuite>
  <testsuite name="TemplateService" errors="0" failures="0" skipped="0" timestamp="2025-06-13T13:37:45" time="0.132" tests="12">
    <testcase classname="TemplateService getTemplates should return all available templates" name="TemplateService getTemplates should return all available templates" time="0">
    </testcase>
    <testcase classname="TemplateService findTemplateById should find a template by its ID" name="TemplateService findTemplateById should find a template by its ID" time="0.001">
    </testcase>
    <testcase classname="TemplateService findTemplateById should return undefined for a non-existent template ID" name="TemplateService findTemplateById should return undefined for a non-existent template ID" time="0">
    </testcase>
    <testcase classname="TemplateService instantiateTemplate should instantiate a form from a template" name="TemplateService instantiateTemplate should instantiate a form from a template" time="0.001">
    </testcase>
    <testcase classname="TemplateService instantiateTemplate should override the title if a custom title is provided" name="TemplateService instantiateTemplate should override the title if a custom title is provided" time="0">
    </testcase>
    <testcase classname="TemplateService instantiateTemplate should return undefined for a non-existent template ID" name="TemplateService instantiateTemplate should return undefined for a non-existent template ID" time="0.001">
    </testcase>
    <testcase classname="TemplateService instantiateTemplate should create a deep copy of the form configuration" name="TemplateService instantiateTemplate should create a deep copy of the form configuration" time="0">
    </testcase>
    <testcase classname="TemplateService createTemplate should create a new template and add it to the registry" name="TemplateService createTemplate should create a new template and add it to the registry" time="0.001">
    </testcase>
    <testcase classname="TemplateService updateTemplate should update an existing template" name="TemplateService updateTemplate should update an existing template" time="0">
    </testcase>
    <testcase classname="TemplateService updateTemplate should return undefined for a non-existent template ID" name="TemplateService updateTemplate should return undefined for a non-existent template ID" time="0">
    </testcase>
    <testcase classname="TemplateService deleteTemplate should delete an existing template" name="TemplateService deleteTemplate should delete an existing template" time="0.001">
    </testcase>
    <testcase classname="TemplateService deleteTemplate should return false for a non-existent template ID" name="TemplateService deleteTemplate should return false for a non-existent template ID" time="0">
    </testcase>
  </testsuite>
  <testsuite name="WorkspaceService" errors="0" failures="0" skipped="0" timestamp="2025-06-13T13:37:46" time="0.129" tests="5">
    <testcase classname="WorkspaceService getWorkspaces should call TallyApiClient.getWorkspaces and return the result" name="WorkspaceService getWorkspaces should call TallyApiClient.getWorkspaces and return the result" time="0.001">
    </testcase>
    <testcase classname="WorkspaceService getWorkspace should call TallyApiClient.getWorkspace and return the result" name="WorkspaceService getWorkspace should call TallyApiClient.getWorkspace and return the result" time="0.001">
    </testcase>
    <testcase classname="WorkspaceService inviteUser should call TallyApiClient.inviteUserToWorkspace with the correct parameters" name="WorkspaceService inviteUser should call TallyApiClient.inviteUserToWorkspace with the correct parameters" time="0">
    </testcase>
    <testcase classname="WorkspaceService removeUser should call TallyApiClient.removeUserFromWorkspace with the correct parameters" name="WorkspaceService removeUser should call TallyApiClient.removeUserFromWorkspace with the correct parameters" time="0">
    </testcase>
    <testcase classname="WorkspaceService updateUserRole should call TallyApiClient.updateUserRole with the correct parameters" name="WorkspaceService updateUserRole should call TallyApiClient.updateUserRole with the correct parameters" time="0.001">
    </testcase>
  </testsuite>
  <testsuite name="TallyApiClient Integration Tests" errors="0" failures="0" skipped="0" timestamp="2025-06-13T13:37:46" time="0.135" tests="9">
    <testcase classname="TallyApiClient Integration Tests Retry Configuration Integration should initialize with default retry configuration" name="TallyApiClient Integration Tests Retry Configuration Integration should initialize with default retry configuration" time="0">
    </testcase>
    <testcase classname="TallyApiClient Integration Tests Retry Configuration Integration should accept custom retry configuration" name="TallyApiClient Integration Tests Retry Configuration Integration should accept custom retry configuration" time="0.001">
    </testcase>
    <testcase classname="TallyApiClient Integration Tests Retry Configuration Integration should merge partial retry configuration with defaults" name="TallyApiClient Integration Tests Retry Configuration Integration should merge partial retry configuration with defaults" time="0.001">
    </testcase>
    <testcase classname="TallyApiClient Integration Tests Retry Configuration Integration should have interceptors set up when retry config is provided" name="TallyApiClient Integration Tests Retry Configuration Integration should have interceptors set up when retry config is provided" time="0.002">
    </testcase>
    <testcase classname="TallyApiClient Integration Tests Retry Configuration Integration should maintain backward compatibility when no retry config is provided" name="TallyApiClient Integration Tests Retry Configuration Integration should maintain backward compatibility when no retry config is provided" time="0.001">
    </testcase>
    <testcase classname="TallyApiClient Integration Tests Error Handling Configuration should have proper error types available for retry logic" name="TallyApiClient Integration Tests Error Handling Configuration should have proper error types available for retry logic" time="0">
    </testcase>
    <testcase classname="TallyApiClient Integration Tests Error Handling Configuration should create client with debug logging enabled" name="TallyApiClient Integration Tests Error Handling Configuration should create client with debug logging enabled" time="0">
    </testcase>
    <testcase classname="TallyApiClient Integration Tests Circuit Breaker Configuration should configure circuit breaker with custom settings" name="TallyApiClient Integration Tests Circuit Breaker Configuration should configure circuit breaker with custom settings" time="0">
    </testcase>
    <testcase classname="TallyApiClient Integration Tests Circuit Breaker Configuration should allow disabling circuit breaker" name="TallyApiClient Integration Tests Circuit Breaker Configuration should allow disabling circuit breaker" time="0.001">
    </testcase>
  </testsuite>
  <testsuite name="NlpService" errors="0" failures="0" skipped="0" timestamp="2025-06-13T13:37:46" time="0.127" tests="4">
    <testcase classname="NlpService customizeFormConfig should add a new question to the form" name="NlpService customizeFormConfig should add a new question to the form" time="0.001">
    </testcase>
    <testcase classname="NlpService customizeFormConfig should remove an existing question from the form" name="NlpService customizeFormConfig should remove an existing question from the form" time="0">
    </testcase>
    <testcase classname="NlpService customizeFormConfig should update the form title" name="NlpService customizeFormConfig should update the form title" time="0.001">
    </testcase>
    <testcase classname="NlpService customizeFormConfig should handle multiple commands" name="NlpService customizeFormConfig should handle multiple commands" time="0">
    </testcase>
  </testsuite>
  <testsuite name="Matrix Question Support" errors="0" failures="0" skipped="0" timestamp="2025-06-13T13:37:46" time="0.129" tests="4">
    <testcase classname="Matrix Question Support Matrix Question Creation should create a matrix question with default configuration" name="Matrix Question Support Matrix Question Creation should create a matrix question with default configuration" time="0.003">
    </testcase>
    <testcase classname="Matrix Question Support Matrix Question Creation should include matrix in choice field types" name="Matrix Question Support Matrix Question Creation should include matrix in choice field types" time="0.001">
    </testcase>
    <testcase classname="Matrix Question Support Matrix Question Creation should generate appropriate default label for matrix questions" name="Matrix Question Support Matrix Question Creation should generate appropriate default label for matrix questions" time="0">
    </testcase>
    <testcase classname="Matrix Question Support Matrix Question Structure should have properly structured rows and columns" name="Matrix Question Support Matrix Question Structure should have properly structured rows and columns" time="0.001">
    </testcase>
  </testsuite>
  <testsuite name="Tally API Client - Forms" errors="0" failures="0" skipped="0" timestamp="2025-06-13T13:37:46" time="0.127" tests="3">
    <testcase classname="Tally API Client - Forms should fetch forms and validate the response" name="Tally API Client - Forms should fetch forms and validate the response" time="0.001">
    </testcase>
    <testcase classname="Tally API Client - Forms should fetch a single form and validate the response" name="Tally API Client - Forms should fetch a single form and validate the response" time="0">
    </testcase>
    <testcase classname="Tally API Client - Forms should fetch form submissions and validate the response" name="Tally API Client - Forms should fetch form submissions and validate the response" time="0.001">
    </testcase>
  </testsuite>
  <testsuite name="Tally API Client - Workspaces and User" errors="0" failures="0" skipped="0" timestamp="2025-06-13T13:37:46" time="0.127" tests="2">
    <testcase classname="Tally API Client - Workspaces and User should fetch workspaces and validate the response" name="Tally API Client - Workspaces and User should fetch workspaces and validate the response" time="0.001">
    </testcase>
    <testcase classname="Tally API Client - Workspaces and User should fetch a single workspace and validate the response" name="Tally API Client - Workspaces and User should fetch a single workspace and validate the response" time="0">
    </testcase>
  </testsuite>
  <testsuite name="Network Resilience and Timeout" errors="0" failures="0" skipped="0" timestamp="2025-06-13T13:37:46" time="0.116" tests="1">
    <testcase classname="Network Resilience and Timeout should have tests" name="Network Resilience and Timeout should have tests" time="0">
    </testcase>
  </testsuite>
</testsuites>