<?xml version="1.0" encoding="UTF-8"?>
<testsuites name="jest tests" tests="799" failures="28" errors="0" time="12.27">
  <testsuite name="TallyApiClient" errors="0" failures="4" skipped="0" timestamp="2025-06-20T15:40:09" time="0.688" tests="30">
    <testcase classname="TallyApiClient Constructor and Configuration should create a client with default configuration" name="TallyApiClient Constructor and Configuration should create a client with default configuration" time="0.002">
    </testcase>
    <testcase classname="TallyApiClient Constructor and Configuration should create a client with custom configuration" name="TallyApiClient Constructor and Configuration should create a client with custom configuration" time="0.002">
    </testcase>
    <testcase classname="TallyApiClient Constructor and Configuration should not set Authorization header if no access token is provided" name="TallyApiClient Constructor and Configuration should not set Authorization header if no access token is provided" time="0.002">
    </testcase>
    <testcase classname="TallyApiClient Access Token Management should set access token and update Authorization header" name="TallyApiClient Access Token Management should set access token and update Authorization header" time="0.001">
    </testcase>
    <testcase classname="TallyApiClient Access Token Management should remove Authorization header when setting empty token" name="TallyApiClient Access Token Management should remove Authorization header when setting empty token" time="0.001">
    </testcase>
    <testcase classname="TallyApiClient Access Token Management should return current access token" name="TallyApiClient Access Token Management should return current access token" time="0.001">
    </testcase>
    <testcase classname="TallyApiClient HTTP Methods should make a GET request" name="TallyApiClient HTTP Methods should make a GET request" time="0.001">
    </testcase>
    <testcase classname="TallyApiClient HTTP Methods should make a GET request with custom config" name="TallyApiClient HTTP Methods should make a GET request with custom config" time="0">
    </testcase>
    <testcase classname="TallyApiClient HTTP Methods should make a POST request with data" name="TallyApiClient HTTP Methods should make a POST request with data" time="0.001">
    </testcase>
    <testcase classname="TallyApiClient HTTP Methods should make a PUT request with data" name="TallyApiClient HTTP Methods should make a PUT request with data" time="0.001">
    </testcase>
    <testcase classname="TallyApiClient HTTP Methods should make a DELETE request" name="TallyApiClient HTTP Methods should make a DELETE request" time="0.007">
    </testcase>
    <testcase classname="TallyApiClient HTTP Methods should make a PATCH request with data" name="TallyApiClient HTTP Methods should make a PATCH request with data" time="0.002">
    </testcase>
    <testcase classname="TallyApiClient Error Handling should propagate axios errors" name="TallyApiClient Error Handling should propagate axios errors" time="0.011">
    </testcase>
    <testcase classname="TallyApiClient Error Handling should propagate HTTP error responses" name="TallyApiClient Error Handling should propagate HTTP error responses" time="0.001">
    </testcase>
    <testcase classname="TallyApiClient Utility Methods should return the axios instance" name="TallyApiClient Utility Methods should return the axios instance" time="0.002">
    </testcase>
    <testcase classname="TallyApiClient Utility Methods should return readonly configuration" name="TallyApiClient Utility Methods should return readonly configuration" time="0.001">
    </testcase>
    <testcase classname="TallyApiClient Interceptors should always setup interceptors for authentication and error handling" name="TallyApiClient Interceptors should always setup interceptors for authentication and error handling" time="0.001">
    </testcase>
    <testcase classname="TallyApiClient Interceptors should setup interceptors with debug logging when debug is enabled" name="TallyApiClient Interceptors should setup interceptors with debug logging when debug is enabled" time="0">
    </testcase>
    <testcase classname="TallyApiClient Type Safety should maintain type safety with generic responses" name="TallyApiClient Type Safety should maintain type safety with generic responses" time="0.001">
    </testcase>
    <testcase classname="TallyApiClient Rate Limiting and Retry Logic should have retry configuration set correctly" name="TallyApiClient Rate Limiting and Retry Logic should have retry configuration set correctly" time="0">
    </testcase>
    <testcase classname="TallyApiClient Rate Limiting and Retry Logic should setup interceptors for retry logic" name="TallyApiClient Rate Limiting and Retry Logic should setup interceptors for retry logic" time="0">
    </testcase>
    <testcase classname="TallyApiClient Rate Limiting and Retry Logic should handle custom retry configuration" name="TallyApiClient Rate Limiting and Retry Logic should handle custom retry configuration" time="0">
    </testcase>
    <testcase classname="TallyApiClient Type-Safe API Methods with Zod Validation getSubmissions should validate and return submissions response" name="TallyApiClient Type-Safe API Methods with Zod Validation getSubmissions should validate and return submissions response" time="0.115">
      <failure>Error: expect(received).toEqual(expected) // deep equality

- Expected  -   7
+ Received  + 204

@@ -3,24 +3,221 @@
    &quot;limit&quot;: 10,
    &quot;page&quot;: 1,
    &quot;questions&quot;: Array [],
    &quot;submissions&quot;: Array [
      Object {
-       &quot;formId&quot;: &quot;form_123&quot;,
-       &quot;id&quot;: &quot;sub_1&quot;,
+       &quot;formId&quot;: &quot;form_123456789&quot;,
+       &quot;id&quot;: &quot;sub_000000001&quot;,
+       &quot;isCompleted&quot;: true,
+       &quot;respondentId&quot;: &quot;resp_000000001&quot;,
+       &quot;responses&quot;: Array [
+         Object {
+           &quot;questionId&quot;: &quot;q1&quot;,
+           &quot;value&quot;: &quot;User 1&quot;,
+         },
+         Object {
+           &quot;questionId&quot;: &quot;q2&quot;,
+           &quot;value&quot;: &quot;user1@example.com&quot;,
+         },
+         Object {
+           &quot;questionId&quot;: &quot;q3&quot;,
+           &quot;value&quot;: &quot;This is message 1 from a test user.&quot;,
+         },
+       ],
+       &quot;submittedAt&quot;: &quot;2025-06-19T15:40:10.069Z&quot;,
+     },
+     Object {
+       &quot;formId&quot;: &quot;form_123456789&quot;,
+       &quot;id&quot;: &quot;sub_000000002&quot;,
+       &quot;isCompleted&quot;: true,
+       &quot;respondentId&quot;: &quot;resp_000000002&quot;,
+       &quot;responses&quot;: Array [
+         Object {
+           &quot;questionId&quot;: &quot;q1&quot;,
+           &quot;value&quot;: &quot;User 2&quot;,
+         },
+         Object {
+           &quot;questionId&quot;: &quot;q2&quot;,
+           &quot;value&quot;: &quot;user2@example.com&quot;,
+         },
+         Object {
+           &quot;questionId&quot;: &quot;q3&quot;,
+           &quot;value&quot;: &quot;This is message 2 from a test user.&quot;,
+         },
+       ],
+       &quot;submittedAt&quot;: &quot;2025-06-18T15:40:10.069Z&quot;,
+     },
+     Object {
+       &quot;formId&quot;: &quot;form_123456789&quot;,
+       &quot;id&quot;: &quot;sub_000000003&quot;,
+       &quot;isCompleted&quot;: true,
+       &quot;respondentId&quot;: &quot;resp_000000003&quot;,
+       &quot;responses&quot;: Array [
+         Object {
+           &quot;questionId&quot;: &quot;q1&quot;,
+           &quot;value&quot;: &quot;User 3&quot;,
+         },
+         Object {
+           &quot;questionId&quot;: &quot;q2&quot;,
+           &quot;value&quot;: &quot;user3@example.com&quot;,
+         },
+         Object {
+           &quot;questionId&quot;: &quot;q3&quot;,
+           &quot;value&quot;: &quot;This is message 3 from a test user.&quot;,
+         },
+       ],
+       &quot;submittedAt&quot;: &quot;2025-06-17T15:40:10.069Z&quot;,
+     },
+     Object {
+       &quot;formId&quot;: &quot;form_123456789&quot;,
+       &quot;id&quot;: &quot;sub_000000004&quot;,
+       &quot;isCompleted&quot;: true,
+       &quot;respondentId&quot;: &quot;resp_000000004&quot;,
+       &quot;responses&quot;: Array [
+         Object {
+           &quot;questionId&quot;: &quot;q1&quot;,
+           &quot;value&quot;: &quot;User 4&quot;,
+         },
+         Object {
+           &quot;questionId&quot;: &quot;q2&quot;,
+           &quot;value&quot;: &quot;user4@example.com&quot;,
+         },
+         Object {
+           &quot;questionId&quot;: &quot;q3&quot;,
+           &quot;value&quot;: &quot;This is message 4 from a test user.&quot;,
+         },
+       ],
+       &quot;submittedAt&quot;: &quot;2025-06-16T15:40:10.069Z&quot;,
+     },
+     Object {
+       &quot;formId&quot;: &quot;form_123456789&quot;,
+       &quot;id&quot;: &quot;sub_000000005&quot;,
+       &quot;isCompleted&quot;: true,
+       &quot;respondentId&quot;: &quot;resp_000000005&quot;,
+       &quot;responses&quot;: Array [
+         Object {
+           &quot;questionId&quot;: &quot;q1&quot;,
+           &quot;value&quot;: &quot;User 5&quot;,
+         },
+         Object {
+           &quot;questionId&quot;: &quot;q2&quot;,
+           &quot;value&quot;: &quot;user5@example.com&quot;,
+         },
+         Object {
+           &quot;questionId&quot;: &quot;q3&quot;,
+           &quot;value&quot;: &quot;This is message 5 from a test user.&quot;,
+         },
+       ],
+       &quot;submittedAt&quot;: &quot;2025-06-15T15:40:10.069Z&quot;,
+     },
+     Object {
+       &quot;formId&quot;: &quot;form_123456789&quot;,
+       &quot;id&quot;: &quot;sub_000000006&quot;,
+       &quot;isCompleted&quot;: true,
+       &quot;respondentId&quot;: &quot;resp_000000006&quot;,
+       &quot;responses&quot;: Array [
+         Object {
+           &quot;questionId&quot;: &quot;q1&quot;,
+           &quot;value&quot;: &quot;User 6&quot;,
+         },
+         Object {
+           &quot;questionId&quot;: &quot;q2&quot;,
+           &quot;value&quot;: &quot;user6@example.com&quot;,
+         },
+         Object {
+           &quot;questionId&quot;: &quot;q3&quot;,
+           &quot;value&quot;: &quot;This is message 6 from a test user.&quot;,
+         },
+       ],
+       &quot;submittedAt&quot;: &quot;2025-06-14T15:40:10.069Z&quot;,
+     },
+     Object {
+       &quot;formId&quot;: &quot;form_123456789&quot;,
+       &quot;id&quot;: &quot;sub_000000007&quot;,
+       &quot;isCompleted&quot;: true,
+       &quot;respondentId&quot;: &quot;resp_000000007&quot;,
+       &quot;responses&quot;: Array [
+         Object {
+           &quot;questionId&quot;: &quot;q1&quot;,
+           &quot;value&quot;: &quot;User 7&quot;,
+         },
+         Object {
+           &quot;questionId&quot;: &quot;q2&quot;,
+           &quot;value&quot;: &quot;user7@example.com&quot;,
+         },
+         Object {
+           &quot;questionId&quot;: &quot;q3&quot;,
+           &quot;value&quot;: &quot;This is message 7 from a test user.&quot;,
+         },
+       ],
+       &quot;submittedAt&quot;: &quot;2025-06-13T15:40:10.069Z&quot;,
+     },
+     Object {
+       &quot;formId&quot;: &quot;form_123456789&quot;,
+       &quot;id&quot;: &quot;sub_000000008&quot;,
+       &quot;isCompleted&quot;: true,
+       &quot;respondentId&quot;: &quot;resp_000000008&quot;,
+       &quot;responses&quot;: Array [
+         Object {
+           &quot;questionId&quot;: &quot;q1&quot;,
+           &quot;value&quot;: &quot;User 8&quot;,
+         },
+         Object {
+           &quot;questionId&quot;: &quot;q2&quot;,
+           &quot;value&quot;: &quot;user8@example.com&quot;,
+         },
+         Object {
+           &quot;questionId&quot;: &quot;q3&quot;,
+           &quot;value&quot;: &quot;This is message 8 from a test user.&quot;,
+         },
+       ],
+       &quot;submittedAt&quot;: &quot;2025-06-12T15:40:10.069Z&quot;,
+     },
+     Object {
+       &quot;formId&quot;: &quot;form_123456789&quot;,
+       &quot;id&quot;: &quot;sub_000000009&quot;,
        &quot;isCompleted&quot;: true,
-       &quot;respondentId&quot;: &quot;resp_1&quot;,
+       &quot;respondentId&quot;: &quot;resp_000000009&quot;,
        &quot;responses&quot;: Array [
          Object {
            &quot;questionId&quot;: &quot;q1&quot;,
-           &quot;value&quot;: &quot;Test User&quot;,
+           &quot;value&quot;: &quot;User 9&quot;,
+         },
+         Object {
+           &quot;questionId&quot;: &quot;q2&quot;,
+           &quot;value&quot;: &quot;user9@example.com&quot;,
          },
+         Object {
+           &quot;questionId&quot;: &quot;q3&quot;,
+           &quot;value&quot;: &quot;This is message 9 from a test user.&quot;,
+         },
        ],
-       &quot;submittedAt&quot;: &quot;2025-06-20T15:40:09.961Z&quot;,
+       &quot;submittedAt&quot;: &quot;2025-06-11T15:40:10.069Z&quot;,
      },
+     Object {
+       &quot;formId&quot;: &quot;form_123456789&quot;,
+       &quot;id&quot;: &quot;sub_000000010&quot;,
+       &quot;isCompleted&quot;: true,
+       &quot;respondentId&quot;: &quot;resp_000000010&quot;,
+       &quot;responses&quot;: Array [
+         Object {
+           &quot;questionId&quot;: &quot;q1&quot;,
+           &quot;value&quot;: &quot;User 10&quot;,
+         },
+         Object {
+           &quot;questionId&quot;: &quot;q2&quot;,
+           &quot;value&quot;: &quot;user10@example.com&quot;,
+         },
+         Object {
+           &quot;questionId&quot;: &quot;q3&quot;,
+           &quot;value&quot;: &quot;This is message 10 from a test user.&quot;,
+         },
+       ],
+       &quot;submittedAt&quot;: &quot;2025-06-10T15:40:10.069Z&quot;,
+     },
    ],
    &quot;totalNumberOfSubmissionsPerFilter&quot;: Object {
-     &quot;all&quot;: 1,
-     &quot;completed&quot;: 1,
+     &quot;all&quot;: 10,
+     &quot;completed&quot;: 10,
      &quot;partial&quot;: 0,
    },
  }
    at Object.&lt;anonymous&gt; (/Users/cryophobic/dev/projects/tally-mcp/src/__tests__/TallyApiClient.test.ts:481:24)</failure>
    </testcase>
    <testcase classname="TallyApiClient Type-Safe API Methods with Zod Validation getSubmissions should throw validation error for invalid submissions response" name="TallyApiClient Type-Safe API Methods with Zod Validation getSubmissions should throw validation error for invalid submissions response" time="0.107">
      <failure>Error: expect(received).rejects.toThrow()

Received promise resolved instead of rejected
Resolved to value: {&quot;hasMore&quot;: false, &quot;limit&quot;: 10, &quot;page&quot;: 1, &quot;questions&quot;: [], &quot;submissions&quot;: [{&quot;formId&quot;: &quot;form_123456789&quot;, &quot;id&quot;: &quot;sub_000000001&quot;, &quot;isCompleted&quot;: true, &quot;respondentId&quot;: &quot;resp_000000001&quot;, &quot;responses&quot;: [{&quot;questionId&quot;: &quot;q1&quot;, &quot;value&quot;: &quot;User 1&quot;}, {&quot;questionId&quot;: &quot;q2&quot;, &quot;value&quot;: &quot;user1@example.com&quot;}, {&quot;questionId&quot;: &quot;q3&quot;, &quot;value&quot;: &quot;This is message 1 from a test user.&quot;}], &quot;submittedAt&quot;: &quot;2025-06-19T15:40:10.179Z&quot;}, {&quot;formId&quot;: &quot;form_123456789&quot;, &quot;id&quot;: &quot;sub_000000002&quot;, &quot;isCompleted&quot;: true, &quot;respondentId&quot;: &quot;resp_000000002&quot;, &quot;responses&quot;: [{&quot;questionId&quot;: &quot;q1&quot;, &quot;value&quot;: &quot;User 2&quot;}, {&quot;questionId&quot;: &quot;q2&quot;, &quot;value&quot;: &quot;user2@example.com&quot;}, {&quot;questionId&quot;: &quot;q3&quot;, &quot;value&quot;: &quot;This is message 2 from a test user.&quot;}], &quot;submittedAt&quot;: &quot;2025-06-18T15:40:10.179Z&quot;}, {&quot;formId&quot;: &quot;form_123456789&quot;, &quot;id&quot;: &quot;sub_000000003&quot;, &quot;isCompleted&quot;: true, &quot;respondentId&quot;: &quot;resp_000000003&quot;, &quot;responses&quot;: [{&quot;questionId&quot;: &quot;q1&quot;, &quot;value&quot;: &quot;User 3&quot;}, {&quot;questionId&quot;: &quot;q2&quot;, &quot;value&quot;: &quot;user3@example.com&quot;}, {&quot;questionId&quot;: &quot;q3&quot;, &quot;value&quot;: &quot;This is message 3 from a test user.&quot;}], &quot;submittedAt&quot;: &quot;2025-06-17T15:40:10.179Z&quot;}, {&quot;formId&quot;: &quot;form_123456789&quot;, &quot;id&quot;: &quot;sub_000000004&quot;, &quot;isCompleted&quot;: true, &quot;respondentId&quot;: &quot;resp_000000004&quot;, &quot;responses&quot;: [{&quot;questionId&quot;: &quot;q1&quot;, &quot;value&quot;: &quot;User 4&quot;}, {&quot;questionId&quot;: &quot;q2&quot;, &quot;value&quot;: &quot;user4@example.com&quot;}, {&quot;questionId&quot;: &quot;q3&quot;, &quot;value&quot;: &quot;This is message 4 from a test user.&quot;}], &quot;submittedAt&quot;: &quot;2025-06-16T15:40:10.179Z&quot;}, {&quot;formId&quot;: &quot;form_123456789&quot;, &quot;id&quot;: &quot;sub_000000005&quot;, &quot;isCompleted&quot;: true, &quot;respondentId&quot;: &quot;resp_000000005&quot;, &quot;responses&quot;: [{&quot;questionId&quot;: &quot;q1&quot;, &quot;value&quot;: &quot;User 5&quot;}, {&quot;questionId&quot;: &quot;q2&quot;, &quot;value&quot;: &quot;user5@example.com&quot;}, {&quot;questionId&quot;: &quot;q3&quot;, &quot;value&quot;: &quot;This is message 5 from a test user.&quot;}], &quot;submittedAt&quot;: &quot;2025-06-15T15:40:10.179Z&quot;}, {&quot;formId&quot;: &quot;form_123456789&quot;, &quot;id&quot;: &quot;sub_000000006&quot;, &quot;isCompleted&quot;: true, &quot;respondentId&quot;: &quot;resp_000000006&quot;, &quot;responses&quot;: [{&quot;questionId&quot;: &quot;q1&quot;, &quot;value&quot;: &quot;User 6&quot;}, {&quot;questionId&quot;: &quot;q2&quot;, &quot;value&quot;: &quot;user6@example.com&quot;}, {&quot;questionId&quot;: &quot;q3&quot;, &quot;value&quot;: &quot;This is message 6 from a test user.&quot;}], &quot;submittedAt&quot;: &quot;2025-06-14T15:40:10.179Z&quot;}, {&quot;formId&quot;: &quot;form_123456789&quot;, &quot;id&quot;: &quot;sub_000000007&quot;, &quot;isCompleted&quot;: true, &quot;respondentId&quot;: &quot;resp_000000007&quot;, &quot;responses&quot;: [{&quot;questionId&quot;: &quot;q1&quot;, &quot;value&quot;: &quot;User 7&quot;}, {&quot;questionId&quot;: &quot;q2&quot;, &quot;value&quot;: &quot;user7@example.com&quot;}, {&quot;questionId&quot;: &quot;q3&quot;, &quot;value&quot;: &quot;This is message 7 from a test user.&quot;}], &quot;submittedAt&quot;: &quot;2025-06-13T15:40:10.179Z&quot;}, {&quot;formId&quot;: &quot;form_123456789&quot;, &quot;id&quot;: &quot;sub_000000008&quot;, &quot;isCompleted&quot;: true, &quot;respondentId&quot;: &quot;resp_000000008&quot;, &quot;responses&quot;: [{&quot;questionId&quot;: &quot;q1&quot;, &quot;value&quot;: &quot;User 8&quot;}, {&quot;questionId&quot;: &quot;q2&quot;, &quot;value&quot;: &quot;user8@example.com&quot;}, {&quot;questionId&quot;: &quot;q3&quot;, &quot;value&quot;: &quot;This is message 8 from a test user.&quot;}], &quot;submittedAt&quot;: &quot;2025-06-12T15:40:10.179Z&quot;}, {&quot;formId&quot;: &quot;form_123456789&quot;, &quot;id&quot;: &quot;sub_000000009&quot;, &quot;isCompleted&quot;: true, &quot;respondentId&quot;: &quot;resp_000000009&quot;, &quot;responses&quot;: [{&quot;questionId&quot;: &quot;q1&quot;, &quot;value&quot;: &quot;User 9&quot;}, {&quot;questionId&quot;: &quot;q2&quot;, &quot;value&quot;: &quot;user9@example.com&quot;}, {&quot;questionId&quot;: &quot;q3&quot;, &quot;value&quot;: &quot;This is message 9 from a test user.&quot;}], &quot;submittedAt&quot;: &quot;2025-06-11T15:40:10.179Z&quot;}, {&quot;formId&quot;: &quot;form_123456789&quot;, &quot;id&quot;: &quot;sub_000000010&quot;, &quot;isCompleted&quot;: true, &quot;respondentId&quot;: &quot;resp_000000010&quot;, &quot;responses&quot;: [{&quot;questionId&quot;: &quot;q1&quot;, &quot;value&quot;: &quot;User 10&quot;}, {&quot;questionId&quot;: &quot;q2&quot;, &quot;value&quot;: &quot;user10@example.com&quot;}, {&quot;questionId&quot;: &quot;q3&quot;, &quot;value&quot;: &quot;This is message 10 from a test user.&quot;}], &quot;submittedAt&quot;: &quot;2025-06-10T15:40:10.179Z&quot;}], &quot;totalNumberOfSubmissionsPerFilter&quot;: {&quot;all&quot;: 10, &quot;completed&quot;: 10, &quot;partial&quot;: 0}}
    at expect (/Users/cryophobic/dev/projects/tally-mcp/node_modules/expect/build/index.js:113:15)
    at Object.&lt;anonymous&gt; (/Users/cryophobic/dev/projects/tally-mcp/src/__tests__/TallyApiClient.test.ts:504:15)
    at Promise.then.completed (/Users/cryophobic/dev/projects/tally-mcp/node_modules/jest-circus/build/utils.js:298:28)
    at new Promise (&lt;anonymous&gt;)
    at callAsyncCircusFn (/Users/cryophobic/dev/projects/tally-mcp/node_modules/jest-circus/build/utils.js:231:10)
    at _callCircusTest (/Users/cryophobic/dev/projects/tally-mcp/node_modules/jest-circus/build/run.js:316:40)
    at _runTest (/Users/cryophobic/dev/projects/tally-mcp/node_modules/jest-circus/build/run.js:252:3)
    at _runTestsForDescribeBlock (/Users/cryophobic/dev/projects/tally-mcp/node_modules/jest-circus/build/run.js:126:9)
    at _runTestsForDescribeBlock (/Users/cryophobic/dev/projects/tally-mcp/node_modules/jest-circus/build/run.js:121:9)
    at _runTestsForDescribeBlock (/Users/cryophobic/dev/projects/tally-mcp/node_modules/jest-circus/build/run.js:121:9)
    at _runTestsForDescribeBlock (/Users/cryophobic/dev/projects/tally-mcp/node_modules/jest-circus/build/run.js:121:9)
    at run (/Users/cryophobic/dev/projects/tally-mcp/node_modules/jest-circus/build/run.js:71:3)
    at runAndTransformResultsToJestFormat (/Users/cryophobic/dev/projects/tally-mcp/node_modules/jest-circus/build/legacy-code-todo-rewrite/jestAdapterInit.js:122:21)
    at jestAdapter (/Users/cryophobic/dev/projects/tally-mcp/node_modules/jest-circus/build/legacy-code-todo-rewrite/jestAdapter.js:79:19)
    at runTestInternal (/Users/cryophobic/dev/projects/tally-mcp/node_modules/jest-runner/build/runTest.js:367:16)
    at runTest (/Users/cryophobic/dev/projects/tally-mcp/node_modules/jest-runner/build/runTest.js:444:34)</failure>
    </testcase>
    <testcase classname="TallyApiClient Type-Safe API Methods with Zod Validation getForm should validate and return form data" name="TallyApiClient Type-Safe API Methods with Zod Validation getForm should validate and return form data" time="0.109">
      <failure>Error: expect(received).toEqual(expected) // deep equality

- Expected  - 2
+ Received  + 2

  Object {
-   &quot;createdAt&quot;: &quot;2025-06-20T15:40:10.185Z&quot;,
+   &quot;createdAt&quot;: &quot;2024-01-01T00:00:00Z&quot;,
    &quot;description&quot;: &quot;Get in touch with our team&quot;,
    &quot;embedUrl&quot;: &quot;https://tally.so/embed/form_123456789&quot;,
    &quot;id&quot;: &quot;form123&quot;,
    &quot;isPublished&quot;: true,
    &quot;status&quot;: &quot;published&quot;,
    &quot;submissionsCount&quot;: 42,
    &quot;title&quot;: &quot;Contact Us&quot;,
-   &quot;updatedAt&quot;: &quot;2025-06-20T15:40:10.185Z&quot;,
+   &quot;updatedAt&quot;: &quot;2024-01-01T00:00:00Z&quot;,
    &quot;url&quot;: &quot;https://tally.so/r/form_123456789&quot;,
  }
    at Object.&lt;anonymous&gt; (/Users/cryophobic/dev/projects/tally-mcp/src/__tests__/TallyApiClient.test.ts:539:24)</failure>
    </testcase>
    <testcase classname="TallyApiClient Type-Safe API Methods with Zod Validation getForm should throw validation error for invalid form response" name="TallyApiClient Type-Safe API Methods with Zod Validation getForm should throw validation error for invalid form response" time="0.107">
      <failure>Error: expect(received).rejects.toThrow()

Received promise resolved instead of rejected
Resolved to value: {&quot;createdAt&quot;: &quot;2024-01-01T00:00:00Z&quot;, &quot;description&quot;: &quot;Get in touch with our team&quot;, &quot;embedUrl&quot;: &quot;https://tally.so/embed/form_123456789&quot;, &quot;id&quot;: &quot;form123&quot;, &quot;isPublished&quot;: true, &quot;status&quot;: &quot;published&quot;, &quot;submissionsCount&quot;: 42, &quot;title&quot;: &quot;Contact Us&quot;, &quot;updatedAt&quot;: &quot;2024-01-01T00:00:00Z&quot;, &quot;url&quot;: &quot;https://tally.so/r/form_123456789&quot;}
    at expect (/Users/cryophobic/dev/projects/tally-mcp/node_modules/expect/build/index.js:113:15)
    at Object.&lt;anonymous&gt; (/Users/cryophobic/dev/projects/tally-mcp/src/__tests__/TallyApiClient.test.ts:562:15)
    at Promise.then.completed (/Users/cryophobic/dev/projects/tally-mcp/node_modules/jest-circus/build/utils.js:298:28)
    at new Promise (&lt;anonymous&gt;)
    at callAsyncCircusFn (/Users/cryophobic/dev/projects/tally-mcp/node_modules/jest-circus/build/utils.js:231:10)
    at _callCircusTest (/Users/cryophobic/dev/projects/tally-mcp/node_modules/jest-circus/build/run.js:316:40)
    at _runTest (/Users/cryophobic/dev/projects/tally-mcp/node_modules/jest-circus/build/run.js:252:3)
    at _runTestsForDescribeBlock (/Users/cryophobic/dev/projects/tally-mcp/node_modules/jest-circus/build/run.js:126:9)
    at _runTestsForDescribeBlock (/Users/cryophobic/dev/projects/tally-mcp/node_modules/jest-circus/build/run.js:121:9)
    at _runTestsForDescribeBlock (/Users/cryophobic/dev/projects/tally-mcp/node_modules/jest-circus/build/run.js:121:9)
    at _runTestsForDescribeBlock (/Users/cryophobic/dev/projects/tally-mcp/node_modules/jest-circus/build/run.js:121:9)
    at run (/Users/cryophobic/dev/projects/tally-mcp/node_modules/jest-circus/build/run.js:71:3)
    at runAndTransformResultsToJestFormat (/Users/cryophobic/dev/projects/tally-mcp/node_modules/jest-circus/build/legacy-code-todo-rewrite/jestAdapterInit.js:122:21)
    at jestAdapter (/Users/cryophobic/dev/projects/tally-mcp/node_modules/jest-circus/build/legacy-code-todo-rewrite/jestAdapter.js:79:19)
    at runTestInternal (/Users/cryophobic/dev/projects/tally-mcp/node_modules/jest-runner/build/runTest.js:367:16)
    at runTest (/Users/cryophobic/dev/projects/tally-mcp/node_modules/jest-runner/build/runTest.js:444:34)</failure>
    </testcase>
    <testcase classname="TallyApiClient Type-Safe API Methods with Zod Validation validateResponse should return success result for valid data" name="TallyApiClient Type-Safe API Methods with Zod Validation validateResponse should return success result for valid data" time="0.003">
    </testcase>
    <testcase classname="TallyApiClient Type-Safe API Methods with Zod Validation validateResponse should return error result for invalid data" name="TallyApiClient Type-Safe API Methods with Zod Validation validateResponse should return error result for invalid data" time="0.001">
    </testcase>
    <testcase classname="TallyApiClient Type-Safe API Methods with Zod Validation requestWithValidation should make request and validate response with schema" name="TallyApiClient Type-Safe API Methods with Zod Validation requestWithValidation should make request and validate response with schema" time="0.002">
    </testcase>
    <testcase classname="TallyApiClient Type-Safe API Methods with Zod Validation requestWithValidation should throw validation error for invalid response data" name="TallyApiClient Type-Safe API Methods with Zod Validation requestWithValidation should throw validation error for invalid response data" time="0.027">
    </testcase>
  </testsuite>
  <testsuite name="Sanitization Middleware" errors="0" failures="1" skipped="0" timestamp="2025-06-20T15:40:10" time="0.675" tests="11">
    <testcase classname="Sanitization Middleware createSanitizationMiddleware should sanitize body, query, and params by default" name="Sanitization Middleware createSanitizationMiddleware should sanitize body, query, and params by default" time="0.008">
    </testcase>
    <testcase classname="Sanitization Middleware createSanitizationMiddleware should use specified presets" name="Sanitization Middleware createSanitizationMiddleware should use specified presets" time="0.001">
    </testcase>
    <testcase classname="Sanitization Middleware createSanitizationMiddleware should skip routes matching a pattern" name="Sanitization Middleware createSanitizationMiddleware should skip routes matching a pattern" time="0">
    </testcase>
    <testcase classname="Sanitization Middleware createSanitizationMiddleware should apply custom sanitizers" name="Sanitization Middleware createSanitizationMiddleware should apply custom sanitizers" time="0.001">
    </testcase>
    <testcase classname="Sanitization Middleware createSanitizationMiddleware should handle nested objects" name="Sanitization Middleware createSanitizationMiddleware should handle nested objects" time="0.002">
    </testcase>
    <testcase classname="Sanitization Middleware Pre-configured SanitizationMiddleware SanitizationMiddleware.apiParams should use strict sanitization" name="Sanitization Middleware Pre-configured SanitizationMiddleware SanitizationMiddleware.apiParams should use strict sanitization" time="0.004">
    </testcase>
    <testcase classname="Sanitization Middleware Pre-configured SanitizationMiddleware SanitizationMiddleware.formInput should allow some HTML" name="Sanitization Middleware Pre-configured SanitizationMiddleware SanitizationMiddleware.formInput should allow some HTML" time="0.006">
    </testcase>
    <testcase classname="Sanitization Middleware Pre-configured SanitizationMiddleware SanitizationMiddleware.richText should allow more formatting" name="Sanitization Middleware Pre-configured SanitizationMiddleware SanitizationMiddleware.richText should allow more formatting" time="0.003">
      <failure>Error: expect(received).toBe(expected) // Object.is equality

Expected: &quot;&lt;b&gt;Bold&lt;/b&gt; &lt;a href=\&quot;http://example.com\&quot;&gt;link&lt;/a&gt;&quot;
Received: &quot;&lt;b&gt;Bold&lt;/b&gt; &lt;a href=\&quot;http://example.com\&quot; rel=\&quot;noopener noreferrer\&quot; target=\&quot;_blank\&quot;&gt;link&lt;/a&gt;&quot;
    at Object.&lt;anonymous&gt; (/Users/cryophobic/dev/projects/tally-mcp/src/middleware/__tests__/sanitization.test.ts:120:42)
    at Promise.then.completed (/Users/cryophobic/dev/projects/tally-mcp/node_modules/jest-circus/build/utils.js:298:28)
    at new Promise (&lt;anonymous&gt;)
    at callAsyncCircusFn (/Users/cryophobic/dev/projects/tally-mcp/node_modules/jest-circus/build/utils.js:231:10)
    at _callCircusTest (/Users/cryophobic/dev/projects/tally-mcp/node_modules/jest-circus/build/run.js:316:40)
    at _runTest (/Users/cryophobic/dev/projects/tally-mcp/node_modules/jest-circus/build/run.js:252:3)
    at _runTestsForDescribeBlock (/Users/cryophobic/dev/projects/tally-mcp/node_modules/jest-circus/build/run.js:126:9)
    at _runTestsForDescribeBlock (/Users/cryophobic/dev/projects/tally-mcp/node_modules/jest-circus/build/run.js:121:9)
    at _runTestsForDescribeBlock (/Users/cryophobic/dev/projects/tally-mcp/node_modules/jest-circus/build/run.js:121:9)
    at run (/Users/cryophobic/dev/projects/tally-mcp/node_modules/jest-circus/build/run.js:71:3)
    at runAndTransformResultsToJestFormat (/Users/cryophobic/dev/projects/tally-mcp/node_modules/jest-circus/build/legacy-code-todo-rewrite/jestAdapterInit.js:122:21)
    at jestAdapter (/Users/cryophobic/dev/projects/tally-mcp/node_modules/jest-circus/build/legacy-code-todo-rewrite/jestAdapter.js:79:19)
    at runTestInternal (/Users/cryophobic/dev/projects/tally-mcp/node_modules/jest-runner/build/runTest.js:367:16)
    at runTest (/Users/cryophobic/dev/projects/tally-mcp/node_modules/jest-runner/build/runTest.js:444:34)</failure>
    </testcase>
    <testcase classname="Sanitization Middleware ManualSanitization ManualSanitization.formData should sanitize object" name="Sanitization Middleware ManualSanitization ManualSanitization.formData should sanitize object" time="0.002">
    </testcase>
    <testcase classname="Sanitization Middleware ManualSanitization ManualSanitization.apiResponse should sanitize strictly" name="Sanitization Middleware ManualSanitization ManualSanitization.apiResponse should sanitize strictly" time="0.002">
    </testcase>
    <testcase classname="Sanitization Middleware ManualSanitization ManualSanitization.logMessage should strip HTML and newlines" name="Sanitization Middleware ManualSanitization ManualSanitization.logMessage should strip HTML and newlines" time="0.001">
    </testcase>
  </testsuite>
  <testsuite name="Security Middleware" errors="0" failures="2" skipped="0" timestamp="2025-06-20T15:40:11" time="0.521" tests="24">
    <testcase classname="Security Middleware CORS Configuration should handle preflight OPTIONS requests" name="Security Middleware CORS Configuration should handle preflight OPTIONS requests" time="0.032">
    </testcase>
    <testcase classname="Security Middleware CORS Configuration should allow GET requests with CORS headers" name="Security Middleware CORS Configuration should allow GET requests with CORS headers" time="0.011">
    </testcase>
    <testcase classname="Security Middleware CORS Configuration should expose rate limit headers" name="Security Middleware CORS Configuration should expose rate limit headers" time="0.01">
    </testcase>
    <testcase classname="Security Middleware CORS with Environment Configuration should allow requests from allowed origins" name="Security Middleware CORS with Environment Configuration should allow requests from allowed origins" time="0.006">
    </testcase>
    <testcase classname="Security Middleware CORS with Environment Configuration should reject requests from disallowed origins" name="Security Middleware CORS with Environment Configuration should reject requests from disallowed origins" time="0.007">
    </testcase>
    <testcase classname="Security Middleware Security Headers should set Content Security Policy header" name="Security Middleware Security Headers should set Content Security Policy header" time="0.009">
    </testcase>
    <testcase classname="Security Middleware Security Headers should set HSTS header" name="Security Middleware Security Headers should set HSTS header" time="0.005">
    </testcase>
    <testcase classname="Security Middleware Security Headers should set X-Content-Type-Options header" name="Security Middleware Security Headers should set X-Content-Type-Options header" time="0.007">
    </testcase>
    <testcase classname="Security Middleware Security Headers should set X-Frame-Options header" name="Security Middleware Security Headers should set X-Frame-Options header" time="0.006">
    </testcase>
    <testcase classname="Security Middleware Security Headers should remove X-Powered-By header" name="Security Middleware Security Headers should remove X-Powered-By header" time="0.005">
    </testcase>
    <testcase classname="Security Middleware Security Headers should set Referrer-Policy header" name="Security Middleware Security Headers should set Referrer-Policy header" time="0.007">
    </testcase>
    <testcase classname="Security Middleware Custom Security Middleware should set custom API version header" name="Security Middleware Custom Security Middleware should set custom API version header" time="0.006">
    </testcase>
    <testcase classname="Security Middleware Custom Security Middleware should set request ID header" name="Security Middleware Custom Security Middleware should set request ID header" time="0.006">
    </testcase>
    <testcase classname="Security Middleware Custom Security Middleware should set no-cache headers for non-GET API endpoints" name="Security Middleware Custom Security Middleware should set no-cache headers for non-GET API endpoints" time="0.006">
    </testcase>
    <testcase classname="Security Middleware Custom Security Middleware should add timing protection for auth endpoints" name="Security Middleware Custom Security Middleware should add timing protection for auth endpoints" time="0.043">
    </testcase>
    <testcase classname="Security Middleware Security Logger should log security information for requests" name="Security Middleware Security Logger should log security information for requests" time="0.005">
    </testcase>
    <testcase classname="Security Middleware Security Validation should allow normal requests" name="Security Middleware Security Validation should allow normal requests" time="0.013">
    </testcase>
    <testcase classname="Security Middleware Security Validation should block directory traversal attempts" name="Security Middleware Security Validation should block directory traversal attempts" time="0.01">
    </testcase>
    <testcase classname="Security Middleware Security Validation should block XSS attempts in URL" name="Security Middleware Security Validation should block XSS attempts in URL" time="0.012">
    </testcase>
    <testcase classname="Security Middleware Security Validation should reject negative Content-Length" name="Security Middleware Security Validation should reject negative Content-Length" time="0.019">
    </testcase>
    <testcase classname="Security Middleware Security Validation should reject oversized payloads" name="Security Middleware Security Validation should reject oversized payloads" time="0.043">
    </testcase>
    <testcase classname="Security Middleware Security Validation should warn about invalid User-Agent headers" name="Security Middleware Security Validation should warn about invalid User-Agent headers" time="0.008">
      <failure>Error: expect(jest.fn()).toHaveBeenCalledWith(...expected)

Expected: &quot;Security Warning: Missing or empty User-Agent header.&quot;

Number of calls: 0
    at Object.&lt;anonymous&gt; (/Users/cryophobic/dev/projects/tally-mcp/src/middleware/__tests__/security.test.ts:264:30)
    at processTicksAndRejections (node:internal/process/task_queues:95:5)</failure>
    </testcase>
    <testcase classname="Security Middleware Security Validation should warn about oversized User-Agent headers" name="Security Middleware Security Validation should warn about oversized User-Agent headers" time="0.008">
      <failure>Error: expect(jest.fn()).toHaveBeenCalledWith(...expected)

Expected: &quot;Security Warning: Oversized User-Agent header: 300 chars&quot;

Number of calls: 0
    at Object.&lt;anonymous&gt; (/Users/cryophobic/dev/projects/tally-mcp/src/middleware/__tests__/security.test.ts:293:30)
    at processTicksAndRejections (node:internal/process/task_queues:95:5)</failure>
    </testcase>
    <testcase classname="Security Middleware Complete Security Middleware Stack should block malicious requests even with full stack" name="Security Middleware Complete Security Middleware Stack should block malicious requests even with full stack" time="0.01">
    </testcase>
  </testsuite>
  <testsuite name="BulkFormDuplicationTool - Input Validation" errors="0" failures="4" skipped="0" timestamp="2025-06-20T15:40:11" time="0.284" tests="54">
    <testcase classname="BulkFormDuplicationTool - Input Validation BulkFormDuplicationInputSchema should validate minimal valid input" name="BulkFormDuplicationTool - Input Validation BulkFormDuplicationInputSchema should validate minimal valid input" time="0.001">
    </testcase>
    <testcase classname="BulkFormDuplicationTool - Input Validation BulkFormDuplicationInputSchema should validate complete input with all fields" name="BulkFormDuplicationTool - Input Validation BulkFormDuplicationInputSchema should validate complete input with all fields" time="0.001">
    </testcase>
    <testcase classname="BulkFormDuplicationTool - Input Validation BulkFormDuplicationInputSchema should reject empty source form IDs array" name="BulkFormDuplicationTool - Input Validation BulkFormDuplicationInputSchema should reject empty source form IDs array" time="0.001">
    </testcase>
    <testcase classname="BulkFormDuplicationTool - Input Validation BulkFormDuplicationInputSchema should reject too many source form IDs" name="BulkFormDuplicationTool - Input Validation BulkFormDuplicationInputSchema should reject too many source form IDs" time="0">
    </testcase>
    <testcase classname="BulkFormDuplicationTool - Input Validation BulkFormDuplicationInputSchema should reject invalid duplicate count" name="BulkFormDuplicationTool - Input Validation BulkFormDuplicationInputSchema should reject invalid duplicate count" time="0">
    </testcase>
    <testcase classname="BulkFormDuplicationTool - Input Validation BulkFormDuplicationInputSchema should reject duplicate count exceeding maximum" name="BulkFormDuplicationTool - Input Validation BulkFormDuplicationInputSchema should reject duplicate count exceeding maximum" time="0.001">
    </testcase>
    <testcase classname="BulkFormDuplicationTool - Input Validation BulkFormDuplicationInputSchema should reject invalid batch size" name="BulkFormDuplicationTool - Input Validation BulkFormDuplicationInputSchema should reject invalid batch size" time="0.001">
    </testcase>
    <testcase classname="BulkFormDuplicationTool - Input Validation BulkFormDuplicationInputSchema should reject batch size exceeding maximum" name="BulkFormDuplicationTool - Input Validation BulkFormDuplicationInputSchema should reject batch size exceeding maximum" time="0.001">
    </testcase>
    <testcase classname="BulkFormDuplicationTool - Input Validation BulkFormDuplicationInputSchema should reject invalid progress tracking update interval" name="BulkFormDuplicationTool - Input Validation BulkFormDuplicationInputSchema should reject invalid progress tracking update interval" time="0.001">
    </testcase>
    <testcase classname="BulkFormDuplicationTool - Input Validation BulkFormDuplicationInputSchema should reject invalid rollback threshold" name="BulkFormDuplicationTool - Input Validation BulkFormDuplicationInputSchema should reject invalid rollback threshold" time="0">
    </testcase>
    <testcase classname="BulkFormDuplicationTool - Input Validation BulkDuplicationValidator validateInput should return success for valid input" name="BulkFormDuplicationTool - Input Validation BulkDuplicationValidator validateInput should return success for valid input" time="0">
    </testcase>
    <testcase classname="BulkFormDuplicationTool - Input Validation BulkDuplicationValidator validateInput should return error for invalid input" name="BulkFormDuplicationTool - Input Validation BulkDuplicationValidator validateInput should return error for invalid input" time="0">
    </testcase>
    <testcase classname="BulkFormDuplicationTool - Input Validation BulkDuplicationValidator validateInput should handle malformed input gracefully" name="BulkFormDuplicationTool - Input Validation BulkDuplicationValidator validateInput should handle malformed input gracefully" time="0">
    </testcase>
    <testcase classname="BulkFormDuplicationTool - Input Validation BulkDuplicationValidator isValidFormId should accept valid form IDs" name="BulkFormDuplicationTool - Input Validation BulkDuplicationValidator isValidFormId should accept valid form IDs" time="0">
    </testcase>
    <testcase classname="BulkFormDuplicationTool - Input Validation BulkDuplicationValidator isValidFormId should reject invalid form IDs" name="BulkFormDuplicationTool - Input Validation BulkDuplicationValidator isValidFormId should reject invalid form IDs" time="0">
    </testcase>
    <testcase classname="BulkFormDuplicationTool - Input Validation BulkDuplicationValidator isValidWorkspaceId should accept valid workspace IDs" name="BulkFormDuplicationTool - Input Validation BulkDuplicationValidator isValidWorkspaceId should accept valid workspace IDs" time="0">
    </testcase>
    <testcase classname="BulkFormDuplicationTool - Input Validation BulkDuplicationValidator isValidWorkspaceId should reject invalid workspace IDs" name="BulkFormDuplicationTool - Input Validation BulkDuplicationValidator isValidWorkspaceId should reject invalid workspace IDs" time="0">
    </testcase>
    <testcase classname="BulkFormDuplicationTool - Input Validation BulkDuplicationValidator validateNamingPattern should accept valid naming patterns" name="BulkFormDuplicationTool - Input Validation BulkDuplicationValidator validateNamingPattern should accept valid naming patterns" time="0">
    </testcase>
    <testcase classname="BulkFormDuplicationTool - Input Validation BulkDuplicationValidator validateNamingPattern should reject patterns without required placeholders" name="BulkFormDuplicationTool - Input Validation BulkDuplicationValidator validateNamingPattern should reject patterns without required placeholders" time="0">
    </testcase>
    <testcase classname="BulkFormDuplicationTool - Input Validation BulkDuplicationValidator validateNamingPattern should reject patterns with invalid placeholders" name="BulkFormDuplicationTool - Input Validation BulkDuplicationValidator validateNamingPattern should reject patterns with invalid placeholders" time="0.001">
    </testcase>
    <testcase classname="BulkFormDuplicationTool - Input Validation BulkDuplicationValidator validateNamingPattern should reject invalid start index" name="BulkFormDuplicationTool - Input Validation BulkDuplicationValidator validateNamingPattern should reject invalid start index" time="0">
    </testcase>
    <testcase classname="BulkFormDuplicationTool - Input Validation BulkDuplicationValidator validateBulkModifications should accept valid bulk modifications" name="BulkFormDuplicationTool - Input Validation BulkDuplicationValidator validateBulkModifications should accept valid bulk modifications" time="0">
    </testcase>
    <testcase classname="BulkFormDuplicationTool - Input Validation BulkDuplicationValidator validateBulkModifications should reject add/modify actions without newValue" name="BulkFormDuplicationTool - Input Validation BulkDuplicationValidator validateBulkModifications should reject add/modify actions without newValue" time="0">
    </testcase>
    <testcase classname="BulkFormDuplicationTool - Input Validation BulkDuplicationValidator validateBulkModifications should reject negative target index" name="BulkFormDuplicationTool - Input Validation BulkDuplicationValidator validateBulkModifications should reject negative target index" time="0.001">
    </testcase>
    <testcase classname="BulkFormDuplicationTool - Input Validation BulkDuplicationValidator calculateTotalOperations should calculate total operations correctly" name="BulkFormDuplicationTool - Input Validation BulkDuplicationValidator calculateTotalOperations should calculate total operations correctly" time="0">
    </testcase>
    <testcase classname="BulkFormDuplicationTool - Input Validation BulkDuplicationValidator estimateOperationDuration should estimate operation duration correctly" name="BulkFormDuplicationTool - Input Validation BulkDuplicationValidator estimateOperationDuration should estimate operation duration correctly" time="0">
    </testcase>
    <testcase classname="BulkFormDuplicationTool - Input Validation Edge Cases and Error Handling should handle empty strings in form IDs array" name="BulkFormDuplicationTool - Input Validation Edge Cases and Error Handling should handle empty strings in form IDs array" time="0.001">
    </testcase>
    <testcase classname="BulkFormDuplicationTool - Input Validation Edge Cases and Error Handling should handle null values in nested objects" name="BulkFormDuplicationTool - Input Validation Edge Cases and Error Handling should handle null values in nested objects" time="0">
    </testcase>
    <testcase classname="BulkFormDuplicationTool - Input Validation Edge Cases and Error Handling should handle missing required fields in field modifications" name="BulkFormDuplicationTool - Input Validation Edge Cases and Error Handling should handle missing required fields in field modifications" time="0">
    </testcase>
    <testcase classname="BulkFormDuplicationTool - Input Validation Edge Cases and Error Handling should handle invalid enum values" name="BulkFormDuplicationTool - Input Validation Edge Cases and Error Handling should handle invalid enum values" time="0.001">
    </testcase>
    <testcase classname="FormRetrievalService retrieveAndValidateForms should successfully retrieve and validate forms" name="FormRetrievalService retrieveAndValidateForms should successfully retrieve and validate forms" time="0.001">
    </testcase>
    <testcase classname="FormRetrievalService retrieveAndValidateForms should handle forms that are not accessible" name="FormRetrievalService retrieveAndValidateForms should handle forms that are not accessible" time="0.001">
      <failure>Error: expect(received).toContain(expected) // indexOf

Expected substring: &quot;Failed to retrieve form invalidform&quot;
Received string:    &quot;Form invalidform is not accessible: Form not found&quot;
    at Object.&lt;anonymous&gt; (/Users/cryophobic/dev/projects/tally-mcp/src/tools/__tests__/bulk-form-duplication-tool.test.ts:542:32)</failure>
    </testcase>
    <testcase classname="FormRetrievalService retrieveAndValidateForms should handle deleted forms" name="FormRetrievalService retrieveAndValidateForms should handle deleted forms" time="0.001">
      <failure>TypeError: Cannot read properties of undefined (reading &apos;isValid&apos;)
    at Object.&lt;anonymous&gt; (/Users/cryophobic/dev/projects/tally-mcp/src/tools/__tests__/bulk-form-duplication-tool.test.ts:562:39)</failure>
    </testcase>
    <testcase classname="FormRetrievalService retrieveAndValidateForms should process multiple forms in parallel" name="FormRetrievalService retrieveAndValidateForms should process multiple forms in parallel" time="0.001">
      <failure>Error: expect(received).toBe(expected) // Object.is equality

Expected: 2
Received: 0
    at Object.&lt;anonymous&gt; (/Users/cryophobic/dev/projects/tally-mcp/src/tools/__tests__/bulk-form-duplication-tool.test.ts:591:38)</failure>
    </testcase>
    <testcase classname="FormRetrievalService checkFormAccessibility should return accessible for valid published form" name="FormRetrievalService checkFormAccessibility should return accessible for valid published form" time="0.002">
    </testcase>
    <testcase classname="FormRetrievalService checkFormAccessibility should return accessible with warning for draft form" name="FormRetrievalService checkFormAccessibility should return accessible with warning for draft form" time="0.001">
    </testcase>
    <testcase classname="FormRetrievalService checkFormAccessibility should reject invalid form ID" name="FormRetrievalService checkFormAccessibility should reject invalid form ID" time="0.001">
    </testcase>
    <testcase classname="FormRetrievalService checkFormAccessibility should handle API errors gracefully" name="FormRetrievalService checkFormAccessibility should handle API errors gracefully" time="0">
    </testcase>
    <testcase classname="FormRetrievalService validateFormStructure should validate a complete form structure" name="FormRetrievalService validateFormStructure should validate a complete form structure" time="0.001">
      <failure>Error: expect(received).toBeGreaterThan(expected)

Expected: &gt; 2000
Received:   1800
    at Object.&lt;anonymous&gt; (/Users/cryophobic/dev/projects/tally-mcp/src/tools/__tests__/bulk-form-duplication-tool.test.ts:670:47)</failure>
    </testcase>
    <testcase classname="FormRetrievalService validateFormStructure should reject form without ID" name="FormRetrievalService validateFormStructure should reject form without ID" time="0.001">
    </testcase>
    <testcase classname="FormRetrievalService validateFormStructure should reject form without name or title" name="FormRetrievalService validateFormStructure should reject form without name or title" time="0">
    </testcase>
    <testcase classname="FormRetrievalService validateFormStructure should calculate complexity correctly for complex forms" name="FormRetrievalService validateFormStructure should calculate complexity correctly for complex forms" time="0.001">
    </testcase>
    <testcase classname="FormRelationshipTracker addRelationship should add a new relationship" name="FormRelationshipTracker addRelationship should add a new relationship" time="0.001">
    </testcase>
    <testcase classname="FormRelationshipTracker addRelationship should add multiple relationships for the same form" name="FormRelationshipTracker addRelationship should add multiple relationships for the same form" time="0">
    </testcase>
    <testcase classname="FormRelationshipTracker getRelationships should return empty array for form with no relationships" name="FormRelationshipTracker getRelationships should return empty array for form with no relationships" time="0.001">
    </testcase>
    <testcase classname="FormRelationshipTracker getRelationships should return all relationships for a form" name="FormRelationshipTracker getRelationships should return all relationships for a form" time="0">
    </testcase>
    <testcase classname="FormRelationshipTracker findDuplicates should return only duplicate relationships" name="FormRelationshipTracker findDuplicates should return only duplicate relationships" time="0">
    </testcase>
    <testcase classname="FormRelationshipTracker trackBulkDuplication should track multiple bulk duplication relationships" name="FormRelationshipTracker trackBulkDuplication should track multiple bulk duplication relationships" time="0.001">
    </testcase>
    <testcase classname="FormRelationshipTracker exportRelationships should export all relationships as a record" name="FormRelationshipTracker exportRelationships should export all relationships as a record" time="0">
    </testcase>
    <testcase classname="FormRelationshipTracker importRelationships should import relationships from a record" name="FormRelationshipTracker importRelationships should import relationships from a record" time="0.001">
    </testcase>
    <testcase classname="FormRelationshipTracker importRelationships should clear existing relationships before importing" name="FormRelationshipTracker importRelationships should clear existing relationships before importing" time="0.001">
    </testcase>
    <testcase classname="FormRelationshipTracker getStatistics should return correct statistics" name="FormRelationshipTracker getStatistics should return correct statistics" time="0">
    </testcase>
    <testcase classname="FormRelationshipTracker getStatistics should return zero statistics for empty tracker" name="FormRelationshipTracker getStatistics should return zero statistics for empty tracker" time="0.001">
    </testcase>
    <testcase classname="FormRelationshipTracker clearRelationships should clear all relationships" name="FormRelationshipTracker clearRelationships should clear all relationships" time="0.002">
    </testcase>
  </testsuite>
  <testsuite name="SchemaValidator" errors="0" failures="2" skipped="0" timestamp="2025-06-20T15:40:12" time="0.178" tests="43">
    <testcase classname="SchemaValidator constructor should create instance with default config" name="SchemaValidator constructor should create instance with default config" time="0.001">
    </testcase>
    <testcase classname="SchemaValidator constructor should create instance with custom config" name="SchemaValidator constructor should create instance with custom config" time="0">
    </testcase>
    <testcase classname="SchemaValidator validateSchema should validate a simple valid schema" name="SchemaValidator validateSchema should validate a simple valid schema" time="0.001">
    </testcase>
    <testcase classname="SchemaValidator validateSchema should validate a complex valid object schema" name="SchemaValidator validateSchema should validate a complex valid object schema" time="0">
    </testcase>
    <testcase classname="SchemaValidator validateSchema should validate array schema" name="SchemaValidator validateSchema should validate array schema" time="0.001">
    </testcase>
    <testcase classname="SchemaValidator validateSchema should return validation summary" name="SchemaValidator validateSchema should return validation summary" time="0">
    </testcase>
    <testcase classname="SchemaValidator basic structure validation should error when type is missing in strict mode" name="SchemaValidator basic structure validation should error when type is missing in strict mode" time="0.001">
    </testcase>
    <testcase classname="SchemaValidator basic structure validation should not error when type is missing in non-strict mode" name="SchemaValidator basic structure validation should not error when type is missing in non-strict mode" time="0.001">
    </testcase>
    <testcase classname="SchemaValidator basic structure validation should error for invalid schema type" name="SchemaValidator basic structure validation should error for invalid schema type" time="0">
    </testcase>
    <testcase classname="SchemaValidator basic structure validation should accept all valid JSON Schema types" name="SchemaValidator basic structure validation should accept all valid JSON Schema types" time="0.001">
    </testcase>
    <testcase classname="SchemaValidator object schema validation should warn when object schema has no properties in strict mode" name="SchemaValidator object schema validation should warn when object schema has no properties in strict mode" time="0.001">
    </testcase>
    <testcase classname="SchemaValidator object schema validation should not warn when object schema has no properties in non-strict mode" name="SchemaValidator object schema validation should not warn when object schema has no properties in non-strict mode" time="0">
    </testcase>
    <testcase classname="SchemaValidator object schema validation should error when required is not an array" name="SchemaValidator object schema validation should error when required is not an array" time="0">
    </testcase>
    <testcase classname="SchemaValidator object schema validation should error when required item is not a string" name="SchemaValidator object schema validation should error when required item is not a string" time="0">
    </testcase>
    <testcase classname="SchemaValidator object schema validation should validate valid required array" name="SchemaValidator object schema validation should validate valid required array" time="0">
    </testcase>
    <testcase classname="SchemaValidator array schema validation should warn when array schema has no items in strict mode" name="SchemaValidator array schema validation should warn when array schema has no items in strict mode" time="0.001">
    </testcase>
    <testcase classname="SchemaValidator array schema validation should not warn when array schema has no items in non-strict mode" name="SchemaValidator array schema validation should not warn when array schema has no items in non-strict mode" time="0">
    </testcase>
    <testcase classname="SchemaValidator array schema validation should validate array schema with items" name="SchemaValidator array schema validation should validate array schema with items" time="0.001">
    </testcase>
    <testcase classname="SchemaValidator JSON Schema draft validation should warn for unsupported schema version" name="SchemaValidator JSON Schema draft validation should warn for unsupported schema version" time="0">
    </testcase>
    <testcase classname="SchemaValidator JSON Schema draft validation should not warn for supported schema version" name="SchemaValidator JSON Schema draft validation should not warn for supported schema version" time="0.001">
    </testcase>
    <testcase classname="SchemaValidator JSON Schema draft validation should warn for deprecated keywords" name="SchemaValidator JSON Schema draft validation should warn for deprecated keywords" time="0.001">
    </testcase>
    <testcase classname="SchemaValidator JSON Schema draft validation should skip draft validation when disabled" name="SchemaValidator JSON Schema draft validation should skip draft validation when disabled" time="0">
    </testcase>
    <testcase classname="SchemaValidator schema depth validation should error when schema exceeds max depth" name="SchemaValidator schema depth validation should error when schema exceeds max depth" time="0.001">
      <failure>Error: expect(received).toBe(expected) // Object.is equality

Expected: false
Received: true
    at Object.&lt;anonymous&gt; (/Users/cryophobic/dev/projects/tally-mcp/src/validation/__tests__/schema-validator.test.ts:349:28)
    at Promise.then.completed (/Users/cryophobic/dev/projects/tally-mcp/node_modules/jest-circus/build/utils.js:298:28)
    at new Promise (&lt;anonymous&gt;)
    at callAsyncCircusFn (/Users/cryophobic/dev/projects/tally-mcp/node_modules/jest-circus/build/utils.js:231:10)
    at _callCircusTest (/Users/cryophobic/dev/projects/tally-mcp/node_modules/jest-circus/build/run.js:316:40)
    at _runTest (/Users/cryophobic/dev/projects/tally-mcp/node_modules/jest-circus/build/run.js:252:3)
    at _runTestsForDescribeBlock (/Users/cryophobic/dev/projects/tally-mcp/node_modules/jest-circus/build/run.js:126:9)
    at _runTestsForDescribeBlock (/Users/cryophobic/dev/projects/tally-mcp/node_modules/jest-circus/build/run.js:121:9)
    at _runTestsForDescribeBlock (/Users/cryophobic/dev/projects/tally-mcp/node_modules/jest-circus/build/run.js:121:9)
    at run (/Users/cryophobic/dev/projects/tally-mcp/node_modules/jest-circus/build/run.js:71:3)
    at runAndTransformResultsToJestFormat (/Users/cryophobic/dev/projects/tally-mcp/node_modules/jest-circus/build/legacy-code-todo-rewrite/jestAdapterInit.js:122:21)
    at jestAdapter (/Users/cryophobic/dev/projects/tally-mcp/node_modules/jest-circus/build/legacy-code-todo-rewrite/jestAdapter.js:79:19)
    at runTestInternal (/Users/cryophobic/dev/projects/tally-mcp/node_modules/jest-runner/build/runTest.js:367:16)
    at runTest (/Users/cryophobic/dev/projects/tally-mcp/node_modules/jest-runner/build/runTest.js:444:34)</failure>
    </testcase>
    <testcase classname="SchemaValidator schema depth validation should allow custom max depth" name="SchemaValidator schema depth validation should allow custom max depth" time="0.001">
    </testcase>
    <testcase classname="SchemaValidator schema depth validation should skip depth validation when maxSchemaDepth is undefined" name="SchemaValidator schema depth validation should skip depth validation when maxSchemaDepth is undefined" time="0.002">
    </testcase>
    <testcase classname="SchemaValidator type-specific validation string schema validation should error for negative minLength" name="SchemaValidator type-specific validation string schema validation should error for negative minLength" time="0.001">
    </testcase>
    <testcase classname="SchemaValidator type-specific validation string schema validation should error for negative maxLength" name="SchemaValidator type-specific validation string schema validation should error for negative maxLength" time="0">
      <failure>Error: expect(received).toBe(expected) // Object.is equality

Expected: false
Received: true
    at Object.&lt;anonymous&gt; (/Users/cryophobic/dev/projects/tally-mcp/src/validation/__tests__/schema-validator.test.ts:414:30)
    at Promise.then.completed (/Users/cryophobic/dev/projects/tally-mcp/node_modules/jest-circus/build/utils.js:298:28)
    at new Promise (&lt;anonymous&gt;)
    at callAsyncCircusFn (/Users/cryophobic/dev/projects/tally-mcp/node_modules/jest-circus/build/utils.js:231:10)
    at _callCircusTest (/Users/cryophobic/dev/projects/tally-mcp/node_modules/jest-circus/build/run.js:316:40)
    at _runTest (/Users/cryophobic/dev/projects/tally-mcp/node_modules/jest-circus/build/run.js:252:3)
    at _runTestsForDescribeBlock (/Users/cryophobic/dev/projects/tally-mcp/node_modules/jest-circus/build/run.js:126:9)
    at _runTestsForDescribeBlock (/Users/cryophobic/dev/projects/tally-mcp/node_modules/jest-circus/build/run.js:121:9)
    at _runTestsForDescribeBlock (/Users/cryophobic/dev/projects/tally-mcp/node_modules/jest-circus/build/run.js:121:9)
    at _runTestsForDescribeBlock (/Users/cryophobic/dev/projects/tally-mcp/node_modules/jest-circus/build/run.js:121:9)
    at run (/Users/cryophobic/dev/projects/tally-mcp/node_modules/jest-circus/build/run.js:71:3)
    at runAndTransformResultsToJestFormat (/Users/cryophobic/dev/projects/tally-mcp/node_modules/jest-circus/build/legacy-code-todo-rewrite/jestAdapterInit.js:122:21)
    at jestAdapter (/Users/cryophobic/dev/projects/tally-mcp/node_modules/jest-circus/build/legacy-code-todo-rewrite/jestAdapter.js:79:19)
    at runTestInternal (/Users/cryophobic/dev/projects/tally-mcp/node_modules/jest-runner/build/runTest.js:367:16)
    at runTest (/Users/cryophobic/dev/projects/tally-mcp/node_modules/jest-runner/build/runTest.js:444:34)</failure>
    </testcase>
    <testcase classname="SchemaValidator type-specific validation string schema validation should error when minLength &gt; maxLength" name="SchemaValidator type-specific validation string schema validation should error when minLength &gt; maxLength" time="0">
    </testcase>
    <testcase classname="SchemaValidator type-specific validation string schema validation should validate valid string constraints" name="SchemaValidator type-specific validation string schema validation should validate valid string constraints" time="0.001">
    </testcase>
    <testcase classname="SchemaValidator type-specific validation numeric schema validation should error when minimum &gt; maximum" name="SchemaValidator type-specific validation numeric schema validation should error when minimum &gt; maximum" time="0">
    </testcase>
    <testcase classname="SchemaValidator type-specific validation numeric schema validation should error when exclusiveMinimum &gt;= exclusiveMaximum" name="SchemaValidator type-specific validation numeric schema validation should error when exclusiveMinimum &gt;= exclusiveMaximum" time="0">
    </testcase>
    <testcase classname="SchemaValidator type-specific validation numeric schema validation should error for negative multipleOf" name="SchemaValidator type-specific validation numeric schema validation should error for negative multipleOf" time="0.001">
    </testcase>
    <testcase classname="SchemaValidator type-specific validation numeric schema validation should validate valid numeric constraints" name="SchemaValidator type-specific validation numeric schema validation should validate valid numeric constraints" time="0.001">
    </testcase>
    <testcase classname="SchemaValidator type-specific validation object schema validation should error for negative minProperties" name="SchemaValidator type-specific validation object schema validation should error for negative minProperties" time="0">
    </testcase>
    <testcase classname="SchemaValidator type-specific validation object schema validation should error for negative maxProperties" name="SchemaValidator type-specific validation object schema validation should error for negative maxProperties" time="0.001">
    </testcase>
    <testcase classname="SchemaValidator type-specific validation object schema validation should error when minProperties &gt; maxProperties" name="SchemaValidator type-specific validation object schema validation should error when minProperties &gt; maxProperties" time="0">
    </testcase>
    <testcase classname="SchemaValidator type-specific validation array schema validation should error for negative minItems" name="SchemaValidator type-specific validation array schema validation should error for negative minItems" time="0.001">
    </testcase>
    <testcase classname="SchemaValidator type-specific validation array schema validation should error for negative maxItems" name="SchemaValidator type-specific validation array schema validation should error for negative maxItems" time="0">
    </testcase>
    <testcase classname="SchemaValidator type-specific validation array schema validation should error when minItems &gt; maxItems" name="SchemaValidator type-specific validation array schema validation should error when minItems &gt; maxItems" time="0.001">
    </testcase>
    <testcase classname="SchemaValidator edge cases should handle empty schema object" name="SchemaValidator edge cases should handle empty schema object" time="0">
    </testcase>
    <testcase classname="SchemaValidator edge cases should handle null schema" name="SchemaValidator edge cases should handle null schema" time="0.001">
    </testcase>
    <testcase classname="SchemaValidator edge cases should handle schema with circular references" name="SchemaValidator edge cases should handle schema with circular references" time="0.001">
    </testcase>
    <testcase classname="SchemaValidator edge cases should handle very large schema" name="SchemaValidator edge cases should handle very large schema" time="0.001">
    </testcase>
  </testsuite>
  <testsuite name="Input Sanitization" errors="0" failures="1" skipped="0" timestamp="2025-06-20T15:40:13" time="0.243" tests="13">
    <testcase classname="Input Sanitization sanitizeString should remove or neutralize dangerous string: scriptTag" name="Input Sanitization sanitizeString should remove or neutralize dangerous string: scriptTag" time="0.003">
    </testcase>
    <testcase classname="Input Sanitization sanitizeString should remove or neutralize dangerous string: javascriptProtocol" name="Input Sanitization sanitizeString should remove or neutralize dangerous string: javascriptProtocol" time="0.001">
    </testcase>
    <testcase classname="Input Sanitization sanitizeString should remove or neutralize dangerous string: eventHandler" name="Input Sanitization sanitizeString should remove or neutralize dangerous string: eventHandler" time="0.006">
    </testcase>
    <testcase classname="Input Sanitization sanitizeString should remove or neutralize dangerous string: iframeTag" name="Input Sanitization sanitizeString should remove or neutralize dangerous string: iframeTag" time="0.002">
    </testcase>
    <testcase classname="Input Sanitization sanitizeString should remove or neutralize dangerous string: unclosedTag" name="Input Sanitization sanitizeString should remove or neutralize dangerous string: unclosedTag" time="0.001">
    </testcase>
    <testcase classname="Input Sanitization sanitizeString should correctly handle safe string: plainText" name="Input Sanitization sanitizeString should correctly handle safe string: plainText" time="0.001">
    </testcase>
    <testcase classname="Input Sanitization sanitizeString should correctly handle safe string: withFormatting" name="Input Sanitization sanitizeString should correctly handle safe string: withFormatting" time="0.002">
    </testcase>
    <testcase classname="Input Sanitization sanitizeString should correctly handle safe string: withLinks" name="Input Sanitization sanitizeString should correctly handle safe string: withLinks" time="0.002">
    </testcase>
    <testcase classname="Input Sanitization sanitizeString should correctly handle safe string: textWithNumbers" name="Input Sanitization sanitizeString should correctly handle safe string: textWithNumbers" time="0">
    </testcase>
    <testcase classname="Input Sanitization sanitizeString should correctly handle non-string inputs" name="Input Sanitization sanitizeString should correctly handle non-string inputs" time="0.001">
    </testcase>
    <testcase classname="Input Sanitization sanitizeString should add security attributes to links" name="Input Sanitization sanitizeString should add security attributes to links" time="0.002">
    </testcase>
    <testcase classname="Input Sanitization sanitizeObject should recursively sanitize all string values in an object" name="Input Sanitization sanitizeObject should recursively sanitize all string values in an object" time="0.003">
    </testcase>
    <testcase classname="Input Sanitization sanitizeArray should recursively sanitize all elements in an array" name="Input Sanitization sanitizeArray should recursively sanitize all elements in an array" time="0.002">
      <failure>Error: expect(received).toContain(expected) // indexOf

Expected substring: &quot;&lt;a href&quot;
Received string:    &quot;Example Link&quot;
    at Object.&lt;anonymous&gt; (/Users/cryophobic/dev/projects/tally-mcp/src/utils/__tests__/input-sanitizer.test.ts:82:28)
    at Promise.then.completed (/Users/cryophobic/dev/projects/tally-mcp/node_modules/jest-circus/build/utils.js:298:28)
    at new Promise (&lt;anonymous&gt;)
    at callAsyncCircusFn (/Users/cryophobic/dev/projects/tally-mcp/node_modules/jest-circus/build/utils.js:231:10)
    at _callCircusTest (/Users/cryophobic/dev/projects/tally-mcp/node_modules/jest-circus/build/run.js:316:40)
    at _runTest (/Users/cryophobic/dev/projects/tally-mcp/node_modules/jest-circus/build/run.js:252:3)
    at _runTestsForDescribeBlock (/Users/cryophobic/dev/projects/tally-mcp/node_modules/jest-circus/build/run.js:126:9)
    at _runTestsForDescribeBlock (/Users/cryophobic/dev/projects/tally-mcp/node_modules/jest-circus/build/run.js:121:9)
    at _runTestsForDescribeBlock (/Users/cryophobic/dev/projects/tally-mcp/node_modules/jest-circus/build/run.js:121:9)
    at run (/Users/cryophobic/dev/projects/tally-mcp/node_modules/jest-circus/build/run.js:71:3)
    at runAndTransformResultsToJestFormat (/Users/cryophobic/dev/projects/tally-mcp/node_modules/jest-circus/build/legacy-code-todo-rewrite/jestAdapterInit.js:122:21)
    at jestAdapter (/Users/cryophobic/dev/projects/tally-mcp/node_modules/jest-circus/build/legacy-code-todo-rewrite/jestAdapter.js:79:19)
    at runTestInternal (/Users/cryophobic/dev/projects/tally-mcp/node_modules/jest-runner/build/runTest.js:367:16)
    at runTest (/Users/cryophobic/dev/projects/tally-mcp/node_modules/jest-runner/build/runTest.js:444:34)</failure>
    </testcase>
  </testsuite>
  <testsuite name="TallyApiClient" errors="0" failures="2" skipped="0" timestamp="2025-06-20T15:40:13" time="0.172" tests="13">
    <testcase classname="TallyApiClient should be defined" name="TallyApiClient should be defined" time="0.001">
    </testcase>
    <testcase classname="TallyApiClient Authentication should throw an error when getting authorization URL without OAuth2 config" name="TallyApiClient Authentication should throw an error when getting authorization URL without OAuth2 config" time="0.018">
    </testcase>
    <testcase classname="TallyApiClient Authentication should throw an error when exchanging code for token without OAuth2 config" name="TallyApiClient Authentication should throw an error when exchanging code for token without OAuth2 config" time="0.001">
    </testcase>
    <testcase classname="TallyApiClient Authentication should be authenticated if access token is provided" name="TallyApiClient Authentication should be authenticated if access token is provided" time="0">
    </testcase>
    <testcase classname="TallyApiClient Authentication should not be authenticated if access token is not provided" name="TallyApiClient Authentication should not be authenticated if access token is not provided" time="0.001">
    </testcase>
    <testcase classname="TallyApiClient Authentication should throw an error when refreshing token without OAuth2 config" name="TallyApiClient Authentication should throw an error when refreshing token without OAuth2 config" time="0.001">
    </testcase>
    <testcase classname="TallyApiClient Authentication should clear the access token" name="TallyApiClient Authentication should clear the access token" time="0.001">
    </testcase>
    <testcase classname="TallyApiClient Authentication should set the access token" name="TallyApiClient Authentication should set the access token" time="0.001">
    </testcase>
    <testcase classname="TallyApiClient Authentication should get the access token" name="TallyApiClient Authentication should get the access token" time="0">
    </testcase>
    <testcase classname="TallyApiClient Authentication should get the current token" name="TallyApiClient Authentication should get the current token" time="0.001">
    </testcase>
    <testcase classname="TallyApiClient Request Handling should handle a successful GET request" name="TallyApiClient Request Handling should handle a successful GET request" time="0">
    </testcase>
    <testcase classname="TallyApiClient Request Handling should handle a 404 Not Found error" name="TallyApiClient Request Handling should handle a 404 Not Found error" time="0.001">
      <failure>Error: expect(received).rejects.toThrow(expected)

Expected substring: &quot;Not Found&quot;

Received function did not throw
    at Object.toThrow (/Users/cryophobic/dev/projects/tally-mcp/node_modules/expect/build/index.js:218:22)
    at Object.&lt;anonymous&gt; (/Users/cryophobic/dev/projects/tally-mcp/src/__tests__/api/TallyApiClient.test.ts:90:66)
    at Promise.then.completed (/Users/cryophobic/dev/projects/tally-mcp/node_modules/jest-circus/build/utils.js:298:28)
    at new Promise (&lt;anonymous&gt;)
    at callAsyncCircusFn (/Users/cryophobic/dev/projects/tally-mcp/node_modules/jest-circus/build/utils.js:231:10)
    at _callCircusTest (/Users/cryophobic/dev/projects/tally-mcp/node_modules/jest-circus/build/run.js:316:40)
    at _runTest (/Users/cryophobic/dev/projects/tally-mcp/node_modules/jest-circus/build/run.js:252:3)
    at _runTestsForDescribeBlock (/Users/cryophobic/dev/projects/tally-mcp/node_modules/jest-circus/build/run.js:126:9)
    at _runTestsForDescribeBlock (/Users/cryophobic/dev/projects/tally-mcp/node_modules/jest-circus/build/run.js:121:9)
    at _runTestsForDescribeBlock (/Users/cryophobic/dev/projects/tally-mcp/node_modules/jest-circus/build/run.js:121:9)
    at run (/Users/cryophobic/dev/projects/tally-mcp/node_modules/jest-circus/build/run.js:71:3)
    at runAndTransformResultsToJestFormat (/Users/cryophobic/dev/projects/tally-mcp/node_modules/jest-circus/build/legacy-code-todo-rewrite/jestAdapterInit.js:122:21)
    at jestAdapter (/Users/cryophobic/dev/projects/tally-mcp/node_modules/jest-circus/build/legacy-code-todo-rewrite/jestAdapter.js:79:19)
    at runTestInternal (/Users/cryophobic/dev/projects/tally-mcp/node_modules/jest-runner/build/runTest.js:367:16)
    at runTest (/Users/cryophobic/dev/projects/tally-mcp/node_modules/jest-runner/build/runTest.js:444:34)</failure>
    </testcase>
    <testcase classname="TallyApiClient Request Handling should handle a 401 Unauthorized error" name="TallyApiClient Request Handling should handle a 401 Unauthorized error" time="0.007">
      <failure>Error: expect(received).rejects.toThrow(expected)

Expected substring: &quot;No valid authentication found. Please authenticate first.&quot;
Received message:   &quot;this.axiosInstance.request is not a function&quot;

      586 |
      587 |     // The interceptors will handle authentication and error handling
    &gt; 588 |     const response: AxiosResponse&lt;T&gt; = await this.axiosInstance.request(requestConfig);
          |                                                                 ^
      589 |
      590 |     return {
      591 |       data: response.data,

      at TallyApiClient.request (src/services/TallyApiClient.ts:588:65)
      at TallyApiClient.get (src/services/TallyApiClient.ts:348:17)
      at Object.&lt;anonymous&gt; (src/__tests__/api/TallyApiClient.test.ts:96:27)
    at Object.toThrow (/Users/cryophobic/dev/projects/tally-mcp/node_modules/expect/build/index.js:218:22)
    at Object.&lt;anonymous&gt; (/Users/cryophobic/dev/projects/tally-mcp/src/__tests__/api/TallyApiClient.test.ts:96:47)
    at Promise.then.completed (/Users/cryophobic/dev/projects/tally-mcp/node_modules/jest-circus/build/utils.js:298:28)
    at new Promise (&lt;anonymous&gt;)
[...]
    </testcase>
    <testcase classname="Capability Negotiation negotiateCapabilities should reject client with unsupported auth" name="Capability Negotiation negotiateCapabilities should reject client with unsupported auth" time="0">
    </testcase>
    <testcase classname="Capability Negotiation negotiateCapabilities should select highest common tool version" name="Capability Negotiation negotiateCapabilities should select highest common tool version" time="0">
    </testcase>
    <testcase classname="Capability Negotiation negotiateCapabilities should use server default when a client capability is not specified" name="Capability Negotiation negotiateCapabilities should use server default when a client capability is not specified" time="0.001">
    </testcase>
    <testcase classname="Capability Negotiation validateClientCapabilities should return true for valid capabilities: full capabilities" name="Capability Negotiation validateClientCapabilities should return true for valid capabilities: full capabilities" time="0">
    </testcase>
    <testcase classname="Capability Negotiation validateClientCapabilities should return true for valid capabilities: partial capabilities" name="Capability Negotiation validateClientCapabilities should return true for valid capabilities: partial capabilities" time="0">
    </testcase>
    <testcase classname="Capability Negotiation validateClientCapabilities should return true for valid capabilities: empty capabilities" name="Capability Negotiation validateClientCapabilities should return true for valid capabilities: empty capabilities" time="0.001">
    </testcase>
    <testcase classname="Capability Negotiation validateClientCapabilities should return false for invalid capabilities: null" name="Capability Negotiation validateClientCapabilities should return false for invalid capabilities: null" time="0">
    </testcase>
    <testcase classname="Capability Negotiation validateClientCapabilities should return false for invalid capabilities: string" name="Capability Negotiation validateClientCapabilities should return false for invalid capabilities: string" time="0">
    </testcase>
    <testcase classname="Capability Negotiation validateClientCapabilities should return false for invalid capabilities: number" name="Capability Negotiation validateClientCapabilities should return false for invalid capabilities: number" time="0.001">
    </testcase>
    <testcase classname="Capability Negotiation validateClientCapabilities should return false for invalid capabilities: unknown category" name="Capability Negotiation validateClientCapabilities should return false for invalid capabilities: unknown category" time="0">
    </testcase>
    <testcase classname="Capability Negotiation validateClientCapabilities should return false for invalid capabilities: category not an object" name="Capability Negotiation validateClientCapabilities should return false for invalid capabilities: category not an object" time="0">
    </testcase>
    <testcase classname="Capability Negotiation validateClientCapabilities should return false for invalid capabilities: invalid logging level" name="Capability Negotiation validateClientCapabilities should return false for invalid capabilities: invalid logging level" time="0">
    </testcase>
  </testsuite>
  <testsuite name="Matrix Question Support" errors="0" failures="0" skipped="0" timestamp="2025-06-20T15:40:19" time="0.132" tests="4">
    <testcase classname="Matrix Question Support Matrix Question Creation should create a matrix question with default configuration" name="Matrix Question Support Matrix Question Creation should create a matrix question with default configuration" time="0.001">
    </testcase>
    <testcase classname="Matrix Question Support Matrix Question Creation should include matrix in choice field types" name="Matrix Question Support Matrix Question Creation should include matrix in choice field types" time="0.001">
    </testcase>
    <testcase classname="Matrix Question Support Matrix Question Creation should generate appropriate default label for matrix questions" name="Matrix Question Support Matrix Question Creation should generate appropriate default label for matrix questions" time="0">
    </testcase>
    <testcase classname="Matrix Question Support Matrix Question Structure should have properly structured rows and columns" name="Matrix Question Support Matrix Question Structure should have properly structured rows and columns" time="0.001">
    </testcase>
  </testsuite>
  <testsuite name="Application Configuration" errors="0" failures="0" skipped="0" timestamp="2025-06-20T15:40:20" time="0.131" tests="6">
    <testcase classname="Application Configuration should load configuration from environment variables" name="Application Configuration should load configuration from environment variables" time="0.002">
    </testcase>
    <testcase classname="Application Configuration should use default values for optional variables" name="Application Configuration should use default values for optional variables" time="0.001">
    </testcase>
    <testcase classname="Application Configuration should throw an error if a required environment variable is missing" name="Application Configuration should throw an error if a required environment variable is missing" time="0.003">
    </testcase>
    <testcase classname="Application Configuration should throw an error for non-numeric number variables" name="Application Configuration should throw an error for non-numeric number variables" time="0.002">
    </testcase>
    <testcase classname="Application Configuration validateConfig should log success if all required config is present" name="Application Configuration validateConfig should log success if all required config is present" time="0.005">
    </testcase>
    <testcase classname="Application Configuration validateConfig should log an error and exit if required config is missing" name="Application Configuration validateConfig should log an error and exit if required config is missing" time="0.001">
    </testcase>
  </testsuite>
  <testsuite name="Tally API Client - Forms" errors="0" failures="0" skipped="0" timestamp="2025-06-20T15:40:20" time="0.13" tests="3">
    <testcase classname="Tally API Client - Forms should fetch forms and validate the response" name="Tally API Client - Forms should fetch forms and validate the response" time="0.001">
    </testcase>
    <testcase classname="Tally API Client - Forms should fetch a single form and validate the response" name="Tally API Client - Forms should fetch a single form and validate the response" time="0">
    </testcase>
    <testcase classname="Tally API Client - Forms should fetch form submissions and validate the response" name="Tally API Client - Forms should fetch form submissions and validate the response" time="0">
    </testcase>
  </testsuite>
  <testsuite name="TallyApiClient Integration Tests" errors="0" failures="0" skipped="0" timestamp="2025-06-20T15:40:20" time="0.131" tests="9">
    <testcase classname="TallyApiClient Integration Tests Retry Configuration Integration should initialize with default retry configuration" name="TallyApiClient Integration Tests Retry Configuration Integration should initialize with default retry configuration" time="0">
    </testcase>
    <testcase classname="TallyApiClient Integration Tests Retry Configuration Integration should accept custom retry configuration" name="TallyApiClient Integration Tests Retry Configuration Integration should accept custom retry configuration" time="0.001">
    </testcase>
    <testcase classname="TallyApiClient Integration Tests Retry Configuration Integration should merge partial retry configuration with defaults" name="TallyApiClient Integration Tests Retry Configuration Integration should merge partial retry configuration with defaults" time="0">
    </testcase>
    <testcase classname="TallyApiClient Integration Tests Retry Configuration Integration should have interceptors set up when retry config is provided" name="TallyApiClient Integration Tests Retry Configuration Integration should have interceptors set up when retry config is provided" time="0.001">
    </testcase>
    <testcase classname="TallyApiClient Integration Tests Retry Configuration Integration should maintain backward compatibility when no retry config is provided" name="TallyApiClient Integration Tests Retry Configuration Integration should maintain backward compatibility when no retry config is provided" time="0">
    </testcase>
    <testcase classname="TallyApiClient Integration Tests Error Handling Configuration should have proper error types available for retry logic" name="TallyApiClient Integration Tests Error Handling Configuration should have proper error types available for retry logic" time="0">
    </testcase>
    <testcase classname="TallyApiClient Integration Tests Error Handling Configuration should create client with debug logging enabled" name="TallyApiClient Integration Tests Error Handling Configuration should create client with debug logging enabled" time="0.001">
    </testcase>
    <testcase classname="TallyApiClient Integration Tests Circuit Breaker Configuration should configure circuit breaker with custom settings" name="TallyApiClient Integration Tests Circuit Breaker Configuration should configure circuit breaker with custom settings" time="0">
    </testcase>
    <testcase classname="TallyApiClient Integration Tests Circuit Breaker Configuration should allow disabling circuit breaker" name="TallyApiClient Integration Tests Circuit Breaker Configuration should allow disabling circuit breaker" time="0.001">
    </testcase>
  </testsuite>
  <testsuite name="Logger - Core Functionality" errors="0" failures="0" skipped="0" timestamp="2025-06-20T15:40:20" time="0.136" tests="15">
    <testcase classname="Logger - Core Functionality Constructor and Configuration should create logger with default configuration" name="Logger - Core Functionality Constructor and Configuration should create logger with default configuration" time="0.001">
    </testcase>
    <testcase classname="Logger - Core Functionality Constructor and Configuration should create logger with custom configuration" name="Logger - Core Functionality Constructor and Configuration should create logger with custom configuration" time="0">
    </testcase>
    <testcase classname="Logger - Core Functionality Constructor and Configuration should update configuration" name="Logger - Core Functionality Constructor and Configuration should update configuration" time="0.001">
    </testcase>
    <testcase classname="Logger - Core Functionality Child Logger Creation should create child logger with same config but different component" name="Logger - Core Functionality Child Logger Creation should create child logger with same config but different component" time="0">
    </testcase>
    <testcase classname="Logger - Core Functionality Child Logger Creation should create child logger with additional config" name="Logger - Core Functionality Child Logger Creation should create child logger with additional config" time="0">
    </testcase>
    <testcase classname="Logger - Core Functionality Trace ID Management should generate unique trace ID on creation" name="Logger - Core Functionality Trace ID Management should generate unique trace ID on creation" time="0.001">
    </testcase>
    <testcase classname="Logger - Core Functionality Trace ID Management should allow setting custom trace ID" name="Logger - Core Functionality Trace ID Management should allow setting custom trace ID" time="0">
    </testcase>
    <testcase classname="Logger - Core Functionality Sensitive Data Redaction should redact sensitive fields from context" name="Logger - Core Functionality Sensitive Data Redaction should redact sensitive fields from context" time="0.004">
    </testcase>
    <testcase classname="Logger - Core Functionality Sensitive Data Redaction should handle nested objects in redaction" name="Logger - Core Functionality Sensitive Data Redaction should handle nested objects in redaction" time="0.001">
    </testcase>
    <testcase classname="Logger - Core Functionality Sensitive Data Redaction should handle arrays in context" name="Logger - Core Functionality Sensitive Data Redaction should handle arrays in context" time="0.001">
    </testcase>
    <testcase classname="Logger - Core Functionality Factory Functions should create logger with createLogger function" name="Logger - Core Functionality Factory Functions should create logger with createLogger function" time="0">
    </testcase>
    <testcase classname="Logger - Core Functionality Factory Functions should provide global logger instance" name="Logger - Core Functionality Factory Functions should provide global logger instance" time="0.001">
    </testcase>
    <testcase classname="Logger - Core Functionality Edge Cases should handle null and undefined context values" name="Logger - Core Functionality Edge Cases should handle null and undefined context values" time="0">
    </testcase>
    <testcase classname="Logger - Core Functionality Log Level Behavior should respect log level thresholds" name="Logger - Core Functionality Log Level Behavior should respect log level thresholds" time="0">
    </testcase>
    <testcase classname="Logger - Core Functionality Operation Timing should provide timing functionality" name="Logger - Core Functionality Operation Timing should provide timing functionality" time="0.005">
    </testcase>
  </testsuite>
  <testsuite name="Tally API Client - Workspaces and User" errors="0" failures="0" skipped="0" timestamp="2025-06-20T15:40:20" time="0.131" tests="2">
    <testcase classname="Tally API Client - Workspaces and User should fetch workspaces and validate the response" name="Tally API Client - Workspaces and User should fetch workspaces and validate the response" time="0.001">
    </testcase>
    <testcase classname="Tally API Client - Workspaces and User should fetch a single workspace and validate the response" name="Tally API Client - Workspaces and User should fetch a single workspace and validate the response" time="0.001">
    </testcase>
  </testsuite>
  <testsuite name="ValidationUtils" errors="0" failures="0" skipped="0" timestamp="2025-06-20T15:40:20" time="0.132" tests="15">
    <testcase classname="ValidationUtils createError should create a validation error with required fields" name="ValidationUtils createError should create a validation error with required fields" time="0">
    </testcase>
    <testcase classname="ValidationUtils createError should create a validation error with optional fields" name="ValidationUtils createError should create a validation error with optional fields" time="0">
    </testcase>
    <testcase classname="ValidationUtils createError should use default severity when not provided" name="ValidationUtils createError should use default severity when not provided" time="0">
    </testcase>
    <testcase classname="ValidationUtils mergeResults should merge multiple validation results" name="ValidationUtils mergeResults should merge multiple validation results" time="0.001">
    </testcase>
    <testcase classname="ValidationUtils mergeResults should handle empty results" name="ValidationUtils mergeResults should handle empty results" time="0">
    </testcase>
    <testcase classname="ValidationUtils mergeResults should handle single result" name="ValidationUtils mergeResults should handle single result" time="0">
    </testcase>
    <testcase classname="ValidationUtils formatError should format basic error" name="ValidationUtils formatError should format basic error" time="0.001">
    </testcase>
    <testcase classname="ValidationUtils formatError should format error with path" name="ValidationUtils formatError should format error with path" time="0">
    </testcase>
    <testcase classname="ValidationUtils formatError should format error with expected/actual values" name="ValidationUtils formatError should format error with expected/actual values" time="0">
    </testcase>
    <testcase classname="ValidationUtils formatError should format error with spec reference" name="ValidationUtils formatError should format error with spec reference" time="0">
    </testcase>
    <testcase classname="ValidationUtils calculateComplexity should calculate complexity for simple schema" name="ValidationUtils calculateComplexity should calculate complexity for simple schema" time="0">
    </testcase>
    <testcase classname="ValidationUtils calculateComplexity should calculate complexity for object schema" name="ValidationUtils calculateComplexity should calculate complexity for object schema" time="0.001">
    </testcase>
    <testcase classname="ValidationUtils calculateComplexity should calculate complexity for nested schema" name="ValidationUtils calculateComplexity should calculate complexity for nested schema" time="0">
    </testcase>
    <testcase classname="ValidationUtils calculateComplexity should handle null/undefined schema" name="ValidationUtils calculateComplexity should handle null/undefined schema" time="0.001">
    </testcase>
    <testcase classname="ValidationUtils calculateComplexity should handle empty schema" name="ValidationUtils calculateComplexity should handle empty schema" time="0">
    </testcase>
  </testsuite>
  <testsuite name="capability-negotiation" errors="0" failures="0" skipped="0" timestamp="2025-06-20T15:40:20" time="0.127" tests="8">
    <testcase classname="capability-negotiation negotiateCapabilities should return server defaults when no client capabilities provided" name="capability-negotiation negotiateCapabilities should return server defaults when no client capabilities provided" time="0">
    </testcase>
    <testcase classname="capability-negotiation negotiateCapabilities should throw StructuredError on protocol version mismatch" name="capability-negotiation negotiateCapabilities should throw StructuredError on protocol version mismatch" time="0.005">
    </testcase>
    <testcase classname="capability-negotiation negotiateCapabilities should negotiate tools capabilities correctly" name="capability-negotiation negotiateCapabilities should negotiate tools capabilities correctly" time="0">
    </testcase>
    <testcase classname="capability-negotiation negotiateCapabilities should negotiate resources capabilities correctly" name="capability-negotiation negotiateCapabilities should negotiate resources capabilities correctly" time="0">
    </testcase>
    <testcase classname="capability-negotiation negotiateCapabilities should negotiate prompts capabilities correctly" name="capability-negotiation negotiateCapabilities should negotiate prompts capabilities correctly" time="0.001">
    </testcase>
    <testcase classname="capability-negotiation negotiateCapabilities should negotiate logging capabilities correctly" name="capability-negotiation negotiateCapabilities should negotiate logging capabilities correctly" time="0">
    </testcase>
    <testcase classname="capability-negotiation negotiateCapabilities should handle partial client capabilities" name="capability-negotiation negotiateCapabilities should handle partial client capabilities" time="0.001">
    </testcase>
    <testcase classname="capability-negotiation negotiateCapabilities should handle all capabilities disabled by client" name="capability-negotiation negotiateCapabilities should handle all capabilities disabled by client" time="0.001">
    </testcase>
  </testsuite>
  <testsuite name="Network Resilience and Timeout" errors="0" failures="0" skipped="0" timestamp="2025-06-20T15:40:21" time="0.123" tests="1">
    <testcase classname="Network Resilience and Timeout should have tests" name="Network Resilience and Timeout should have tests" time="0">
    </testcase>
  </testsuite>
</testsuites>