<?xml version="1.0" encoding="UTF-8"?>
<coverage generated="1749846519890" clover="3.2.0">
  <project timestamp="1749846519890" name="All files">
    <metrics statements="4436" coveredstatements="2501" conditionals="2081" coveredconditionals="889" methods="904" coveredmethods="496" elements="7421" coveredelements="3886" complexity="0" loc="4436" ncloc="4436" packages="9" files="64" classes="64"/>
    <package name="src">
      <metrics statements="658" coveredstatements="384" conditionals="256" coveredconditionals="84" methods="97" coveredmethods="68"/>
      <file name="index.ts" path="/Users/cryophobic/dev/projects/tally-mcp/src/index.ts">
        <metrics statements="22" coveredstatements="19" conditionals="5" coveredconditionals="4" methods="5" coveredmethods="4"/>
        <line num="8" count="1" type="stmt"/>
        <line num="14" count="13" type="stmt"/>
        <line num="17" count="13" type="stmt"/>
        <line num="24" count="13" type="stmt"/>
        <line num="26" count="12" type="stmt"/>
        <line num="27" count="11" type="stmt"/>
        <line num="28" count="10" type="stmt"/>
        <line num="31" count="9" type="stmt"/>
        <line num="33" count="8" type="stmt"/>
        <line num="34" count="8" type="stmt"/>
        <line num="38" count="1" type="stmt"/>
        <line num="39" count="1" type="stmt"/>
        <line num="40" count="1" type="stmt"/>
        <line num="44" count="1" type="stmt"/>
        <line num="45" count="1" type="stmt"/>
        <line num="46" count="1" type="stmt"/>
        <line num="50" count="1" type="cond" truecount="0" falsecount="1"/>
        <line num="51" count="0" type="stmt"/>
        <line num="52" count="0" type="stmt"/>
        <line num="53" count="0" type="stmt"/>
        <line num="57" count="2" type="stmt"/>
        <line num="58" count="1" type="stmt"/>
      </file>
      <file name="server.ts" path="/Users/cryophobic/dev/projects/tally-mcp/src/server.ts">
        <metrics statements="444" coveredstatements="333" conditionals="150" coveredconditionals="75" methods="79" coveredmethods="62"/>
        <line num="8" count="12" type="stmt"/>
        <line num="9" count="12" type="stmt"/>
        <line num="10" count="12" type="stmt"/>
        <line num="11" count="12" type="stmt"/>
        <line num="12" count="12" type="stmt"/>
        <line num="17" count="12" type="stmt"/>
        <line num="18" count="12" type="stmt"/>
        <line num="25" count="12" type="cond" truecount="2" falsecount="0"/>
        <line num="26" count="12" type="stmt"/>
        <line num="27" count="12" type="stmt"/>
        <line num="28" count="12" type="stmt"/>
        <line num="29" count="12" type="stmt"/>
        <line num="30" count="12" type="stmt"/>
        <line num="31" count="12" type="stmt"/>
        <line num="60" count="12" type="cond" truecount="2" falsecount="0"/>
        <line num="61" count="12" type="stmt"/>
        <line num="62" count="12" type="stmt"/>
        <line num="63" count="12" type="stmt"/>
        <line num="64" count="12" type="stmt"/>
        <line num="65" count="12" type="stmt"/>
        <line num="66" count="12" type="stmt"/>
        <line num="67" count="12" type="stmt"/>
        <line num="68" count="12" type="stmt"/>
        <line num="69" count="12" type="stmt"/>
        <line num="70" count="12" type="stmt"/>
        <line num="101" count="12" type="stmt"/>
        <line num="133" count="12" type="stmt"/>
        <line num="146" count="12" type="cond" truecount="2" falsecount="0"/>
        <line num="147" count="12" type="stmt"/>
        <line num="148" count="12" type="stmt"/>
        <line num="149" count="12" type="stmt"/>
        <line num="150" count="12" type="stmt"/>
        <line num="151" count="12" type="stmt"/>
        <line num="217" count="12" type="stmt"/>
        <line num="227" count="12" type="stmt"/>
        <line num="246" count="1" type="cond" truecount="2" falsecount="1"/>
        <line num="247" count="0" type="stmt"/>
        <line num="251" count="1" type="cond" truecount="1" falsecount="0"/>
        <line num="252" count="1" type="stmt"/>
        <line num="253" count="1" type="stmt"/>
        <line num="254" count="0" type="cond" truecount="0" falsecount="3"/>
        <line num="255" count="0" type="stmt"/>
        <line num="261" count="1" type="stmt"/>
        <line num="264" count="1" type="cond" truecount="1" falsecount="0"/>
        <line num="265" count="1" type="stmt"/>
        <line num="266" count="1" type="stmt"/>
        <line num="267" count="0" type="cond" truecount="0" falsecount="1"/>
        <line num="269" count="0" type="stmt"/>
        <line num="270" count="0" type="stmt"/>
        <line num="276" count="0" type="stmt"/>
        <line num="281" count="1" type="stmt"/>
        <line num="288" count="12" type="stmt"/>
        <line num="296" count="126" type="stmt"/>
        <line num="311" count="126" type="stmt"/>
        <line num="330" count="126" type="stmt"/>
        <line num="343" count="126" type="stmt"/>
        <line num="346" count="126" type="stmt"/>
        <line num="349" count="126" type="stmt"/>
        <line num="350" count="126" type="stmt"/>
        <line num="351" count="126" type="stmt"/>
        <line num="352" count="126" type="stmt"/>
        <line num="355" count="126" type="stmt"/>
        <line num="356" count="126" type="stmt"/>
        <line num="357" count="126" type="stmt"/>
        <line num="366" count="126" type="stmt"/>
        <line num="370" count="126" type="stmt"/>
        <line num="377" count="126" type="stmt"/>
        <line num="380" count="126" type="stmt"/>
        <line num="383" count="126" type="stmt"/>
        <line num="384" count="126" type="stmt"/>
        <line num="385" count="126" type="stmt"/>
        <line num="386" count="126" type="stmt"/>
        <line num="393" count="131" type="stmt"/>
        <line num="400" count="4" type="stmt"/>
        <line num="407" count="10" type="stmt"/>
        <line num="417" count="14" type="stmt"/>
        <line num="418" count="14" type="stmt"/>
        <line num="419" count="14" type="stmt"/>
        <line num="420" count="14" type="stmt"/>
        <line num="421" count="14" type="stmt"/>
        <line num="422" count="14" type="stmt"/>
        <line num="423" count="14" type="stmt"/>
        <line num="426" count="14" type="stmt"/>
        <line num="428" count="14" type="stmt"/>
        <line num="462" count="14" type="stmt"/>
        <line num="469" count="15" type="cond" truecount="0" falsecount="1"/>
        <line num="470" count="0" type="stmt"/>
        <line num="473" count="15" type="stmt"/>
        <line num="474" count="15" type="stmt"/>
        <line num="477" count="15" type="cond" truecount="1" falsecount="0"/>
        <line num="478" count="1" type="stmt"/>
        <line num="482" count="14" type="stmt"/>
        <line num="483" count="14" type="cond" truecount="2" falsecount="1"/>
        <line num="484" count="0" type="stmt"/>
        <line num="488" count="14" type="cond" truecount="0" falsecount="1"/>
        <line num="489" count="0" type="stmt"/>
        <line num="493" count="14" type="stmt"/>
        <line num="494" count="14" type="cond" truecount="0" falsecount="1"/>
        <line num="495" count="0" type="stmt"/>
        <line num="498" count="14" type="stmt"/>
        <line num="505" count="14" type="stmt"/>
        <line num="506" count="14" type="stmt"/>
        <line num="513" count="840" type="stmt"/>
        <line num="514" count="14" type="stmt"/>
        <line num="521" count="1680" type="stmt"/>
        <line num="522" count="28" type="stmt"/>
        <line num="529" count="66" type="stmt"/>
        <line num="530" count="66" type="stmt"/>
        <line num="532" count="66" type="cond" truecount="1" falsecount="0"/>
        <line num="534" count="48" type="stmt"/>
        <line num="535" count="48" type="stmt"/>
        <line num="536" count="48" type="stmt"/>
        <line num="544" count="50" type="stmt"/>
        <line num="545" count="50" type="stmt"/>
        <line num="546" count="50" type="stmt"/>
        <line num="547" count="50" type="stmt"/>
        <line num="548" count="50" type="cond" truecount="1" falsecount="0"/>
        <line num="549" count="50" type="stmt"/>
        <line num="557" count="2" type="stmt"/>
        <line num="558" count="2" type="stmt"/>
        <line num="559" count="2" type="stmt"/>
        <line num="560" count="2" type="stmt"/>
        <line num="561" count="2" type="cond" truecount="1" falsecount="0"/>
        <line num="562" count="2" type="stmt"/>
        <line num="571" count="108" type="cond" truecount="1" falsecount="0"/>
        <line num="572" count="1" type="stmt"/>
        <line num="573" count="1" type="stmt"/>
        <line num="576" count="107" type="stmt"/>
        <line num="577" count="107" type="stmt"/>
        <line num="579" count="107" type="stmt"/>
        <line num="580" count="107" type="stmt"/>
        <line num="581" count="107" type="stmt"/>
        <line num="582" count="107" type="stmt"/>
        <line num="584" count="107" type="stmt"/>
        <line num="585" count="107" type="stmt"/>
        <line num="586" count="106" type="stmt"/>
        <line num="587" count="106" type="stmt"/>
        <line num="588" count="106" type="stmt"/>
        <line num="590" count="1" type="stmt"/>
        <line num="591" count="1" type="stmt"/>
        <line num="592" count="1" type="stmt"/>
        <line num="601" count="106" type="cond" truecount="3" falsecount="0"/>
        <line num="602" count="1" type="stmt"/>
        <line num="603" count="1" type="stmt"/>
        <line num="606" count="105" type="stmt"/>
        <line num="607" count="105" type="stmt"/>
        <line num="608" count="105" type="stmt"/>
        <line num="611" count="105" type="stmt"/>
        <line num="614" count="105" type="stmt"/>
        <line num="617" count="105" type="stmt"/>
        <line num="619" count="105" type="stmt"/>
        <line num="620" count="105" type="stmt"/>
        <line num="622" count="0" type="stmt"/>
        <line num="623" count="0" type="stmt"/>
        <line num="624" count="0" type="stmt"/>
        <line num="633" count="42" type="cond" truecount="1" falsecount="1"/>
        <line num="634" count="42" type="stmt"/>
        <line num="636" count="42" type="cond" truecount="2" falsecount="1"/>
        <line num="637" count="0" type="stmt"/>
        <line num="638" count="0" type="stmt"/>
        <line num="641" count="42" type="stmt"/>
        <line num="649" count="42" type="stmt"/>
        <line num="650" count="42" type="stmt"/>
        <line num="652" count="42" type="stmt"/>
        <line num="663" count="42" type="stmt"/>
        <line num="671" count="42" type="stmt"/>
        <line num="672" count="0" type="stmt"/>
        <line num="673" count="0" type="stmt"/>
        <line num="676" count="42" type="stmt"/>
        <line num="677" count="42" type="stmt"/>
        <line num="678" count="42" type="stmt"/>
        <line num="679" count="42" type="stmt"/>
        <line num="682" count="42" type="stmt"/>
        <line num="683" count="9" type="stmt"/>
        <line num="684" count="9" type="stmt"/>
        <line num="685" count="9" type="stmt"/>
        <line num="688" count="42" type="stmt"/>
        <line num="689" count="0" type="stmt"/>
        <line num="690" count="0" type="stmt"/>
        <line num="691" count="0" type="stmt"/>
        <line num="694" count="42" type="stmt"/>
        <line num="695" count="33" type="stmt"/>
        <line num="696" count="33" type="stmt"/>
        <line num="697" count="33" type="stmt"/>
        <line num="706" count="30" type="stmt"/>
        <line num="708" count="30" type="stmt"/>
        <line num="710" count="30" type="cond" truecount="6" falsecount="0"/>
        <line num="715" count="4" type="stmt"/>
        <line num="724" count="4" type="stmt"/>
        <line num="728" count="26" type="cond" truecount="4" falsecount="0"/>
        <line num="729" count="4" type="stmt"/>
        <line num="738" count="4" type="stmt"/>
        <line num="743" count="22" type="stmt"/>
        <line num="744" count="22" type="cond" truecount="6" falsecount="0"/>
        <line num="747" count="1" type="cond" truecount="0" falsecount="1"/>
        <line num="748" count="0" type="stmt"/>
        <line num="757" count="0" type="stmt"/>
        <line num="760" count="1" type="cond" truecount="0" falsecount="1"/>
        <line num="761" count="0" type="stmt"/>
        <line num="770" count="0" type="stmt"/>
        <line num="773" count="1" type="stmt"/>
        <line num="774" count="1" type="stmt"/>
        <line num="775" count="1" type="stmt"/>
        <line num="789" count="0" type="stmt"/>
        <line num="799" count="1" type="stmt"/>
        <line num="803" count="8" type="stmt"/>
        <line num="804" count="8" type="stmt"/>
        <line num="809" count="8" type="stmt"/>
        <line num="813" count="7" type="stmt"/>
        <line num="814" count="7" type="stmt"/>
        <line num="819" count="7" type="stmt"/>
        <line num="822" count="2" type="stmt"/>
        <line num="829" count="2" type="stmt"/>
        <line num="832" count="2" type="stmt"/>
        <line num="839" count="2" type="stmt"/>
        <line num="842" count="2" type="stmt"/>
        <line num="853" count="0" type="stmt"/>
        <line num="854" count="0" type="stmt"/>
        <line num="865" count="22" type="stmt"/>
        <line num="866" count="22" type="stmt"/>
        <line num="868" count="0" type="stmt"/>
        <line num="869" count="0" type="stmt"/>
        <line num="886" count="117" type="cond" truecount="1" falsecount="0"/>
        <line num="887" count="42" type="stmt"/>
        <line num="888" count="42" type="stmt"/>
        <line num="889" count="42" type="stmt"/>
        <line num="892" count="42" type="cond" truecount="1" falsecount="0"/>
        <line num="893" count="42" type="stmt"/>
        <line num="903" count="84" type="cond" truecount="2" falsecount="1"/>
        <line num="904" count="0" type="stmt"/>
        <line num="907" count="84" type="stmt"/>
        <line num="908" count="84" type="stmt"/>
        <line num="909" count="84" type="stmt"/>
        <line num="911" count="0" type="stmt"/>
        <line num="912" count="0" type="stmt"/>
        <line num="921" count="22" type="stmt"/>
        <line num="923" count="22" type="stmt"/>
        <line num="924" count="0" type="stmt"/>
        <line num="940" count="1651" type="cond" truecount="1" falsecount="1"/>
        <line num="941" count="1651" type="cond" truecount="1" falsecount="1"/>
        <line num="950" count="0" type="stmt"/>
        <line num="954" count="1651" type="cond" truecount="1" falsecount="0"/>
        <line num="957" count="858" type="cond" truecount="2" falsecount="1"/>
        <line num="959" count="858" type="stmt"/>
        <line num="967" count="858" type="cond" truecount="0" falsecount="1"/>
        <line num="968" count="0" type="stmt"/>
        <line num="972" count="858" type="cond" truecount="1" falsecount="2"/>
        <line num="973" count="0" type="stmt"/>
        <line num="974" count="0" type="cond" truecount="0" falsecount="1"/>
        <line num="975" count="0" type="stmt"/>
        <line num="980" count="858" type="cond" truecount="1" falsecount="0"/>
        <line num="981" count="2" type="stmt"/>
        <line num="985" count="2" type="cond" truecount="1" falsecount="0"/>
        <line num="986" count="2" type="stmt"/>
        <line num="988" count="2" type="cond" truecount="1" falsecount="0"/>
        <line num="989" count="1" type="stmt"/>
        <line num="994" count="858" type="cond" truecount="0" falsecount="1"/>
        <line num="995" count="0" type="cond" truecount="0" falsecount="2"/>
        <line num="1001" count="858" type="cond" truecount="1" falsecount="0"/>
        <line num="1002" count="858" type="stmt"/>
        <line num="1006" count="858" type="cond" truecount="1" falsecount="0"/>
        <line num="1007" count="858" type="stmt"/>
        <line num="1015" count="858" type="stmt"/>
        <line num="1022" count="858" type="stmt"/>
        <line num="1023" count="858" type="cond" truecount="1" falsecount="1"/>
        <line num="1024" count="858" type="cond" truecount="1" falsecount="1"/>
        <line num="1026" count="858" type="stmt"/>
        <line num="1028" count="858" type="cond" truecount="0" falsecount="1"/>
        <line num="1029" count="0" type="stmt"/>
        <line num="1032" count="858" type="cond" truecount="1" falsecount="0"/>
        <line num="1033" count="2" type="stmt"/>
        <line num="1034" count="2" type="cond" truecount="3" falsecount="0"/>
        <line num="1035" count="2" type="stmt"/>
        <line num="1036" count="2" type="stmt"/>
        <line num="1037" count="2" type="stmt"/>
        <line num="1041" count="856" type="stmt"/>
        <line num="1048" count="0" type="cond" truecount="0" falsecount="3"/>
        <line num="1049" count="0" type="stmt"/>
        <line num="1052" count="0" type="cond" truecount="0" falsecount="2"/>
        <line num="1054" count="0" type="stmt"/>
        <line num="1055" count="0" type="cond" truecount="0" falsecount="2"/>
        <line num="1056" count="0" type="stmt"/>
        <line num="1058" count="0" type="stmt"/>
        <line num="1059" count="0" type="cond" truecount="0" falsecount="1"/>
        <line num="1060" count="0" type="stmt"/>
        <line num="1064" count="0" type="stmt"/>
        <line num="1071" count="3" type="stmt"/>
        <line num="1084" count="50" type="stmt"/>
        <line num="1085" count="50" type="stmt"/>
        <line num="1093" count="50" type="cond" truecount="1" falsecount="1"/>
        <line num="1094" count="50" type="stmt"/>
        <line num="1097" count="50" type="stmt"/>
        <line num="1100" count="50" type="stmt"/>
        <line num="1101" count="41" type="cond" truecount="1" falsecount="0"/>
        <line num="1102" count="2" type="stmt"/>
        <line num="1106" count="50" type="stmt"/>
        <line num="1114" count="50" type="stmt"/>
        <line num="1115" count="50" type="stmt"/>
        <line num="1116" count="50" type="stmt"/>
        <line num="1117" count="50" type="stmt"/>
        <line num="1118" count="50" type="stmt"/>
        <line num="1126" count="50" type="cond" truecount="0" falsecount="1"/>
        <line num="1127" count="0" type="stmt"/>
        <line num="1128" count="0" type="stmt"/>
        <line num="1132" count="0" type="stmt"/>
        <line num="1134" count="50" type="stmt"/>
        <line num="1142" count="50" type="stmt"/>
        <line num="1143" count="3" type="cond" truecount="0" falsecount="1"/>
        <line num="1144" count="0" type="stmt"/>
        <line num="1145" count="0" type="stmt"/>
        <line num="1152" count="50" type="stmt"/>
        <line num="1153" count="41" type="stmt"/>
        <line num="1156" count="50" type="stmt"/>
        <line num="1164" count="107" type="stmt"/>
        <line num="1167" count="107" type="stmt"/>
        <line num="1170" count="107" type="stmt"/>
        <line num="1173" count="107" type="cond" truecount="1" falsecount="0"/>
        <line num="1174" count="106" type="stmt"/>
        <line num="1178" count="107" type="stmt"/>
        <line num="1179" count="107" type="stmt"/>
        <line num="1182" count="107" type="stmt"/>
        <line num="1185" count="107" type="stmt"/>
        <line num="1187" count="107" type="stmt"/>
        <line num="1195" count="107" type="stmt"/>
        <line num="1198" count="107" type="stmt"/>
        <line num="1199" count="0" type="stmt"/>
        <line num="1208" count="107" type="stmt"/>
        <line num="1209" count="0" type="stmt"/>
        <line num="1210" count="0" type="stmt"/>
        <line num="1211" count="0" type="cond" truecount="0" falsecount="2"/>
        <line num="1212" count="0" type="stmt"/>
        <line num="1214" count="0" type="stmt"/>
        <line num="1215" count="0" type="stmt"/>
        <line num="1225" count="107" type="stmt"/>
        <line num="1226" count="42" type="stmt"/>
        <line num="1230" count="107" type="stmt"/>
        <line num="1231" count="6" type="stmt"/>
        <line num="1234" count="107" type="stmt"/>
        <line num="1241" count="107" type="stmt"/>
        <line num="1242" count="107" type="stmt"/>
        <line num="1243" count="107" type="stmt"/>
        <line num="1245" count="107" type="stmt"/>
        <line num="1246" count="106" type="cond" truecount="1" falsecount="0"/>
        <line num="1247" count="106" type="stmt"/>
        <line num="1248" count="106" type="stmt"/>
        <line num="1249" count="106" type="stmt"/>
        <line num="1253" count="107" type="stmt"/>
        <line num="1254" count="1" type="cond" truecount="1" falsecount="0"/>
        <line num="1255" count="1" type="stmt"/>
        <line num="1256" count="1" type="stmt"/>
        <line num="1257" count="1" type="stmt"/>
        <line num="1258" count="1" type="stmt"/>
        <line num="1263" count="107" type="stmt"/>
        <line num="1265" count="107" type="stmt"/>
        <line num="1266" count="1" type="stmt"/>
        <line num="1269" count="1" type="cond" truecount="1" falsecount="1"/>
        <line num="1270" count="1" type="stmt"/>
        <line num="1271" count="1" type="stmt"/>
        <line num="1272" count="0" type="cond" truecount="0" falsecount="2"/>
        <line num="1273" count="0" type="stmt"/>
        <line num="1274" count="0" type="stmt"/>
        <line num="1276" count="0" type="stmt"/>
        <line num="1280" count="107" type="stmt"/>
        <line num="1281" count="106" type="stmt"/>
        <line num="1282" count="106" type="stmt"/>
        <line num="1286" count="107" type="stmt"/>
        <line num="1289" count="107" type="stmt"/>
        <line num="1290" count="0" type="cond" truecount="0" falsecount="1"/>
        <line num="1291" count="0" type="stmt"/>
        <line num="1296" count="0" type="stmt"/>
        <line num="1297" count="0" type="stmt"/>
        <line num="1306" count="105" type="cond" truecount="0" falsecount="1"/>
        <line num="1307" count="0" type="stmt"/>
        <line num="1308" count="0" type="stmt"/>
        <line num="1311" count="105" type="stmt"/>
        <line num="1313" count="105" type="stmt"/>
        <line num="1315" count="105" type="stmt"/>
        <line num="1316" count="105" type="cond" truecount="1" falsecount="0"/>
        <line num="1317" count="105" type="stmt"/>
        <line num="1318" count="105" type="stmt"/>
        <line num="1319" count="105" type="stmt"/>
        <line num="1324" count="105" type="stmt"/>
        <line num="1325" count="105" type="cond" truecount="1" falsecount="1"/>
        <line num="1326" count="0" type="stmt"/>
        <line num="1328" count="105" type="stmt"/>
        <line num="1330" count="105" type="stmt"/>
        <line num="1334" count="105" type="cond" truecount="0" falsecount="1"/>
        <line num="1335" count="0" type="stmt"/>
        <line num="1336" count="0" type="cond" truecount="0" falsecount="3"/>
        <line num="1337" count="0" type="stmt"/>
        <line num="1340" count="0" type="stmt"/>
        <line num="1343" count="0" type="cond" truecount="0" falsecount="1"/>
        <line num="1344" count="0" type="stmt"/>
        <line num="1345" count="0" type="cond" truecount="0" falsecount="3"/>
        <line num="1346" count="0" type="stmt"/>
        <line num="1355" count="105" type="stmt"/>
        <line num="1356" count="105" type="cond" truecount="0" falsecount="1"/>
        <line num="1357" count="0" type="stmt"/>
        <line num="1358" count="0" type="stmt"/>
        <line num="1368" count="0" type="stmt"/>
        <line num="1370" count="0" type="stmt"/>
        <line num="1371" count="0" type="stmt"/>
        <line num="1372" count="0" type="stmt"/>
        <line num="1373" count="0" type="stmt"/>
        <line num="1374" count="0" type="stmt"/>
        <line num="1379" count="0" type="stmt"/>
        <line num="1380" count="0" type="stmt"/>
        <line num="1382" count="0" type="stmt"/>
        <line num="1383" count="0" type="stmt"/>
        <line num="1385" count="0" type="stmt"/>
        <line num="1392" count="105" type="stmt"/>
        <line num="1394" count="105" type="stmt"/>
        <line num="1395" count="0" type="stmt"/>
        <line num="1396" count="0" type="cond" truecount="0" falsecount="1"/>
        <line num="1397" count="0" type="stmt"/>
        <line num="1401" count="105" type="stmt"/>
        <line num="1402" count="105" type="stmt"/>
        <line num="1409" count="105" type="stmt"/>
        <line num="1410" count="105" type="stmt"/>
        <line num="1411" count="33" type="stmt"/>
        <line num="1419" count="233" type="stmt"/>
        <line num="1423" count="233" type="stmt"/>
        <line num="1433" count="50" type="stmt"/>
        <line num="1698" count="7" type="stmt"/>
        <line num="1700" count="7" type="stmt"/>
        <line num="1701" count="7" type="cond" truecount="0" falsecount="1"/>
        <line num="1702" count="0" type="stmt"/>
        <line num="1705" count="7" type="cond" truecount="1" falsecount="2"/>
        <line num="1707" count="0" type="stmt"/>
        <line num="1708" count="0" type="stmt"/>
        <line num="1718" count="0" type="cond" truecount="0" falsecount="3"/>
        <line num="1719" count="0" type="stmt"/>
        <line num="1720" count="0" type="stmt"/>
        <line num="1729" count="0" type="stmt"/>
        <line num="1739" count="7" type="stmt"/>
        <line num="1749" count="0" type="stmt"/>
        <line num="1766" count="233" type="stmt"/>
        <line num="1767" count="0" type="stmt"/>
        <line num="1771" count="233" type="stmt"/>
        <line num="1772" count="0" type="stmt"/>
        <line num="1777" count="0" type="stmt"/>
        <line num="1778" count="0" type="stmt"/>
        <line num="1782" count="106" type="stmt"/>
        <line num="1786" count="0" type="stmt"/>
      </file>
      <file name="worker.ts" path="/Users/cryophobic/dev/projects/tally-mcp/src/worker.ts">
        <metrics statements="192" coveredstatements="32" conditionals="101" coveredconditionals="5" methods="13" coveredmethods="2"/>
        <line num="27" count="1" type="stmt"/>
        <line num="51" count="1" type="stmt"/>
        <line num="292" count="1" type="stmt"/>
        <line num="303" count="0" type="stmt"/>
        <line num="309" count="0" type="stmt"/>
        <line num="310" count="0" type="cond" truecount="0" falsecount="5"/>
        <line num="312" count="0" type="stmt"/>
        <line num="329" count="0" type="stmt"/>
        <line num="336" count="0" type="stmt"/>
        <line num="345" count="0" type="stmt"/>
        <line num="346" count="0" type="stmt"/>
        <line num="347" count="0" type="stmt"/>
        <line num="348" count="0" type="stmt"/>
        <line num="351" count="0" type="stmt"/>
        <line num="362" count="0" type="stmt"/>
        <line num="363" count="0" type="stmt"/>
        <line num="379" count="0" type="stmt"/>
        <line num="381" count="0" type="stmt"/>
        <line num="386" count="0" type="cond" truecount="0" falsecount="2"/>
        <line num="387" count="0" type="stmt"/>
        <line num="388" count="0" type="stmt"/>
        <line num="390" count="0" type="stmt"/>
        <line num="391" count="0" type="stmt"/>
        <line num="402" count="0" type="stmt"/>
        <line num="403" count="0" type="stmt"/>
        <line num="404" count="0" type="stmt"/>
        <line num="406" count="0" type="stmt"/>
        <line num="419" count="0" type="stmt"/>
        <line num="420" count="0" type="stmt"/>
        <line num="436" count="0" type="stmt"/>
        <line num="437" count="0" type="stmt"/>
        <line num="442" count="0" type="cond" truecount="0" falsecount="11"/>
        <line num="445" count="0" type="stmt"/>
        <line num="448" count="0" type="stmt"/>
        <line num="460" count="0" type="cond" truecount="0" falsecount="1"/>
        <line num="461" count="0" type="stmt"/>
        <line num="474" count="0" type="cond" truecount="0" falsecount="3"/>
        <line num="475" count="0" type="stmt"/>
        <line num="477" count="0" type="stmt"/>
        <line num="505" count="0" type="stmt"/>
        <line num="518" count="0" type="cond" truecount="0" falsecount="6"/>
        <line num="520" count="0" type="stmt"/>
        <line num="526" count="0" type="stmt"/>
        <line num="530" count="0" type="stmt"/>
        <line num="536" count="0" type="stmt"/>
        <line num="537" count="0" type="stmt"/>
        <line num="538" count="0" type="stmt"/>
        <line num="540" count="0" type="stmt"/>
        <line num="546" count="0" type="cond" truecount="0" falsecount="1"/>
        <line num="547" count="0" type="stmt"/>
        <line num="548" count="0" type="stmt"/>
        <line num="551" count="0" type="stmt"/>
        <line num="554" count="0" type="stmt"/>
        <line num="563" count="0" type="stmt"/>
        <line num="566" count="0" type="stmt"/>
        <line num="570" count="0" type="stmt"/>
        <line num="573" count="0" type="stmt"/>
        <line num="577" count="0" type="stmt"/>
        <line num="580" count="0" type="stmt"/>
        <line num="584" count="0" type="stmt"/>
        <line num="587" count="0" type="cond" truecount="0" falsecount="4"/>
        <line num="588" count="0" type="cond" truecount="0" falsecount="1"/>
        <line num="589" count="0" type="stmt"/>
        <line num="591" count="0" type="stmt"/>
        <line num="595" count="0" type="stmt"/>
        <line num="599" count="0" type="stmt"/>
        <line num="603" count="0" type="stmt"/>
        <line num="604" count="0" type="cond" truecount="0" falsecount="2"/>
        <line num="607" count="0" type="cond" truecount="0" falsecount="3"/>
        <line num="609" count="0" type="stmt"/>
        <line num="615" count="0" type="stmt"/>
        <line num="621" count="0" type="stmt"/>
        <line num="628" count="0" type="stmt"/>
        <line num="638" count="0" type="cond" truecount="0" falsecount="1"/>
        <line num="639" count="0" type="stmt"/>
        <line num="643" count="0" type="stmt"/>
        <line num="645" count="0" type="stmt"/>
        <line num="648" count="0" type="stmt"/>
        <line num="651" count="0" type="stmt"/>
        <line num="659" count="0" type="stmt"/>
        <line num="660" count="0" type="stmt"/>
        <line num="661" count="0" type="stmt"/>
        <line num="663" count="0" type="stmt"/>
        <line num="664" count="0" type="cond" truecount="0" falsecount="1"/>
        <line num="665" count="0" type="stmt"/>
        <line num="668" count="0" type="cond" truecount="0" falsecount="1"/>
        <line num="669" count="0" type="stmt"/>
        <line num="673" count="0" type="stmt"/>
        <line num="674" count="0" type="stmt"/>
        <line num="676" count="0" type="stmt"/>
        <line num="679" count="0" type="stmt"/>
        <line num="680" count="0" type="stmt"/>
        <line num="684" count="0" type="cond" truecount="0" falsecount="1"/>
        <line num="685" count="0" type="stmt"/>
        <line num="694" count="0" type="stmt"/>
        <line num="695" count="0" type="stmt"/>
        <line num="697" count="0" type="stmt"/>
        <line num="700" count="0" type="stmt"/>
        <line num="709" count="0" type="stmt"/>
        <line num="715" count="0" type="stmt"/>
        <line num="718" count="0" type="stmt"/>
        <line num="719" count="0" type="stmt"/>
        <line num="723" count="0" type="stmt"/>
        <line num="738" count="0" type="stmt"/>
        <line num="739" count="0" type="stmt"/>
        <line num="742" count="0" type="stmt"/>
        <line num="743" count="0" type="stmt"/>
        <line num="745" count="0" type="stmt"/>
        <line num="762" count="0" type="cond" truecount="0" falsecount="4"/>
        <line num="763" count="0" type="stmt"/>
        <line num="781" count="0" type="stmt"/>
        <line num="783" count="0" type="stmt"/>
        <line num="790" count="0" type="stmt"/>
        <line num="791" count="0" type="stmt"/>
        <line num="813" count="7" type="cond" truecount="0" falsecount="1"/>
        <line num="814" count="0" type="stmt"/>
        <line num="815" count="0" type="stmt"/>
        <line num="825" count="7" type="stmt"/>
        <line num="827" count="7" type="stmt"/>
        <line num="828" count="7" type="stmt"/>
        <line num="831" count="7" type="cond" truecount="1" falsecount="0"/>
        <line num="832" count="1" type="stmt"/>
        <line num="844" count="6" type="stmt"/>
        <line num="851" count="6" type="cond" truecount="0" falsecount="1"/>
        <line num="852" count="0" type="stmt"/>
        <line num="856" count="6" type="cond" truecount="0" falsecount="1"/>
        <line num="857" count="0" type="stmt"/>
        <line num="863" count="6" type="cond" truecount="0" falsecount="1"/>
        <line num="864" count="0" type="stmt"/>
        <line num="880" count="6" type="cond" truecount="0" falsecount="1"/>
        <line num="882" count="0" type="stmt"/>
        <line num="883" count="0" type="stmt"/>
        <line num="885" count="0" type="cond" truecount="0" falsecount="1"/>
        <line num="886" count="0" type="stmt"/>
        <line num="896" count="0" type="stmt"/>
        <line num="897" count="0" type="stmt"/>
        <line num="898" count="0" type="stmt"/>
        <line num="899" count="0" type="cond" truecount="0" falsecount="1"/>
        <line num="901" count="0" type="stmt"/>
        <line num="904" count="6" type="cond" truecount="0" falsecount="1"/>
        <line num="906" count="0" type="stmt"/>
        <line num="915" count="6" type="cond" truecount="0" falsecount="1"/>
        <line num="917" count="0" type="stmt"/>
        <line num="928" count="6" type="cond" truecount="3" falsecount="0"/>
        <line num="930" count="3" type="stmt"/>
        <line num="931" count="3" type="cond" truecount="1" falsecount="0"/>
        <line num="932" count="3" type="stmt"/>
        <line num="944" count="0" type="cond" truecount="0" falsecount="1"/>
        <line num="945" count="0" type="stmt"/>
        <line num="957" count="0" type="cond" truecount="0" falsecount="2"/>
        <line num="959" count="0" type="stmt"/>
        <line num="962" count="0" type="stmt"/>
        <line num="967" count="3" type="stmt"/>
        <line num="986" count="0" type="stmt"/>
        <line num="989" count="0" type="cond" truecount="0" falsecount="3"/>
        <line num="990" count="0" type="stmt"/>
        <line num="993" count="0" type="cond" truecount="0" falsecount="1"/>
        <line num="994" count="0" type="stmt"/>
        <line num="1008" count="0" type="stmt"/>
        <line num="1009" count="0" type="stmt"/>
        <line num="1012" count="0" type="stmt"/>
        <line num="1014" count="0" type="stmt"/>
        <line num="1015" count="0" type="cond" truecount="0" falsecount="3"/>
        <line num="1017" count="0" type="cond" truecount="0" falsecount="5"/>
        <line num="1021" count="0" type="stmt"/>
        <line num="1022" count="0" type="stmt"/>
        <line num="1024" count="0" type="stmt"/>
        <line num="1025" count="0" type="stmt"/>
        <line num="1027" count="0" type="stmt"/>
        <line num="1028" count="0" type="stmt"/>
        <line num="1033" count="0" type="stmt"/>
        <line num="1044" count="3" type="cond" truecount="0" falsecount="1"/>
        <line num="1045" count="0" type="stmt"/>
        <line num="1046" count="0" type="stmt"/>
        <line num="1050" count="3" type="stmt"/>
        <line num="1051" count="3" type="cond" truecount="0" falsecount="1"/>
        <line num="1052" count="0" type="stmt"/>
        <line num="1053" count="0" type="cond" truecount="0" falsecount="3"/>
        <line num="1054" count="0" type="stmt"/>
        <line num="1055" count="0" type="stmt"/>
        <line num="1060" count="3" type="stmt"/>
        <line num="1061" count="3" type="cond" truecount="0" falsecount="1"/>
        <line num="1062" count="0" type="stmt"/>
        <line num="1063" count="0" type="stmt"/>
        <line num="1067" count="3" type="stmt"/>
        <line num="1068" count="3" type="stmt"/>
        <line num="1069" count="3" type="cond" truecount="0" falsecount="1"/>
        <line num="1070" count="0" type="stmt"/>
        <line num="1071" count="0" type="stmt"/>
        <line num="1074" count="3" type="stmt"/>
        <line num="1075" count="3" type="stmt"/>
        <line num="1082" count="1" type="stmt"/>
      </file>
    </package>
    <package name="src.config">
      <metrics statements="24" coveredstatements="24" conditionals="5" coveredconditionals="5" methods="2" coveredmethods="2"/>
      <file name="env.ts" path="/Users/cryophobic/dev/projects/tally-mcp/src/config/env.ts">
        <metrics statements="3" coveredstatements="3" conditionals="0" coveredconditionals="0" methods="0" coveredmethods="0"/>
        <line num="1" count="29" type="stmt"/>
        <line num="7" count="29" type="stmt"/>
        <line num="32" count="29" type="stmt"/>
      </file>
      <file name="wrangler-config.ts" path="/Users/cryophobic/dev/projects/tally-mcp/src/config/wrangler-config.ts">
        <metrics statements="21" coveredstatements="21" conditionals="5" coveredconditionals="5" methods="2" coveredmethods="2"/>
        <line num="1" count="1" type="stmt"/>
        <line num="2" count="1" type="stmt"/>
        <line num="3" count="1" type="stmt"/>
        <line num="4" count="1" type="stmt"/>
        <line num="7" count="1" type="stmt"/>
        <line num="13" count="1" type="stmt"/>
        <line num="32" count="1" type="cond" truecount="1" falsecount="0"/>
        <line num="35" count="15" type="stmt"/>
        <line num="36" count="15" type="stmt"/>
        <line num="38" count="1" type="stmt"/>
        <line num="42" count="14" type="stmt"/>
        <line num="43" count="14" type="stmt"/>
        <line num="45" count="1" type="stmt"/>
        <line num="48" count="13" type="stmt"/>
        <line num="50" count="13" type="cond" truecount="1" falsecount="0"/>
        <line num="51" count="6" type="stmt"/>
        <line num="55" count="7" type="stmt"/>
        <line num="56" count="28" type="cond" truecount="2" falsecount="0"/>
        <line num="59" count="7" type="cond" truecount="1" falsecount="0"/>
        <line num="60" count="1" type="stmt"/>
        <line num="63" count="7" type="stmt"/>
      </file>
    </package>
    <package name="src.middleware">
      <metrics statements="468" coveredstatements="367" conditionals="226" coveredconditionals="179" methods="105" coveredmethods="73"/>
      <file name="api-key-auth.ts" path="/Users/cryophobic/dev/projects/tally-mcp/src/middleware/api-key-auth.ts">
        <metrics statements="99" coveredstatements="87" conditionals="53" coveredconditionals="38" methods="15" coveredmethods="11"/>
        <line num="2" count="1" type="stmt"/>
        <line num="3" count="1" type="stmt"/>
        <line num="4" count="1" type="stmt"/>
        <line num="61" count="1" type="stmt"/>
        <line num="82" count="17" type="stmt"/>
        <line num="85" count="17" type="cond" truecount="1" falsecount="0"/>
        <line num="86" count="5" type="stmt"/>
        <line num="87" count="5" type="cond" truecount="4" falsecount="0"/>
        <line num="88" count="1" type="stmt"/>
        <line num="89" count="4" type="cond" truecount="1" falsecount="2"/>
        <line num="90" count="0" type="stmt"/>
        <line num="95" count="17" type="cond" truecount="3" falsecount="0"/>
        <line num="96" count="4" type="cond" truecount="2" falsecount="0"/>
        <line num="99" count="17" type="cond" truecount="2" falsecount="0"/>
        <line num="106" count="20" type="stmt"/>
        <line num="107" count="20" type="stmt"/>
        <line num="108" count="20" type="stmt"/>
        <line num="111" count="20" type="cond" truecount="0" falsecount="1"/>
        <line num="112" count="0" type="cond" truecount="0" falsecount="2"/>
        <line num="115" count="20" type="cond" truecount="0" falsecount="1"/>
        <line num="116" count="0" type="stmt"/>
        <line num="119" count="20" type="cond" truecount="0" falsecount="1"/>
        <line num="120" count="0" type="stmt"/>
        <line num="123" count="20" type="cond" truecount="1" falsecount="2"/>
        <line num="129" count="1" type="cond" truecount="1" falsecount="0"/>
        <line num="130" count="17" type="stmt"/>
        <line num="132" count="17" type="stmt"/>
        <line num="133" count="17" type="stmt"/>
        <line num="135" count="17" type="stmt"/>
        <line num="137" count="17" type="stmt"/>
        <line num="140" count="17" type="cond" truecount="1" falsecount="0"/>
        <line num="141" count="3" type="cond" truecount="1" falsecount="0"/>
        <line num="142" count="2" type="stmt"/>
        <line num="145" count="1" type="cond" truecount="1" falsecount="0"/>
        <line num="146" count="1" type="stmt"/>
        <line num="149" count="1" type="stmt"/>
        <line num="154" count="1" type="stmt"/>
        <line num="158" count="14" type="stmt"/>
        <line num="166" count="14" type="cond" truecount="1" falsecount="0"/>
        <line num="167" count="5" type="stmt"/>
        <line num="169" count="5" type="cond" truecount="1" falsecount="0"/>
        <line num="170" count="5" type="stmt"/>
        <line num="173" count="5" type="stmt"/>
        <line num="174" count="5" type="stmt"/>
        <line num="175" count="5" type="stmt"/>
        <line num="178" count="5" type="cond" truecount="2" falsecount="0"/>
        <line num="179" count="1" type="stmt"/>
        <line num="180" count="1" type="stmt"/>
        <line num="181" count="1" type="stmt"/>
        <line num="182" count="4" type="cond" truecount="2" falsecount="0"/>
        <line num="183" count="1" type="stmt"/>
        <line num="184" count="1" type="stmt"/>
        <line num="185" count="1" type="stmt"/>
        <line num="186" count="3" type="cond" truecount="1" falsecount="1"/>
        <line num="187" count="0" type="stmt"/>
        <line num="188" count="0" type="stmt"/>
        <line num="189" count="0" type="stmt"/>
        <line num="190" count="3" type="cond" truecount="1" falsecount="0"/>
        <line num="191" count="1" type="stmt"/>
        <line num="192" count="1" type="stmt"/>
        <line num="193" count="1" type="stmt"/>
        <line num="196" count="5" type="stmt"/>
        <line num="203" count="5" type="stmt"/>
        <line num="207" count="9" type="cond" truecount="3" falsecount="0"/>
        <line num="208" count="5" type="stmt"/>
        <line num="210" count="5" type="cond" truecount="1" falsecount="0"/>
        <line num="211" count="5" type="cond" truecount="1" falsecount="0"/>
        <line num="212" count="5" type="stmt"/>
        <line num="215" count="5" type="stmt"/>
        <line num="222" count="5" type="stmt"/>
        <line num="227" count="4" type="cond" truecount="1" falsecount="0"/>
        <line num="228" count="4" type="stmt"/>
        <line num="235" count="4" type="cond" truecount="0" falsecount="1"/>
        <line num="236" count="0" type="stmt"/>
        <line num="239" count="4" type="cond" truecount="0" falsecount="1"/>
        <line num="240" count="0" type="stmt"/>
        <line num="243" count="4" type="stmt"/>
        <line num="247" count="4" type="cond" truecount="1" falsecount="1"/>
        <line num="248" count="4" type="cond" truecount="2" falsecount="0"/>
        <line num="250" count="4" type="cond" truecount="1" falsecount="0"/>
        <line num="251" count="4" type="stmt"/>
        <line num="252" count="4" type="stmt"/>
        <line num="255" count="4" type="stmt"/>
        <line num="258" count="0" type="stmt"/>
        <line num="260" count="0" type="stmt"/>
        <line num="265" count="0" type="stmt"/>
        <line num="273" count="1" type="stmt"/>
        <line num="278" count="1" type="stmt"/>
        <line num="285" count="1" type="stmt"/>
        <line num="292" count="1" type="stmt"/>
        <line num="299" count="1" type="stmt"/>
        <line num="306" count="1" type="stmt"/>
        <line num="313" count="1" type="stmt"/>
        <line num="320" count="1" type="stmt"/>
        <line num="327" count="2" type="stmt"/>
        <line num="332" count="1" type="stmt"/>
        <line num="333" count="2" type="stmt"/>
        <line num="339" count="1" type="stmt"/>
        <line num="340" count="2" type="stmt"/>
      </file>
      <file name="error-handler.ts" path="/Users/cryophobic/dev/projects/tally-mcp/src/middleware/error-handler.ts">
        <metrics statements="60" coveredstatements="59" conditionals="37" coveredconditionals="35" methods="11" coveredmethods="11"/>
        <line num="9" count="1" type="stmt"/>
        <line num="29" count="1" type="stmt"/>
        <line num="35" count="12" type="cond" truecount="2" falsecount="0"/>
        <line num="36" count="12" type="stmt"/>
        <line num="39" count="12" type="stmt"/>
        <line num="40" count="12" type="stmt"/>
        <line num="41" count="12" type="stmt"/>
        <line num="44" count="12" type="cond" truecount="2" falsecount="0"/>
        <line num="45" count="1" type="stmt"/>
        <line num="46" count="1" type="stmt"/>
        <line num="47" count="1" type="stmt"/>
        <line num="50" count="11" type="stmt"/>
        <line num="54" count="12" type="stmt"/>
        <line num="65" count="12" type="cond" truecount="1" falsecount="0"/>
        <line num="66" count="1" type="stmt"/>
        <line num="73" count="12" type="stmt"/>
        <line num="74" count="12" type="stmt"/>
        <line num="77" count="12" type="stmt"/>
        <line num="86" count="1" type="stmt"/>
        <line num="89" count="3" type="stmt"/>
        <line num="90" count="3" type="stmt"/>
        <line num="98" count="1" type="stmt"/>
        <line num="99" count="2" type="stmt"/>
        <line num="100" count="2" type="stmt"/>
        <line num="106" count="1" type="stmt"/>
        <line num="107" count="6" type="stmt"/>
        <line num="108" count="2" type="stmt"/>
        <line num="110" count="2" type="cond" truecount="2" falsecount="0"/>
        <line num="111" count="1" type="cond" truecount="1" falsecount="1"/>
        <line num="113" count="1" type="stmt"/>
        <line num="120" count="6" type="stmt"/>
        <line num="121" count="2" type="stmt"/>
        <line num="123" count="2" type="cond" truecount="2" falsecount="0"/>
        <line num="124" count="1" type="stmt"/>
        <line num="126" count="1" type="stmt"/>
        <line num="130" count="2" type="stmt"/>
        <line num="138" count="12" type="cond" truecount="5" falsecount="0"/>
        <line num="149" count="11" type="stmt"/>
        <line num="152" count="11" type="cond" truecount="4" falsecount="0"/>
        <line num="153" count="3" type="stmt"/>
        <line num="161" count="8" type="cond" truecount="4" falsecount="0"/>
        <line num="162" count="1" type="stmt"/>
        <line num="170" count="7" type="cond" truecount="3" falsecount="0"/>
        <line num="171" count="1" type="stmt"/>
        <line num="179" count="6" type="cond" truecount="3" falsecount="0"/>
        <line num="180" count="1" type="stmt"/>
        <line num="188" count="5" type="cond" truecount="3" falsecount="0"/>
        <line num="189" count="1" type="stmt"/>
        <line num="197" count="4" type="cond" truecount="0" falsecount="1"/>
        <line num="198" count="0" type="stmt"/>
        <line num="206" count="4" type="stmt"/>
        <line num="217" count="2" type="stmt"/>
        <line num="218" count="2" type="stmt"/>
        <line num="219" count="2" type="stmt"/>
        <line num="220" count="2" type="stmt"/>
        <line num="221" count="2" type="stmt"/>
        <line num="222" count="2" type="cond" truecount="1" falsecount="0"/>
        <line num="223" count="1" type="stmt"/>
        <line num="225" count="2" type="stmt"/>
        <line num="227" count="2" type="stmt"/>
      </file>
      <file name="index.ts" path="/Users/cryophobic/dev/projects/tally-mcp/src/middleware/index.ts">
        <metrics statements="14" coveredstatements="0" conditionals="0" coveredconditionals="0" methods="9" coveredmethods="0"/>
        <line num="13" count="0" type="stmt"/>
        <line num="14" count="0" type="stmt"/>
        <line num="15" count="0" type="stmt"/>
        <line num="16" count="0" type="stmt"/>
        <line num="21" count="0" type="stmt"/>
        <line num="22" count="0" type="stmt"/>
        <line num="23" count="0" type="stmt"/>
        <line num="24" count="0" type="stmt"/>
        <line num="25" count="0" type="stmt"/>
        <line num="26" count="0" type="stmt"/>
        <line num="27" count="0" type="stmt"/>
        <line num="32" count="0" type="stmt"/>
        <line num="35" count="0" type="stmt"/>
        <line num="38" count="0" type="stmt"/>
      </file>
      <file name="rateLimiter.example.ts" path="/Users/cryophobic/dev/projects/tally-mcp/src/middleware/rateLimiter.example.ts">
        <metrics statements="25" coveredstatements="0" conditionals="0" coveredconditionals="0" methods="7" coveredmethods="0"/>
        <line num="1" count="0" type="stmt"/>
        <line num="2" count="0" type="stmt"/>
        <line num="12" count="0" type="stmt"/>
        <line num="17" count="0" type="stmt"/>
        <line num="20" count="0" type="stmt"/>
        <line num="23" count="0" type="stmt"/>
        <line num="26" count="0" type="stmt"/>
        <line num="29" count="0" type="stmt"/>
        <line num="30" count="0" type="stmt"/>
        <line num="33" count="0" type="stmt"/>
        <line num="34" count="0" type="stmt"/>
        <line num="37" count="0" type="stmt"/>
        <line num="38" count="0" type="stmt"/>
        <line num="42" count="0" type="stmt"/>
        <line num="44" count="0" type="stmt"/>
        <line num="48" count="0" type="stmt"/>
        <line num="49" count="0" type="stmt"/>
        <line num="50" count="0" type="stmt"/>
        <line num="54" count="0" type="stmt"/>
        <line num="55" count="0" type="stmt"/>
        <line num="59" count="0" type="stmt"/>
        <line num="62" count="0" type="stmt"/>
        <line num="63" count="0" type="stmt"/>
        <line num="64" count="0" type="stmt"/>
        <line num="70" count="0" type="stmt"/>
      </file>
      <file name="rateLimiter.ts" path="/Users/cryophobic/dev/projects/tally-mcp/src/middleware/rateLimiter.ts">
        <metrics statements="61" coveredstatements="52" conditionals="20" coveredconditionals="12" methods="15" coveredmethods="13"/>
        <line num="1" count="1" type="stmt"/>
        <line num="3" count="1" type="stmt"/>
        <line num="6" count="1" type="stmt"/>
        <line num="9" count="1" type="stmt"/>
        <line num="10" count="0" type="stmt"/>
        <line num="11" count="0" type="stmt"/>
        <line num="15" count="0" type="stmt"/>
        <line num="16" count="0" type="stmt"/>
        <line num="20" count="0" type="stmt"/>
        <line num="21" count="0" type="stmt"/>
        <line num="23" count="0" type="stmt"/>
        <line num="24" count="0" type="stmt"/>
        <line num="33" count="1" type="stmt"/>
        <line num="72" count="1" type="cond" truecount="1" falsecount="0"/>
        <line num="73" count="8" type="stmt"/>
        <line num="75" count="15" type="stmt"/>
        <line num="80" count="18" type="cond" truecount="2" falsecount="0"/>
        <line num="84" count="8" type="stmt"/>
        <line num="88" count="1" type="stmt"/>
        <line num="89" count="1" type="stmt"/>
        <line num="90" count="1" type="stmt"/>
        <line num="100" count="1" type="stmt"/>
        <line num="101" count="1" type="stmt"/>
        <line num="102" count="1" type="stmt"/>
        <line num="103" count="1" type="stmt"/>
        <line num="107" count="16" type="stmt"/>
        <line num="108" count="16" type="stmt"/>
        <line num="109" count="16" type="stmt"/>
        <line num="111" count="16" type="cond" truecount="1" falsecount="0"/>
        <line num="112" count="3" type="stmt"/>
        <line num="113" count="3" type="stmt"/>
        <line num="118" count="6" type="stmt"/>
        <line num="119" count="6" type="stmt"/>
        <line num="123" count="3" type="stmt"/>
        <line num="124" count="3" type="cond" truecount="1" falsecount="0"/>
        <line num="125" count="3" type="stmt"/>
        <line num="126" count="3" type="stmt"/>
        <line num="128" count="0" type="stmt"/>
        <line num="132" count="6" type="stmt"/>
        <line num="133" count="6" type="stmt"/>
        <line num="137" count="7" type="cond" truecount="1" falsecount="0"/>
        <line num="138" count="3" type="stmt"/>
        <line num="143" count="1" type="stmt"/>
        <line num="146" count="1" type="stmt"/>
        <line num="147" count="5" type="cond" truecount="1" falsecount="0"/>
        <line num="148" count="2" type="stmt"/>
        <line num="149" count="2" type="stmt"/>
        <line num="155" count="2" type="stmt"/>
        <line num="159" count="3" type="stmt"/>
        <line num="162" count="3" type="stmt"/>
        <line num="168" count="3" type="stmt"/>
        <line num="172" count="1" type="cond" truecount="0" falsecount="1"/>
        <line num="173" count="2" type="stmt"/>
        <line num="175" count="2" type="stmt"/>
        <line num="179" count="1" type="stmt"/>
        <line num="180" count="2" type="cond" truecount="3" falsecount="0"/>
        <line num="181" count="1" type="stmt"/>
        <line num="189" count="1" type="stmt"/>
        <line num="192" count="1" type="stmt"/>
        <line num="196" count="1" type="stmt"/>
        <line num="197" count="1" type="stmt"/>
      </file>
      <file name="sanitization.ts" path="/Users/cryophobic/dev/projects/tally-mcp/src/middleware/sanitization.ts">
        <metrics statements="37" coveredstatements="26" conditionals="15" coveredconditionals="12" methods="11" coveredmethods="7"/>
        <line num="2" count="1" type="stmt"/>
        <line num="23" count="1" type="stmt"/>
        <line num="37" count="1" type="stmt"/>
        <line num="40" count="9" type="stmt"/>
        <line num="42" count="9" type="stmt"/>
        <line num="43" count="8" type="stmt"/>
        <line num="45" count="8" type="stmt"/>
        <line num="46" count="8" type="cond" truecount="1" falsecount="0"/>
        <line num="47" count="1" type="stmt"/>
        <line num="51" count="7" type="cond" truecount="3" falsecount="0"/>
        <line num="52" count="7" type="stmt"/>
        <line num="56" count="7" type="cond" truecount="3" falsecount="0"/>
        <line num="57" count="7" type="stmt"/>
        <line num="61" count="7" type="cond" truecount="3" falsecount="0"/>
        <line num="62" count="7" type="stmt"/>
        <line num="65" count="7" type="stmt"/>
        <line num="68" count="0" type="stmt"/>
        <line num="85" count="21" type="stmt"/>
        <line num="88" count="21" type="stmt"/>
        <line num="89" count="6" type="cond" truecount="1" falsecount="0"/>
        <line num="90" count="2" type="stmt"/>
        <line num="94" count="21" type="stmt"/>
        <line num="100" count="1" type="stmt"/>
        <line num="138" count="0" type="cond" truecount="0" falsecount="1"/>
        <line num="139" count="0" type="stmt"/>
        <line num="141" count="0" type="stmt"/>
        <line num="145" count="0" type="cond" truecount="0" falsecount="1"/>
        <line num="146" count="0" type="stmt"/>
        <line num="148" count="0" type="stmt"/>
        <line num="152" count="0" type="cond" truecount="0" falsecount="1"/>
        <line num="153" count="0" type="stmt"/>
        <line num="155" count="0" type="stmt"/>
        <line num="164" count="1" type="stmt"/>
        <line num="169" count="1" type="stmt"/>
        <line num="176" count="1" type="stmt"/>
        <line num="183" count="0" type="stmt"/>
        <line num="194" count="1" type="stmt"/>
      </file>
      <file name="security.ts" path="/Users/cryophobic/dev/projects/tally-mcp/src/middleware/security.ts">
        <metrics statements="74" coveredstatements="57" conditionals="46" coveredconditionals="33" methods="11" coveredmethods="11"/>
        <line num="2" count="1" type="stmt"/>
        <line num="3" count="1" type="stmt"/>
        <line num="4" count="1" type="stmt"/>
        <line num="7" count="1" type="stmt"/>
        <line num="22" count="6" type="cond" truecount="1" falsecount="0"/>
        <line num="23" count="4" type="stmt"/>
        <line num="26" count="2" type="cond" truecount="2" falsecount="1"/>
        <line num="27" count="0" type="stmt"/>
        <line num="31" count="4" type="stmt"/>
        <line num="38" count="15" type="stmt"/>
        <line num="47" count="15" type="stmt"/>
        <line num="53" count="1" type="stmt"/>
        <line num="54" count="2" type="stmt"/>
        <line num="56" count="2" type="cond" truecount="0" falsecount="1"/>
        <line num="57" count="0" type="stmt"/>
        <line num="60" count="2" type="stmt"/>
        <line num="74" count="2" type="stmt"/>
        <line num="76" count="2" type="stmt"/>
        <line num="82" count="1" type="stmt"/>
        <line num="83" count="6" type="stmt"/>
        <line num="84" count="6" type="stmt"/>
        <line num="86" count="6" type="stmt"/>
        <line num="112" count="1" type="stmt"/>
        <line num="113" count="7" type="stmt"/>
        <line num="115" count="7" type="stmt"/>
        <line num="190" count="1" type="stmt"/>
        <line num="192" count="5" type="stmt"/>
        <line num="193" count="5" type="cond" truecount="2" falsecount="0"/>
        <line num="196" count="5" type="cond" truecount="3" falsecount="0"/>
        <line num="197" count="1" type="stmt"/>
        <line num="198" count="1" type="stmt"/>
        <line num="199" count="1" type="stmt"/>
        <line num="203" count="5" type="cond" truecount="3" falsecount="0"/>
        <line num="205" count="1" type="stmt"/>
        <line num="206" count="1" type="stmt"/>
        <line num="207" count="1" type="stmt"/>
        <line num="210" count="4" type="stmt"/>
        <line num="217" count="5" type="stmt"/>
        <line num="223" count="1" type="stmt"/>
        <line num="224" count="6" type="stmt"/>
        <line num="225" count="6" type="stmt"/>
        <line num="228" count="6" type="cond" truecount="4" falsecount="1"/>
        <line num="229" count="0" type="stmt"/>
        <line num="230" count="0" type="stmt"/>
        <line num="235" count="0" type="stmt"/>
        <line num="239" count="6" type="cond" truecount="4" falsecount="1"/>
        <line num="240" count="0" type="stmt"/>
        <line num="241" count="0" type="stmt"/>
        <line num="246" count="0" type="stmt"/>
        <line num="250" count="6" type="stmt"/>
        <line num="251" count="6" type="cond" truecount="1" falsecount="0"/>
        <line num="252" count="2" type="stmt"/>
        <line num="253" count="2" type="stmt"/>
        <line num="258" count="2" type="stmt"/>
        <line num="262" count="4" type="stmt"/>
        <line num="263" count="4" type="cond" truecount="2" falsecount="0"/>
        <line num="264" count="3" type="stmt"/>
        <line num="265" count="1" type="cond" truecount="1" falsecount="0"/>
        <line num="266" count="1" type="stmt"/>
        <line num="270" count="4" type="stmt"/>
        <line num="271" count="4" type="cond" truecount="0" falsecount="1"/>
        <line num="272" count="0" type="stmt"/>
        <line num="273" count="0" type="cond" truecount="0" falsecount="3"/>
        <line num="274" count="0" type="stmt"/>
        <line num="275" count="0" type="stmt"/>
        <line num="280" count="0" type="stmt"/>
        <line num="282" count="0" type="cond" truecount="0" falsecount="1"/>
        <line num="283" count="0" type="stmt"/>
        <line num="284" count="0" type="stmt"/>
        <line num="289" count="0" type="stmt"/>
        <line num="293" count="4" type="stmt"/>
        <line num="299" count="1" type="stmt"/>
        <line num="300" count="1" type="stmt"/>
        <line num="309" count="1" type="stmt"/>
      </file>
      <file name="validation.ts" path="/Users/cryophobic/dev/projects/tally-mcp/src/middleware/validation.ts">
        <metrics statements="98" coveredstatements="86" conditionals="55" coveredconditionals="49" methods="26" coveredmethods="20"/>
        <line num="2" count="1" type="stmt"/>
        <line num="3" count="1" type="stmt"/>
        <line num="51" count="1" type="stmt"/>
        <line num="62" count="4" type="stmt"/>
        <line num="70" count="0" type="stmt"/>
        <line num="78" count="0" type="stmt"/>
        <line num="86" count="0" type="stmt"/>
        <line num="98" count="2" type="cond" truecount="3" falsecount="0"/>
        <line num="99" count="2" type="stmt"/>
        <line num="101" count="0" type="stmt"/>
        <line num="110" count="3" type="stmt"/>
        <line num="119" count="0" type="stmt"/>
        <line num="127" count="0" type="stmt"/>
        <line num="135" count="0" type="stmt"/>
        <line num="143" count="5" type="stmt"/>
        <line num="146" count="5" type="stmt"/>
        <line num="157" count="1" type="stmt"/>
        <line num="158" count="21" type="stmt"/>
        <line num="159" count="16" type="stmt"/>
        <line num="161" count="16" type="stmt"/>
        <line num="163" count="16" type="cond" truecount="1" falsecount="0"/>
        <line num="164" count="9" type="cond" truecount="1" falsecount="1"/>
        <line num="165" count="9" type="cond" truecount="2" falsecount="0"/>
        <line num="166" count="2" type="stmt"/>
        <line num="168" count="7" type="stmt"/>
        <line num="173" count="16" type="cond" truecount="1" falsecount="0"/>
        <line num="174" count="4" type="cond" truecount="1" falsecount="1"/>
        <line num="175" count="4" type="cond" truecount="2" falsecount="0"/>
        <line num="176" count="1" type="stmt"/>
        <line num="178" count="3" type="stmt"/>
        <line num="183" count="16" type="cond" truecount="1" falsecount="0"/>
        <line num="184" count="2" type="cond" truecount="1" falsecount="1"/>
        <line num="185" count="2" type="cond" truecount="1" falsecount="1"/>
        <line num="186" count="0" type="stmt"/>
        <line num="188" count="2" type="stmt"/>
        <line num="193" count="16" type="cond" truecount="1" falsecount="0"/>
        <line num="194" count="1" type="cond" truecount="1" falsecount="1"/>
        <line num="195" count="1" type="cond" truecount="0" falsecount="1"/>
        <line num="196" count="0" type="stmt"/>
        <line num="201" count="16" type="cond" truecount="1" falsecount="0"/>
        <line num="202" count="7" type="stmt"/>
        <line num="203" count="7" type="stmt"/>
        <line num="207" count="16" type="cond" truecount="1" falsecount="0"/>
        <line num="208" count="7" type="stmt"/>
        <line num="213" count="7" type="stmt"/>
        <line num="216" count="9" type="stmt"/>
        <line num="218" count="0" type="stmt"/>
        <line num="222" count="0" type="stmt"/>
        <line num="236" count="18" type="stmt"/>
        <line num="237" count="18" type="stmt"/>
        <line num="240" count="18" type="cond" truecount="3" falsecount="0"/>
        <line num="241" count="1" type="stmt"/>
        <line num="245" count="18" type="cond" truecount="3" falsecount="0"/>
        <line num="246" count="1" type="stmt"/>
        <line num="249" count="18" type="stmt"/>
        <line num="251" count="14" type="stmt"/>
        <line num="256" count="4" type="cond" truecount="1" falsecount="0"/>
        <line num="257" count="5" type="stmt"/>
        <line num="261" count="5" type="stmt"/>
        <line num="264" count="4" type="stmt"/>
        <line num="270" count="0" type="stmt"/>
        <line num="285" count="7" type="stmt"/>
        <line num="288" count="7" type="stmt"/>
        <line num="289" count="30" type="cond" truecount="2" falsecount="0"/>
        <line num="290" count="7" type="cond" truecount="1" falsecount="0"/>
        <line num="291" count="1" type="stmt"/>
        <line num="299" count="7" type="cond" truecount="1" falsecount="0"/>
        <line num="300" count="3" type="stmt"/>
        <line num="307" count="23" type="cond" truecount="3" falsecount="0"/>
        <line num="308" count="23" type="stmt"/>
        <line num="309" count="9" type="stmt"/>
        <line num="315" count="7" type="cond" truecount="1" falsecount="0"/>
        <line num="316" count="7" type="cond" truecount="1" falsecount="0"/>
        <line num="317" count="7" type="cond" truecount="1" falsecount="0"/>
        <line num="320" count="7" type="cond" truecount="1" falsecount="0"/>
        <line num="321" count="22" type="cond" truecount="4" falsecount="0"/>
        <line num="322" count="1" type="stmt"/>
        <line num="328" count="21" type="cond" truecount="3" falsecount="0"/>
        <line num="329" count="16" type="stmt"/>
        <line num="330" count="8" type="stmt"/>
        <line num="335" count="7" type="cond" truecount="1" falsecount="0"/>
        <line num="336" count="7" type="cond" truecount="1" falsecount="0"/>
        <line num="338" count="7" type="stmt"/>
        <line num="344" count="1" type="stmt"/>
        <line num="408" count="1" type="stmt"/>
        <line num="413" count="2" type="stmt"/>
        <line num="415" count="2" type="cond" truecount="1" falsecount="0"/>
        <line num="416" count="1" type="stmt"/>
        <line num="419" count="1" type="stmt"/>
        <line num="425" count="1" type="stmt"/>
        <line num="426" count="1" type="stmt"/>
        <line num="427" count="3" type="stmt"/>
        <line num="428" count="3" type="stmt"/>
        <line num="429" count="1" type="stmt"/>
        <line num="431" count="2" type="stmt"/>
        <line num="439" count="1" type="stmt"/>
        <line num="440" count="1" type="stmt"/>
        <line num="443" count="2" type="stmt"/>
      </file>
    </package>
    <package name="src.models">
      <metrics statements="610" coveredstatements="393" conditionals="185" coveredconditionals="54" methods="130" coveredmethods="36"/>
      <file name="api-key.ts" path="/Users/cryophobic/dev/projects/tally-mcp/src/models/api-key.ts">
        <metrics statements="22" coveredstatements="22" conditionals="4" coveredconditionals="4" methods="2" coveredmethods="2"/>
        <line num="1" count="52" type="stmt"/>
        <line num="6" count="52" type="cond" truecount="2" falsecount="0"/>
        <line num="7" count="52" type="stmt"/>
        <line num="8" count="52" type="stmt"/>
        <line num="9" count="52" type="stmt"/>
        <line num="10" count="52" type="stmt"/>
        <line num="16" count="52" type="cond" truecount="2" falsecount="0"/>
        <line num="17" count="52" type="stmt"/>
        <line num="18" count="52" type="stmt"/>
        <line num="19" count="52" type="stmt"/>
        <line num="20" count="52" type="stmt"/>
        <line num="21" count="52" type="stmt"/>
        <line num="22" count="52" type="stmt"/>
        <line num="23" count="52" type="stmt"/>
        <line num="24" count="52" type="stmt"/>
        <line num="25" count="52" type="stmt"/>
        <line num="31" count="52" type="stmt"/>
        <line num="44" count="52" type="stmt"/>
        <line num="58" count="52" type="stmt"/>
        <line num="112" count="52" type="stmt"/>
        <line num="139" count="52" type="stmt"/>
        <line num="178" count="52" type="stmt"/>
      </file>
      <file name="errors.ts" path="/Users/cryophobic/dev/projects/tally-mcp/src/models/errors.ts">
        <metrics statements="80" coveredstatements="35" conditionals="56" coveredconditionals="16" methods="20" coveredmethods="7"/>
        <line num="11" count="47" type="stmt"/>
        <line num="28" count="9" type="stmt"/>
        <line num="29" count="9" type="stmt"/>
        <line num="30" count="9" type="cond" truecount="1" falsecount="0"/>
        <line num="31" count="9" type="cond" truecount="0" falsecount="1"/>
        <line num="32" count="9" type="cond" truecount="0" falsecount="1"/>
        <line num="33" count="9" type="stmt"/>
        <line num="34" count="9" type="stmt"/>
        <line num="35" count="9" type="cond" truecount="1" falsecount="1"/>
        <line num="36" count="9" type="cond" truecount="0" falsecount="1"/>
        <line num="37" count="9" type="cond" truecount="1" falsecount="0"/>
        <line num="44" count="0" type="stmt"/>
        <line num="51" count="0" type="stmt"/>
        <line num="68" count="47" type="stmt"/>
        <line num="76" count="4" type="stmt"/>
        <line num="80" count="0" type="cond" truecount="0" falsecount="1"/>
        <line num="81" count="0" type="stmt"/>
        <line num="83" count="0" type="cond" truecount="0" falsecount="1"/>
        <line num="84" count="0" type="stmt"/>
        <line num="86" count="0" type="stmt"/>
        <line num="94" count="47" type="stmt"/>
        <line num="109" count="1" type="stmt"/>
        <line num="110" count="1" type="cond" truecount="0" falsecount="1"/>
        <line num="114" count="0" type="cond" truecount="0" falsecount="3"/>
        <line num="115" count="0" type="stmt"/>
        <line num="116" count="0" type="stmt"/>
        <line num="117" count="0" type="stmt"/>
        <line num="120" count="0" type="cond" truecount="0" falsecount="1"/>
        <line num="121" count="0" type="stmt"/>
        <line num="124" count="0" type="stmt"/>
        <line num="132" count="47" type="stmt"/>
        <line num="140" count="2" type="stmt"/>
        <line num="144" count="0" type="stmt"/>
        <line num="152" count="47" type="stmt"/>
        <line num="165" count="1" type="stmt"/>
        <line num="168" count="1" type="cond" truecount="0" falsecount="1"/>
        <line num="169" count="0" type="cond" truecount="0" falsecount="1"/>
        <line num="170" count="0" type="stmt"/>
        <line num="171" count="0" type="cond" truecount="0" falsecount="1"/>
        <line num="173" count="0" type="cond" truecount="0" falsecount="1"/>
        <line num="174" count="0" type="stmt"/>
        <line num="175" count="0" type="cond" truecount="0" falsecount="1"/>
        <line num="177" count="0" type="cond" truecount="0" falsecount="1"/>
        <line num="178" count="0" type="stmt"/>
        <line num="179" count="0" type="cond" truecount="0" falsecount="1"/>
        <line num="181" count="0" type="cond" truecount="0" falsecount="1"/>
        <line num="182" count="0" type="stmt"/>
        <line num="183" count="0" type="cond" truecount="0" falsecount="1"/>
        <line num="189" count="0" type="cond" truecount="0" falsecount="1"/>
        <line num="190" count="0" type="stmt"/>
        <line num="192" count="0" type="cond" truecount="0" falsecount="1"/>
        <line num="193" count="0" type="stmt"/>
        <line num="195" count="0" type="stmt"/>
        <line num="203" count="47" type="stmt"/>
        <line num="212" count="1" type="stmt"/>
        <line num="216" count="0" type="cond" truecount="0" falsecount="1"/>
        <line num="217" count="0" type="stmt"/>
        <line num="219" count="0" type="cond" truecount="0" falsecount="1"/>
        <line num="220" count="0" type="stmt"/>
        <line num="222" count="0" type="cond" truecount="0" falsecount="1"/>
        <line num="223" count="0" type="stmt"/>
        <line num="225" count="0" type="stmt"/>
        <line num="233" count="47" type="stmt"/>
        <line num="238" count="0" type="stmt"/>
        <line num="242" count="0" type="stmt"/>
        <line num="250" count="47" type="stmt"/>
        <line num="255" count="0" type="stmt"/>
        <line num="259" count="0" type="stmt"/>
        <line num="266" count="47" type="stmt"/>
        <line num="273" count="7" type="cond" truecount="4" falsecount="0"/>
        <line num="275" count="7" type="cond" truecount="5" falsecount="1"/>
        <line num="277" count="0" type="stmt"/>
        <line num="288" count="2" type="stmt"/>
        <line num="291" count="2" type="stmt"/>
        <line num="294" count="1" type="stmt"/>
        <line num="297" count="2" type="cond" truecount="1" falsecount="0"/>
        <line num="298" count="1" type="stmt"/>
        <line num="302" count="1" type="cond" truecount="3" falsecount="0"/>
        <line num="303" count="1" type="stmt"/>
        <line num="307" count="0" type="stmt"/>
      </file>
      <file name="form-config-schemas.ts" path="/Users/cryophobic/dev/projects/tally-mcp/src/models/form-config-schemas.ts">
        <metrics statements="96" coveredstatements="75" conditionals="4" coveredconditionals="0" methods="12" coveredmethods="0"/>
        <line num="1" count="47" type="stmt"/>
        <line num="2" count="47" type="stmt"/>
        <line num="8" count="47" type="stmt"/>
        <line num="9" count="47" type="stmt"/>
        <line num="10" count="47" type="stmt"/>
        <line num="11" count="47" type="stmt"/>
        <line num="12" count="47" type="stmt"/>
        <line num="13" count="47" type="stmt"/>
        <line num="14" count="47" type="stmt"/>
        <line num="15" count="47" type="stmt"/>
        <line num="16" count="47" type="stmt"/>
        <line num="17" count="47" type="stmt"/>
        <line num="18" count="47" type="stmt"/>
        <line num="19" count="47" type="stmt"/>
        <line num="25" count="47" type="stmt"/>
        <line num="34" count="47" type="stmt"/>
        <line num="45" count="47" type="stmt"/>
        <line num="57" count="47" type="stmt"/>
        <line num="74" count="47" type="stmt"/>
        <line num="84" count="47" type="stmt"/>
        <line num="85" count="0" type="stmt"/>
        <line num="94" count="47" type="stmt"/>
        <line num="95" count="0" type="stmt"/>
        <line num="110" count="47" type="stmt"/>
        <line num="111" count="0" type="stmt"/>
        <line num="135" count="47" type="stmt"/>
        <line num="136" count="0" type="stmt"/>
        <line num="153" count="47" type="stmt"/>
        <line num="154" count="0" type="stmt"/>
        <line num="195" count="47" type="stmt"/>
        <line num="210" count="47" type="stmt"/>
        <line num="217" count="47" type="stmt"/>
        <line num="225" count="47" type="stmt"/>
        <line num="231" count="47" type="stmt"/>
        <line num="238" count="47" type="stmt"/>
        <line num="244" count="47" type="stmt"/>
        <line num="254" count="47" type="stmt"/>
        <line num="263" count="47" type="stmt"/>
        <line num="270" count="47" type="stmt"/>
        <line num="278" count="47" type="stmt"/>
        <line num="286" count="47" type="stmt"/>
        <line num="296" count="47" type="stmt"/>
        <line num="307" count="47" type="stmt"/>
        <line num="317" count="47" type="stmt"/>
        <line num="326" count="47" type="stmt"/>
        <line num="334" count="47" type="stmt"/>
        <line num="345" count="47" type="stmt"/>
        <line num="368" count="47" type="stmt"/>
        <line num="373" count="47" type="stmt"/>
        <line num="378" count="47" type="stmt"/>
        <line num="384" count="47" type="stmt"/>
        <line num="392" count="47" type="stmt"/>
        <line num="399" count="47" type="stmt"/>
        <line num="406" count="47" type="stmt"/>
        <line num="413" count="47" type="stmt"/>
        <line num="420" count="47" type="stmt"/>
        <line num="430" count="47" type="stmt"/>
        <line num="438" count="47" type="stmt"/>
        <line num="450" count="47" type="stmt"/>
        <line num="458" count="47" type="stmt"/>
        <line num="465" count="47" type="stmt"/>
        <line num="477" count="47" type="stmt"/>
        <line num="487" count="47" type="stmt"/>
        <line num="493" count="47" type="stmt"/>
        <line num="499" count="47" type="stmt"/>
        <line num="504" count="47" type="stmt"/>
        <line num="510" count="47" type="stmt"/>
        <line num="516" count="47" type="stmt"/>
        <line num="523" count="47" type="stmt"/>
        <line num="529" count="47" type="stmt"/>
        <line num="534" count="47" type="stmt"/>
        <line num="542" count="47" type="stmt"/>
        <line num="549" count="47" type="stmt"/>
        <line num="555" count="47" type="stmt"/>
        <line num="564" count="47" type="stmt"/>
        <line num="565" count="0" type="stmt"/>
        <line num="584" count="47" type="stmt"/>
        <line num="585" count="0" type="stmt"/>
        <line num="593" count="47" type="stmt"/>
        <line num="594" count="0" type="stmt"/>
        <line num="603" count="47" type="stmt"/>
        <line num="604" count="0" type="stmt"/>
        <line num="605" count="0" type="stmt"/>
        <line num="606" count="0" type="stmt"/>
        <line num="615" count="47" type="stmt"/>
        <line num="616" count="0" type="stmt"/>
        <line num="617" count="0" type="stmt"/>
        <line num="627" count="47" type="stmt"/>
        <line num="628" count="0" type="stmt"/>
        <line num="630" count="0" type="stmt"/>
        <line num="631" count="0" type="cond" truecount="0" falsecount="1"/>
        <line num="632" count="0" type="stmt"/>
        <line num="633" count="0" type="cond" truecount="0" falsecount="3"/>
        <line num="634" count="0" type="stmt"/>
        <line num="635" count="0" type="stmt"/>
        <line num="641" count="0" type="stmt"/>
      </file>
      <file name="form-config.ts" path="/Users/cryophobic/dev/projects/tally-mcp/src/models/form-config.ts">
        <metrics statements="276" coveredstatements="150" conditionals="106" coveredconditionals="26" methods="67" coveredmethods="14"/>
        <line num="16" count="47" type="cond" truecount="2" falsecount="0"/>
        <line num="17" count="47" type="stmt"/>
        <line num="18" count="47" type="stmt"/>
        <line num="19" count="47" type="stmt"/>
        <line num="20" count="47" type="stmt"/>
        <line num="21" count="47" type="stmt"/>
        <line num="22" count="47" type="stmt"/>
        <line num="23" count="47" type="stmt"/>
        <line num="24" count="47" type="stmt"/>
        <line num="25" count="47" type="stmt"/>
        <line num="26" count="47" type="stmt"/>
        <line num="27" count="47" type="stmt"/>
        <line num="28" count="47" type="stmt"/>
        <line num="29" count="47" type="stmt"/>
        <line num="30" count="47" type="stmt"/>
        <line num="31" count="47" type="stmt"/>
        <line num="32" count="47" type="stmt"/>
        <line num="33" count="47" type="stmt"/>
        <line num="34" count="47" type="stmt"/>
        <line num="40" count="47" type="cond" truecount="2" falsecount="0"/>
        <line num="41" count="47" type="stmt"/>
        <line num="42" count="47" type="stmt"/>
        <line num="43" count="47" type="stmt"/>
        <line num="44" count="47" type="stmt"/>
        <line num="45" count="47" type="stmt"/>
        <line num="51" count="47" type="cond" truecount="2" falsecount="0"/>
        <line num="52" count="47" type="stmt"/>
        <line num="53" count="47" type="stmt"/>
        <line num="54" count="47" type="stmt"/>
        <line num="55" count="47" type="stmt"/>
        <line num="61" count="47" type="cond" truecount="2" falsecount="0"/>
        <line num="62" count="47" type="stmt"/>
        <line num="63" count="47" type="stmt"/>
        <line num="64" count="47" type="stmt"/>
        <line num="65" count="47" type="stmt"/>
        <line num="66" count="47" type="stmt"/>
        <line num="67" count="47" type="stmt"/>
        <line num="68" count="47" type="stmt"/>
        <line num="69" count="47" type="stmt"/>
[...]
        <line num="201" count="0" type="stmt"/>
        <line num="203" count="0" type="stmt"/>
        <line num="209" count="0" type="stmt"/>
        <line num="212" count="0" type="cond" truecount="0" falsecount="1"/>
        <line num="213" count="0" type="stmt"/>
      </file>
      <file name="index.ts" path="/Users/cryophobic/dev/projects/tally-mcp/src/validation/index.ts">
        <metrics statements="8" coveredstatements="0" conditionals="0" coveredconditionals="0" methods="7" coveredmethods="0"/>
        <line num="8" count="0" type="stmt"/>
        <line num="9" count="0" type="stmt"/>
        <line num="10" count="0" type="stmt"/>
        <line num="11" count="0" type="stmt"/>
        <line num="22" count="0" type="stmt"/>
        <line num="23" count="0" type="stmt"/>
        <line num="24" count="0" type="stmt"/>
        <line num="25" count="0" type="stmt"/>
      </file>
      <file name="mcp-tool-validator.ts" path="/Users/cryophobic/dev/projects/tally-mcp/src/validation/mcp-tool-validator.ts">
        <metrics statements="72" coveredstatements="0" conditionals="26" coveredconditionals="0" methods="15" coveredmethods="0"/>
        <line num="7" count="0" type="stmt"/>
        <line num="17" count="0" type="stmt"/>
        <line num="18" count="0" type="stmt"/>
        <line num="35" count="0" type="stmt"/>
        <line num="41" count="0" type="stmt"/>
        <line num="53" count="0" type="stmt"/>
        <line num="54" count="0" type="stmt"/>
        <line num="64" count="0" type="stmt"/>
        <line num="70" count="0" type="stmt"/>
        <line num="71" count="0" type="stmt"/>
        <line num="72" count="0" type="stmt"/>
        <line num="75" count="0" type="stmt"/>
        <line num="76" count="0" type="stmt"/>
        <line num="77" count="0" type="stmt"/>
        <line num="79" count="0" type="stmt"/>
        <line num="80" count="0" type="cond" truecount="0" falsecount="3"/>
        <line num="82" count="0" type="stmt"/>
        <line num="83" count="0" type="stmt"/>
        <line num="85" count="0" type="stmt"/>
        <line num="86" count="0" type="stmt"/>
        <line num="88" count="0" type="stmt"/>
        <line num="89" count="0" type="stmt"/>
        <line num="94" count="0" type="stmt"/>
        <line num="107" count="0" type="cond" truecount="0" falsecount="3"/>
        <line num="108" count="0" type="stmt"/>
        <line num="109" count="0" type="stmt"/>
        <line num="110" count="0" type="stmt"/>
        <line num="111" count="0" type="stmt"/>
        <line num="114" count="0" type="stmt"/>
        <line num="126" count="0" type="stmt"/>
        <line num="133" count="0" type="stmt"/>
        <line num="134" count="0" type="stmt"/>
        <line num="135" count="0" type="stmt"/>
        <line num="138" count="0" type="cond" truecount="0" falsecount="1"/>
        <line num="139" count="0" type="stmt"/>
        <line num="140" count="0" type="stmt"/>
        <line num="144" count="0" type="stmt"/>
        <line num="145" count="0" type="stmt"/>
        <line num="146" count="0" type="cond" truecount="0" falsecount="1"/>
        <line num="148" count="0" type="stmt"/>
        <line num="151" count="0" type="stmt"/>
        <line num="161" count="0" type="stmt"/>
        <line num="162" count="0" type="stmt"/>
        <line num="163" count="0" type="stmt"/>
        <line num="166" count="0" type="stmt"/>
        <line num="183" count="0" type="stmt"/>
        <line num="186" count="0" type="stmt"/>
        <line num="189" count="0" type="stmt"/>
        <line num="195" count="0" type="stmt"/>
        <line num="196" count="0" type="stmt"/>
        <line num="198" count="0" type="stmt"/>
        <line num="213" count="0" type="stmt"/>
        <line num="220" count="0" type="stmt"/>
        <line num="221" count="0" type="stmt"/>
        <line num="224" count="0" type="stmt"/>
        <line num="225" count="0" type="cond" truecount="0" falsecount="1"/>
        <line num="226" count="0" type="cond" truecount="0" falsecount="1"/>
        <line num="227" count="0" type="stmt"/>
        <line num="229" count="0" type="stmt"/>
        <line num="234" count="0" type="stmt"/>
        <line num="235" count="0" type="cond" truecount="0" falsecount="1"/>
        <line num="236" count="0" type="stmt"/>
        <line num="237" count="0" type="stmt"/>
        <line num="254" count="0" type="stmt"/>
        <line num="261" count="0" type="stmt"/>
        <line num="268" count="0" type="stmt"/>
        <line num="269" count="0" type="stmt"/>
        <line num="270" count="0" type="stmt"/>
        <line num="277" count="0" type="stmt"/>
        <line num="284" count="0" type="stmt"/>
        <line num="285" count="0" type="stmt"/>
        <line num="292" count="0" type="stmt"/>
      </file>
      <file name="schema-validator.ts" path="/Users/cryophobic/dev/projects/tally-mcp/src/validation/schema-validator.ts">
        <metrics statements="72" coveredstatements="71" conditionals="74" coveredconditionals="68" methods="13" coveredmethods="13"/>
        <line num="7" count="1" type="stmt"/>
        <line num="13" count="1" type="stmt"/>
        <line num="22" count="1" type="stmt"/>
        <line num="26" count="50" type="stmt"/>
        <line num="38" count="47" type="stmt"/>
        <line num="39" count="47" type="stmt"/>
        <line num="40" count="47" type="stmt"/>
        <line num="43" count="47" type="stmt"/>
        <line num="46" count="46" type="cond" truecount="1" falsecount="0"/>
        <line num="47" count="45" type="stmt"/>
        <line num="51" count="46" type="cond" truecount="1" falsecount="0"/>
        <line num="52" count="46" type="stmt"/>
        <line num="56" count="46" type="stmt"/>
        <line num="58" count="46" type="stmt"/>
        <line num="80" count="47" type="cond" truecount="3" falsecount="0"/>
        <line num="81" count="2" type="stmt"/>
        <line num="93" count="46" type="cond" truecount="3" falsecount="0"/>
        <line num="94" count="1" type="stmt"/>
        <line num="106" count="46" type="cond" truecount="1" falsecount="0"/>
        <line num="107" count="15" type="cond" truecount="3" falsecount="0"/>
        <line num="108" count="5" type="stmt"/>
        <line num="120" count="15" type="cond" truecount="1" falsecount="0"/>
        <line num="121" count="4" type="cond" truecount="2" falsecount="0"/>
        <line num="122" count="1" type="stmt"/>
        <line num="133" count="3" type="stmt"/>
        <line num="134" count="6" type="cond" truecount="1" falsecount="0"/>
        <line num="135" count="1" type="stmt"/>
        <line num="151" count="46" type="cond" truecount="4" falsecount="0"/>
        <line num="152" count="5" type="stmt"/>
        <line num="173" count="45" type="cond" truecount="1" falsecount="0"/>
        <line num="174" count="2" type="cond" truecount="1" falsecount="0"/>
        <line num="175" count="1" type="stmt"/>
        <line num="188" count="45" type="stmt"/>
        <line num="189" count="45" type="stmt"/>
        <line num="190" count="45" type="cond" truecount="1" falsecount="0"/>
        <line num="191" count="1" type="stmt"/>
        <line num="215" count="1076" type="cond" truecount="1" falsecount="0"/>
        <line num="216" count="1" type="stmt"/>
        <line num="225" count="1" type="stmt"/>
        <line num="229" count="1075" type="cond" truecount="3" falsecount="0"/>
        <line num="230" count="26" type="stmt"/>
        <line num="231" count="1028" type="cond" truecount="3" falsecount="0"/>
        <line num="232" count="1028" type="stmt"/>
        <line num="244" count="1075" type="cond" truecount="3" falsecount="0"/>
        <line num="245" count="2" type="stmt"/>
        <line num="255" count="1075" type="cond" truecount="1" falsecount="2"/>
        <line num="256" count="0" type="stmt"/>
        <line num="276" count="46" type="cond" truecount="5" falsecount="0"/>
        <line num="278" count="11" type="stmt"/>
        <line num="279" count="11" type="stmt"/>
        <line num="282" count="6" type="stmt"/>
        <line num="283" count="6" type="stmt"/>
        <line num="285" count="15" type="stmt"/>
        <line num="286" count="15" type="stmt"/>
        <line num="288" count="8" type="stmt"/>
        <line num="289" count="8" type="stmt"/>
        <line num="303" count="11" type="cond" truecount="3" falsecount="0"/>
        <line num="304" count="2" type="cond" truecount="1" falsecount="0"/>
        <line num="305" count="1" type="stmt"/>
        <line num="318" count="11" type="cond" truecount="3" falsecount="0"/>
        <line num="319" count="1" type="stmt"/>
        <line num="341" count="6" type="cond" truecount="3" falsecount="0"/>
        <line num="342" count="2" type="cond" truecount="1" falsecount="0"/>
        <line num="343" count="1" type="stmt"/>
        <line num="356" count="6" type="cond" truecount="3" falsecount="0"/>
        <line num="357" count="1" type="stmt"/>
        <line num="379" count="15" type="cond" truecount="3" falsecount="0"/>
        <line num="380" count="1" type="cond" truecount="1" falsecount="0"/>
        <line num="381" count="1" type="stmt"/>
        <line num="404" count="8" type="cond" truecount="3" falsecount="0"/>
        <line num="405" count="1" type="cond" truecount="1" falsecount="0"/>
        <line num="406" count="1" type="stmt"/>
      </file>
      <file name="types.ts" path="/Users/cryophobic/dev/projects/tally-mcp/src/validation/types.ts">
        <metrics statements="9" coveredstatements="8" conditionals="4" coveredconditionals="2" methods="2" coveredmethods="1"/>
        <line num="5" count="3" type="stmt"/>
        <line num="10" count="3" type="cond" truecount="2" falsecount="0"/>
        <line num="11" count="3" type="stmt"/>
        <line num="12" count="3" type="stmt"/>
        <line num="13" count="3" type="stmt"/>
        <line num="147" count="3" type="stmt"/>
        <line num="151" count="0" type="cond" truecount="0" falsecount="2"/>
        <line num="156" count="3" type="stmt"/>
        <line num="167" count="3" type="stmt"/>
      </file>
      <file name="validate-project-tools.ts" path="/Users/cryophobic/dev/projects/tally-mcp/src/validation/validate-project-tools.ts">
        <metrics statements="63" coveredstatements="0" conditionals="13" coveredconditionals="0" methods="3" coveredmethods="0"/>
        <line num="8" count="0" type="stmt"/>
        <line num="9" count="0" type="stmt"/>
        <line num="15" count="0" type="stmt"/>
        <line num="232" count="0" type="stmt"/>
        <line num="233" count="0" type="stmt"/>
        <line num="234" count="0" type="stmt"/>
        <line num="237" count="0" type="stmt"/>
        <line num="246" count="0" type="stmt"/>
        <line num="255" count="0" type="stmt"/>
        <line num="258" count="0" type="cond" truecount="0" falsecount="2"/>
        <line num="259" count="0" type="stmt"/>
        <line num="260" count="0" type="stmt"/>
        <line num="262" count="0" type="cond" truecount="0" falsecount="1"/>
        <line num="263" count="0" type="stmt"/>
        <line num="264" count="0" type="stmt"/>
        <line num="265" count="0" type="stmt"/>
        <line num="269" count="0" type="stmt"/>
        <line num="270" count="0" type="stmt"/>
        <line num="274" count="0" type="stmt"/>
        <line num="275" count="0" type="stmt"/>
        <line num="276" count="0" type="stmt"/>
        <line num="277" count="0" type="stmt"/>
        <line num="278" count="0" type="stmt"/>
        <line num="279" count="0" type="stmt"/>
        <line num="282" count="0" type="stmt"/>
        <line num="283" count="0" type="stmt"/>
        <line num="284" count="0" type="stmt"/>
        <line num="285" count="0" type="stmt"/>
        <line num="286" count="0" type="cond" truecount="0" falsecount="2"/>
        <line num="287" count="0" type="cond" truecount="0" falsecount="2"/>
        <line num="288" count="0" type="cond" truecount="0" falsecount="2"/>
        <line num="289" count="0" type="stmt"/>
        <line num="293" count="0" type="stmt"/>
        <line num="295" count="0" type="stmt"/>
        <line num="296" count="0" type="stmt"/>
        <line num="297" count="0" type="stmt"/>
        <line num="300" count="0" type="stmt"/>
        <line num="301" count="0" type="cond" truecount="0" falsecount="1"/>
        <line num="302" count="0" type="stmt"/>
        <line num="306" count="0" type="stmt"/>
        <line num="307" count="0" type="stmt"/>
        <line num="308" count="0" type="stmt"/>
        <line num="311" count="0" type="stmt"/>
        <line num="312" count="0" type="stmt"/>
        <line num="313" count="0" type="stmt"/>
        <line num="316" count="0" type="stmt"/>
        <line num="317" count="0" type="stmt"/>
        <line num="318" count="0" type="stmt"/>
        <line num="321" count="0" type="cond" truecount="0" falsecount="2"/>
        <line num="324" count="0" type="stmt"/>
        <line num="325" count="0" type="stmt"/>
        <line num="326" count="0" type="stmt"/>
        <line num="327" count="0" type="stmt"/>
        <line num="328" count="0" type="stmt"/>
        <line num="329" count="0" type="stmt"/>
        <line num="330" count="0" type="stmt"/>
        <line num="331" count="0" type="stmt"/>
        <line num="332" count="0" type="stmt"/>
        <line num="333" count="0" type="stmt"/>
        <line num="334" count="0" type="stmt"/>
        <line num="336" count="0" type="stmt"/>
        <line num="340" count="0" type="cond" truecount="0" falsecount="1"/>
        <line num="341" count="0" type="stmt"/>
      </file>
      <file name="validation-reporter.ts" path="/Users/cryophobic/dev/projects/tally-mcp/src/validation/validation-reporter.ts">
        <metrics statements="77" coveredstatements="0" conditionals="54" coveredconditionals="0" methods="24" coveredmethods="0"/>
        <line num="12" count="0" type="stmt"/>
        <line num="35" count="0" type="stmt"/>
        <line num="47" count="0" type="stmt"/>
        <line num="51" count="0" type="stmt"/>
        <line num="58" count="0" type="stmt"/>
        <line num="61" count="0" type="stmt"/>
        <line num="64" count="0" type="cond" truecount="0" falsecount="1"/>
        <line num="65" count="0" type="stmt"/>
        <line num="69" count="0" type="stmt"/>
        <line num="72" count="0" type="cond" truecount="0" falsecount="3"/>
        <line num="73" count="0" type="stmt"/>
        <line num="77" count="0" type="cond" truecount="0" falsecount="1"/>
        <line num="78" count="0" type="stmt"/>
        <line num="82" count="0" type="stmt"/>
        <line num="84" count="0" type="stmt"/>
        <line num="91" count="0" type="stmt"/>
        <line num="98" count="0" type="stmt"/>
        <line num="110" count="0" type="stmt"/>
        <line num="113" count="0" type="stmt"/>
        <line num="114" count="0" type="stmt"/>
        <line num="117" count="0" type="stmt"/>
        <line num="118" count="0" type="stmt"/>
        <line num="122" count="0" type="stmt"/>
        <line num="123" count="0" type="stmt"/>
        <line num="129" count="0" type="stmt"/>
        <line num="130" count="0" type="stmt"/>
        <line num="134" count="0" type="stmt"/>
        <line num="141" count="0" type="stmt"/>
        <line num="156" count="0" type="stmt"/>
        <line num="157" count="0" type="cond" truecount="0" falsecount="2"/>
        <line num="159" count="0" type="stmt"/>
        <line num="173" count="0" type="stmt"/>
        <line num="178" count="0" type="cond" truecount="0" falsecount="1"/>
        <line num="179" count="0" type="stmt"/>
        <line num="180" count="0" type="stmt"/>
        <line num="181" count="0" type="cond" truecount="0" falsecount="3"/>
        <line num="182" count="0" type="stmt"/>
        <line num="186" count="0" type="cond" truecount="0" falsecount="3"/>
        <line num="187" count="0" type="stmt"/>
        <line num="191" count="0" type="cond" truecount="0" falsecount="1"/>
        <line num="192" count="0" type="stmt"/>
        <line num="193" count="0" type="stmt"/>
        <line num="194" count="0" type="cond" truecount="0" falsecount="3"/>
        <line num="195" count="0" type="stmt"/>
        <line num="200" count="0" type="stmt"/>
        <line num="207" count="0" type="stmt"/>
        <line num="212" count="0" type="stmt"/>
        <line num="213" count="0" type="stmt"/>
        <line num="214" count="0" type="cond" truecount="0" falsecount="2"/>
        <line num="216" count="0" type="stmt"/>
        <line num="218" count="0" type="cond" truecount="0" falsecount="1"/>
        <line num="219" count="0" type="stmt"/>
        <line num="220" count="0" type="stmt"/>
        <line num="221" count="0" type="cond" truecount="0" falsecount="3"/>
        <line num="222" count="0" type="stmt"/>
        <line num="227" count="0" type="cond" truecount="0" falsecount="1"/>
        <line num="228" count="0" type="stmt"/>
        <line num="229" count="0" type="stmt"/>
        <line num="230" count="0" type="cond" truecount="0" falsecount="3"/>
        <line num="231" count="0" type="stmt"/>
        <line num="236" count="0" type="cond" truecount="0" falsecount="1"/>
        <line num="237" count="0" type="stmt"/>
        <line num="241" count="0" type="stmt"/>
        <line num="248" count="0" type="stmt"/>
        <line num="250" count="0" type="stmt"/>
        <line num="263" count="0" type="stmt"/>
        <line num="265" count="0" type="stmt"/>
        <line num="280" count="0" type="cond" truecount="0" falsecount="2"/>
        <line num="281" count="0" type="stmt"/>
        <line num="283" count="0" type="stmt"/>
        <line num="291" count="0" type="stmt"/>
        <line num="303" count="0" type="stmt"/>
        <line num="310" count="0" type="cond" truecount="0" falsecount="4"/>
        <line num="311" count="0" type="stmt"/>
        <line num="313" count="0" type="stmt"/>
        <line num="320" count="0" type="stmt"/>
        <line num="327" count="0" type="stmt"/>
      </file>
      <file name="validation-utils.ts" path="/Users/cryophobic/dev/projects/tally-mcp/src/validation/validation-utils.ts">
        <metrics statements="29" coveredstatements="29" conditionals="16" coveredconditionals="16" methods="4" coveredmethods="4"/>
        <line num="5" count="2" type="stmt"/>
        <line num="14" count="2" type="stmt"/>
        <line num="24" count="20" type="stmt"/>
        <line num="36" count="3" type="stmt"/>
        <line num="37" count="3" type="stmt"/>
        <line num="38" count="3" type="stmt"/>
        <line num="40" count="3" type="stmt"/>
        <line num="41" count="4" type="stmt"/>
        <line num="42" count="4" type="stmt"/>
        <line num="43" count="4" type="stmt"/>
        <line num="46" count="3" type="stmt"/>
        <line num="63" count="4" type="stmt"/>
        <line num="65" count="4" type="cond" truecount="1" falsecount="0"/>
        <line num="66" count="1" type="stmt"/>
        <line num="69" count="4" type="cond" truecount="3" falsecount="0"/>
        <line num="70" count="1" type="stmt"/>
        <line num="71" count="1" type="stmt"/>
        <line num="74" count="4" type="cond" truecount="1" falsecount="0"/>
        <line num="75" count="1" type="stmt"/>
        <line num="78" count="4" type="stmt"/>
        <line num="85" count="14" type="cond" truecount="3" falsecount="0"/>
        <line num="86" count="3" type="stmt"/>
        <line num="89" count="11" type="stmt"/>
        <line num="92" count="11" type="cond" truecount="3" falsecount="0"/>
        <line num="93" count="4" type="stmt"/>
        <line num="96" count="4" type="stmt"/>
        <line num="97" count="7" type="cond" truecount="3" falsecount="0"/>
        <line num="98" count="7" type="stmt"/>
        <line num="103" count="11" type="stmt"/>
      </file>
    </package>
  </project>
</coverage>
