<?xml version="1.0" encoding="UTF-8"?>
<coverage generated="1749602801105" clover="3.2.0">
  <project timestamp="1749602801105" name="All files">
    <metrics statements="3946" coveredstatements="1874" conditionals="1776" coveredconditionals="573" methods="819" coveredmethods="389" elements="6541" coveredelements="2836" complexity="0" loc="3946" ncloc="3946" packages="8" files="52" classes="52"/>
    <package name="src">
      <metrics statements="664" coveredstatements="305" conditionals="268" coveredconditionals="61" methods="96" coveredmethods="61"/>
      <file name="index.ts" path="/Users/cryophobic/dev/projects/tally-mcp/src/index.ts">
        <metrics statements="22" coveredstatements="0" conditionals="5" coveredconditionals="0" methods="5" coveredmethods="0"/>
        <line num="8" count="0" type="stmt"/>
        <line num="14" count="0" type="stmt"/>
        <line num="17" count="0" type="stmt"/>
        <line num="24" count="0" type="stmt"/>
        <line num="26" count="0" type="stmt"/>
        <line num="27" count="0" type="stmt"/>
        <line num="28" count="0" type="stmt"/>
        <line num="31" count="0" type="stmt"/>
        <line num="33" count="0" type="stmt"/>
        <line num="34" count="0" type="stmt"/>
        <line num="38" count="0" type="stmt"/>
        <line num="39" count="0" type="stmt"/>
        <line num="40" count="0" type="stmt"/>
        <line num="44" count="0" type="stmt"/>
        <line num="45" count="0" type="stmt"/>
        <line num="46" count="0" type="stmt"/>
        <line num="50" count="0" type="cond" truecount="0" falsecount="1"/>
        <line num="51" count="0" type="stmt"/>
        <line num="52" count="0" type="stmt"/>
        <line num="53" count="0" type="stmt"/>
        <line num="57" count="0" type="stmt"/>
        <line num="58" count="0" type="stmt"/>
      </file>
      <file name="server.ts" path="/Users/cryophobic/dev/projects/tally-mcp/src/server.ts">
        <metrics statements="422" coveredstatements="305" conditionals="141" coveredconditionals="61" methods="80" coveredmethods="61"/>
        <line num="8" count="8" type="stmt"/>
        <line num="9" count="8" type="stmt"/>
        <line num="10" count="8" type="stmt"/>
        <line num="11" count="8" type="stmt"/>
        <line num="12" count="8" type="stmt"/>
        <line num="17" count="8" type="stmt"/>
        <line num="18" count="8" type="stmt"/>
        <line num="23" count="8" type="cond" truecount="2" falsecount="0"/>
        <line num="24" count="8" type="stmt"/>
        <line num="25" count="8" type="stmt"/>
        <line num="26" count="8" type="stmt"/>
        <line num="27" count="8" type="stmt"/>
        <line num="28" count="8" type="stmt"/>
        <line num="29" count="8" type="stmt"/>
        <line num="58" count="8" type="cond" truecount="2" falsecount="0"/>
        <line num="59" count="8" type="stmt"/>
        <line num="60" count="8" type="stmt"/>
        <line num="61" count="8" type="stmt"/>
        <line num="62" count="8" type="stmt"/>
        <line num="63" count="8" type="stmt"/>
        <line num="64" count="8" type="stmt"/>
        <line num="65" count="8" type="stmt"/>
        <line num="66" count="8" type="stmt"/>
        <line num="67" count="8" type="stmt"/>
        <line num="68" count="8" type="stmt"/>
        <line num="99" count="8" type="stmt"/>
        <line num="131" count="8" type="stmt"/>
        <line num="144" count="8" type="cond" truecount="2" falsecount="0"/>
        <line num="145" count="8" type="stmt"/>
        <line num="146" count="8" type="stmt"/>
        <line num="147" count="8" type="stmt"/>
        <line num="148" count="8" type="stmt"/>
        <line num="149" count="8" type="stmt"/>
        <line num="215" count="8" type="stmt"/>
        <line num="226" count="8" type="stmt"/>
        <line num="234" count="96" type="stmt"/>
        <line num="249" count="96" type="stmt"/>
        <line num="268" count="96" type="stmt"/>
        <line num="281" count="96" type="stmt"/>
        <line num="284" count="96" type="stmt"/>
        <line num="287" count="96" type="stmt"/>
        <line num="288" count="96" type="stmt"/>
        <line num="289" count="96" type="stmt"/>
        <line num="290" count="96" type="stmt"/>
        <line num="293" count="96" type="stmt"/>
        <line num="294" count="96" type="stmt"/>
        <line num="295" count="96" type="stmt"/>
        <line num="304" count="96" type="stmt"/>
        <line num="308" count="96" type="stmt"/>
        <line num="315" count="96" type="stmt"/>
        <line num="318" count="96" type="stmt"/>
        <line num="321" count="96" type="stmt"/>
        <line num="322" count="96" type="stmt"/>
        <line num="323" count="96" type="stmt"/>
        <line num="324" count="96" type="stmt"/>
        <line num="331" count="101" type="stmt"/>
        <line num="338" count="4" type="stmt"/>
        <line num="345" count="10" type="stmt"/>
        <line num="355" count="14" type="stmt"/>
        <line num="356" count="14" type="stmt"/>
        <line num="357" count="14" type="stmt"/>
        <line num="358" count="14" type="stmt"/>
        <line num="359" count="14" type="stmt"/>
        <line num="360" count="14" type="stmt"/>
        <line num="361" count="14" type="stmt"/>
        <line num="364" count="14" type="stmt"/>
        <line num="366" count="14" type="stmt"/>
        <line num="400" count="14" type="stmt"/>
        <line num="407" count="15" type="cond" truecount="0" falsecount="1"/>
        <line num="408" count="0" type="stmt"/>
        <line num="411" count="15" type="stmt"/>
        <line num="412" count="15" type="stmt"/>
        <line num="415" count="15" type="cond" truecount="1" falsecount="0"/>
        <line num="416" count="1" type="stmt"/>
        <line num="420" count="14" type="stmt"/>
        <line num="421" count="14" type="cond" truecount="2" falsecount="1"/>
        <line num="422" count="0" type="stmt"/>
        <line num="426" count="14" type="cond" truecount="0" falsecount="1"/>
        <line num="427" count="0" type="stmt"/>
        <line num="431" count="14" type="stmt"/>
        <line num="432" count="14" type="cond" truecount="0" falsecount="1"/>
        <line num="433" count="0" type="stmt"/>
        <line num="436" count="14" type="stmt"/>
        <line num="443" count="14" type="stmt"/>
        <line num="444" count="14" type="stmt"/>
        <line num="451" count="840" type="stmt"/>
        <line num="452" count="14" type="stmt"/>
        <line num="459" count="1680" type="stmt"/>
        <line num="460" count="28" type="stmt"/>
        <line num="467" count="63" type="stmt"/>
        <line num="468" count="63" type="stmt"/>
        <line num="470" count="63" type="cond" truecount="1" falsecount="0"/>
        <line num="472" count="46" type="stmt"/>
        <line num="473" count="46" type="stmt"/>
        <line num="474" count="46" type="stmt"/>
        <line num="482" count="47" type="stmt"/>
        <line num="483" count="47" type="stmt"/>
        <line num="484" count="47" type="stmt"/>
        <line num="485" count="47" type="stmt"/>
        <line num="486" count="47" type="cond" truecount="1" falsecount="0"/>
        <line num="487" count="47" type="stmt"/>
        <line num="495" count="2" type="stmt"/>
        <line num="496" count="2" type="stmt"/>
        <line num="497" count="2" type="stmt"/>
        <line num="498" count="2" type="stmt"/>
        <line num="499" count="2" type="cond" truecount="1" falsecount="0"/>
        <line num="500" count="2" type="stmt"/>
        <line num="509" count="78" type="cond" truecount="1" falsecount="0"/>
        <line num="510" count="1" type="stmt"/>
        <line num="511" count="1" type="stmt"/>
        <line num="514" count="77" type="stmt"/>
        <line num="515" count="77" type="stmt"/>
        <line num="517" count="77" type="stmt"/>
        <line num="518" count="77" type="stmt"/>
        <line num="519" count="77" type="stmt"/>
        <line num="520" count="77" type="stmt"/>
        <line num="522" count="77" type="stmt"/>
        <line num="523" count="77" type="stmt"/>
        <line num="524" count="76" type="stmt"/>
        <line num="525" count="76" type="stmt"/>
        <line num="526" count="76" type="stmt"/>
        <line num="528" count="1" type="stmt"/>
        <line num="529" count="1" type="stmt"/>
        <line num="530" count="1" type="stmt"/>
        <line num="539" count="76" type="cond" truecount="3" falsecount="0"/>
        <line num="540" count="1" type="stmt"/>
        <line num="541" count="1" type="stmt"/>
        <line num="544" count="75" type="stmt"/>
        <line num="545" count="75" type="stmt"/>
        <line num="546" count="75" type="stmt"/>
        <line num="549" count="75" type="stmt"/>
        <line num="552" count="75" type="stmt"/>
        <line num="555" count="75" type="stmt"/>
        <line num="557" count="75" type="stmt"/>
        <line num="558" count="75" type="stmt"/>
        <line num="560" count="0" type="stmt"/>
        <line num="561" count="0" type="stmt"/>
        <line num="562" count="0" type="stmt"/>
        <line num="571" count="39" type="cond" truecount="1" falsecount="1"/>
        <line num="572" count="39" type="stmt"/>
        <line num="575" count="39" type="cond" truecount="2" falsecount="1"/>
        <line num="576" count="0" type="stmt"/>
        <line num="577" count="0" type="stmt"/>
        <line num="581" count="39" type="stmt"/>
        <line num="590" count="39" type="stmt"/>
        <line num="591" count="39" type="stmt"/>
        <line num="594" count="39" type="stmt"/>
        <line num="605" count="39" type="stmt"/>
        <line num="606" count="0" type="stmt"/>
        <line num="607" count="0" type="stmt"/>
        <line num="611" count="39" type="stmt"/>
        <line num="612" count="39" type="stmt"/>
        <line num="613" count="39" type="stmt"/>
        <line num="614" count="39" type="stmt"/>
        <line num="618" count="39" type="stmt"/>
        <line num="619" count="9" type="stmt"/>
        <line num="620" count="9" type="stmt"/>
        <line num="621" count="9" type="stmt"/>
        <line num="625" count="39" type="stmt"/>
        <line num="626" count="0" type="stmt"/>
        <line num="627" count="0" type="stmt"/>
        <line num="628" count="0" type="stmt"/>
        <line num="632" count="39" type="stmt"/>
        <line num="633" count="30" type="stmt"/>
        <line num="634" count="30" type="stmt"/>
        <line num="635" count="30" type="stmt"/>
        <line num="639" count="39" type="stmt"/>
        <line num="640" count="0" type="cond" truecount="0" falsecount="4"/>
        <line num="641" count="0" type="stmt"/>
        <line num="643" count="0" type="stmt"/>
        <line num="648" count="39" type="stmt"/>
        <line num="656" count="6" type="stmt"/>
        <line num="658" count="6" type="stmt"/>
        <line num="660" count="6" type="cond" truecount="5" falsecount="1"/>
        <line num="665" count="0" type="stmt"/>
        <line num="674" count="0" type="stmt"/>
        <line num="678" count="6" type="cond" truecount="3" falsecount="1"/>
        <line num="679" count="0" type="stmt"/>
        <line num="688" count="0" type="stmt"/>
        <line num="694" count="6" type="stmt"/>
        <line num="696" count="6" type="cond" truecount="1" falsecount="5"/>
        <line num="698" count="0" type="stmt"/>
        <line num="715" count="0" type="stmt"/>
        <line num="719" count="0" type="stmt"/>
        <line num="720" count="0" type="stmt"/>
        <line num="725" count="0" type="stmt"/>
        <line num="729" count="6" type="stmt"/>
        <line num="730" count="6" type="stmt"/>
        <line num="735" count="6" type="stmt"/>
        <line num="738" count="0" type="stmt"/>
        <line num="745" count="0" type="stmt"/>
        <line num="748" count="0" type="stmt"/>
        <line num="755" count="0" type="stmt"/>
        <line num="758" count="0" type="stmt"/>
        <line num="769" count="0" type="stmt"/>
        <line num="770" count="0" type="stmt"/>
        <line num="782" count="6" type="stmt"/>
        <line num="785" count="6" type="stmt"/>
        <line num="787" count="0" type="stmt"/>
        <line num="788" count="0" type="stmt"/>
        <line num="805" count="108" type="cond" truecount="1" falsecount="0"/>
        <line num="806" count="39" type="stmt"/>
        <line num="807" count="39" type="stmt"/>
        <line num="808" count="39" type="stmt"/>
        <line num="811" count="39" type="cond" truecount="1" falsecount="0"/>
        <line num="812" count="39" type="stmt"/>
        <line num="822" count="39" type="cond" truecount="2" falsecount="1"/>
        <line num="823" count="0" type="stmt"/>
        <line num="826" count="39" type="stmt"/>
        <line num="827" count="39" type="stmt"/>
        <line num="828" count="39" type="stmt"/>
        <line num="830" count="0" type="stmt"/>
        <line num="831" count="0" type="stmt"/>
        <line num="840" count="6" type="stmt"/>
        <line num="842" count="6" type="stmt"/>
        <line num="843" count="0" type="stmt"/>
        <line num="859" count="1206" type="cond" truecount="1" falsecount="1"/>
        <line num="860" count="1206" type="cond" truecount="1" falsecount="1"/>
        <line num="869" count="0" type="stmt"/>
        <line num="873" count="1206" type="cond" truecount="1" falsecount="0"/>
        <line num="876" count="642" type="cond" truecount="2" falsecount="1"/>
        <line num="878" count="642" type="stmt"/>
        <line num="886" count="642" type="cond" truecount="0" falsecount="1"/>
        <line num="887" count="0" type="stmt"/>
        <line num="891" count="642" type="cond" truecount="1" falsecount="2"/>
        <line num="892" count="0" type="stmt"/>
        <line num="893" count="0" type="cond" truecount="0" falsecount="1"/>
        <line num="894" count="0" type="stmt"/>
        <line num="899" count="642" type="cond" truecount="1" falsecount="0"/>
        <line num="900" count="2" type="stmt"/>
        <line num="904" count="2" type="cond" truecount="1" falsecount="0"/>
        <line num="905" count="2" type="stmt"/>
        <line num="907" count="2" type="cond" truecount="1" falsecount="0"/>
        <line num="908" count="1" type="stmt"/>
        <line num="913" count="642" type="cond" truecount="0" falsecount="1"/>
        <line num="914" count="0" type="cond" truecount="0" falsecount="2"/>
        <line num="920" count="642" type="cond" truecount="1" falsecount="0"/>
        <line num="921" count="642" type="stmt"/>
        <line num="925" count="642" type="cond" truecount="1" falsecount="0"/>
        <line num="926" count="642" type="stmt"/>
        <line num="934" count="642" type="stmt"/>
        <line num="941" count="642" type="stmt"/>
        <line num="942" count="642" type="cond" truecount="1" falsecount="1"/>
        <line num="943" count="642" type="cond" truecount="1" falsecount="1"/>
        <line num="945" count="642" type="stmt"/>
        <line num="947" count="642" type="cond" truecount="0" falsecount="1"/>
        <line num="948" count="0" type="stmt"/>
        <line num="951" count="642" type="cond" truecount="1" falsecount="0"/>
        <line num="952" count="2" type="stmt"/>
        <line num="953" count="2" type="cond" truecount="3" falsecount="0"/>
        <line num="954" count="2" type="stmt"/>
        <line num="955" count="2" type="stmt"/>
        <line num="956" count="2" type="stmt"/>
        <line num="960" count="640" type="stmt"/>
        <line num="967" count="0" type="cond" truecount="0" falsecount="3"/>
        <line num="968" count="0" type="stmt"/>
        <line num="971" count="0" type="cond" truecount="0" falsecount="2"/>
        <line num="973" count="0" type="stmt"/>
        <line num="974" count="0" type="cond" truecount="0" falsecount="2"/>
        <line num="975" count="0" type="stmt"/>
        <line num="977" count="0" type="stmt"/>
        <line num="978" count="0" type="cond" truecount="0" falsecount="1"/>
        <line num="979" count="0" type="stmt"/>
        <line num="983" count="0" type="stmt"/>
        <line num="990" count="3" type="stmt"/>
        <line num="1003" count="47" type="stmt"/>
        <line num="1004" count="47" type="stmt"/>
        <line num="1012" count="47" type="cond" truecount="1" falsecount="1"/>
        <line num="1013" count="47" type="stmt"/>
        <line num="1016" count="47" type="stmt"/>
        <line num="1019" count="47" type="stmt"/>
        <line num="1020" count="38" type="cond" truecount="1" falsecount="0"/>
        <line num="1021" count="2" type="stmt"/>
        <line num="1025" count="47" type="stmt"/>
        <line num="1033" count="47" type="stmt"/>
        <line num="1034" count="47" type="stmt"/>
        <line num="1035" count="47" type="stmt"/>
        <line num="1036" count="47" type="stmt"/>
        <line num="1037" count="47" type="stmt"/>
        <line num="1045" count="47" type="cond" truecount="0" falsecount="1"/>
        <line num="1046" count="0" type="stmt"/>
        <line num="1047" count="0" type="stmt"/>
        <line num="1051" count="0" type="stmt"/>
        <line num="1053" count="47" type="stmt"/>
        <line num="1061" count="47" type="stmt"/>
        <line num="1062" count="3" type="cond" truecount="0" falsecount="1"/>
        <line num="1063" count="0" type="stmt"/>
        <line num="1064" count="0" type="stmt"/>
        <line num="1071" count="47" type="stmt"/>
        <line num="1072" count="38" type="stmt"/>
        <line num="1075" count="47" type="stmt"/>
        <line num="1083" count="77" type="stmt"/>
        <line num="1086" count="77" type="stmt"/>
        <line num="1089" count="77" type="stmt"/>
        <line num="1092" count="77" type="cond" truecount="1" falsecount="0"/>
        <line num="1093" count="76" type="stmt"/>
        <line num="1097" count="77" type="stmt"/>
        <line num="1098" count="77" type="stmt"/>
        <line num="1101" count="77" type="stmt"/>
        <line num="1104" count="77" type="stmt"/>
        <line num="1106" count="77" type="stmt"/>
        <line num="1114" count="77" type="stmt"/>
        <line num="1117" count="77" type="stmt"/>
        <line num="1118" count="0" type="stmt"/>
        <line num="1127" count="77" type="stmt"/>
        <line num="1128" count="0" type="stmt"/>
        <line num="1129" count="0" type="stmt"/>
        <line num="1130" count="0" type="cond" truecount="0" falsecount="2"/>
        <line num="1131" count="0" type="stmt"/>
        <line num="1133" count="0" type="stmt"/>
        <line num="1134" count="0" type="stmt"/>
        <line num="1144" count="77" type="stmt"/>
        <line num="1145" count="39" type="stmt"/>
        <line num="1149" count="77" type="stmt"/>
        <line num="1150" count="6" type="stmt"/>
        <line num="1153" count="77" type="stmt"/>
        <line num="1160" count="77" type="stmt"/>
        <line num="1161" count="77" type="stmt"/>
        <line num="1162" count="77" type="stmt"/>
        <line num="1164" count="77" type="stmt"/>
        <line num="1165" count="76" type="cond" truecount="1" falsecount="0"/>
        <line num="1166" count="76" type="stmt"/>
        <line num="1167" count="76" type="stmt"/>
        <line num="1168" count="76" type="stmt"/>
        <line num="1172" count="77" type="stmt"/>
        <line num="1173" count="1" type="cond" truecount="1" falsecount="0"/>
        <line num="1174" count="1" type="stmt"/>
        <line num="1175" count="1" type="stmt"/>
        <line num="1176" count="1" type="stmt"/>
        <line num="1177" count="1" type="stmt"/>
        <line num="1182" count="77" type="stmt"/>
        <line num="1184" count="77" type="stmt"/>
        <line num="1185" count="1" type="stmt"/>
        <line num="1188" count="1" type="cond" truecount="1" falsecount="1"/>
        <line num="1189" count="1" type="stmt"/>
        <line num="1190" count="1" type="stmt"/>
        <line num="1191" count="0" type="cond" truecount="0" falsecount="2"/>
        <line num="1192" count="0" type="stmt"/>
        <line num="1193" count="0" type="stmt"/>
        <line num="1195" count="0" type="stmt"/>
        <line num="1199" count="77" type="stmt"/>
        <line num="1200" count="76" type="stmt"/>
        <line num="1201" count="76" type="stmt"/>
        <line num="1205" count="77" type="stmt"/>
        <line num="1208" count="77" type="stmt"/>
        <line num="1209" count="0" type="cond" truecount="0" falsecount="1"/>
        <line num="1210" count="0" type="stmt"/>
        <line num="1215" count="0" type="stmt"/>
        <line num="1216" count="0" type="stmt"/>
        <line num="1225" count="75" type="cond" truecount="0" falsecount="1"/>
        <line num="1226" count="0" type="stmt"/>
        <line num="1227" count="0" type="stmt"/>
        <line num="1230" count="75" type="stmt"/>
        <line num="1232" count="75" type="stmt"/>
        <line num="1234" count="75" type="stmt"/>
        <line num="1235" count="75" type="cond" truecount="1" falsecount="0"/>
        <line num="1236" count="75" type="stmt"/>
        <line num="1237" count="75" type="stmt"/>
        <line num="1238" count="75" type="stmt"/>
        <line num="1243" count="75" type="stmt"/>
        <line num="1244" count="75" type="cond" truecount="1" falsecount="1"/>
        <line num="1245" count="0" type="stmt"/>
        <line num="1247" count="75" type="stmt"/>
        <line num="1249" count="75" type="stmt"/>
        <line num="1253" count="75" type="cond" truecount="0" falsecount="1"/>
        <line num="1254" count="0" type="stmt"/>
        <line num="1255" count="0" type="cond" truecount="0" falsecount="3"/>
        <line num="1256" count="0" type="stmt"/>
        <line num="1259" count="0" type="stmt"/>
        <line num="1262" count="0" type="cond" truecount="0" falsecount="1"/>
        <line num="1263" count="0" type="stmt"/>
        <line num="1264" count="0" type="cond" truecount="0" falsecount="3"/>
        <line num="1265" count="0" type="stmt"/>
        <line num="1274" count="75" type="stmt"/>
        <line num="1275" count="75" type="cond" truecount="0" falsecount="1"/>
        <line num="1276" count="0" type="stmt"/>
        <line num="1277" count="0" type="stmt"/>
        <line num="1287" count="0" type="stmt"/>
        <line num="1289" count="0" type="stmt"/>
        <line num="1290" count="0" type="stmt"/>
        <line num="1291" count="0" type="stmt"/>
        <line num="1292" count="0" type="stmt"/>
        <line num="1293" count="0" type="stmt"/>
        <line num="1298" count="0" type="stmt"/>
        <line num="1299" count="0" type="stmt"/>
        <line num="1301" count="0" type="stmt"/>
        <line num="1302" count="0" type="stmt"/>
        <line num="1304" count="0" type="stmt"/>
        <line num="1311" count="75" type="stmt"/>
        <line num="1313" count="75" type="stmt"/>
        <line num="1314" count="0" type="stmt"/>
        <line num="1315" count="0" type="cond" truecount="0" falsecount="1"/>
        <line num="1316" count="0" type="stmt"/>
        <line num="1320" count="75" type="stmt"/>
        <line num="1321" count="75" type="stmt"/>
        <line num="1328" count="75" type="stmt"/>
        <line num="1329" count="75" type="stmt"/>
        <line num="1330" count="30" type="stmt"/>
        <line num="1338" count="173" type="stmt"/>
        <line num="1342" count="173" type="stmt"/>
        <line num="1352" count="0" type="stmt"/>
        <line num="1566" count="6" type="stmt"/>
        <line num="1568" count="6" type="stmt"/>
        <line num="1569" count="6" type="cond" truecount="0" falsecount="1"/>
        <line num="1570" count="0" type="stmt"/>
        <line num="1573" count="6" type="cond" truecount="1" falsecount="2"/>
        <line num="1575" count="0" type="stmt"/>
        <line num="1576" count="0" type="stmt"/>
        <line num="1586" count="0" type="cond" truecount="0" falsecount="3"/>
        <line num="1587" count="0" type="stmt"/>
        <line num="1588" count="0" type="stmt"/>
        <line num="1597" count="0" type="stmt"/>
        <line num="1607" count="6" type="stmt"/>
        <line num="1617" count="0" type="stmt"/>
        <line num="1634" count="173" type="stmt"/>
        <line num="1635" count="0" type="stmt"/>
        <line num="1639" count="173" type="stmt"/>
        <line num="1640" count="0" type="stmt"/>
        <line num="1645" count="0" type="stmt"/>
        <line num="1646" count="0" type="stmt"/>
        <line num="1650" count="76" type="stmt"/>
        <line num="1654" count="0" type="stmt"/>
      </file>
      <file name="worker.ts" path="/Users/cryophobic/dev/projects/tally-mcp/src/worker.ts">
        <metrics statements="220" coveredstatements="0" conditionals="122" coveredconditionals="0" methods="11" coveredmethods="0"/>
        <line num="25" count="0" type="stmt"/>
        <line num="49" count="0" type="stmt"/>
        <line num="239" count="0" type="stmt"/>
        <line num="250" count="0" type="stmt"/>
        <line num="252" count="0" type="stmt"/>
        <line num="253" count="0" type="cond" truecount="0" falsecount="6"/>
        <line num="255" count="0" type="stmt"/>
        <line num="270" count="0" type="stmt"/>
        <line num="279" count="0" type="stmt"/>
        <line num="282" count="0" type="stmt"/>
        <line num="291" count="0" type="stmt"/>
        <line num="300" count="0" type="stmt"/>
        <line num="311" count="0" type="stmt"/>
        <line num="327" count="0" type="stmt"/>
        <line num="331" count="0" type="cond" truecount="0" falsecount="3"/>
        <line num="332" count="0" type="stmt"/>
        <line num="335" count="0" type="cond" truecount="0" falsecount="1"/>
        <line num="336" count="0" type="stmt"/>
        <line num="346" count="0" type="stmt"/>
        <line num="347" count="0" type="stmt"/>
        <line num="349" count="0" type="stmt"/>
        <line num="361" count="0" type="stmt"/>
        <line num="376" count="0" type="stmt"/>
        <line num="377" count="0" type="stmt"/>
        <line num="382" count="0" type="cond" truecount="0" falsecount="11"/>
        <line num="384" count="0" type="stmt"/>
        <line num="394" count="0" type="stmt"/>
        <line num="397" count="0" type="stmt"/>
        <line num="406" count="0" type="stmt"/>
        <line num="409" count="0" type="stmt"/>
        <line num="413" count="0" type="stmt"/>
        <line num="416" count="0" type="stmt"/>
        <line num="420" count="0" type="stmt"/>
        <line num="423" count="0" type="stmt"/>
        <line num="427" count="0" type="stmt"/>
        <line num="430" count="0" type="cond" truecount="0" falsecount="4"/>
        <line num="431" count="0" type="cond" truecount="0" falsecount="1"/>
        <line num="432" count="0" type="stmt"/>
        <line num="434" count="0" type="stmt"/>
        <line num="438" count="0" type="stmt"/>
        <line num="442" count="0" type="stmt"/>
        <line num="446" count="0" type="stmt"/>
        <line num="447" count="0" type="cond" truecount="0" falsecount="2"/>
        <line num="450" count="0" type="cond" truecount="0" falsecount="3"/>
        <line num="452" count="0" type="stmt"/>
        <line num="458" count="0" type="stmt"/>
        <line num="464" count="0" type="stmt"/>
        <line num="471" count="0" type="stmt"/>
        <line num="481" count="0" type="cond" truecount="0" falsecount="1"/>
        <line num="482" count="0" type="stmt"/>
        <line num="486" count="0" type="stmt"/>
        <line num="488" count="0" type="stmt"/>
        <line num="491" count="0" type="stmt"/>
        <line num="494" count="0" type="stmt"/>
        <line num="502" count="0" type="stmt"/>
        <line num="503" count="0" type="stmt"/>
        <line num="504" count="0" type="stmt"/>
        <line num="506" count="0" type="stmt"/>
        <line num="507" count="0" type="cond" truecount="0" falsecount="1"/>
        <line num="508" count="0" type="stmt"/>
        <line num="511" count="0" type="cond" truecount="0" falsecount="1"/>
        <line num="512" count="0" type="stmt"/>
        <line num="516" count="0" type="stmt"/>
        <line num="517" count="0" type="stmt"/>
        <line num="519" count="0" type="stmt"/>
        <line num="522" count="0" type="stmt"/>
        <line num="523" count="0" type="stmt"/>
        <line num="527" count="0" type="cond" truecount="0" falsecount="1"/>
        <line num="528" count="0" type="stmt"/>
        <line num="533" count="0" type="stmt"/>
        <line num="534" count="0" type="stmt"/>
        <line num="536" count="0" type="stmt"/>
        <line num="539" count="0" type="stmt"/>
        <line num="540" count="0" type="cond" truecount="0" falsecount="3"/>
        <line num="541" count="0" type="stmt"/>
        <line num="542" count="0" type="stmt"/>
        <line num="546" count="0" type="cond" truecount="0" falsecount="1"/>
        <line num="547" count="0" type="stmt"/>
        <line num="548" count="0" type="cond" truecount="0" falsecount="1"/>
        <line num="549" count="0" type="stmt"/>
        <line num="553" count="0" type="cond" truecount="0" falsecount="1"/>
        <line num="554" count="0" type="stmt"/>
        <line num="555" count="0" type="stmt"/>
        <line num="567" count="0" type="stmt"/>
        <line num="570" count="0" type="stmt"/>
        <line num="571" count="0" type="stmt"/>
        <line num="574" count="0" type="stmt"/>
        <line num="576" count="0" type="stmt"/>
        <line num="579" count="0" type="stmt"/>
        <line num="586" count="0" type="stmt"/>
        <line num="588" count="0" type="stmt"/>
        <line num="591" count="0" type="stmt"/>
        <line num="612" count="0" type="stmt"/>
        <line num="620" count="0" type="stmt"/>
        <line num="621" count="0" type="stmt"/>
        <line num="622" count="0" type="stmt"/>
        <line num="625" count="0" type="stmt"/>
        <line num="626" count="0" type="stmt"/>
        <line num="628" count="0" type="stmt"/>
        <line num="632" count="0" type="stmt"/>
        <line num="633" count="0" type="stmt"/>
        <line num="634" count="0" type="cond" truecount="0" falsecount="2"/>
        <line num="635" count="0" type="stmt"/>
        <line num="643" count="0" type="stmt"/>
        <line num="644" count="0" type="stmt"/>
        <line num="646" count="0" type="stmt"/>
        <line num="649" count="0" type="stmt"/>
        <line num="650" count="0" type="stmt"/>
        <line num="651" count="0" type="stmt"/>
        <line num="652" count="0" type="stmt"/>
        <line num="653" count="0" type="stmt"/>
        <line num="655" count="0" type="stmt"/>
        <line num="661" count="0" type="stmt"/>
        <line num="664" count="0" type="stmt"/>
        <line num="669" count="0" type="stmt"/>
        <line num="670" count="0" type="stmt"/>
        <line num="671" count="0" type="cond" truecount="0" falsecount="1"/>
        <line num="672" count="0" type="stmt"/>
        <line num="674" count="0" type="stmt"/>
        <line num="678" count="0" type="stmt"/>
        <line num="694" count="0" type="stmt"/>
        <line num="696" count="0" type="stmt"/>
        <line num="698" count="0" type="stmt"/>
        <line num="699" count="0" type="stmt"/>
        <line num="700" count="0" type="stmt"/>
        <line num="703" count="0" type="cond" truecount="0" falsecount="2"/>
        <line num="705" count="0" type="cond" truecount="0" falsecount="2"/>
        <line num="708" count="0" type="cond" truecount="0" falsecount="1"/>
        <line num="709" count="0" type="cond" truecount="0" falsecount="2"/>
        <line num="710" count="0" type="cond" truecount="0" falsecount="2"/>
        <line num="712" count="0" type="cond" truecount="0" falsecount="1"/>
        <line num="713" count="0" type="stmt"/>
        <line num="714" count="0" type="stmt"/>
        <line num="718" count="0" type="stmt"/>
        <line num="732" count="0" type="cond" truecount="0" falsecount="1"/>
        <line num="733" count="0" type="stmt"/>
        <line num="734" count="0" type="stmt"/>
        <line num="739" count="0" type="cond" truecount="0" falsecount="1"/>
        <line num="740" count="0" type="stmt"/>
        <line num="750" count="0" type="cond" truecount="0" falsecount="3"/>
        <line num="751" count="0" type="cond" truecount="0" falsecount="2"/>
        <line num="752" count="0" type="stmt"/>
        <line num="754" count="0" type="stmt"/>
        <line num="755" count="0" type="stmt"/>
        <line num="757" count="0" type="stmt"/>
        <line num="762" count="0" type="stmt"/>
        <line num="763" count="0" type="stmt"/>
        <line num="769" count="0" type="cond" truecount="0" falsecount="3"/>
        <line num="770" count="0" type="stmt"/>
        <line num="773" count="0" type="stmt"/>
        <line num="774" count="0" type="stmt"/>
        <line num="776" count="0" type="stmt"/>
        <line num="793" count="0" type="cond" truecount="0" falsecount="4"/>
        <line num="794" count="0" type="stmt"/>
        <line num="811" count="0" type="stmt"/>
        <line num="813" count="0" type="stmt"/>
        <line num="822" count="0" type="cond" truecount="0" falsecount="1"/>
        <line num="823" count="0" type="cond" truecount="0" falsecount="2"/>
        <line num="824" count="0" type="stmt"/>
        <line num="825" count="0" type="cond" truecount="0" falsecount="1"/>
        <line num="826" count="0" type="cond" truecount="0" falsecount="2"/>
        <line num="827" count="0" type="stmt"/>
        <line num="842" count="0" type="cond" truecount="0" falsecount="3"/>
        <line num="843" count="0" type="cond" truecount="0" falsecount="2"/>
        <line num="845" count="0" type="cond" truecount="0" falsecount="3"/>
        <line num="846" count="0" type="stmt"/>
        <line num="862" count="0" type="stmt"/>
        <line num="863" count="0" type="stmt"/>
        <line num="866" count="0" type="stmt"/>
        <line num="867" count="0" type="stmt"/>
        <line num="869" count="0" type="stmt"/>
        <line num="886" count="0" type="stmt"/>
        <line num="889" count="0" type="stmt"/>
        <line num="890" count="0" type="stmt"/>
        <line num="891" count="0" type="stmt"/>
        <line num="892" count="0" type="stmt"/>
        <line num="894" count="0" type="stmt"/>
        <line num="902" count="0" type="stmt"/>
        <line num="903" count="0" type="stmt"/>
        <line num="921" count="0" type="cond" truecount="0" falsecount="3"/>
        <line num="922" count="0" type="stmt"/>
        <line num="938" count="0" type="cond" truecount="0" falsecount="3"/>
        <line num="939" count="0" type="stmt"/>
        <line num="945" count="0" type="stmt"/>
        <line num="957" count="0" type="cond" truecount="0" falsecount="3"/>
        <line num="958" count="0" type="stmt"/>
        <line num="977" count="0" type="cond" truecount="0" falsecount="3"/>
        <line num="978" count="0" type="stmt"/>
        <line num="979" count="0" type="stmt"/>
        <line num="981" count="0" type="cond" truecount="0" falsecount="1"/>
        <line num="982" count="0" type="stmt"/>
        <line num="988" count="0" type="stmt"/>
        <line num="989" count="0" type="stmt"/>
        <line num="990" count="0" type="stmt"/>
        <line num="991" count="0" type="cond" truecount="0" falsecount="1"/>
        <line num="992" count="0" type="stmt"/>
        <line num="996" count="0" type="stmt"/>
        <line num="1000" count="0" type="cond" truecount="0" falsecount="2"/>
        <line num="1001" count="0" type="stmt"/>
        <line num="1015" count="0" type="stmt"/>
        <line num="1017" count="0" type="stmt"/>
        <line num="1031" count="0" type="stmt"/>
        <line num="1034" count="0" type="cond" truecount="0" falsecount="3"/>
        <line num="1035" count="0" type="stmt"/>
        <line num="1038" count="0" type="cond" truecount="0" falsecount="1"/>
        <line num="1039" count="0" type="stmt"/>
        <line num="1053" count="0" type="stmt"/>
        <line num="1054" count="0" type="stmt"/>
        <line num="1057" count="0" type="stmt"/>
        <line num="1059" count="0" type="stmt"/>
        <line num="1060" count="0" type="cond" truecount="0" falsecount="3"/>
        <line num="1062" count="0" type="cond" truecount="0" falsecount="5"/>
        <line num="1066" count="0" type="stmt"/>
        <line num="1067" count="0" type="stmt"/>
        <line num="1069" count="0" type="stmt"/>
        <line num="1070" count="0" type="stmt"/>
        <line num="1072" count="0" type="stmt"/>
        <line num="1073" count="0" type="stmt"/>
        <line num="1078" count="0" type="stmt"/>
        <line num="1085" count="0" type="stmt"/>
      </file>
    </package>
    <package name="src.config">
      <metrics statements="24" coveredstatements="3" conditionals="5" coveredconditionals="0" methods="2" coveredmethods="0"/>
      <file name="env.ts" path="/Users/cryophobic/dev/projects/tally-mcp/src/config/env.ts">
        <metrics statements="3" coveredstatements="3" conditionals="0" coveredconditionals="0" methods="0" coveredmethods="0"/>
        <line num="1" count="12" type="stmt"/>
        <line num="7" count="12" type="stmt"/>
        <line num="32" count="12" type="stmt"/>
      </file>
      <file name="wrangler-config.ts" path="/Users/cryophobic/dev/projects/tally-mcp/src/config/wrangler-config.ts">
        <metrics statements="21" coveredstatements="0" conditionals="5" coveredconditionals="0" methods="2" coveredmethods="0"/>
        <line num="1" count="0" type="stmt"/>
        <line num="2" count="0" type="stmt"/>
        <line num="3" count="0" type="stmt"/>
        <line num="4" count="0" type="stmt"/>
        <line num="7" count="0" type="stmt"/>
        <line num="13" count="0" type="stmt"/>
        <line num="32" count="0" type="cond" truecount="0" falsecount="1"/>
        <line num="35" count="0" type="stmt"/>
        <line num="36" count="0" type="stmt"/>
        <line num="38" count="0" type="stmt"/>
        <line num="42" count="0" type="stmt"/>
        <line num="43" count="0" type="stmt"/>
        <line num="45" count="0" type="stmt"/>
        <line num="48" count="0" type="stmt"/>
        <line num="50" count="0" type="cond" truecount="0" falsecount="1"/>
        <line num="51" count="0" type="stmt"/>
        <line num="55" count="0" type="stmt"/>
        <line num="56" count="0" type="cond" truecount="0" falsecount="2"/>
        <line num="59" count="0" type="cond" truecount="0" falsecount="1"/>
        <line num="60" count="0" type="stmt"/>
        <line num="63" count="0" type="stmt"/>
      </file>
    </package>
    <package name="src.middleware">
      <metrics statements="468" coveredstatements="195" conditionals="226" coveredconditionals="94" methods="105" coveredmethods="44"/>
      <file name="api-key-auth.ts" path="/Users/cryophobic/dev/projects/tally-mcp/src/middleware/api-key-auth.ts">
        <metrics statements="99" coveredstatements="0" conditionals="53" coveredconditionals="0" methods="15" coveredmethods="0"/>
        <line num="2" count="0" type="stmt"/>
        <line num="3" count="0" type="stmt"/>
        <line num="4" count="0" type="stmt"/>
        <line num="61" count="0" type="stmt"/>
        <line num="82" count="0" type="stmt"/>
        <line num="85" count="0" type="cond" truecount="0" falsecount="1"/>
        <line num="86" count="0" type="stmt"/>
        <line num="87" count="0" type="cond" truecount="0" falsecount="4"/>
        <line num="88" count="0" type="stmt"/>
        <line num="89" count="0" type="cond" truecount="0" falsecount="3"/>
        <line num="90" count="0" type="stmt"/>
        <line num="95" count="0" type="cond" truecount="0" falsecount="3"/>
        <line num="96" count="0" type="cond" truecount="0" falsecount="2"/>
        <line num="99" count="0" type="cond" truecount="0" falsecount="2"/>
        <line num="106" count="0" type="stmt"/>
        <line num="107" count="0" type="stmt"/>
        <line num="108" count="0" type="stmt"/>
        <line num="111" count="0" type="cond" truecount="0" falsecount="1"/>
        <line num="112" count="0" type="cond" truecount="0" falsecount="2"/>
        <line num="115" count="0" type="cond" truecount="0" falsecount="1"/>
        <line num="116" count="0" type="stmt"/>
        <line num="119" count="0" type="cond" truecount="0" falsecount="1"/>
        <line num="120" count="0" type="stmt"/>
        <line num="123" count="0" type="cond" truecount="0" falsecount="3"/>
        <line num="129" count="0" type="cond" truecount="0" falsecount="1"/>
        <line num="130" count="0" type="stmt"/>
        <line num="132" count="0" type="stmt"/>
        <line num="133" count="0" type="stmt"/>
        <line num="135" count="0" type="stmt"/>
        <line num="137" count="0" type="stmt"/>
        <line num="140" count="0" type="cond" truecount="0" falsecount="1"/>
        <line num="141" count="0" type="cond" truecount="0" falsecount="1"/>
        <line num="142" count="0" type="stmt"/>
        <line num="145" count="0" type="cond" truecount="0" falsecount="1"/>
        <line num="146" count="0" type="stmt"/>
        <line num="149" count="0" type="stmt"/>
        <line num="154" count="0" type="stmt"/>
        <line num="158" count="0" type="stmt"/>
        <line num="166" count="0" type="cond" truecount="0" falsecount="1"/>
        <line num="167" count="0" type="stmt"/>
        <line num="169" count="0" type="cond" truecount="0" falsecount="1"/>
        <line num="170" count="0" type="stmt"/>
        <line num="173" count="0" type="stmt"/>
        <line num="174" count="0" type="stmt"/>
        <line num="175" count="0" type="stmt"/>
        <line num="178" count="0" type="cond" truecount="0" falsecount="2"/>
        <line num="179" count="0" type="stmt"/>
        <line num="180" count="0" type="stmt"/>
        <line num="181" count="0" type="stmt"/>
        <line num="182" count="0" type="cond" truecount="0" falsecount="2"/>
        <line num="183" count="0" type="stmt"/>
        <line num="184" count="0" type="stmt"/>
        <line num="185" count="0" type="stmt"/>
        <line num="186" count="0" type="cond" truecount="0" falsecount="2"/>
        <line num="187" count="0" type="stmt"/>
        <line num="188" count="0" type="stmt"/>
        <line num="189" count="0" type="stmt"/>
        <line num="190" count="0" type="cond" truecount="0" falsecount="1"/>
        <line num="191" count="0" type="stmt"/>
        <line num="192" count="0" type="stmt"/>
        <line num="193" count="0" type="stmt"/>
        <line num="196" count="0" type="stmt"/>
        <line num="203" count="0" type="stmt"/>
        <line num="207" count="0" type="cond" truecount="0" falsecount="3"/>
        <line num="208" count="0" type="stmt"/>
        <line num="210" count="0" type="cond" truecount="0" falsecount="1"/>
        <line num="211" count="0" type="cond" truecount="0" falsecount="1"/>
        <line num="212" count="0" type="stmt"/>
        <line num="215" count="0" type="stmt"/>
        <line num="222" count="0" type="stmt"/>
        <line num="227" count="0" type="cond" truecount="0" falsecount="1"/>
        <line num="228" count="0" type="stmt"/>
        <line num="235" count="0" type="cond" truecount="0" falsecount="1"/>
        <line num="236" count="0" type="stmt"/>
        <line num="239" count="0" type="cond" truecount="0" falsecount="1"/>
        <line num="240" count="0" type="stmt"/>
        <line num="243" count="0" type="stmt"/>
        <line num="247" count="0" type="cond" truecount="0" falsecount="2"/>
        <line num="248" count="0" type="cond" truecount="0" falsecount="2"/>
        <line num="250" count="0" type="cond" truecount="0" falsecount="1"/>
        <line num="251" count="0" type="stmt"/>
        <line num="252" count="0" type="stmt"/>
        <line num="255" count="0" type="stmt"/>
        <line num="258" count="0" type="stmt"/>
        <line num="260" count="0" type="stmt"/>
        <line num="265" count="0" type="stmt"/>
        <line num="273" count="0" type="stmt"/>
        <line num="278" count="0" type="stmt"/>
        <line num="285" count="0" type="stmt"/>
        <line num="292" count="0" type="stmt"/>
        <line num="299" count="0" type="stmt"/>
        <line num="306" count="0" type="stmt"/>
        <line num="313" count="0" type="stmt"/>
        <line num="320" count="0" type="stmt"/>
        <line num="327" count="0" type="stmt"/>
        <line num="332" count="0" type="stmt"/>
        <line num="333" count="0" type="stmt"/>
        <line num="339" count="0" type="stmt"/>
        <line num="340" count="0" type="stmt"/>
      </file>
      <file name="error-handler.ts" path="/Users/cryophobic/dev/projects/tally-mcp/src/middleware/error-handler.ts">
        <metrics statements="60" coveredstatements="0" conditionals="37" coveredconditionals="0" methods="11" coveredmethods="0"/>
        <line num="9" count="0" type="stmt"/>
        <line num="29" count="0" type="stmt"/>
        <line num="35" count="0" type="cond" truecount="0" falsecount="2"/>
        <line num="36" count="0" type="stmt"/>
        <line num="39" count="0" type="stmt"/>
        <line num="40" count="0" type="stmt"/>
        <line num="41" count="0" type="stmt"/>
        <line num="44" count="0" type="cond" truecount="0" falsecount="2"/>
        <line num="45" count="0" type="stmt"/>
        <line num="46" count="0" type="stmt"/>
        <line num="47" count="0" type="stmt"/>
        <line num="50" count="0" type="stmt"/>
        <line num="54" count="0" type="stmt"/>
        <line num="65" count="0" type="cond" truecount="0" falsecount="1"/>
        <line num="66" count="0" type="stmt"/>
        <line num="73" count="0" type="stmt"/>
        <line num="74" count="0" type="stmt"/>
        <line num="77" count="0" type="stmt"/>
        <line num="86" count="0" type="stmt"/>
        <line num="89" count="0" type="stmt"/>
        <line num="90" count="0" type="stmt"/>
        <line num="98" count="0" type="stmt"/>
        <line num="99" count="0" type="stmt"/>
        <line num="100" count="0" type="stmt"/>
        <line num="106" count="0" type="stmt"/>
        <line num="107" count="0" type="stmt"/>
        <line num="108" count="0" type="stmt"/>
        <line num="110" count="0" type="cond" truecount="0" falsecount="2"/>
        <line num="111" count="0" type="cond" truecount="0" falsecount="2"/>
        <line num="113" count="0" type="stmt"/>
        <line num="120" count="0" type="stmt"/>
        <line num="121" count="0" type="stmt"/>
        <line num="123" count="0" type="cond" truecount="0" falsecount="2"/>
        <line num="124" count="0" type="stmt"/>
        <line num="126" count="0" type="stmt"/>
        <line num="130" count="0" type="stmt"/>
        <line num="138" count="0" type="cond" truecount="0" falsecount="5"/>
        <line num="149" count="0" type="stmt"/>
        <line num="152" count="0" type="cond" truecount="0" falsecount="4"/>
        <line num="153" count="0" type="stmt"/>
        <line num="161" count="0" type="cond" truecount="0" falsecount="4"/>
        <line num="162" count="0" type="stmt"/>
        <line num="170" count="0" type="cond" truecount="0" falsecount="3"/>
        <line num="171" count="0" type="stmt"/>
        <line num="179" count="0" type="cond" truecount="0" falsecount="3"/>
        <line num="180" count="0" type="stmt"/>
        <line num="188" count="0" type="cond" truecount="0" falsecount="3"/>
        <line num="189" count="0" type="stmt"/>
        <line num="197" count="0" type="cond" truecount="0" falsecount="1"/>
        <line num="198" count="0" type="stmt"/>
        <line num="206" count="0" type="stmt"/>
        <line num="217" count="0" type="stmt"/>
        <line num="218" count="0" type="stmt"/>
        <line num="219" count="0" type="stmt"/>
        <line num="220" count="0" type="stmt"/>
        <line num="221" count="0" type="stmt"/>
        <line num="222" count="0" type="cond" truecount="0" falsecount="1"/>
        <line num="223" count="0" type="stmt"/>
        <line num="225" count="0" type="stmt"/>
        <line num="227" count="0" type="stmt"/>
      </file>
      <file name="index.ts" path="/Users/cryophobic/dev/projects/tally-mcp/src/middleware/index.ts">
        <metrics statements="14" coveredstatements="0" conditionals="0" coveredconditionals="0" methods="9" coveredmethods="0"/>
        <line num="13" count="0" type="stmt"/>
        <line num="14" count="0" type="stmt"/>
        <line num="15" count="0" type="stmt"/>
        <line num="16" count="0" type="stmt"/>
        <line num="21" count="0" type="stmt"/>
        <line num="22" count="0" type="stmt"/>
        <line num="23" count="0" type="stmt"/>
        <line num="24" count="0" type="stmt"/>
        <line num="25" count="0" type="stmt"/>
        <line num="26" count="0" type="stmt"/>
        <line num="27" count="0" type="stmt"/>
        <line num="32" count="0" type="stmt"/>
        <line num="35" count="0" type="stmt"/>
        <line num="38" count="0" type="stmt"/>
      </file>
      <file name="rateLimiter.example.ts" path="/Users/cryophobic/dev/projects/tally-mcp/src/middleware/rateLimiter.example.ts">
        <metrics statements="25" coveredstatements="0" conditionals="0" coveredconditionals="0" methods="7" coveredmethods="0"/>
        <line num="1" count="0" type="stmt"/>
        <line num="2" count="0" type="stmt"/>
        <line num="12" count="0" type="stmt"/>
        <line num="17" count="0" type="stmt"/>
        <line num="20" count="0" type="stmt"/>
        <line num="23" count="0" type="stmt"/>
        <line num="26" count="0" type="stmt"/>
        <line num="29" count="0" type="stmt"/>
        <line num="30" count="0" type="stmt"/>
        <line num="33" count="0" type="stmt"/>
        <line num="34" count="0" type="stmt"/>
        <line num="37" count="0" type="stmt"/>
        <line num="38" count="0" type="stmt"/>
        <line num="42" count="0" type="stmt"/>
        <line num="44" count="0" type="stmt"/>
        <line num="48" count="0" type="stmt"/>
        <line num="49" count="0" type="stmt"/>
        <line num="50" count="0" type="stmt"/>
        <line num="54" count="0" type="stmt"/>
        <line num="55" count="0" type="stmt"/>
        <line num="59" count="0" type="stmt"/>
        <line num="62" count="0" type="stmt"/>
        <line num="63" count="0" type="stmt"/>
        <line num="64" count="0" type="stmt"/>
        <line num="70" count="0" type="stmt"/>
      </file>
      <file name="rateLimiter.ts" path="/Users/cryophobic/dev/projects/tally-mcp/src/middleware/rateLimiter.ts">
        <metrics statements="61" coveredstatements="52" conditionals="20" coveredconditionals="12" methods="15" coveredmethods="13"/>
        <line num="1" count="1" type="stmt"/>
        <line num="3" count="1" type="stmt"/>
        <line num="6" count="1" type="stmt"/>
        <line num="9" count="1" type="stmt"/>
        <line num="10" count="0" type="stmt"/>
        <line num="11" count="0" type="stmt"/>
        <line num="15" count="0" type="stmt"/>
        <line num="16" count="0" type="stmt"/>
        <line num="20" count="0" type="stmt"/>
        <line num="21" count="0" type="stmt"/>
        <line num="23" count="0" type="stmt"/>
        <line num="24" count="0" type="stmt"/>
        <line num="33" count="1" type="stmt"/>
        <line num="72" count="1" type="cond" truecount="1" falsecount="0"/>
        <line num="73" count="8" type="stmt"/>
        <line num="75" count="15" type="stmt"/>
        <line num="80" count="18" type="cond" truecount="2" falsecount="0"/>
        <line num="84" count="8" type="stmt"/>
        <line num="88" count="1" type="stmt"/>
        <line num="89" count="1" type="stmt"/>
        <line num="90" count="1" type="stmt"/>
        <line num="100" count="1" type="stmt"/>
        <line num="101" count="1" type="stmt"/>
        <line num="102" count="1" type="stmt"/>
        <line num="103" count="1" type="stmt"/>
        <line num="107" count="16" type="stmt"/>
        <line num="108" count="16" type="stmt"/>
        <line num="109" count="16" type="stmt"/>
        <line num="111" count="16" type="cond" truecount="1" falsecount="0"/>
        <line num="112" count="3" type="stmt"/>
        <line num="113" count="3" type="stmt"/>
        <line num="118" count="6" type="stmt"/>
        <line num="119" count="6" type="stmt"/>
        <line num="123" count="3" type="stmt"/>
        <line num="124" count="3" type="cond" truecount="1" falsecount="0"/>
        <line num="125" count="3" type="stmt"/>
        <line num="126" count="3" type="stmt"/>
        <line num="128" count="0" type="stmt"/>
        <line num="132" count="6" type="stmt"/>
        <line num="133" count="6" type="stmt"/>
        <line num="137" count="7" type="cond" truecount="1" falsecount="0"/>
        <line num="138" count="3" type="stmt"/>
        <line num="143" count="1" type="stmt"/>
        <line num="146" count="1" type="stmt"/>
        <line num="147" count="5" type="cond" truecount="1" falsecount="0"/>
        <line num="148" count="2" type="stmt"/>
        <line num="149" count="2" type="stmt"/>
        <line num="155" count="2" type="stmt"/>
        <line num="159" count="3" type="stmt"/>
        <line num="162" count="3" type="stmt"/>
        <line num="168" count="3" type="stmt"/>
        <line num="172" count="1" type="cond" truecount="0" falsecount="1"/>
        <line num="173" count="2" type="stmt"/>
        <line num="175" count="2" type="stmt"/>
        <line num="179" count="1" type="stmt"/>
        <line num="180" count="2" type="cond" truecount="3" falsecount="0"/>
        <line num="181" count="1" type="stmt"/>
        <line num="189" count="1" type="stmt"/>
        <line num="192" count="1" type="stmt"/>
        <line num="196" count="1" type="stmt"/>
        <line num="197" count="1" type="stmt"/>
      </file>
      <file name="sanitization.ts" path="/Users/cryophobic/dev/projects/tally-mcp/src/middleware/sanitization.ts">
        <metrics statements="37" coveredstatements="0" conditionals="15" coveredconditionals="0" methods="11" coveredmethods="0"/>
        <line num="2" count="0" type="stmt"/>
        <line num="23" count="0" type="stmt"/>
        <line num="37" count="0" type="stmt"/>
        <line num="40" count="0" type="stmt"/>
        <line num="42" count="0" type="stmt"/>
        <line num="43" count="0" type="stmt"/>
        <line num="45" count="0" type="stmt"/>
        <line num="46" count="0" type="cond" truecount="0" falsecount="1"/>
        <line num="47" count="0" type="stmt"/>
        <line num="51" count="0" type="cond" truecount="0" falsecount="3"/>
        <line num="52" count="0" type="stmt"/>
        <line num="56" count="0" type="cond" truecount="0" falsecount="3"/>
        <line num="57" count="0" type="stmt"/>
        <line num="61" count="0" type="cond" truecount="0" falsecount="3"/>
        <line num="62" count="0" type="stmt"/>
        <line num="65" count="0" type="stmt"/>
        <line num="68" count="0" type="stmt"/>
        <line num="85" count="0" type="stmt"/>
        <line num="88" count="0" type="stmt"/>
        <line num="89" count="0" type="cond" truecount="0" falsecount="1"/>
        <line num="90" count="0" type="stmt"/>
        <line num="94" count="0" type="stmt"/>
        <line num="100" count="0" type="stmt"/>
        <line num="138" count="0" type="cond" truecount="0" falsecount="1"/>
        <line num="139" count="0" type="stmt"/>
        <line num="141" count="0" type="stmt"/>
        <line num="145" count="0" type="cond" truecount="0" falsecount="1"/>
        <line num="146" count="0" type="stmt"/>
        <line num="148" count="0" type="stmt"/>
        <line num="152" count="0" type="cond" truecount="0" falsecount="1"/>
        <line num="153" count="0" type="stmt"/>
        <line num="155" count="0" type="stmt"/>
        <line num="164" count="0" type="stmt"/>
        <line num="169" count="0" type="stmt"/>
        <line num="176" count="0" type="stmt"/>
        <line num="183" count="0" type="stmt"/>
        <line num="194" count="0" type="stmt"/>
      </file>
      <file name="security.ts" path="/Users/cryophobic/dev/projects/tally-mcp/src/middleware/security.ts">
        <metrics statements="74" coveredstatements="57" conditionals="46" coveredconditionals="33" methods="11" coveredmethods="11"/>
        <line num="2" count="1" type="stmt"/>
        <line num="3" count="1" type="stmt"/>
        <line num="4" count="1" type="stmt"/>
        <line num="7" count="1" type="stmt"/>
        <line num="22" count="6" type="cond" truecount="1" falsecount="0"/>
        <line num="23" count="4" type="stmt"/>
        <line num="26" count="2" type="cond" truecount="2" falsecount="1"/>
        <line num="27" count="0" type="stmt"/>
        <line num="31" count="4" type="stmt"/>
        <line num="38" count="15" type="stmt"/>
        <line num="47" count="15" type="stmt"/>
        <line num="53" count="1" type="stmt"/>
        <line num="54" count="2" type="stmt"/>
        <line num="56" count="2" type="cond" truecount="0" falsecount="1"/>
        <line num="57" count="0" type="stmt"/>
        <line num="60" count="2" type="stmt"/>
        <line num="74" count="2" type="stmt"/>
        <line num="76" count="2" type="stmt"/>
        <line num="82" count="1" type="stmt"/>
        <line num="83" count="6" type="stmt"/>
        <line num="84" count="6" type="stmt"/>
        <line num="86" count="6" type="stmt"/>
        <line num="112" count="1" type="stmt"/>
        <line num="113" count="7" type="stmt"/>
        <line num="115" count="7" type="stmt"/>
        <line num="190" count="1" type="stmt"/>
        <line num="192" count="5" type="stmt"/>
        <line num="193" count="5" type="cond" truecount="2" falsecount="0"/>
        <line num="196" count="5" type="cond" truecount="3" falsecount="0"/>
        <line num="197" count="1" type="stmt"/>
        <line num="198" count="1" type="stmt"/>
        <line num="199" count="1" type="stmt"/>
        <line num="203" count="5" type="cond" truecount="3" falsecount="0"/>
        <line num="205" count="1" type="stmt"/>
        <line num="206" count="1" type="stmt"/>
        <line num="207" count="1" type="stmt"/>
        <line num="210" count="4" type="stmt"/>
        <line num="217" count="5" type="stmt"/>
        <line num="223" count="1" type="stmt"/>
        <line num="224" count="6" type="stmt"/>
        <line num="225" count="6" type="stmt"/>
        <line num="228" count="6" type="cond" truecount="4" falsecount="1"/>
        <line num="229" count="0" type="stmt"/>
        <line num="230" count="0" type="stmt"/>
        <line num="235" count="0" type="stmt"/>
        <line num="239" count="6" type="cond" truecount="4" falsecount="1"/>
        <line num="240" count="0" type="stmt"/>
        <line num="241" count="0" type="stmt"/>
        <line num="246" count="0" type="stmt"/>
        <line num="250" count="6" type="stmt"/>
        <line num="251" count="6" type="cond" truecount="1" falsecount="0"/>
        <line num="252" count="2" type="stmt"/>
        <line num="253" count="2" type="stmt"/>
        <line num="258" count="2" type="stmt"/>
        <line num="262" count="4" type="stmt"/>
        <line num="263" count="4" type="cond" truecount="2" falsecount="0"/>
        <line num="264" count="3" type="stmt"/>
        <line num="265" count="1" type="cond" truecount="1" falsecount="0"/>
        <line num="266" count="1" type="stmt"/>
        <line num="270" count="4" type="stmt"/>
        <line num="271" count="4" type="cond" truecount="0" falsecount="1"/>
        <line num="272" count="0" type="stmt"/>
        <line num="273" count="0" type="cond" truecount="0" falsecount="3"/>
        <line num="274" count="0" type="stmt"/>
        <line num="275" count="0" type="stmt"/>
        <line num="280" count="0" type="stmt"/>
        <line num="282" count="0" type="cond" truecount="0" falsecount="1"/>
        <line num="283" count="0" type="stmt"/>
        <line num="284" count="0" type="stmt"/>
        <line num="289" count="0" type="stmt"/>
        <line num="293" count="4" type="stmt"/>
        <line num="299" count="1" type="stmt"/>
        <line num="300" count="1" type="stmt"/>
        <line num="309" count="1" type="stmt"/>
      </file>
      <file name="validation.ts" path="/Users/cryophobic/dev/projects/tally-mcp/src/middleware/validation.ts">
        <metrics statements="98" coveredstatements="86" conditionals="55" coveredconditionals="49" methods="26" coveredmethods="20"/>
        <line num="2" count="1" type="stmt"/>
        <line num="3" count="1" type="stmt"/>
        <line num="51" count="1" type="stmt"/>
        <line num="62" count="4" type="stmt"/>
        <line num="70" count="0" type="stmt"/>
        <line num="78" count="0" type="stmt"/>
        <line num="86" count="0" type="stmt"/>
        <line num="98" count="2" type="cond" truecount="3" falsecount="0"/>
        <line num="99" count="2" type="stmt"/>
        <line num="101" count="0" type="stmt"/>
        <line num="110" count="3" type="stmt"/>
        <line num="119" count="0" type="stmt"/>
        <line num="127" count="0" type="stmt"/>
        <line num="135" count="0" type="stmt"/>
        <line num="143" count="5" type="stmt"/>
        <line num="146" count="5" type="stmt"/>
        <line num="157" count="1" type="stmt"/>
        <line num="158" count="21" type="stmt"/>
        <line num="159" count="16" type="stmt"/>
        <line num="161" count="16" type="stmt"/>
        <line num="163" count="16" type="cond" truecount="1" falsecount="0"/>
        <line num="164" count="9" type="cond" truecount="1" falsecount="1"/>
        <line num="165" count="9" type="cond" truecount="2" falsecount="0"/>
        <line num="166" count="2" type="stmt"/>
        <line num="168" count="7" type="stmt"/>
        <line num="173" count="16" type="cond" truecount="1" falsecount="0"/>
        <line num="174" count="4" type="cond" truecount="1" falsecount="1"/>
        <line num="175" count="4" type="cond" truecount="2" falsecount="0"/>
        <line num="176" count="1" type="stmt"/>
        <line num="178" count="3" type="stmt"/>
        <line num="183" count="16" type="cond" truecount="1" falsecount="0"/>
        <line num="184" count="2" type="cond" truecount="1" falsecount="1"/>
        <line num="185" count="2" type="cond" truecount="1" falsecount="1"/>
        <line num="186" count="0" type="stmt"/>
        <line num="188" count="2" type="stmt"/>
        <line num="193" count="16" type="cond" truecount="1" falsecount="0"/>
        <line num="194" count="1" type="cond" truecount="1" falsecount="1"/>
        <line num="195" count="1" type="cond" truecount="0" falsecount="1"/>
        <line num="196" count="0" type="stmt"/>
        <line num="201" count="16" type="cond" truecount="1" falsecount="0"/>
        <line num="202" count="7" type="stmt"/>
        <line num="203" count="7" type="stmt"/>
        <line num="207" count="16" type="cond" truecount="1" falsecount="0"/>
        <line num="208" count="7" type="stmt"/>
        <line num="213" count="7" type="stmt"/>
        <line num="216" count="9" type="stmt"/>
        <line num="218" count="0" type="stmt"/>
        <line num="222" count="0" type="stmt"/>
        <line num="236" count="18" type="stmt"/>
        <line num="237" count="18" type="stmt"/>
        <line num="240" count="18" type="cond" truecount="3" falsecount="0"/>
        <line num="241" count="1" type="stmt"/>
        <line num="245" count="18" type="cond" truecount="3" falsecount="0"/>
        <line num="246" count="1" type="stmt"/>
        <line num="249" count="18" type="stmt"/>
        <line num="251" count="14" type="stmt"/>
        <line num="256" count="4" type="cond" truecount="1" falsecount="0"/>
        <line num="257" count="5" type="stmt"/>
        <line num="261" count="5" type="stmt"/>
        <line num="264" count="4" type="stmt"/>
        <line num="270" count="0" type="stmt"/>
        <line num="285" count="7" type="stmt"/>
        <line num="288" count="7" type="stmt"/>
        <line num="289" count="30" type="cond" truecount="2" falsecount="0"/>
        <line num="290" count="7" type="cond" truecount="1" falsecount="0"/>
        <line num="291" count="1" type="stmt"/>
        <line num="299" count="7" type="cond" truecount="1" falsecount="0"/>
        <line num="300" count="3" type="stmt"/>
        <line num="307" count="23" type="cond" truecount="3" falsecount="0"/>
        <line num="308" count="23" type="stmt"/>
        <line num="309" count="9" type="stmt"/>
        <line num="315" count="7" type="cond" truecount="1" falsecount="0"/>
        <line num="316" count="7" type="cond" truecount="1" falsecount="0"/>
        <line num="317" count="7" type="cond" truecount="1" falsecount="0"/>
        <line num="320" count="7" type="cond" truecount="1" falsecount="0"/>
        <line num="321" count="22" type="cond" truecount="4" falsecount="0"/>
        <line num="322" count="1" type="stmt"/>
        <line num="328" count="21" type="cond" truecount="3" falsecount="0"/>
        <line num="329" count="16" type="stmt"/>
        <line num="330" count="8" type="stmt"/>
        <line num="335" count="7" type="cond" truecount="1" falsecount="0"/>
        <line num="336" count="7" type="cond" truecount="1" falsecount="0"/>
        <line num="338" count="7" type="stmt"/>
        <line num="344" count="1" type="stmt"/>
        <line num="408" count="1" type="stmt"/>
        <line num="413" count="2" type="stmt"/>
        <line num="415" count="2" type="cond" truecount="1" falsecount="0"/>
        <line num="416" count="1" type="stmt"/>
        <line num="419" count="1" type="stmt"/>
        <line num="425" count="1" type="stmt"/>
        <line num="426" count="1" type="stmt"/>
        <line num="427" count="3" type="stmt"/>
        <line num="428" count="3" type="stmt"/>
        <line num="429" count="1" type="stmt"/>
        <line num="431" count="2" type="stmt"/>
        <line num="439" count="1" type="stmt"/>
        <line num="440" count="1" type="stmt"/>
        <line num="443" count="2" type="stmt"/>
      </file>
    </package>
    <package name="src.models">
      <metrics statements="610" coveredstatements="393" conditionals="185" coveredconditionals="54" methods="130" coveredmethods="36"/>
      <file name="api-key.ts" path="/Users/cryophobic/dev/projects/tally-mcp/src/models/api-key.ts">
        <metrics statements="22" coveredstatements="22" conditionals="4" coveredconditionals="4" methods="2" coveredmethods="2"/>
        <line num="1" count="37" type="stmt"/>
        <line num="6" count="37" type="cond" truecount="2" falsecount="0"/>
        <line num="7" count="37" type="stmt"/>
        <line num="8" count="37" type="stmt"/>
        <line num="9" count="37" type="stmt"/>
        <line num="10" count="37" type="stmt"/>
        <line num="16" count="37" type="cond" truecount="2" falsecount="0"/>
        <line num="17" count="37" type="stmt"/>
        <line num="18" count="37" type="stmt"/>
        <line num="19" count="37" type="stmt"/>
        <line num="20" count="37" type="stmt"/>
        <line num="21" count="37" type="stmt"/>
        <line num="22" count="37" type="stmt"/>
        <line num="23" count="37" type="stmt"/>
        <line num="24" count="37" type="stmt"/>
        <line num="25" count="37" type="stmt"/>
        <line num="31" count="37" type="stmt"/>
        <line num="44" count="37" type="stmt"/>
        <line num="58" count="37" type="stmt"/>
        <line num="112" count="37" type="stmt"/>
        <line num="139" count="37" type="stmt"/>
        <line num="178" count="37" type="stmt"/>
      </file>
      <file name="errors.ts" path="/Users/cryophobic/dev/projects/tally-mcp/src/models/errors.ts">
        <metrics statements="80" coveredstatements="35" conditionals="56" coveredconditionals="16" methods="20" coveredmethods="7"/>
        <line num="11" count="36" type="stmt"/>
        <line num="28" count="9" type="stmt"/>
        <line num="29" count="9" type="stmt"/>
        <line num="30" count="9" type="cond" truecount="1" falsecount="0"/>
        <line num="31" count="9" type="cond" truecount="0" falsecount="1"/>
        <line num="32" count="9" type="cond" truecount="0" falsecount="1"/>
        <line num="33" count="9" type="stmt"/>
        <line num="34" count="9" type="stmt"/>
        <line num="35" count="9" type="cond" truecount="1" falsecount="1"/>
        <line num="36" count="9" type="cond" truecount="0" falsecount="1"/>
        <line num="37" count="9" type="cond" truecount="1" falsecount="0"/>
        <line num="44" count="0" type="stmt"/>
        <line num="51" count="0" type="stmt"/>
        <line num="68" count="36" type="stmt"/>
        <line num="76" count="4" type="stmt"/>
        <line num="80" count="0" type="cond" truecount="0" falsecount="1"/>
        <line num="81" count="0" type="stmt"/>
        <line num="83" count="0" type="cond" truecount="0" falsecount="1"/>
        <line num="84" count="0" type="stmt"/>
        <line num="86" count="0" type="stmt"/>
        <line num="94" count="36" type="stmt"/>
        <line num="109" count="1" type="stmt"/>
        <line num="110" count="1" type="cond" truecount="0" falsecount="1"/>
        <line num="114" count="0" type="cond" truecount="0" falsecount="3"/>
        <line num="115" count="0" type="stmt"/>
        <line num="116" count="0" type="stmt"/>
        <line num="117" count="0" type="stmt"/>
        <line num="120" count="0" type="cond" truecount="0" falsecount="1"/>
        <line num="121" count="0" type="stmt"/>
        <line num="124" count="0" type="stmt"/>
        <line num="132" count="36" type="stmt"/>
        <line num="140" count="2" type="stmt"/>
        <line num="144" count="0" type="stmt"/>
        <line num="152" count="36" type="stmt"/>
        <line num="165" count="1" type="stmt"/>
        <line num="168" count="1" type="cond" truecount="0" falsecount="1"/>
        <line num="169" count="0" type="cond" truecount="0" falsecount="1"/>
        <line num="170" count="0" type="stmt"/>
        <line num="171" count="0" type="cond" truecount="0" falsecount="1"/>
        <line num="173" count="0" type="cond" truecount="0" falsecount="1"/>
        <line num="174" count="0" type="stmt"/>
        <line num="175" count="0" type="cond" truecount="0" falsecount="1"/>
        <line num="177" count="0" type="cond" truecount="0" falsecount="1"/>
        <line num="178" count="0" type="stmt"/>
        <line num="179" count="0" type="cond" truecount="0" falsecount="1"/>
        <line num="181" count="0" type="cond" truecount="0" falsecount="1"/>
        <line num="182" count="0" type="stmt"/>
        <line num="183" count="0" type="cond" truecount="0" falsecount="1"/>
        <line num="189" count="0" type="cond" truecount="0" falsecount="1"/>
        <line num="190" count="0" type="stmt"/>
        <line num="192" count="0" type="cond" truecount="0" falsecount="1"/>
        <line num="193" count="0" type="stmt"/>
        <line num="195" count="0" type="stmt"/>
        <line num="203" count="36" type="stmt"/>
        <line num="212" count="1" type="stmt"/>
        <line num="216" count="0" type="cond" truecount="0" falsecount="1"/>
        <line num="217" count="0" type="stmt"/>
        <line num="219" count="0" type="cond" truecount="0" falsecount="1"/>
        <line num="220" count="0" type="stmt"/>
        <line num="222" count="0" type="cond" truecount="0" falsecount="1"/>
        <line num="223" count="0" type="stmt"/>
        <line num="225" count="0" type="stmt"/>
        <line num="233" count="36" type="stmt"/>
        <line num="238" count="0" type="stmt"/>
        <line num="242" count="0" type="stmt"/>
        <line num="250" count="36" type="stmt"/>
        <line num="255" count="0" type="stmt"/>
        <line num="259" count="0" type="stmt"/>
        <line num="266" count="36" type="stmt"/>
        <line num="273" count="7" type="cond" truecount="4" falsecount="0"/>
        <line num="275" count="7" type="cond" truecount="5" falsecount="1"/>
        <line num="277" count="0" type="stmt"/>
        <line num="288" count="2" type="stmt"/>
        <line num="291" count="2" type="stmt"/>
        <line num="294" count="1" type="stmt"/>
        <line num="297" count="2" type="cond" truecount="1" falsecount="0"/>
        <line num="298" count="1" type="stmt"/>
        <line num="302" count="1" type="cond" truecount="3" falsecount="0"/>
        <line num="303" count="1" type="stmt"/>
        <line num="307" count="0" type="stmt"/>
      </file>
      <file name="form-config-schemas.ts" path="/Users/cryophobic/dev/projects/tally-mcp/src/models/form-config-schemas.ts">
        <metrics statements="96" coveredstatements="75" conditionals="4" coveredconditionals="0" methods="12" coveredmethods="0"/>
        <line num="1" count="36" type="stmt"/>
        <line num="2" count="36" type="stmt"/>
        <line num="8" count="36" type="stmt"/>
        <line num="9" count="36" type="stmt"/>
        <line num="10" count="36" type="stmt"/>
        <line num="11" count="36" type="stmt"/>
        <line num="12" count="36" type="stmt"/>
        <line num="13" count="36" type="stmt"/>
        <line num="14" count="36" type="stmt"/>
        <line num="15" count="36" type="stmt"/>
        <line num="16" count="36" type="stmt"/>
        <line num="17" count="36" type="stmt"/>
        <line num="18" count="36" type="stmt"/>
        <line num="19" count="36" type="stmt"/>
        <line num="25" count="36" type="stmt"/>
        <line num="34" count="36" type="stmt"/>
        <line num="45" count="36" type="stmt"/>
        <line num="57" count="36" type="stmt"/>
        <line num="74" count="36" type="stmt"/>
        <line num="84" count="36" type="stmt"/>
        <line num="85" count="0" type="stmt"/>
        <line num="94" count="36" type="stmt"/>
        <line num="95" count="0" type="stmt"/>
        <line num="110" count="36" type="stmt"/>
        <line num="111" count="0" type="stmt"/>
        <line num="135" count="36" type="stmt"/>
        <line num="136" count="0" type="stmt"/>
        <line num="153" count="36" type="stmt"/>
        <line num="154" count="0" type="stmt"/>
        <line num="195" count="36" type="stmt"/>
        <line num="210" count="36" type="stmt"/>
        <line num="217" count="36" type="stmt"/>
        <line num="225" count="36" type="stmt"/>
        <line num="231" count="36" type="stmt"/>
        <line num="238" count="36" type="stmt"/>
        <line num="244" count="36" type="stmt"/>
        <line num="254" count="36" type="stmt"/>
        <line num="263" count="36" type="stmt"/>
        <line num="270" count="36" type="stmt"/>
        <line num="278" count="36" type="stmt"/>
        <line num="286" count="36" type="stmt"/>
        <line num="296" count="36" type="stmt"/>
        <line num="307" count="36" type="stmt"/>
        <line num="317" count="36" type="stmt"/>
        <line num="326" count="36" type="stmt"/>
        <line num="334" count="36" type="stmt"/>
        <line num="345" count="36" type="stmt"/>
        <line num="368" count="36" type="stmt"/>
        <line num="373" count="36" type="stmt"/>
        <line num="378" count="36" type="stmt"/>
        <line num="384" count="36" type="stmt"/>
        <line num="392" count="36" type="stmt"/>
        <line num="399" count="36" type="stmt"/>
        <line num="406" count="36" type="stmt"/>
        <line num="413" count="36" type="stmt"/>
        <line num="420" count="36" type="stmt"/>
        <line num="430" count="36" type="stmt"/>
        <line num="438" count="36" type="stmt"/>
        <line num="450" count="36" type="stmt"/>
        <line num="458" count="36" type="stmt"/>
        <line num="465" count="36" type="stmt"/>
        <line num="477" count="36" type="stmt"/>
        <line num="487" count="36" type="stmt"/>
        <line num="493" count="36" type="stmt"/>
        <line num="499" count="36" type="stmt"/>
        <line num="504" count="36" type="stmt"/>
        <line num="510" count="36" type="stmt"/>
        <line num="516" count="36" type="stmt"/>
        <line num="523" count="36" type="stmt"/>
        <line num="529" count="36" type="stmt"/>
        <line num="534" count="36" type="stmt"/>
        <line num="542" count="36" type="stmt"/>
        <line num="549" count="36" type="stmt"/>
        <line num="555" count="36" type="stmt"/>
        <line num="564" count="36" type="stmt"/>
        <line num="565" count="0" type="stmt"/>
        <line num="584" count="36" type="stmt"/>
        <line num="585" count="0" type="stmt"/>
        <line num="593" count="36" type="stmt"/>
        <line num="594" count="0" type="stmt"/>
        <line num="603" count="36" type="stmt"/>
        <line num="604" count="0" type="stmt"/>
        <line num="605" count="0" type="stmt"/>
        <line num="606" count="0" type="stmt"/>
        <line num="615" count="36" type="stmt"/>
        <line num="616" count="0" type="stmt"/>
        <line num="617" count="0" type="stmt"/>
        <line num="627" count="36" type="stmt"/>
        <line num="628" count="0" type="stmt"/>
        <line num="630" count="0" type="stmt"/>
        <line num="631" count="0" type="cond" truecount="0" falsecount="1"/>
        <line num="632" count="0" type="stmt"/>
        <line num="633" count="0" type="cond" truecount="0" falsecount="3"/>
        <line num="634" count="0" type="stmt"/>
        <line num="635" count="0" type="stmt"/>
        <line num="641" count="0" type="stmt"/>
      </file>
      <file name="form-config.ts" path="/Users/cryophobic/dev/projects/tally-mcp/src/models/form-config.ts">
        <metrics statements="276" coveredstatements="150" conditionals="106" coveredconditionals="26" methods="67" coveredmethods="14"/>
        <line num="16" count="36" type="cond" truecount="2" falsecount="0"/>
        <line num="17" count="36" type="stmt"/>
        <line num="18" count="36" type="stmt"/>
        <line num="19" count="36" type="stmt"/>
        <line num="20" count="36" type="stmt"/>
        <line num="21" count="36" type="stmt"/>
        <line num="22" count="36" type="stmt"/>
        <line num="23" count="36" type="stmt"/>
        <line num="24" count="36" type="stmt"/>
        <line num="25" count="36" type="stmt"/>
        <line num="26" count="36" type="stmt"/>
        <line num="27" count="36" type="stmt"/>
        <line num="28" count="36" type="stmt"/>
        <line num="29" count="36" type="stmt"/>
        <line num="30" count="36" type="stmt"/>
        <line num="31" count="36" type="stmt"/>
        <line num="32" count="36" type="stmt"/>
        <line num="33" count="36" type="stmt"/>
        <line num="34" count="36" type="stmt"/>
        <line num="40" count="36" type="cond" truecount="2" falsecount="0"/>
        <line num="41" count="36" type="stmt"/>
        <line num="42" count="36" type="stmt"/>
        <line num="43" count="36" type="stmt"/>
        <line num="44" count="36" type="stmt"/>
        <line num="45" count="36" type="stmt"/>
        <line num="51" count="36" type="cond" truecount="2" falsecount="0"/>
        <line num="52" count="36" type="stmt"/>
        <line num="53" count="36" type="stmt"/>
        <line num="54" count="36" type="stmt"/>
        <line num="55" count="36" type="stmt"/>
        <line num="61" count="36" type="cond" truecount="2" falsecount="0"/>
        <line num="62" count="36" type="stmt"/>
        <line num="63" count="36" type="stmt"/>
        <line num="64" count="36" type="stmt"/>
        <line num="65" count="36" type="stmt"/>
        <line num="66" count="36" type="stmt"/>
[...]
        <line num="100" count="3" type="stmt"/>
        <line num="101" count="3" type="cond" truecount="2" falsecount="0"/>
        <line num="106" count="1" type="stmt"/>
        <line num="110" count="1" type="stmt"/>
        <line num="111" count="1" type="cond" truecount="0" falsecount="1"/>
        <line num="112" count="0" type="stmt"/>
        <line num="116" count="1" type="stmt"/>
        <line num="117" count="1" type="stmt"/>
        <line num="126" count="1" type="stmt"/>
        <line num="129" count="1" type="stmt"/>
        <line num="130" count="1" type="cond" truecount="0" falsecount="1"/>
        <line num="131" count="0" type="stmt"/>
        <line num="134" count="1" type="stmt"/>
        <line num="138" count="1" type="stmt"/>
        <line num="141" count="1" type="stmt"/>
        <line num="142" count="1" type="cond" truecount="0" falsecount="1"/>
        <line num="143" count="0" type="stmt"/>
        <line num="146" count="1" type="stmt"/>
        <line num="150" count="1" type="stmt"/>
        <line num="151" count="1" type="stmt"/>
        <line num="153" count="1" type="stmt"/>
        <line num="154" count="2" type="stmt"/>
        <line num="155" count="2" type="stmt"/>
      </file>
      <file name="team-manager.ts" path="/Users/cryophobic/dev/projects/tally-mcp/src/tools/team-manager.ts">
        <metrics statements="96" coveredstatements="3" conditionals="24" coveredconditionals="0" methods="32" coveredmethods="0"/>
        <line num="1" count="8" type="stmt"/>
        <line num="2" count="8" type="stmt"/>
        <line num="28" count="8" type="stmt"/>
        <line num="33" count="0" type="stmt"/>
        <line num="34" count="0" type="stmt"/>
        <line num="46" count="0" type="stmt"/>
        <line num="48" count="0" type="stmt"/>
        <line num="55" count="0" type="stmt"/>
        <line num="63" count="0" type="cond" truecount="0" falsecount="1"/>
        <line num="64" count="0" type="stmt"/>
        <line num="67" count="0" type="stmt"/>
        <line num="77" count="0" type="stmt"/>
        <line num="80" count="0" type="cond" truecount="0" falsecount="3"/>
        <line num="81" count="0" type="stmt"/>
        <line num="82" count="0" type="stmt"/>
        <line num="87" count="0" type="cond" truecount="0" falsecount="1"/>
        <line num="88" count="0" type="cond" truecount="0" falsecount="2"/>
        <line num="90" count="0" type="stmt"/>
        <line num="91" count="0" type="stmt"/>
        <line num="95" count="0" type="stmt"/>
        <line num="96" count="0" type="stmt"/>
        <line num="101" count="0" type="stmt"/>
        <line num="119" count="0" type="stmt"/>
        <line num="121" count="0" type="stmt"/>
        <line num="138" count="0" type="stmt"/>
        <line num="140" count="0" type="stmt"/>
        <line num="147" count="0" type="stmt"/>
        <line num="158" count="0" type="stmt"/>
        <line num="165" count="0" type="stmt"/>
        <line num="177" count="0" type="stmt"/>
        <line num="183" count="0" type="stmt"/>
        <line num="186" count="0" type="stmt"/>
        <line num="192" count="0" type="stmt"/>
        <line num="204" count="0" type="stmt"/>
        <line num="206" count="0" type="stmt"/>
        <line num="214" count="0" type="stmt"/>
        <line num="216" count="0" type="stmt"/>
        <line num="230" count="0" type="stmt"/>
        <line num="233" count="0" type="stmt"/>
        <line num="238" count="0" type="stmt"/>
        <line num="241" count="0" type="cond" truecount="0" falsecount="1"/>
        <line num="242" count="0" type="stmt"/>
        <line num="245" count="0" type="stmt"/>
        <line num="252" count="0" type="stmt"/>
        <line num="253" count="0" type="stmt"/>
        <line num="255" count="0" type="stmt"/>
        <line num="256" count="0" type="stmt"/>
        <line num="257" count="0" type="stmt"/>
        <line num="258" count="0" type="stmt"/>
        <line num="261" count="0" type="stmt"/>
        <line num="268" count="0" type="stmt"/>
        <line num="269" count="0" type="stmt"/>
        <line num="271" count="0" type="stmt"/>
        <line num="272" count="0" type="stmt"/>
        <line num="273" count="0" type="stmt"/>
        <line num="276" count="0" type="stmt"/>
        <line num="277" count="0" type="stmt"/>
        <line num="280" count="0" type="stmt"/>
        <line num="291" count="0" type="stmt"/>
        <line num="298" count="0" type="stmt"/>
        <line num="308" count="0" type="stmt"/>
        <line num="309" count="0" type="stmt"/>
        <line num="312" count="0" type="stmt"/>
        <line num="314" count="0" type="cond" truecount="0" falsecount="1"/>
        <line num="315" count="0" type="stmt"/>
        <line num="317" count="0" type="stmt"/>
        <line num="319" count="0" type="cond" truecount="0" falsecount="1"/>
        <line num="320" count="0" type="stmt"/>
        <line num="321" count="0" type="stmt"/>
        <line num="322" count="0" type="stmt"/>
        <line num="327" count="0" type="stmt"/>
        <line num="338" count="0" type="stmt"/>
        <line num="345" count="0" type="stmt"/>
        <line num="356" count="0" type="stmt"/>
        <line num="367" count="0" type="stmt"/>
        <line num="376" count="0" type="stmt"/>
        <line num="378" count="0" type="stmt"/>
        <line num="379" count="0" type="stmt"/>
        <line num="380" count="0" type="stmt"/>
        <line num="381" count="0" type="stmt"/>
        <line num="383" count="0" type="stmt"/>
        <line num="391" count="0" type="stmt"/>
        <line num="393" count="0" type="stmt"/>
        <line num="409" count="0" type="cond" truecount="0" falsecount="1"/>
        <line num="412" count="0" type="stmt"/>
        <line num="413" count="0" type="stmt"/>
        <line num="415" count="0" type="cond" truecount="0" falsecount="1"/>
        <line num="416" count="0" type="stmt"/>
        <line num="420" count="0" type="stmt"/>
        <line num="432" count="0" type="stmt"/>
        <line num="433" count="0" type="stmt"/>
        <line num="439" count="0" type="stmt"/>
        <line num="441" count="0" type="cond" truecount="0" falsecount="1"/>
        <line num="442" count="0" type="stmt"/>
        <line num="451" count="0" type="stmt"/>
        <line num="457" count="0" type="cond" truecount="0" falsecount="2"/>
      </file>
      <file name="template-tool.ts" path="/Users/cryophobic/dev/projects/tally-mcp/src/tools/template-tool.ts">
        <metrics statements="27" coveredstatements="24" conditionals="10" coveredconditionals="7" methods="5" coveredmethods="5"/>
        <line num="3" count="9" type="stmt"/>
        <line num="19" count="9" type="stmt"/>
        <line num="20" count="178" type="stmt"/>
        <line num="21" count="178" type="stmt"/>
        <line num="28" count="178" type="stmt"/>
        <line num="29" count="178" type="stmt"/>
        <line num="33" count="5" type="stmt"/>
        <line num="35" count="5" type="cond" truecount="4" falsecount="0"/>
        <line num="37" count="1" type="stmt"/>
        <line num="39" count="2" type="cond" truecount="1" falsecount="0"/>
        <line num="40" count="1" type="stmt"/>
        <line num="45" count="1" type="stmt"/>
        <line num="47" count="1" type="cond" truecount="2" falsecount="1"/>
        <line num="48" count="0" type="stmt"/>
        <line num="53" count="1" type="stmt"/>
        <line num="55" count="1" type="stmt"/>
        <line num="63" count="1" type="stmt"/>
        <line num="64" count="1" type="stmt"/>
        <line num="74" count="1" type="stmt"/>
        <line num="79" count="1" type="cond" truecount="0" falsecount="1"/>
        <line num="80" count="0" type="stmt"/>
        <line num="86" count="1" type="stmt"/>
        <line num="96" count="1" type="stmt"/>
        <line num="97" count="1" type="cond" truecount="0" falsecount="1"/>
        <line num="98" count="0" type="stmt"/>
        <line num="104" count="1" type="stmt"/>
        <line num="109" count="1" type="stmt"/>
      </file>
      <file name="workspace-tool.ts" path="/Users/cryophobic/dev/projects/tally-mcp/src/tools/workspace-tool.ts">
        <metrics statements="8" coveredstatements="8" conditionals="2" coveredconditionals="1" methods="6" coveredmethods="6"/>
        <line num="1" count="11" type="stmt"/>
        <line num="5" count="11" type="stmt"/>
        <line num="9" count="178" type="stmt"/>
        <line num="13" count="1" type="stmt"/>
        <line num="17" count="1" type="stmt"/>
        <line num="21" count="1" type="stmt"/>
        <line num="25" count="1" type="stmt"/>
        <line num="29" count="1" type="stmt"/>
      </file>
    </package>
    <package name="src.types">
      <metrics statements="0" coveredstatements="0" conditionals="0" coveredconditionals="0" methods="0" coveredmethods="0"/>
      <file name="toml.d.ts" path="/Users/cryophobic/dev/projects/tally-mcp/src/types/toml.d.ts">
        <metrics statements="0" coveredstatements="0" conditionals="0" coveredconditionals="0" methods="0" coveredmethods="0"/>
      </file>
    </package>
    <package name="src.utils">
      <metrics statements="181" coveredstatements="89" conditionals="75" coveredconditionals="39" methods="40" coveredmethods="19"/>
      <file name="config.ts" path="/Users/cryophobic/dev/projects/tally-mcp/src/utils/config.ts">
        <metrics statements="28" coveredstatements="0" conditionals="6" coveredconditionals="0" methods="5" coveredmethods="0"/>
        <line num="1" count="0" type="stmt"/>
        <line num="4" count="0" type="stmt"/>
        <line num="51" count="0" type="stmt"/>
        <line num="52" count="0" type="cond" truecount="0" falsecount="1"/>
        <line num="53" count="0" type="stmt"/>
        <line num="55" count="0" type="stmt"/>
        <line num="62" count="0" type="cond" truecount="0" falsecount="2"/>
        <line num="69" count="0" type="stmt"/>
        <line num="70" count="0" type="cond" truecount="0" falsecount="1"/>
        <line num="71" count="0" type="stmt"/>
        <line num="72" count="0" type="cond" truecount="0" falsecount="1"/>
        <line num="73" count="0" type="stmt"/>
        <line num="75" count="0" type="stmt"/>
        <line num="82" count="0" type="stmt"/>
        <line num="83" count="0" type="cond" truecount="0" falsecount="1"/>
        <line num="84" count="0" type="stmt"/>
        <line num="90" count="0" type="stmt"/>
        <line num="126" count="0" type="stmt"/>
        <line num="127" count="0" type="stmt"/>
        <line num="129" count="0" type="stmt"/>
        <line num="130" count="0" type="stmt"/>
        <line num="131" count="0" type="stmt"/>
        <line num="132" count="0" type="stmt"/>
        <line num="133" count="0" type="stmt"/>
        <line num="135" count="0" type="stmt"/>
        <line num="137" count="0" type="stmt"/>
        <line num="138" count="0" type="stmt"/>
        <line num="142" count="0" type="stmt"/>
      </file>
      <file name="crypto.ts" path="/Users/cryophobic/dev/projects/tally-mcp/src/utils/crypto.ts">
        <metrics statements="87" coveredstatements="33" conditionals="35" coveredconditionals="13" methods="15" coveredmethods="6"/>
        <line num="1" count="18" type="stmt"/>
        <line num="2" count="18" type="stmt"/>
        <line num="25" count="18" type="stmt"/>
        <line num="26" count="18" type="stmt"/>
        <line num="27" count="18" type="stmt"/>
        <line num="33" count="0" type="stmt"/>
        <line num="34" count="0" type="cond" truecount="0" falsecount="1"/>
        <line num="35" count="0" type="stmt"/>
        <line num="39" count="0" type="stmt"/>
        <line num="40" count="0" type="cond" truecount="0" falsecount="1"/>
        <line num="41" count="0" type="stmt"/>
        <line num="42" count="0" type="stmt"/>
        <line num="43" count="0" type="stmt"/>
        <line num="47" count="0" type="stmt"/>
        <line num="58" count="41" type="stmt"/>
        <line num="61" count="41" type="cond" truecount="3" falsecount="0"/>
        <line num="62" count="2" type="stmt"/>
        <line num="66" count="39" type="stmt"/>
        <line num="67" count="39" type="stmt"/>
        <line num="70" count="39" type="stmt"/>
        <line num="71" count="39" type="cond" truecount="1" falsecount="0"/>
        <line num="72" count="38" type="stmt"/>
        <line num="73" count="38" type="stmt"/>
        <line num="76" count="39" type="stmt"/>
        <line num="83" count="55" type="stmt"/>
        <line num="95" count="21" type="cond" truecount="1" falsecount="0"/>
        <line num="96" count="3" type="stmt"/>
        <line num="100" count="18" type="stmt"/>
        <line num="101" count="18" type="cond" truecount="3" falsecount="0"/>
        <line num="102" count="1" type="stmt"/>
        <line num="105" count="17" type="stmt"/>
        <line num="106" count="17" type="stmt"/>
        <line num="109" count="17" type="stmt"/>
        <line num="110" count="17" type="stmt"/>
        <line num="117" count="72" type="stmt"/>
        <line num="127" count="0" type="stmt"/>
        <line num="128" count="0" type="stmt"/>
        <line num="130" count="0" type="stmt"/>
        <line num="132" count="0" type="stmt"/>
        <line num="133" count="0" type="stmt"/>
        <line num="135" count="0" type="cond" truecount="0" falsecount="2"/>
        <line num="137" count="0" type="stmt"/>
        <line num="148" count="0" type="stmt"/>
        <line num="149" count="0" type="stmt"/>
        <line num="150" count="0" type="stmt"/>
        <line num="152" count="0" type="stmt"/>
        <line num="154" count="0" type="cond" truecount="0" falsecount="3"/>
        <line num="155" count="0" type="stmt"/>
        <line num="158" count="0" type="stmt"/>
        <line num="159" count="0" type="stmt"/>
        <line num="161" count="0" type="stmt"/>
        <line num="168" count="0" type="stmt"/>
        <line num="175" count="0" type="stmt"/>
        <line num="185" count="0" type="stmt"/>
        <line num="186" count="0" type="stmt"/>
        <line num="196" count="48" type="stmt"/>
        <line num="203" count="0" type="stmt"/>
        <line num="213" count="0" type="stmt"/>
        <line num="218" count="0" type="stmt"/>
        <line num="219" count="0" type="stmt"/>
        <line num="225" count="0" type="stmt"/>
        <line num="226" count="0" type="stmt"/>
        <line num="228" count="0" type="cond" truecount="0" falsecount="2"/>
        <line num="229" count="0" type="stmt"/>
        <line num="230" count="0" type="stmt"/>
        <line num="232" count="0" type="stmt"/>
        <line num="239" count="0" type="stmt"/>
        <line num="240" count="0" type="stmt"/>
        <line num="242" count="0" type="cond" truecount="0" falsecount="4"/>
        <line num="243" count="0" type="stmt"/>
        <line num="246" count="0" type="cond" truecount="0" falsecount="2"/>
        <line num="247" count="0" type="stmt"/>
        <line num="248" count="0" type="stmt"/>
        <line num="250" count="0" type="cond" truecount="0" falsecount="1"/>
        <line num="251" count="0" type="stmt"/>
        <line num="254" count="0" type="stmt"/>
        <line num="255" count="0" type="stmt"/>
        <line num="257" count="0" type="cond" truecount="0" falsecount="3"/>
        <line num="258" count="0" type="stmt"/>
        <line num="261" count="0" type="stmt"/>
        <line num="263" count="0" type="stmt"/>
        <line num="271" count="2" type="cond" truecount="1" falsecount="0"/>
        <line num="272" count="1" type="stmt"/>
        <line num="275" count="1" type="stmt"/>
        <line num="276" count="1" type="stmt"/>
        <line num="277" count="1" type="stmt"/>
        <line num="279" count="1" type="stmt"/>
      </file>
      <file name="index.ts" path="/Users/cryophobic/dev/projects/tally-mcp/src/utils/index.ts">
        <metrics statements="7" coveredstatements="0" conditionals="0" coveredconditionals="0" methods="7" coveredmethods="0"/>
        <line num="13" count="0" type="stmt"/>
        <line num="16" count="0" type="stmt"/>
        <line num="17" count="0" type="stmt"/>
        <line num="18" count="0" type="stmt"/>
        <line num="19" count="0" type="stmt"/>
        <line num="20" count="0" type="stmt"/>
        <line num="21" count="0" type="stmt"/>
      </file>
      <file name="input-sanitizer.ts" path="/Users/cryophobic/dev/projects/tally-mcp/src/utils/input-sanitizer.ts">
        <metrics statements="59" coveredstatements="56" conditionals="34" coveredconditionals="26" methods="13" coveredmethods="13"/>
        <line num="1" count="2" type="stmt"/>
        <line num="22" count="2" type="stmt"/>
        <line num="35" count="2" type="stmt"/>
        <line num="39" count="34" type="cond" truecount="1" falsecount="0"/>
        <line num="40" count="3" type="stmt"/>
        <line num="44" count="31" type="cond" truecount="1" falsecount="0"/>
        <line num="45" count="27" type="stmt"/>
        <line num="54" count="4" type="stmt"/>
        <line num="59" count="4" type="cond" truecount="1" falsecount="1"/>
        <line num="60" count="0" type="stmt"/>
        <line num="62" count="4" type="stmt"/>
        <line num="64" count="4" type="cond" truecount="1" falsecount="0"/>
        <line num="65" count="4" type="stmt"/>
        <line num="68" count="4" type="cond" truecount="1" falsecount="0"/>
        <line num="69" count="2" type="stmt"/>
        <line num="72" count="4" type="stmt"/>
        <line num="75" count="4" type="cond" truecount="1" falsecount="1"/>
        <line num="76" count="0" type="stmt"/>
        <line num="78" count="4" type="stmt"/>
        <line num="80" count="4" type="cond" truecount="1" falsecount="0"/>
        <line num="81" count="2" type="stmt"/>
        <line num="84" count="4" type="stmt"/>
        <line num="87" count="4" type="stmt"/>
        <line num="97" count="2" type="stmt"/>
        <line num="101" count="8" type="cond" truecount="2" falsecount="1"/>
        <line num="102" count="0" type="stmt"/>
        <line num="105" count="8" type="stmt"/>
        <line num="107" count="8" type="stmt"/>
        <line num="108" count="16" type="cond" truecount="2" falsecount="0"/>
        <line num="109" count="8" type="stmt"/>
        <line num="110" count="8" type="cond" truecount="2" falsecount="0"/>
        <line num="111" count="1" type="stmt"/>
        <line num="112" count="3" type="cond" truecount="1" falsecount="1"/>
        <line num="118" count="7" type="cond" truecount="3" falsecount="0"/>
        <line num="119" count="3" type="stmt"/>
        <line num="123" count="8" type="stmt"/>
        <line num="133" count="2" type="stmt"/>
        <line num="137" count="2" type="cond" truecount="1" falsecount="0"/>
        <line num="138" count="1" type="stmt"/>
        <line num="141" count="1" type="stmt"/>
        <line num="142" count="5" type="cond" truecount="2" falsecount="0"/>
        <line num="143" count="3" type="stmt"/>
        <line num="144" count="2" type="cond" truecount="3" falsecount="0"/>
        <line num="145" count="1" type="stmt"/>
        <line num="147" count="1" type="stmt"/>
        <line num="154" count="2" type="stmt"/>
        <line num="159" count="10" type="stmt"/>
        <line num="166" count="5" type="stmt"/>
        <line num="167" count="5" type="stmt"/>
        <line num="174" count="5" type="stmt"/>
        <line num="175" count="5" type="stmt"/>
        <line num="176" count="4" type="stmt"/>
        <line num="178" count="1" type="stmt"/>
        <line num="187" count="4" type="stmt"/>
        <line num="194" count="17" type="stmt"/>
        <line num="206" count="131" type="stmt"/>
        <line num="213" count="18" type="stmt"/>
        <line num="223" count="78" type="stmt"/>
        <line num="230" count="2" type="stmt"/>
      </file>
    </package>
  </project>
</coverage>
