{"/Users/cryophobic/dev/projects/tally-mcp/src/index.ts": {"path":"/Users/cryophobic/dev/projects/tally-mcp/src/index.ts","statementMap":{"0":{"start":{"line":8,"column":0},"end":{"line":8,"column":54}},"1":{"start":{"line":14,"column":2},"end":{"line":14,"column":46}},"2":{"start":{"line":17,"column":43},"end":{"line":21,"column":4}},"3":{"start":{"line":24,"column":17},"end":{"line":24,"column":38}},"4":{"start":{"line":26,"column":2},"end":{"line":26,"column":56}},"5":{"start":{"line":27,"column":2},"end":{"line":27,"column":53}},"6":{"start":{"line":28,"column":2},"end":{"line":28,"column":68}},"7":{"start":{"line":31,"column":2},"end":{"line":31,"column":28}},"8":{"start":{"line":33,"column":2},"end":{"line":33,"column":63}},"9":{"start":{"line":34,"column":2},"end":{"line":34,"column":72}},"10":{"start":{"line":38,"column":0},"end":{"line":41,"column":3}},"11":{"start":{"line":39,"column":2},"end":{"line":39,"column":71}},"12":{"start":{"line":40,"column":2},"end":{"line":40,"column":18}},"13":{"start":{"line":44,"column":0},"end":{"line":47,"column":3}},"14":{"start":{"line":45,"column":2},"end":{"line":45,"column":46}},"15":{"start":{"line":46,"column":2},"end":{"line":46,"column":18}},"16":{"start":{"line":50,"column":0},"end":{"line":55,"column":1}},"17":{"start":{"line":51,"column":2},"end":{"line":54,"column":5}},"18":{"start":{"line":52,"column":4},"end":{"line":52,"column":52}},"19":{"start":{"line":53,"column":4},"end":{"line":53,"column":20}},"20":{"start":{"line":57,"column":0},"end":{"line":57,"column":9}},"21":{"start":{"line":57,"column":9},"end":{"line":57,"column":37}},"22":{"start":{"line":58,"column":0},"end":{"line":58,"column":20}}},"fnMap":{"0":{"name":"main","decl":{"start":{"line":13,"column":15},"end":{"line":13,"column":19}},"loc":{"start":{"line":13,"column":19},"end":{"line":35,"column":1}}},"1":{"name":"(anonymous_1)","decl":{"start":{"line":38,"column":33},"end":{"line":38,"column":34}},"loc":{"start":{"line":38,"column":53},"end":{"line":41,"column":1}}},"2":{"name":"(anonymous_2)","decl":{"start":{"line":44,"column":32},"end":{"line":44,"column":33}},"loc":{"start":{"line":44,"column":42},"end":{"line":47,"column":1}}},"3":{"name":"(anonymous_3)","decl":{"start":{"line":51,"column":15},"end":{"line":51,"column":16}},"loc":{"start":{"line":51,"column":25},"end":{"line":54,"column":3}}},"4":{"name":"(anonymous_4)","decl":{"start":{"line":57,"column":9},"end":{"line":57,"column":18}},"loc":{"start":{"line":57,"column":9},"end":{"line":57,"column":37}}}},"branchMap":{"0":{"loc":{"start":{"line":18,"column":19},"end":{"line":18,"column":45}},"type":"binary-expr","locations":[{"start":{"line":18,"column":19},"end":{"line":18,"column":35}},{"start":{"line":18,"column":39},"end":{"line":18,"column":45}}]},"1":{"loc":{"start":{"line":19,"column":10},"end":{"line":19,"column":39}},"type":"binary-expr","locations":[{"start":{"line":19,"column":10},"end":{"line":19,"column":26}},{"start":{"line":19,"column":30},"end":{"line":19,"column":39}}]},"2":{"loc":{"start":{"line":50,"column":0},"end":{"line":55,"column":1}},"type":"if","locations":[{"start":{"line":50,"column":0},"end":{"line":55,"column":1}}]}},"s":{"0":0,"1":0,"2":0,"3":0,"4":0,"5":0,"6":0,"7":0,"8":0,"9":0,"10":0,"11":0,"12":0,"13":0,"14":0,"15":0,"16":0,"17":0,"18":0,"19":0,"20":0,"21":0,"22":0},"f":{"0":0,"1":0,"2":0,"3":0,"4":0},"b":{"0":[0,0],"1":[0,0],"2":[0]}}
,"/Users/cryophobic/dev/projects/tally-mcp/src/server.ts": {"path":"/Users/cryophobic/dev/projects/tally-mcp/src/server.ts","statementMap":{"0":{"start":{"line":8,"column":0},"end":{"line":8,"column":67}},"1":{"start":{"line":9,"column":0},"end":{"line":9,"column":99}},"2":{"start":{"line":10,"column":0},"end":{"line":10,"column":62}},"3":{"start":{"line":11,"column":0},"end":{"line":11,"column":25}},"4":{"start":{"line":12,"column":0},"end":{"line":12,"column":null}},"5":{"start":{"line":17,"column":0},"end":{"line":17,"column":38}},"6":{"start":{"line":18,"column":0},"end":{"line":18,"column":35}},"7":{"start":{"line":25,"column":0},"end":{"line":25,"column":null}},"8":{"start":{"line":26,"column":2},"end":{"line":26,"column":null}},"9":{"start":{"line":27,"column":2},"end":{"line":27,"column":null}},"10":{"start":{"line":28,"column":2},"end":{"line":28,"column":null}},"11":{"start":{"line":29,"column":2},"end":{"line":29,"column":null}},"12":{"start":{"line":30,"column":2},"end":{"line":30,"column":null}},"13":{"start":{"line":31,"column":2},"end":{"line":31,"column":null}},"14":{"start":{"line":60,"column":0},"end":{"line":60,"column":null}},"15":{"start":{"line":61,"column":2},"end":{"line":61,"column":null}},"16":{"start":{"line":62,"column":2},"end":{"line":62,"column":null}},"17":{"start":{"line":63,"column":2},"end":{"line":63,"column":null}},"18":{"start":{"line":64,"column":2},"end":{"line":64,"column":null}},"19":{"start":{"line":65,"column":2},"end":{"line":65,"column":null}},"20":{"start":{"line":66,"column":2},"end":{"line":66,"column":null}},"21":{"start":{"line":67,"column":2},"end":{"line":67,"column":null}},"22":{"start":{"line":68,"column":2},"end":{"line":68,"column":null}},"23":{"start":{"line":69,"column":2},"end":{"line":69,"column":null}},"24":{"start":{"line":70,"column":2},"end":{"line":70,"column":null}},"25":{"start":{"line":101,"column":13},"end":{"line":108,"column":2}},"26":{"start":{"line":133,"column":13},"end":{"line":141,"column":2}},"27":{"start":{"line":146,"column":0},"end":{"line":146,"column":null}},"28":{"start":{"line":147,"column":2},"end":{"line":147,"column":null}},"29":{"start":{"line":148,"column":2},"end":{"line":148,"column":null}},"30":{"start":{"line":149,"column":2},"end":{"line":149,"column":null}},"31":{"start":{"line":150,"column":2},"end":{"line":150,"column":null}},"32":{"start":{"line":151,"column":2},"end":{"line":151,"column":null}},"33":{"start":{"line":217,"column":13},"end":{"line":222,"column":2}},"34":{"start":{"line":227,"column":48},"end":{"line":239,"column":2}},"35":{"start":{"line":246,"column":2},"end":{"line":248,"column":3}},"36":{"start":{"line":247,"column":4},"end":{"line":247,"column":51}},"37":{"start":{"line":251,"column":2},"end":{"line":258,"column":3}},"38":{"start":{"line":252,"column":30},"end":{"line":252,"column":75}},"39":{"start":{"line":253,"column":4},"end":{"line":257,"column":5}},"40":{"start":{"line":254,"column":6},"end":{"line":256,"column":7}},"41":{"start":{"line":255,"column":8},"end":{"line":255,"column":53}},"42":{"start":{"line":261,"column":33},"end":{"line":261,"column":59}},"43":{"start":{"line":264,"column":2},"end":{"line":279,"column":3}},"44":{"start":{"line":265,"column":30},"end":{"line":265,"column":70}},"45":{"start":{"line":266,"column":4},"end":{"line":278,"column":5}},"46":{"start":{"line":267,"column":6},"end":{"line":277,"column":7}},"47":{"start":{"line":269,"column":26},"end":{"line":269,"column":57}},"48":{"start":{"line":270,"column":33},"end":{"line":273,"column":10}},"49":{"start":{"line":276,"column":8},"end":{"line":276,"column":112}},"50":{"start":{"line":281,"column":2},"end":{"line":281,"column":32}},"51":{"start":{"line":330,"column":4},"end":{"line":340,"column":6}},"52":{"start":{"line":296,"column":10},"end":{"line":296,"column":75}},"53":{"start":{"line":311,"column":10},"end":{"line":311,"column":58}},"54":{"start":{"line":343,"column":4},"end":{"line":343,"column":51}},"55":{"start":{"line":346,"column":4},"end":{"line":346,"column":25}},"56":{"start":{"line":349,"column":4},"end":{"line":349,"column":37}},"57":{"start":{"line":350,"column":4},"end":{"line":350,"column":39}},"58":{"start":{"line":351,"column":4},"end":{"line":351,"column":29}},"59":{"start":{"line":352,"column":4},"end":{"line":352,"column":38}},"60":{"start":{"line":355,"column":4},"end":{"line":355,"column":38}},"61":{"start":{"line":356,"column":4},"end":{"line":356,"column":61}},"62":{"start":{"line":357,"column":4},"end":{"line":363,"column":6}},"63":{"start":{"line":366,"column":4},"end":{"line":369,"column":6}},"64":{"start":{"line":370,"column":4},"end":{"line":374,"column":6}},"65":{"start":{"line":377,"column":4},"end":{"line":377,"column":27}},"66":{"start":{"line":380,"column":4},"end":{"line":380,"column":28}},"67":{"start":{"line":383,"column":4},"end":{"line":383,"column":49}},"68":{"start":{"line":384,"column":4},"end":{"line":384,"column":45}},"69":{"start":{"line":385,"column":4},"end":{"line":385,"column":45}},"70":{"start":{"line":386,"column":4},"end":{"line":386,"column":65}},"71":{"start":{"line":393,"column":4},"end":{"line":393,"column":22}},"72":{"start":{"line":400,"column":4},"end":{"line":400,"column":32}},"73":{"start":{"line":407,"column":4},"end":{"line":410,"column":6}},"74":{"start":{"line":417,"column":19},"end":{"line":417,"column":35}},"75":{"start":{"line":418,"column":24},"end":{"line":418,"column":45}},"76":{"start":{"line":419,"column":24},"end":{"line":419,"column":37}},"77":{"start":{"line":420,"column":23},"end":{"line":420,"column":35}},"78":{"start":{"line":421,"column":23},"end":{"line":421,"column":47}},"79":{"start":{"line":422,"column":29},"end":{"line":422,"column":61}},"80":{"start":{"line":423,"column":24},"end":{"line":423,"column":36}},"81":{"start":{"line":426,"column":4},"end":{"line":426,"column":30}},"82":{"start":{"line":428,"column":35},"end":{"line":460,"column":6}},"83":{"start":{"line":462,"column":4},"end":{"line":462,"column":19}},"84":{"start":{"line":469,"column":4},"end":{"line":471,"column":5}},"85":{"start":{"line":470,"column":6},"end":{"line":470,"column":19}},"86":{"start":{"line":473,"column":24},"end":{"line":473,"column":37}},"87":{"start":{"line":474,"column":29},"end":{"line":474,"column":79}},"88":{"start":{"line":477,"column":4},"end":{"line":479,"column":5}},"89":{"start":{"line":478,"column":6},"end":{"line":478,"column":19}},"90":{"start":{"line":482,"column":24},"end":{"line":482,"column":36}},"91":{"start":{"line":483,"column":4},"end":{"line":485,"column":5}},"92":{"start":{"line":484,"column":6},"end":{"line":484,"column":19}},"93":{"start":{"line":488,"column":4},"end":{"line":490,"column":5}},"94":{"start":{"line":489,"column":6},"end":{"line":489,"column":19}},"95":{"start":{"line":493,"column":27},"end":{"line":493,"column":100}},"96":{"start":{"line":494,"column":4},"end":{"line":496,"column":5}},"97":{"start":{"line":495,"column":6},"end":{"line":495,"column":19}},"98":{"start":{"line":498,"column":4},"end":{"line":498,"column":16}},"99":{"start":{"line":505,"column":17},"end":{"line":505,"column":47}},"100":{"start":{"line":506,"column":4},"end":{"line":506,"column":58}},"101":{"start":{"line":513,"column":16},"end":{"line":513,"column":75}},"102":{"start":{"line":513,"column":66},"end":{"line":513,"column":71}},"103":{"start":{"line":514,"column":4},"end":{"line":514,"column":15}},"104":{"start":{"line":521,"column":16},"end":{"line":521,"column":73}},"105":{"start":{"line":521,"column":64},"end":{"line":521,"column":69}},"106":{"start":{"line":522,"column":4},"end":{"line":522,"column":15}},"107":{"start":{"line":529,"column":26},"end":{"line":529,"column":56}},"108":{"start":{"line":530,"column":23},"end":{"line":530,"column":41}},"109":{"start":{"line":532,"column":4},"end":{"line":537,"column":5}},"110":{"start":{"line":534,"column":6},"end":{"line":534,"column":55}},"111":{"start":{"line":535,"column":6},"end":{"line":535,"column":53}},"112":{"start":{"line":536,"column":6},"end":{"line":536,"column":53}},"113":{"start":{"line":544,"column":4},"end":{"line":544,"column":30}},"114":{"start":{"line":545,"column":4},"end":{"line":545,"column":30}},"115":{"start":{"line":546,"column":26},"end":{"line":546,"column":56}},"116":{"start":{"line":547,"column":23},"end":{"line":547,"column":41}},"117":{"start":{"line":548,"column":4},"end":{"line":550,"column":5}},"118":{"start":{"line":549,"column":6},"end":{"line":549,"column":53}},"119":{"start":{"line":557,"column":4},"end":{"line":557,"column":31}},"120":{"start":{"line":558,"column":4},"end":{"line":558,"column":30}},"121":{"start":{"line":559,"column":26},"end":{"line":559,"column":56}},"122":{"start":{"line":560,"column":23},"end":{"line":560,"column":41}},"123":{"start":{"line":561,"column":4},"end":{"line":563,"column":5}},"124":{"start":{"line":562,"column":6},"end":{"line":562,"column":51}},"125":{"start":{"line":571,"column":4},"end":{"line":574,"column":5}},"126":{"start":{"line":572,"column":6},"end":{"line":572,"column":68}},"127":{"start":{"line":573,"column":6},"end":{"line":573,"column":13}},"128":{"start":{"line":576,"column":4},"end":{"line":576,"column":47}},"129":{"start":{"line":577,"column":4},"end":{"line":577,"column":38}},"130":{"start":{"line":579,"column":4},"end":{"line":579,"column":27}},"131":{"start":{"line":580,"column":4},"end":{"line":580,"column":23}},"132":{"start":{"line":581,"column":4},"end":{"line":581,"column":28}},"133":{"start":{"line":582,"column":4},"end":{"line":582,"column":27}},"134":{"start":{"line":584,"column":4},"end":{"line":593,"column":5}},"135":{"start":{"line":585,"column":6},"end":{"line":585,"column":35}},"136":{"start":{"line":586,"column":6},"end":{"line":586,"column":39}},"137":{"start":{"line":587,"column":6},"end":{"line":587,"column":91}},"138":{"start":{"line":588,"column":6},"end":{"line":588,"column":25}},"139":{"start":{"line":590,"column":6},"end":{"line":590,"column":77}},"140":{"start":{"line":591,"column":6},"end":{"line":591,"column":37}},"141":{"start":{"line":592,"column":6},"end":{"line":592,"column":18}},"142":{"start":{"line":601,"column":4},"end":{"line":604,"column":5}},"143":{"start":{"line":602,"column":6},"end":{"line":602,"column":64}},"144":{"start":{"line":603,"column":6},"end":{"line":603,"column":13}},"145":{"start":{"line":606,"column":4},"end":{"line":625,"column":5}},"146":{"start":{"line":607,"column":6},"end":{"line":607,"column":40}},"147":{"start":{"line":608,"column":6},"end":{"line":608,"column":63}},"148":{"start":{"line":611,"column":6},"end":{"line":611,"column":34}},"149":{"start":{"line":614,"column":6},"end":{"line":614,"column":33}},"150":{"start":{"line":617,"column":6},"end":{"line":617,"column":34}},"151":{"start":{"line":619,"column":6},"end":{"line":619,"column":39}},"152":{"start":{"line":620,"column":6},"end":{"line":620,"column":65}},"153":{"start":{"line":622,"column":6},"end":{"line":622,"column":37}},"154":{"start":{"line":623,"column":6},"end":{"line":623,"column":84}},"155":{"start":{"line":624,"column":6},"end":{"line":624,"column":18}},"156":{"start":{"line":633,"column":23},"end":{"line":633,"column":57}},"157":{"start":{"line":634,"column":4},"end":{"line":634,"column":70}},"158":{"start":{"line":636,"column":4},"end":{"line":639,"column":5}},"159":{"start":{"line":637,"column":6},"end":{"line":637,"column":85}},"160":{"start":{"line":638,"column":6},"end":{"line":638,"column":13}},"161":{"start":{"line":641,"column":4},"end":{"line":647,"column":7}},"162":{"start":{"line":649,"column":4},"end":{"line":649,"column":36}},"163":{"start":{"line":650,"column":4},"end":{"line":650,"column":27}},"164":{"start":{"line":652,"column":4},"end":{"line":660,"column":7}},"165":{"start":{"line":663,"column":4},"end":{"line":669,"column":7}},"166":{"start":{"line":671,"column":20},"end":{"line":674,"column":38}},"167":{"start":{"line":672,"column":6},"end":{"line":672,"column":65}},"168":{"start":{"line":673,"column":6},"end":{"line":673,"column":33}},"169":{"start":{"line":676,"column":4},"end":{"line":680,"column":7}},"170":{"start":{"line":677,"column":6},"end":{"line":677,"column":28}},"171":{"start":{"line":678,"column":6},"end":{"line":678,"column":63}},"172":{"start":{"line":679,"column":6},"end":{"line":679,"column":33}},"173":{"start":{"line":682,"column":4},"end":{"line":686,"column":7}},"174":{"start":{"line":683,"column":6},"end":{"line":683,"column":28}},"175":{"start":{"line":684,"column":6},"end":{"line":684,"column":64}},"176":{"start":{"line":685,"column":6},"end":{"line":685,"column":33}},"177":{"start":{"line":688,"column":4},"end":{"line":692,"column":7}},"178":{"start":{"line":689,"column":6},"end":{"line":689,"column":28}},"179":{"start":{"line":690,"column":6},"end":{"line":690,"column":82}},"180":{"start":{"line":691,"column":6},"end":{"line":691,"column":33}},"181":{"start":{"line":694,"column":4},"end":{"line":698,"column":7}},"182":{"start":{"line":695,"column":6},"end":{"line":695,"column":28}},"183":{"start":{"line":696,"column":6},"end":{"line":696,"column":64}},"184":{"start":{"line":697,"column":6},"end":{"line":697,"column":33}},"185":{"start":{"line":706,"column":4},"end":{"line":706,"column":89}},"186":{"start":{"line":708,"column":4},"end":{"line":878,"column":5}},"187":{"start":{"line":710,"column":6},"end":{"line":725,"column":7}},"188":{"start":{"line":715,"column":8},"end":{"line":723,"column":11}},"189":{"start":{"line":724,"column":8},"end":{"line":724,"column":15}},"190":{"start":{"line":728,"column":6},"end":{"line":739,"column":7}},"191":{"start":{"line":729,"column":8},"end":{"line":737,"column":11}},"192":{"start":{"line":738,"column":8},"end":{"line":738,"column":15}},"193":{"start":{"line":743,"column":6},"end":{"line":863,"column":7}},"194":{"start":{"line":744,"column":8},"end":{"line":851,"column":9}},"195":{"start":{"line":747,"column":12},"end":{"line":758,"column":13}},"196":{"start":{"line":748,"column":14},"end":{"line":756,"column":16}},"197":{"start":{"line":757,"column":14},"end":{"line":757,"column":20}},"198":{"start":{"line":760,"column":12},"end":{"line":771,"column":13}},"199":{"start":{"line":761,"column":14},"end":{"line":769,"column":16}},"200":{"start":{"line":770,"column":14},"end":{"line":770,"column":20}},"201":{"start":{"line":773,"column":12},"end":{"line":798,"column":13}},"202":{"start":{"line":774,"column":35},"end":{"line":774,"column":85}},"203":{"start":{"line":775,"column":14},"end":{"line":787,"column":16}},"204":{"start":{"line":789,"column":14},"end":{"line":797,"column":16}},"205":{"start":{"line":799,"column":12},"end":{"line":799,"column":18}},"206":{"start":{"line":803,"column":32},"end":{"line":803,"column":61}},"207":{"start":{"line":804,"column":12},"end":{"line":808,"column":14}},"208":{"start":{"line":809,"column":12},"end":{"line":809,"column":18}},"209":{"start":{"line":813,"column":31},"end":{"line":813,"column":67}},"210":{"start":{"line":814,"column":12},"end":{"line":818,"column":14}},"211":{"start":{"line":819,"column":12},"end":{"line":819,"column":18}},"212":{"start":{"line":822,"column":12},"end":{"line":828,"column":14}},"213":{"start":{"line":829,"column":12},"end":{"line":829,"column":18}},"214":{"start":{"line":832,"column":12},"end":{"line":838,"column":14}},"215":{"start":{"line":839,"column":12},"end":{"line":839,"column":18}},"216":{"start":{"line":842,"column":12},"end":{"line":850,"column":14}},"217":{"start":{"line":853,"column":8},"end":{"line":853,"column":86}},"218":{"start":{"line":854,"column":8},"end":{"line":862,"column":10}},"219":{"start":{"line":865,"column":6},"end":{"line":865,"column":58}},"220":{"start":{"line":866,"column":6},"end":{"line":866,"column":28}},"221":{"start":{"line":868,"column":6},"end":{"line":868,"column":84}},"222":{"start":{"line":869,"column":6},"end":{"line":877,"column":9}},"223":{"start":{"line":886,"column":4},"end":{"line":895,"column":5}},"224":{"start":{"line":887,"column":6},"end":{"line":887,"column":41}},"225":{"start":{"line":888,"column":6},"end":{"line":888,"column":29}},"226":{"start":{"line":889,"column":6},"end":{"line":889,"column":91}},"227":{"start":{"line":892,"column":6},"end":{"line":894,"column":7}},"228":{"start":{"line":893,"column":8},"end":{"line":893,"column":18}},"229":{"start":{"line":903,"column":4},"end":{"line":905,"column":5}},"230":{"start":{"line":904,"column":6},"end":{"line":904,"column":13}},"231":{"start":{"line":907,"column":4},"end":{"line":913,"column":5}},"232":{"start":{"line":908,"column":22},"end":{"line":908,"column":74}},"233":{"start":{"line":909,"column":6},"end":{"line":909,"column":25}},"234":{"start":{"line":911,"column":6},"end":{"line":911,"column":81}},"235":{"start":{"line":912,"column":6},"end":{"line":912,"column":33}},"236":{"start":{"line":921,"column":4},"end":{"line":921,"column":84}},"237":{"start":{"line":923,"column":4},"end":{"line":925,"column":5}},"238":{"start":{"line":924,"column":6},"end":{"line":924,"column":51}},"239":{"start":{"line":940,"column":4},"end":{"line":951,"column":5}},"240":{"start":{"line":941,"column":6},"end":{"line":948,"column":32}},"241":{"start":{"line":950,"column":6},"end":{"line":950,"column":23}},"242":{"start":{"line":954,"column":4},"end":{"line":954,"column":51}},"243":{"start":{"line":954,"column":44},"end":{"line":954,"column":51}},"244":{"start":{"line":957,"column":4},"end":{"line":957,"column":66}},"245":{"start":{"line":957,"column":59},"end":{"line":957,"column":66}},"246":{"start":{"line":959,"column":28},"end":{"line":965,"column":6}},"247":{"start":{"line":967,"column":4},"end":{"line":969,"column":5}},"248":{"start":{"line":968,"column":6},"end":{"line":968,"column":34}},"249":{"start":{"line":972,"column":4},"end":{"line":977,"column":5}},"250":{"start":{"line":973,"column":28},"end":{"line":973,"column":62}},"251":{"start":{"line":974,"column":6},"end":{"line":976,"column":7}},"252":{"start":{"line":975,"column":8},"end":{"line":975,"column":44}},"253":{"start":{"line":980,"column":4},"end":{"line":991,"column":5}},"254":{"start":{"line":981,"column":6},"end":{"line":984,"column":8}},"255":{"start":{"line":985,"column":6},"end":{"line":987,"column":7}},"256":{"start":{"line":986,"column":8},"end":{"line":986,"column":40}},"257":{"start":{"line":988,"column":6},"end":{"line":990,"column":7}},"258":{"start":{"line":989,"column":8},"end":{"line":989,"column":47}},"259":{"start":{"line":994,"column":4},"end":{"line":998,"column":5}},"260":{"start":{"line":995,"column":6},"end":{"line":997,"column":18}},"261":{"start":{"line":1001,"column":4},"end":{"line":1003,"column":5}},"262":{"start":{"line":1002,"column":6},"end":{"line":1002,"column":38}},"263":{"start":{"line":1006,"column":4},"end":{"line":1008,"column":5}},"264":{"start":{"line":1007,"column":6},"end":{"line":1007,"column":35}},"265":{"start":{"line":1015,"column":4},"end":{"line":1015,"column":39}},"266":{"start":{"line":1022,"column":19},"end":{"line":1022,"column":83}},"267":{"start":{"line":1023,"column":24},"end":{"line":1023,"column":70}},"268":{"start":{"line":1024,"column":28},"end":{"line":1024,"column":87}},"269":{"start":{"line":1026,"column":21},"end":{"line":1026,"column":81}},"270":{"start":{"line":1028,"column":4},"end":{"line":1030,"column":5}},"271":{"start":{"line":1029,"column":6},"end":{"line":1029,"column":67}},"272":{"start":{"line":1032,"column":4},"end":{"line":1039,"column":5}},"273":{"start":{"line":1033,"column":6},"end":{"line":1033,"column":76}},"274":{"start":{"line":1034,"column":6},"end":{"line":1038,"column":7}},"275":{"start":{"line":1035,"column":8},"end":{"line":1035,"column":32}},"276":{"start":{"line":1036,"column":8},"end":{"line":1036,"column":58}},"277":{"start":{"line":1037,"column":8},"end":{"line":1037,"column":15}},"278":{"start":{"line":1041,"column":4},"end":{"line":1041,"column":28}},"279":{"start":{"line":1048,"column":4},"end":{"line":1050,"column":5}},"280":{"start":{"line":1049,"column":6},"end":{"line":1049,"column":18}},"281":{"start":{"line":1052,"column":21},"end":{"line":1052,"column":66}},"282":{"start":{"line":1054,"column":4},"end":{"line":1062,"column":5}},"283":{"start":{"line":1055,"column":6},"end":{"line":1061,"column":7}},"284":{"start":{"line":1056,"column":8},"end":{"line":1056,"column":55}},"285":{"start":{"line":1058,"column":8},"end":{"line":1058,"column":37}},"286":{"start":{"line":1059,"column":13},"end":{"line":1061,"column":7}},"287":{"start":{"line":1060,"column":8},"end":{"line":1060,"column":64}},"288":{"start":{"line":1064,"column":4},"end":{"line":1064,"column":20}},"289":{"start":{"line":1071,"column":4},"end":{"line":1075,"column":6}},"290":{"start":{"line":1084,"column":5},"end":{"line":1084,"column":92}},"291":{"start":{"line":1085,"column":4},"end":{"line":1085,"column":11}},"292":{"start":{"line":1093,"column":23},"end":{"line":1093,"column":57}},"293":{"start":{"line":1094,"column":4},"end":{"line":1094,"column":83}},"294":{"start":{"line":1097,"column":4},"end":{"line":1097,"column":33}},"295":{"start":{"line":1100,"column":4},"end":{"line":1104,"column":7}},"296":{"start":{"line":1101,"column":6},"end":{"line":1103,"column":7}},"297":{"start":{"line":1102,"column":8},"end":{"line":1102,"column":35}},"298":{"start":{"line":1106,"column":4},"end":{"line":1106,"column":11}},"299":{"start":{"line":1114,"column":4},"end":{"line":1114,"column":51}},"300":{"start":{"line":1115,"column":4},"end":{"line":1115,"column":69}},"301":{"start":{"line":1116,"column":4},"end":{"line":1116,"column":105}},"302":{"start":{"line":1117,"column":4},"end":{"line":1117,"column":91}},"303":{"start":{"line":1118,"column":4},"end":{"line":1118,"column":11}},"304":{"start":{"line":1126,"column":4},"end":{"line":1133,"column":5}},"305":{"start":{"line":1127,"column":6},"end":{"line":1127,"column":110}},"306":{"start":{"line":1128,"column":6},"end":{"line":1131,"column":9}},"307":{"start":{"line":1132,"column":6},"end":{"line":1132,"column":13}},"308":{"start":{"line":1134,"column":4},"end":{"line":1134,"column":11}},"309":{"start":{"line":1142,"column":20},"end":{"line":1150,"column":34}},"310":{"start":{"line":1143,"column":6},"end":{"line":1149,"column":7}},"311":{"start":{"line":1144,"column":8},"end":{"line":1144,"column":70}},"312":{"start":{"line":1145,"column":8},"end":{"line":1148,"column":11}},"313":{"start":{"line":1152,"column":4},"end":{"line":1154,"column":7}},"314":{"start":{"line":1153,"column":6},"end":{"line":1153,"column":28}},"315":{"start":{"line":1156,"column":4},"end":{"line":1156,"column":11}},"316":{"start":{"line":1164,"column":4},"end":{"line":1164,"column":64}},"317":{"start":{"line":1167,"column":4},"end":{"line":1167,"column":54}},"318":{"start":{"line":1170,"column":4},"end":{"line":1170,"column":59}},"319":{"start":{"line":1173,"column":4},"end":{"line":1175,"column":5}},"320":{"start":{"line":1174,"column":6},"end":{"line":1174,"column":51}},"321":{"start":{"line":1178,"column":4},"end":{"line":1178,"column":50}},"322":{"start":{"line":1179,"column":4},"end":{"line":1179,"column":72}},"323":{"start":{"line":1182,"column":4},"end":{"line":1182,"column":60}},"324":{"start":{"line":1185,"column":4},"end":{"line":1185,"column":59}},"325":{"start":{"line":1187,"column":4},"end":{"line":1187,"column":60}},"326":{"start":{"line":1195,"column":4},"end":{"line":1195,"column":53}},"327":{"start":{"line":1198,"column":4},"end":{"line":1205,"column":7}},"328":{"start":{"line":1199,"column":6},"end":{"line":1204,"column":9}},"329":{"start":{"line":1208,"column":4},"end":{"line":1222,"column":7}},"330":{"start":{"line":1209,"column":6},"end":{"line":1221,"column":7}},"331":{"start":{"line":1210,"column":30},"end":{"line":1210,"column":53}},"332":{"start":{"line":1211,"column":27},"end":{"line":1211,"column":60}},"333":{"start":{"line":1212,"column":8},"end":{"line":1212,"column":51}},"334":{"start":{"line":1214,"column":8},"end":{"line":1214,"column":89}},"335":{"start":{"line":1215,"column":8},"end":{"line":1220,"column":11}},"336":{"start":{"line":1225,"column":4},"end":{"line":1227,"column":7}},"337":{"start":{"line":1226,"column":6},"end":{"line":1226,"column":41}},"338":{"start":{"line":1230,"column":4},"end":{"line":1232,"column":7}},"339":{"start":{"line":1231,"column":6},"end":{"line":1231,"column":49}},"340":{"start":{"line":1234,"column":4},"end":{"line":1234,"column":55}},"341":{"start":{"line":1241,"column":4},"end":{"line":1299,"column":7}},"342":{"start":{"line":1242,"column":6},"end":{"line":1298,"column":7}},"343":{"start":{"line":1243,"column":23},"end":{"line":1243,"column":28}},"344":{"start":{"line":1245,"column":30},"end":{"line":1251,"column":9}},"345":{"start":{"line":1246,"column":10},"end":{"line":1250,"column":11}},"346":{"start":{"line":1247,"column":12},"end":{"line":1247,"column":28}},"347":{"start":{"line":1248,"column":12},"end":{"line":1248,"column":41}},"348":{"start":{"line":1249,"column":12},"end":{"line":1249,"column":22}},"349":{"start":{"line":1253,"column":29},"end":{"line":1260,"column":9}},"350":{"start":{"line":1254,"column":10},"end":{"line":1259,"column":11}},"351":{"start":{"line":1255,"column":12},"end":{"line":1255,"column":28}},"352":{"start":{"line":1256,"column":12},"end":{"line":1256,"column":41}},"353":{"start":{"line":1257,"column":12},"end":{"line":1257,"column":43}},"354":{"start":{"line":1258,"column":12},"end":{"line":1258,"column":26}},"355":{"start":{"line":1263,"column":8},"end":{"line":1263,"column":74}},"356":{"start":{"line":1265,"column":8},"end":{"line":1278,"column":11}},"357":{"start":{"line":1266,"column":10},"end":{"line":1266,"column":77}},"358":{"start":{"line":1269,"column":10},"end":{"line":1277,"column":11}},"359":{"start":{"line":1270,"column":30},"end":{"line":1270,"column":85}},"360":{"start":{"line":1271,"column":12},"end":{"line":1271,"column":36}},"361":{"start":{"line":1272,"column":17},"end":{"line":1277,"column":11}},"362":{"start":{"line":1273,"column":30},"end":{"line":1273,"column":96}},"363":{"start":{"line":1274,"column":12},"end":{"line":1274,"column":36}},"364":{"start":{"line":1276,"column":12},"end":{"line":1276,"column":32}},"365":{"start":{"line":1280,"column":8},"end":{"line":1283,"column":11}},"366":{"start":{"line":1281,"column":10},"end":{"line":1281,"column":95}},"367":{"start":{"line":1282,"column":10},"end":{"line":1282,"column":26}},"368":{"start":{"line":1286,"column":8},"end":{"line":1286,"column":57}},"369":{"start":{"line":1289,"column":31},"end":{"line":1293,"column":16}},"370":{"start":{"line":1290,"column":10},"end":{"line":1292,"column":11}},"371":{"start":{"line":1291,"column":12},"end":{"line":1291,"column":77}},"372":{"start":{"line":1296,"column":8},"end":{"line":1296,"column":39}},"373":{"start":{"line":1297,"column":8},"end":{"line":1297,"column":22}},"374":{"start":{"line":1306,"column":4},"end":{"line":1309,"column":5}},"375":{"start":{"line":1307,"column":6},"end":{"line":1307,"column":50}},"376":{"start":{"line":1308,"column":6},"end":{"line":1308,"column":13}},"377":{"start":{"line":1311,"column":4},"end":{"line":1361,"column":7}},"378":{"start":{"line":1313,"column":21},"end":{"line":1313,"column":26}},"379":{"start":{"line":1315,"column":24},"end":{"line":1321,"column":7}},"380":{"start":{"line":1316,"column":8},"end":{"line":1320,"column":9}},"381":{"start":{"line":1317,"column":10},"end":{"line":1317,"column":26}},"382":{"start":{"line":1318,"column":10},"end":{"line":1318,"column":29}},"383":{"start":{"line":1319,"column":10},"end":{"line":1319,"column":20}},"384":{"start":{"line":1324,"column":6},"end":{"line":1331,"column":9}},"385":{"start":{"line":1325,"column":8},"end":{"line":1329,"column":9}},"386":{"start":{"line":1326,"column":10},"end":{"line":1326,"column":86}},"387":{"start":{"line":1328,"column":10},"end":{"line":1328,"column":63}},"388":{"start":{"line":1330,"column":8},"end":{"line":1330,"column":20}},"389":{"start":{"line":1334,"column":6},"end":{"line":1352,"column":7}},"390":{"start":{"line":1335,"column":8},"end":{"line":1351,"column":11}},"391":{"start":{"line":1336,"column":10},"end":{"line":1350,"column":11}},"392":{"start":{"line":1337,"column":12},"end":{"line":1337,"column":81}},"393":{"start":{"line":1340,"column":12},"end":{"line":1340,"column":48}},"394":{"start":{"line":1343,"column":12},"end":{"line":1349,"column":13}},"395":{"start":{"line":1344,"column":14},"end":{"line":1348,"column":15}},"396":{"start":{"line":1345,"column":16},"end":{"line":1347,"column":17}},"397":{"start":{"line":1346,"column":18},"end":{"line":1346,"column":35}},"398":{"start":{"line":1355,"column":6},"end":{"line":1360,"column":14}},"399":{"start":{"line":1356,"column":8},"end":{"line":1359,"column":9}},"400":{"start":{"line":1357,"column":10},"end":{"line":1357,"column":66}},"401":{"start":{"line":1358,"column":10},"end":{"line":1358,"column":22}},"402":{"start":{"line":1368,"column":4},"end":{"line":1368,"column":55}},"403":{"start":{"line":1370,"column":27},"end":{"line":1376,"column":5}},"404":{"start":{"line":1371,"column":6},"end":{"line":1371,"column":78}},"405":{"start":{"line":1372,"column":6},"end":{"line":1375,"column":9}},"406":{"start":{"line":1373,"column":8},"end":{"line":1373,"column":88}},"407":{"start":{"line":1374,"column":8},"end":{"line":1374,"column":24}},"408":{"start":{"line":1379,"column":4},"end":{"line":1379,"column":69}},"409":{"start":{"line":1379,"column":43},"end":{"line":1379,"column":68}},"410":{"start":{"line":1380,"column":4},"end":{"line":1380,"column":67}},"411":{"start":{"line":1380,"column":42},"end":{"line":1380,"column":66}},"412":{"start":{"line":1382,"column":4},"end":{"line":1382,"column":58}},"413":{"start":{"line":1383,"column":4},"end":{"line":1383,"column":56}},"414":{"start":{"line":1385,"column":4},"end":{"line":1385,"column":57}},"415":{"start":{"line":1392,"column":4},"end":{"line":1392,"column":53}},"416":{"start":{"line":1394,"column":4},"end":{"line":1399,"column":5}},"417":{"start":{"line":1395,"column":22},"end":{"line":1395,"column":49}},"418":{"start":{"line":1396,"column":6},"end":{"line":1398,"column":7}},"419":{"start":{"line":1397,"column":8},"end":{"line":1397,"column":48}},"420":{"start":{"line":1401,"column":4},"end":{"line":1401,"column":29}},"421":{"start":{"line":1402,"column":4},"end":{"line":1402,"column":49}},"422":{"start":{"line":1409,"column":4},"end":{"line":1409,"column":58}},"423":{"start":{"line":1410,"column":4},"end":{"line":1412,"column":5}},"424":{"start":{"line":1411,"column":6},"end":{"line":1411,"column":40}},"425":{"start":{"line":1419,"column":44},"end":{"line":1421,"column":6}},"426":{"start":{"line":1423,"column":4},"end":{"line":1426,"column":6}},"427":{"start":{"line":1433,"column":4},"end":{"line":1691,"column":6}},"428":{"start":{"line":1698,"column":38},"end":{"line":1698,"column":52}},"429":{"start":{"line":1700,"column":4},"end":{"line":1758,"column":5}},"430":{"start":{"line":1701,"column":6},"end":{"line":1703,"column":7}},"431":{"start":{"line":1702,"column":8},"end":{"line":1702,"column":49}},"432":{"start":{"line":1705,"column":6},"end":{"line":1747,"column":7}},"433":{"start":{"line":1707,"column":24},"end":{"line":1707,"column":77}},"434":{"start":{"line":1708,"column":10},"end":{"line":1715,"column":12}},"435":{"start":{"line":1718,"column":10},"end":{"line":1728,"column":11}},"436":{"start":{"line":1719,"column":34},"end":{"line":1719,"column":87}},"437":{"start":{"line":1720,"column":12},"end":{"line":1727,"column":14}},"438":{"start":{"line":1729,"column":10},"end":{"line":1736,"column":12}},"439":{"start":{"line":1739,"column":10},"end":{"line":1746,"column":12}},"440":{"start":{"line":1749,"column":6},"end":{"line":1757,"column":8}},"441":{"start":{"line":1766,"column":4},"end":{"line":1768,"column":7}},"442":{"start":{"line":1767,"column":6},"end":{"line":1767,"column":37}},"443":{"start":{"line":1771,"column":4},"end":{"line":1773,"column":7}},"444":{"start":{"line":1772,"column":6},"end":{"line":1772,"column":44}},"445":{"start":{"line":1777,"column":4},"end":{"line":1777,"column":37}},"446":{"start":{"line":1778,"column":4},"end":{"line":1778,"column":16}},"447":{"start":{"line":1782,"column":4},"end":{"line":1782,"column":45}},"448":{"start":{"line":1786,"column":4},"end":{"line":1786,"column":45}},"449":{"start":{"line":288,"column":0},"end":{"line":288,"column":13}}},"fnMap":{"0":{"name":"(anonymous_10)","decl":{"start":{"line":25,"column":0},"end":{"line":25,"column":12}},"loc":{"start":{"line":25,"column":20},"end":{"line":32,"column":1}}},"1":{"name":"(anonymous_11)","decl":{"start":{"line":60,"column":0},"end":{"line":60,"column":12}},"loc":{"start":{"line":60,"column":25},"end":{"line":71,"column":1}}},"2":{"name":"(anonymous_12)","decl":{"start":{"line":146,"column":0},"end":{"line":146,"column":12}},"loc":{"start":{"line":146,"column":23},"end":{"line":152,"column":1}}},"3":{"name":"negotiateCapabilities","decl":{"start":{"line":244,"column":9},"end":{"line":244,"column":30}},"loc":{"start":{"line":244,"column":58},"end":{"line":282,"column":1}}},"4":{"name":"(anonymous_14)","decl":{"start":{"line":328,"column":2},"end":{"line":328,"column":14}},"loc":{"start":{"line":328,"column":51},"end":{"line":387,"column":3}}},"5":{"name":"(anonymous_15)","decl":{"start":{"line":392,"column":9},"end":{"line":392,"column":17}},"loc":{"start":{"line":392,"column":17},"end":{"line":394,"column":3}}},"6":{"name":"(anonymous_16)","decl":{"start":{"line":399,"column":9},"end":{"line":399,"column":27}},"loc":{"start":{"line":399,"column":27},"end":{"line":401,"column":3}}},"7":{"name":"(anonymous_17)","decl":{"start":{"line":406,"column":9},"end":{"line":406,"column":18}},"loc":{"start":{"line":406,"column":18},"end":{"line":411,"column":3}}},"8":{"name":"(anonymous_18)","decl":{"start":{"line":416,"column":9},"end":{"line":416,"column":25}},"loc":{"start":{"line":416,"column":25},"end":{"line":463,"column":3}}},"9":{"name":"(anonymous_19)","decl":{"start":{"line":468,"column":9},"end":{"line":468,"column":18}},"loc":{"start":{"line":468,"column":18},"end":{"line":499,"column":3}}},"10":{"name":"(anonymous_20)","decl":{"start":{"line":504,"column":10},"end":{"line":504,"column":19}},"loc":{"start":{"line":504,"column":19},"end":{"line":507,"column":3}}},"11":{"name":"(anonymous_21)","decl":{"start":{"line":512,"column":10},"end":{"line":512,"column":24}},"loc":{"start":{"line":512,"column":24},"end":{"line":515,"column":3}}},"12":{"name":"(anonymous_22)","decl":{"start":{"line":513,"column":56},"end":{"line":513,"column":57}},"loc":{"start":{"line":513,"column":66},"end":{"line":513,"column":71}}},"13":{"name":"(anonymous_23)","decl":{"start":{"line":520,"column":10},"end":{"line":520,"column":22}},"loc":{"start":{"line":520,"column":22},"end":{"line":523,"column":3}}},"14":{"name":"(anonymous_24)","decl":{"start":{"line":521,"column":54},"end":{"line":521,"column":55}},"loc":{"start":{"line":521,"column":64},"end":{"line":521,"column":69}}},"15":{"name":"(anonymous_25)","decl":{"start":{"line":528,"column":10},"end":{"line":528,"column":28}},"loc":{"start":{"line":528,"column":28},"end":{"line":538,"column":3}}},"16":{"name":"(anonymous_26)","decl":{"start":{"line":543,"column":10},"end":{"line":543,"column":31}},"loc":{"start":{"line":543,"column":31},"end":{"line":551,"column":3}}},"17":{"name":"(anonymous_27)","decl":{"start":{"line":556,"column":10},"end":{"line":556,"column":29}},"loc":{"start":{"line":556,"column":29},"end":{"line":564,"column":3}}},"18":{"name":"(anonymous_28)","decl":{"start":{"line":570,"column":9},"end":{"line":570,"column":14}},"loc":{"start":{"line":570,"column":25},"end":{"line":594,"column":3}}},"19":{"name":"(anonymous_29)","decl":{"start":{"line":600,"column":9},"end":{"line":600,"column":14}},"loc":{"start":{"line":600,"column":23},"end":{"line":626,"column":3}}},"20":{"name":"(anonymous_30)","decl":{"start":{"line":632,"column":10},"end":{"line":632,"column":29}},"loc":{"start":{"line":632,"column":57},"end":{"line":699,"column":3}}},"21":{"name":"(anonymous_31)","decl":{"start":{"line":671,"column":31},"end":{"line":671,"column":34}},"loc":{"start":{"line":671,"column":36},"end":{"line":674,"column":5}}},"22":{"name":"(anonymous_32)","decl":{"start":{"line":676,"column":20},"end":{"line":676,"column":23}},"loc":{"start":{"line":676,"column":25},"end":{"line":680,"column":5}}},"23":{"name":"(anonymous_33)","decl":{"start":{"line":682,"column":22},"end":{"line":682,"column":25}},"loc":{"start":{"line":682,"column":27},"end":{"line":686,"column":5}}},"24":{"name":"(anonymous_34)","decl":{"start":{"line":688,"column":20},"end":{"line":688,"column":21}},"loc":{"start":{"line":688,"column":30},"end":{"line":692,"column":5}}},"25":{"name":"(anonymous_35)","decl":{"start":{"line":694,"column":21},"end":{"line":694,"column":24}},"loc":{"start":{"line":694,"column":26},"end":{"line":698,"column":5}}},"26":{"name":"(anonymous_36)","decl":{"start":{"line":705,"column":10},"end":{"line":705,"column":15}},"loc":{"start":{"line":705,"column":60},"end":{"line":879,"column":3}}},"27":{"name":"(anonymous_37)","decl":{"start":{"line":885,"column":10},"end":{"line":885,"column":26}},"loc":{"start":{"line":885,"column":40},"end":{"line":896,"column":3}}},"28":{"name":"(anonymous_38)","decl":{"start":{"line":902,"column":10},"end":{"line":902,"column":24}},"loc":{"start":{"line":902,"column":64},"end":{"line":914,"column":3}}},"29":{"name":"(anonymous_39)","decl":{"start":{"line":920,"column":10},"end":{"line":920,"column":32}},"loc":{"start":{"line":920,"column":57},"end":{"line":926,"column":3}}},"30":{"name":"(anonymous_40)","decl":{"start":{"line":931,"column":10},"end":{"line":931,"column":13}},"loc":{"start":{"line":936,"column":22},"end":{"line":1009,"column":3}}},"31":{"name":"(anonymous_41)","decl":{"start":{"line":1014,"column":10},"end":{"line":1014,"column":29}},"loc":{"start":{"line":1014,"column":45},"end":{"line":1016,"column":3}}},"32":{"name":"(anonymous_42)","decl":{"start":{"line":1021,"column":10},"end":{"line":1021,"column":26}},"loc":{"start":{"line":1021,"column":42},"end":{"line":1042,"column":3}}},"33":{"name":"(anonymous_43)","decl":{"start":{"line":1047,"column":10},"end":{"line":1047,"column":29}},"loc":{"start":{"line":1047,"column":39},"end":{"line":1065,"column":3}}},"34":{"name":"(anonymous_44)","decl":{"start":{"line":1055,"column":49},"end":{"line":1055,"column":54}},"loc":{"start":{"line":1056,"column":8},"end":{"line":1056,"column":55}}},"35":{"name":"(anonymous_45)","decl":{"start":{"line":1070,"column":9},"end":{"line":1070,"column":24}},"loc":{"start":{"line":1070,"column":24},"end":{"line":1076,"column":3}}},"36":{"name":"(anonymous_46)","decl":{"start":{"line":1082,"column":10},"end":{"line":1082,"column":29}},"loc":{"start":{"line":1082,"column":74},"end":{"line":1086,"column":3}}},"37":{"name":"(anonymous_47)","decl":{"start":{"line":1092,"column":10},"end":{"line":1092,"column":34}},"loc":{"start":{"line":1092,"column":78},"end":{"line":1107,"column":3}}},"38":{"name":"(anonymous_48)","decl":{"start":{"line":1100,"column":21},"end":{"line":1100,"column":24}},"loc":{"start":{"line":1100,"column":26},"end":{"line":1104,"column":5}}},"39":{"name":"(anonymous_49)","decl":{"start":{"line":1113,"column":10},"end":{"line":1113,"column":24}},"loc":{"start":{"line":1113,"column":69},"end":{"line":1119,"column":3}}},"40":{"name":"(anonymous_50)","decl":{"start":{"line":1125,"column":10},"end":{"line":1125,"column":35}},"loc":{"start":{"line":1125,"column":80},"end":{"line":1135,"column":3}}},"41":{"name":"(anonymous_51)","decl":{"start":{"line":1141,"column":10},"end":{"line":1141,"column":34}},"loc":{"start":{"line":1141,"column":78},"end":{"line":1157,"column":3}}},"42":{"name":"(anonymous_52)","decl":{"start":{"line":1142,"column":31},"end":{"line":1142,"column":34}},"loc":{"start":{"line":1142,"column":36},"end":{"line":1150,"column":5}}},"43":{"name":"(anonymous_53)","decl":{"start":{"line":1152,"column":21},"end":{"line":1152,"column":24}},"loc":{"start":{"line":1152,"column":26},"end":{"line":1154,"column":5}}},"44":{"name":"(anonymous_54)","decl":{"start":{"line":1163,"column":10},"end":{"line":1163,"column":25}},"loc":{"start":{"line":1163,"column":25},"end":{"line":1188,"column":3}}},"45":{"name":"(anonymous_55)","decl":{"start":{"line":1194,"column":10},"end":{"line":1194,"column":21}},"loc":{"start":{"line":1194,"column":21},"end":{"line":1235,"column":3}}},"46":{"name":"(anonymous_56)","decl":{"start":{"line":1198,"column":22},"end":{"line":1198,"column":23}},"loc":{"start":{"line":1198,"column":36},"end":{"line":1205,"column":5}}},"47":{"name":"(anonymous_57)","decl":{"start":{"line":1208,"column":28},"end":{"line":1208,"column":29}},"loc":{"start":{"line":1208,"column":42},"end":{"line":1222,"column":5}}},"48":{"name":"(anonymous_58)","decl":{"start":{"line":1225,"column":25},"end":{"line":1225,"column":26}},"loc":{"start":{"line":1225,"column":38},"end":{"line":1227,"column":5}}},"49":{"name":"(anonymous_59)","decl":{"start":{"line":1230,"column":30},"end":{"line":1230,"column":35}},"loc":{"start":{"line":1230,"column":49},"end":{"line":1232,"column":5}}},"50":{"name":"(anonymous_60)","decl":{"start":{"line":1240,"column":10},"end":{"line":1240,"column":15}},"loc":{"start":{"line":1240,"column":31},"end":{"line":1300,"column":3}}},"51":{"name":"(anonymous_61)","decl":{"start":{"line":1241,"column":23},"end":{"line":1241,"column":24}},"loc":{"start":{"line":1241,"column":43},"end":{"line":1299,"column":5}}},"52":{"name":"(anonymous_62)","decl":{"start":{"line":1245,"column":30},"end":{"line":1245,"column":33}},"loc":{"start":{"line":1245,"column":35},"end":{"line":1251,"column":9}}},"53":{"name":"(anonymous_63)","decl":{"start":{"line":1253,"column":29},"end":{"line":1253,"column":30}},"loc":{"start":{"line":1253,"column":44},"end":{"line":1260,"column":9}}},"54":{"name":"(anonymous_64)","decl":{"start":{"line":1265,"column":32},"end":{"line":1265,"column":33}},"loc":{"start":{"line":1265,"column":47},"end":{"line":1278,"column":9}}},"55":{"name":"(anonymous_65)","decl":{"start":{"line":1280,"column":36},"end":{"line":1280,"column":39}},"loc":{"start":{"line":1280,"column":41},"end":{"line":1283,"column":9}}},"56":{"name":"(anonymous_66)","decl":{"start":{"line":1289,"column":42},"end":{"line":1289,"column":45}},"loc":{"start":{"line":1289,"column":47},"end":{"line":1293,"column":9}}},"57":{"name":"(anonymous_67)","decl":{"start":{"line":1305,"column":10},"end":{"line":1305,"column":15}},"loc":{"start":{"line":1305,"column":30},"end":{"line":1362,"column":3}}},"58":{"name":"(anonymous_68)","decl":{"start":{"line":1311,"column":23},"end":{"line":1311,"column":24}},"loc":{"start":{"line":1311,"column":35},"end":{"line":1361,"column":5}}},"59":{"name":"(anonymous_69)","decl":{"start":{"line":1315,"column":24},"end":{"line":1315,"column":27}},"loc":{"start":{"line":1315,"column":29},"end":{"line":1321,"column":7}}},"60":{"name":"(anonymous_70)","decl":{"start":{"line":1324,"column":24},"end":{"line":1324,"column":25}},"loc":{"start":{"line":1324,"column":39},"end":{"line":1331,"column":7}}},"61":{"name":"(anonymous_71)","decl":{"start":{"line":1335,"column":35},"end":{"line":1335,"column":36}},"loc":{"start":{"line":1335,"column":63},"end":{"line":1351,"column":9}}},"62":{"name":"(anonymous_72)","decl":{"start":{"line":1355,"column":17},"end":{"line":1355,"column":20}},"loc":{"start":{"line":1355,"column":22},"end":{"line":1360,"column":7}}},"63":{"name":"(anonymous_73)","decl":{"start":{"line":1367,"column":10},"end":{"line":1367,"column":29}},"loc":{"start":{"line":1367,"column":29},"end":{"line":1386,"column":3}}},"64":{"name":"(anonymous_74)","decl":{"start":{"line":1370,"column":27},"end":{"line":1370,"column":28}},"loc":{"start":{"line":1370,"column":46},"end":{"line":1376,"column":5}}},"65":{"name":"(anonymous_75)","decl":{"start":{"line":1372,"column":28},"end":{"line":1372,"column":29}},"loc":{"start":{"line":1372,"column":38},"end":{"line":1375,"column":7}}},"66":{"name":"(anonymous_76)","decl":{"start":{"line":1379,"column":37},"end":{"line":1379,"column":40}},"loc":{"start":{"line":1379,"column":43},"end":{"line":1379,"column":68}}},"67":{"name":"(anonymous_77)","decl":{"start":{"line":1380,"column":36},"end":{"line":1380,"column":39}},"loc":{"start":{"line":1380,"column":42},"end":{"line":1380,"column":66}}},"68":{"name":"(anonymous_78)","decl":{"start":{"line":1391,"column":10},"end":{"line":1391,"column":30}},"loc":{"start":{"line":1391,"column":30},"end":{"line":1403,"column":3}}},"69":{"name":"(anonymous_79)","decl":{"start":{"line":1408,"column":10},"end":{"line":1408,"column":29}},"loc":{"start":{"line":1408,"column":29},"end":{"line":1413,"column":3}}},"70":{"name":"(anonymous_80)","decl":{"start":{"line":1418,"column":10},"end":{"line":1418,"column":25}},"loc":{"start":{"line":1418,"column":25},"end":{"line":1427,"column":3}}},"71":{"name":"(anonymous_81)","decl":{"start":{"line":1432,"column":10},"end":{"line":1432,"column":15}},"loc":{"start":{"line":1432,"column":32},"end":{"line":1692,"column":3}}},"72":{"name":"(anonymous_82)","decl":{"start":{"line":1697,"column":10},"end":{"line":1697,"column":15}},"loc":{"start":{"line":1697,"column":45},"end":{"line":1759,"column":3}}},"73":{"name":"(anonymous_83)","decl":{"start":{"line":1764,"column":10},"end":{"line":1764,"column":26}},"loc":{"start":{"line":1764,"column":26},"end":{"line":1774,"column":3}}},"74":{"name":"(anonymous_84)","decl":{"start":{"line":1766,"column":51},"end":{"line":1766,"column":56}},"loc":{"start":{"line":1766,"column":62},"end":{"line":1768,"column":5}}},"75":{"name":"(anonymous_85)","decl":{"start":{"line":1771,"column":50},"end":{"line":1771,"column":55}},"loc":{"start":{"line":1771,"column":68},"end":{"line":1773,"column":5}}},"76":{"name":"(anonymous_86)","decl":{"start":{"line":1776,"column":9},"end":{"line":1776,"column":11}},"loc":{"start":{"line":1776,"column":61},"end":{"line":1779,"column":3}}},"77":{"name":"(anonymous_87)","decl":{"start":{"line":1781,"column":9},"end":{"line":1781,"column":13}},"loc":{"start":{"line":1781,"column":43},"end":{"line":1783,"column":3}}},"78":{"name":"(anonymous_88)","decl":{"start":{"line":1785,"column":9},"end":{"line":1785,"column":18}},"loc":{"start":{"line":1785,"column":43},"end":{"line":1787,"column":3}}}},"branchMap":{"0":{"loc":{"start":{"line":25,"column":12},"end":{"line":25,"column":null}},"type":"binary-expr","locations":[{"start":{"line":25,"column":12},"end":{"line":25,"column":20}},{"start":{"line":25,"column":20},"end":{"line":25,"column":null}}]},"1":{"loc":{"start":{"line":60,"column":12},"end":{"line":60,"column":null}},"type":"binary-expr","locations":[{"start":{"line":60,"column":12},"end":{"line":60,"column":25}},{"start":{"line":60,"column":25},"end":{"line":60,"column":null}}]},"2":{"loc":{"start":{"line":146,"column":12},"end":{"line":146,"column":null}},"type":"binary-expr","locations":[{"start":{"line":146,"column":12},"end":{"line":146,"column":23}},{"start":{"line":146,"column":23},"end":{"line":146,"column":null}}]},"3":{"loc":{"start":{"line":246,"column":2},"end":{"line":248,"column":3}},"type":"if","locations":[{"start":{"line":246,"column":2},"end":{"line":248,"column":3}}]},"4":{"loc":{"start":{"line":246,"column":6},"end":{"line":246,"column":66}},"type":"binary-expr","locations":[{"start":{"line":246,"column":6},"end":{"line":246,"column":24}},{"start":{"line":246,"column":28},"end":{"line":246,"column":66}}]},"5":{"loc":{"start":{"line":251,"column":2},"end":{"line":258,"column":3}},"type":"if","locations":[{"start":{"line":251,"column":2},"end":{"line":258,"column":3}}]},"6":{"loc":{"start":{"line":254,"column":6},"end":{"line":256,"column":7}},"type":"if","locations":[{"start":{"line":254,"column":6},"end":{"line":256,"column":7}}]},"7":{"loc":{"start":{"line":254,"column":10},"end":{"line":254,"column":53}},"type":"binary-expr","locations":[{"start":{"line":254,"column":10},"end":{"line":254,"column":24}},{"start":{"line":254,"column":28},"end":{"line":254,"column":53}}]},"8":{"loc":{"start":{"line":264,"column":2},"end":{"line":279,"column":3}},"type":"if","locations":[{"start":{"line":264,"column":2},"end":{"line":279,"column":3}}]},"9":{"loc":{"start":{"line":267,"column":6},"end":{"line":277,"column":7}},"type":"if","locations":[{"start":{"line":267,"column":6},"end":{"line":277,"column":7}}]},"10":{"loc":{"start":{"line":328,"column":14},"end":{"line":328,"column":51}},"type":"default-arg","locations":[{"start":{"line":328,"column":49},"end":{"line":328,"column":51}}]},"11":{"loc":{"start":{"line":368,"column":10},"end":{"line":368,"column":34}},"type":"binary-expr","locations":[{"start":{"line":368,"column":10},"end":{"line":368,"column":28}},{"start":{"line":368,"column":32},"end":{"line":368,"column":34}}]},"12":{"loc":{"start":{"line":443,"column":15},"end":{"line":443,"column":36}},"type":"binary-expr","locations":[{"start":{"line":443,"column":15},"end":{"line":443,"column":31}},{"start":{"line":443,"column":35},"end":{"line":443,"column":36}}]},"13":{"loc":{"start":{"line":469,"column":4},"end":{"line":471,"column":5}},"type":"if","locations":[{"start":{"line":469,"column":4},"end":{"line":471,"column":5}}]},"14":{"loc":{"start":{"line":477,"column":4},"end":{"line":479,"column":5}},"type":"if","locations":[{"start":{"line":477,"column":4},"end":{"line":479,"column":5}}]},"15":{"loc":{"start":{"line":483,"column":4},"end":{"line":485,"column":5}},"type":"if","locations":[{"start":{"line":483,"column":4},"end":{"line":485,"column":5}}]},"16":{"loc":{"start":{"line":483,"column":8},"end":{"line":483,"column":81}},"type":"binary-expr","locations":[{"start":{"line":483,"column":8},"end":{"line":483,"column":24}},{"start":{"line":483,"column":28},"end":{"line":483,"column":81}}]},"17":{"loc":{"start":{"line":488,"column":4},"end":{"line":490,"column":5}},"type":"if","locations":[{"start":{"line":488,"column":4},"end":{"line":490,"column":5}}]},"18":{"loc":{"start":{"line":494,"column":4},"end":{"line":496,"column":5}},"type":"if","locations":[{"start":{"line":494,"column":4},"end":{"line":496,"column":5}}]},"19":{"loc":{"start":{"line":532,"column":4},"end":{"line":537,"column":5}},"type":"if","locations":[{"start":{"line":532,"column":4},"end":{"line":537,"column":5}}]},"20":{"loc":{"start":{"line":548,"column":4},"end":{"line":550,"column":5}},"type":"if","locations":[{"start":{"line":548,"column":4},"end":{"line":550,"column":5}}]},"21":{"loc":{"start":{"line":561,"column":4},"end":{"line":563,"column":5}},"type":"if","locations":[{"start":{"line":561,"column":4},"end":{"line":563,"column":5}}]},"22":{"loc":{"start":{"line":571,"column":4},"end":{"line":574,"column":5}},"type":"if","locations":[{"start":{"line":571,"column":4},"end":{"line":574,"column":5}}]},"23":{"loc":{"start":{"line":601,"column":4},"end":{"line":604,"column":5}},"type":"if","locations":[{"start":{"line":601,"column":4},"end":{"line":604,"column":5}}]},"24":{"loc":{"start":{"line":601,"column":8},"end":{"line":601,"column":81}},"type":"binary-expr","locations":[{"start":{"line":601,"column":8},"end":{"line":601,"column":42}},{"start":{"line":601,"column":46},"end":{"line":601,"column":81}}]},"25":{"loc":{"start":{"line":633,"column":23},"end":{"line":633,"column":57}},"type":"binary-expr","locations":[{"start":{"line":633,"column":23},"end":{"line":633,"column":44}},{"start":{"line":633,"column":48},"end":{"line":633,"column":57}}]},"26":{"loc":{"start":{"line":636,"column":4},"end":{"line":639,"column":5}},"type":"if","locations":[{"start":{"line":636,"column":4},"end":{"line":639,"column":5}}]},"27":{"loc":{"start":{"line":636,"column":8},"end":{"line":636,"column":40}},"type":"binary-expr","locations":[{"start":{"line":636,"column":8},"end":{"line":636,"column":21}},{"start":{"line":636,"column":25},"end":{"line":636,"column":40}}]},"28":{"loc":{"start":{"line":710,"column":6},"end":{"line":725,"column":7}},"type":"if","locations":[{"start":{"line":710,"column":6},"end":{"line":725,"column":7}}]},"29":{"loc":{"start":{"line":710,"column":10},"end":{"line":714,"column":43}},"type":"binary-expr","locations":[{"start":{"line":710,"column":10},"end":{"line":710,"column":26}},{"start":{"line":711,"column":10},"end":{"line":711,"column":31}},{"start":{"line":712,"column":10},"end":{"line":712,"column":37}},{"start":{"line":713,"column":10},"end":{"line":713,"column":32}},{"start":{"line":714,"column":10},"end":{"line":714,"column":43}}]},"30":{"loc":{"start":{"line":717,"column":14},"end":{"line":717,"column":33}},"type":"binary-expr","locations":[{"start":{"line":717,"column":14},"end":{"line":717,"column":25}},{"start":{"line":717,"column":29},"end":{"line":717,"column":33}}]},"31":{"loc":{"start":{"line":728,"column":6},"end":{"line":739,"column":7}},"type":"if","locations":[{"start":{"line":728,"column":6},"end":{"line":739,"column":7}}]},"32":{"loc":{"start":{"line":728,"column":10},"end":{"line":728,"column":92}},"type":"binary-expr","locations":[{"start":{"line":728,"column":10},"end":{"line":728,"column":35}},{"start":{"line":728,"column":39},"end":{"line":728,"column":54}},{"start":{"line":728,"column":58},"end":{"line":728,"column":92}}]},"33":{"loc":{"start":{"line":731,"column":14},"end":{"line":731,"column":33}},"type":"binary-expr","locations":[{"start":{"line":731,"column":14},"end":{"line":731,"column":25}},{"start":{"line":731,"column":29},"end":{"line":731,"column":33}}]},"34":{"loc":{"start":{"line":744,"column":8},"end":{"line":851,"column":9}},"type":"switch","locations":[{"start":{"line":745,"column":10},"end":{"line":799,"column":18}},{"start":{"line":801,"column":10},"end":{"line":809,"column":18}},{"start":{"line":811,"column":10},"end":{"line":819,"column":18}},{"start":{"line":821,"column":10},"end":{"line":829,"column":18}},{"start":{"line":831,"column":10},"end":{"line":839,"column":18}},{"start":{"line":841,"column":10},"end":{"line":850,"column":14}}]},"35":{"loc":{"start":{"line":747,"column":12},"end":{"line":758,"column":13}},"type":"if","locations":[{"start":{"line":747,"column":12},"end":{"line":758,"column":13}}]},"36":{"loc":{"start":{"line":760,"column":12},"end":{"line":771,"column":13}},"type":"if","locations":[{"start":{"line":760,"column":12},"end":{"line":771,"column":13}}]},"37":{"loc":{"start":{"line":795,"column":24},"end":{"line":795,"column":87}},"type":"cond-expr","locations":[{"start":{"line":795,"column":49},"end":{"line":795,"column":62}},{"start":{"line":795,"column":65},"end":{"line":795,"column":87}}]},"38":{"loc":{"start":{"line":860,"column":18},"end":{"line":860,"column":74}},"type":"cond-expr","locations":[{"start":{"line":860,"column":43},"end":{"line":860,"column":56}},{"start":{"line":860,"column":59},"end":{"line":860,"column":74}}]},"39":{"loc":{"start":{"line":871,"column":12},"end":{"line":871,"column":31}},"type":"binary-expr","locations":[{"start":{"line":871,"column":12},"end":{"line":871,"column":23}},{"start":{"line":871,"column":27},"end":{"line":871,"column":31}}]},"40":{"loc":{"start":{"line":875,"column":16},"end":{"line":875,"column":72}},"type":"cond-expr","locations":[{"start":{"line":875,"column":41},"end":{"line":875,"column":54}},{"start":{"line":875,"column":57},"end":{"line":875,"column":72}}]},"41":{"loc":{"start":{"line":886,"column":4},"end":{"line":895,"column":5}},"type":"if","locations":[{"start":{"line":886,"column":4},"end":{"line":895,"column":5}}]},"42":{"loc":{"start":{"line":892,"column":6},"end":{"line":894,"column":7}},"type":"if","locations":[{"start":{"line":892,"column":6},"end":{"line":894,"column":7}}]},"43":{"loc":{"start":{"line":903,"column":4},"end":{"line":905,"column":5}},"type":"if","locations":[{"start":{"line":903,"column":4},"end":{"line":905,"column":5}}]},"44":{"loc":{"start":{"line":903,"column":8},"end":{"line":903,"column":57}},"type":"binary-expr","locations":[{"start":{"line":903,"column":8},"end":{"line":903,"column":21}},{"start":{"line":903,"column":25},"end":{"line":903,"column":57}}]},"45":{"loc":{"start":{"line":940,"column":4},"end":{"line":951,"column":5}},"type":"if","locations":[{"start":{"line":940,"column":4},"end":{"line":951,"column":5}},{"start":{"line":949,"column":11},"end":{"line":951,"column":5}}]},"46":{"loc":{"start":{"line":941,"column":17},"end":{"line":948,"column":31}},"type":"binary-expr","locations":[{"start":{"line":941,"column":17},"end":{"line":948,"column":14}},{"start":{"line":948,"column":18},"end":{"line":948,"column":31}}]},"47":{"loc":{"start":{"line":954,"column":4},"end":{"line":954,"column":51}},"type":"if","locations":[{"start":{"line":954,"column":4},"end":{"line":954,"column":51}}]},"48":{"loc":{"start":{"line":957,"column":4},"end":{"line":957,"column":66}},"type":"if","locations":[{"start":{"line":957,"column":4},"end":{"line":957,"column":66}}]},"49":{"loc":{"start":{"line":957,"column":8},"end":{"line":957,"column":57}},"type":"binary-expr","locations":[{"start":{"line":957,"column":8},"end":{"line":957,"column":35}},{"start":{"line":957,"column":39},"end":{"line":957,"column":57}}]},"50":{"loc":{"start":{"line":967,"column":4},"end":{"line":969,"column":5}},"type":"if","locations":[{"start":{"line":967,"column":4},"end":{"line":969,"column":5}}]},"51":{"loc":{"start":{"line":972,"column":4},"end":{"line":977,"column":5}},"type":"if","locations":[{"start":{"line":972,"column":4},"end":{"line":977,"column":5}}]},"52":{"loc":{"start":{"line":972,"column":8},"end":{"line":972,"column":55}},"type":"binary-expr","locations":[{"start":{"line":972,"column":8},"end":{"line":972,"column":17}},{"start":{"line":972,"column":21},"end":{"line":972,"column":55}}]},"53":{"loc":{"start":{"line":974,"column":6},"end":{"line":976,"column":7}},"type":"if","locations":[{"start":{"line":974,"column":6},"end":{"line":976,"column":7}}]},"54":{"loc":{"start":{"line":980,"column":4},"end":{"line":991,"column":5}},"type":"if","locations":[{"start":{"line":980,"column":4},"end":{"line":991,"column":5}}]},"55":{"loc":{"start":{"line":985,"column":6},"end":{"line":987,"column":7}},"type":"if","locations":[{"start":{"line":985,"column":6},"end":{"line":987,"column":7}}]},"56":{"loc":{"start":{"line":988,"column":6},"end":{"line":990,"column":7}},"type":"if","locations":[{"start":{"line":988,"column":6},"end":{"line":990,"column":7}}]},"57":{"loc":{"start":{"line":994,"column":4},"end":{"line":998,"column":5}},"type":"if","locations":[{"start":{"line":994,"column":4},"end":{"line":998,"column":5}}]},"58":{"loc":{"start":{"line":995,"column":22},"end":{"line":997,"column":17}},"type":"cond-expr","locations":[{"start":{"line":996,"column":10},"end":{"line":996,"column":43}},{"start":{"line":997,"column":10},"end":{"line":997,"column":17}}]},"59":{"loc":{"start":{"line":1001,"column":4},"end":{"line":1003,"column":5}},"type":"if","locations":[{"start":{"line":1001,"column":4},"end":{"line":1003,"column":5}}]},"60":{"loc":{"start":{"line":1006,"column":4},"end":{"line":1008,"column":5}},"type":"if","locations":[{"start":{"line":1006,"column":4},"end":{"line":1008,"column":5}}]},"61":{"loc":{"start":{"line":1023,"column":24},"end":{"line":1023,"column":70}},"type":"cond-expr","locations":[{"start":{"line":1023,"column":42},"end":{"line":1023,"column":65}},{"start":{"line":1023,"column":68},"end":{"line":1023,"column":70}}]},"62":{"loc":{"start":{"line":1024,"column":28},"end":{"line":1024,"column":87}},"type":"cond-expr","locations":[{"start":{"line":1024,"column":50},"end":{"line":1024,"column":82}},{"start":{"line":1024,"column":85},"end":{"line":1024,"column":87}}]},"63":{"loc":{"start":{"line":1028,"column":4},"end":{"line":1030,"column":5}},"type":"if","locations":[{"start":{"line":1028,"column":4},"end":{"line":1030,"column":5}}]},"64":{"loc":{"start":{"line":1032,"column":4},"end":{"line":1039,"column":5}},"type":"if","locations":[{"start":{"line":1032,"column":4},"end":{"line":1039,"column":5}}]},"65":{"loc":{"start":{"line":1034,"column":6},"end":{"line":1038,"column":7}},"type":"if","locations":[{"start":{"line":1034,"column":6},"end":{"line":1038,"column":7}}]},"66":{"loc":{"start":{"line":1034,"column":10},"end":{"line":1034,"column":60}},"type":"binary-expr","locations":[{"start":{"line":1034,"column":10},"end":{"line":1034,"column":27}},{"start":{"line":1034,"column":31},"end":{"line":1034,"column":60}}]},"67":{"loc":{"start":{"line":1048,"column":4},"end":{"line":1050,"column":5}},"type":"if","locations":[{"start":{"line":1048,"column":4},"end":{"line":1050,"column":5}}]},"68":{"loc":{"start":{"line":1048,"column":8},"end":{"line":1048,"column":49}},"type":"binary-expr","locations":[{"start":{"line":1048,"column":8},"end":{"line":1048,"column":32}},{"start":{"line":1048,"column":36},"end":{"line":1048,"column":49}}]},"69":{"loc":{"start":{"line":1052,"column":21},"end":{"line":1052,"column":66}},"type":"cond-expr","locations":[{"start":{"line":1052,"column":43},"end":{"line":1052,"column":52}},{"start":{"line":1052,"column":55},"end":{"line":1052,"column":66}}]},"70":{"loc":{"start":{"line":1055,"column":6},"end":{"line":1061,"column":7}},"type":"if","locations":[{"start":{"line":1055,"column":6},"end":{"line":1061,"column":7}},{"start":{"line":1059,"column":13},"end":{"line":1061,"column":7}}]},"71":{"loc":{"start":{"line":1059,"column":13},"end":{"line":1061,"column":7}},"type":"if","locations":[{"start":{"line":1059,"column":13},"end":{"line":1061,"column":7}}]},"72":{"loc":{"start":{"line":1093,"column":23},"end":{"line":1093,"column":57}},"type":"binary-expr","locations":[{"start":{"line":1093,"column":23},"end":{"line":1093,"column":44}},{"start":{"line":1093,"column":48},"end":{"line":1093,"column":57}}]},"73":{"loc":{"start":{"line":1101,"column":6},"end":{"line":1103,"column":7}},"type":"if","locations":[{"start":{"line":1101,"column":6},"end":{"line":1103,"column":7}}]},"74":{"loc":{"start":{"line":1126,"column":4},"end":{"line":1133,"column":5}},"type":"if","locations":[{"start":{"line":1126,"column":4},"end":{"line":1133,"column":5}}]},"75":{"loc":{"start":{"line":1143,"column":6},"end":{"line":1149,"column":7}},"type":"if","locations":[{"start":{"line":1143,"column":6},"end":{"line":1149,"column":7}}]},"76":{"loc":{"start":{"line":1173,"column":4},"end":{"line":1175,"column":5}},"type":"if","locations":[{"start":{"line":1173,"column":4},"end":{"line":1175,"column":5}}]},"77":{"loc":{"start":{"line":1211,"column":27},"end":{"line":1211,"column":60}},"type":"cond-expr","locations":[{"start":{"line":1211,"column":51},"end":{"line":1211,"column":54}},{"start":{"line":1211,"column":57},"end":{"line":1211,"column":60}}]},"78":{"loc":{"start":{"line":1246,"column":10},"end":{"line":1250,"column":11}},"type":"if","locations":[{"start":{"line":1246,"column":10},"end":{"line":1250,"column":11}}]},"79":{"loc":{"start":{"line":1254,"column":10},"end":{"line":1259,"column":11}},"type":"if","locations":[{"start":{"line":1254,"column":10},"end":{"line":1259,"column":11}}]},"80":{"loc":{"start":{"line":1269,"column":10},"end":{"line":1277,"column":11}},"type":"if","locations":[{"start":{"line":1269,"column":10},"end":{"line":1277,"column":11}},{"start":{"line":1272,"column":17},"end":{"line":1277,"column":11}}]},"81":{"loc":{"start":{"line":1272,"column":17},"end":{"line":1277,"column":11}},"type":"if","locations":[{"start":{"line":1272,"column":17},"end":{"line":1277,"column":11}},{"start":{"line":1275,"column":17},"end":{"line":1277,"column":11}}]},"82":{"loc":{"start":{"line":1290,"column":10},"end":{"line":1292,"column":11}},"type":"if","locations":[{"start":{"line":1290,"column":10},"end":{"line":1292,"column":11}}]},"83":{"loc":{"start":{"line":1306,"column":4},"end":{"line":1309,"column":5}},"type":"if","locations":[{"start":{"line":1306,"column":4},"end":{"line":1309,"column":5}}]},"84":{"loc":{"start":{"line":1316,"column":8},"end":{"line":1320,"column":9}},"type":"if","locations":[{"start":{"line":1316,"column":8},"end":{"line":1320,"column":9}}]},"85":{"loc":{"start":{"line":1325,"column":8},"end":{"line":1329,"column":9}},"type":"if","locations":[{"start":{"line":1325,"column":8},"end":{"line":1329,"column":9}},{"start":{"line":1327,"column":15},"end":{"line":1329,"column":9}}]},"86":{"loc":{"start":{"line":1334,"column":6},"end":{"line":1352,"column":7}},"type":"if","locations":[{"start":{"line":1334,"column":6},"end":{"line":1352,"column":7}}]},"87":{"loc":{"start":{"line":1336,"column":10},"end":{"line":1350,"column":11}},"type":"if","locations":[{"start":{"line":1336,"column":10},"end":{"line":1350,"column":11}}]},"88":{"loc":{"start":{"line":1336,"column":14},"end":{"line":1336,"column":31}},"type":"binary-expr","locations":[{"start":{"line":1336,"column":14},"end":{"line":1336,"column":18}},{"start":{"line":1336,"column":22},"end":{"line":1336,"column":31}}]},"89":{"loc":{"start":{"line":1343,"column":12},"end":{"line":1349,"column":13}},"type":"if","locations":[{"start":{"line":1343,"column":12},"end":{"line":1349,"column":13}}]},"90":{"loc":{"start":{"line":1345,"column":16},"end":{"line":1347,"column":17}},"type":"if","locations":[{"start":{"line":1345,"column":16},"end":{"line":1347,"column":17}}]},"91":{"loc":{"start":{"line":1345,"column":20},"end":{"line":1345,"column":47}},"type":"binary-expr","locations":[{"start":{"line":1345,"column":20},"end":{"line":1345,"column":26}},{"start":{"line":1345,"column":30},"end":{"line":1345,"column":47}}]},"92":{"loc":{"start":{"line":1356,"column":8},"end":{"line":1359,"column":9}},"type":"if","locations":[{"start":{"line":1356,"column":8},"end":{"line":1359,"column":9}}]},"93":{"loc":{"start":{"line":1396,"column":6},"end":{"line":1398,"column":7}},"type":"if","locations":[{"start":{"line":1396,"column":6},"end":{"line":1398,"column":7}}]},"94":{"loc":{"start":{"line":1701,"column":6},"end":{"line":1703,"column":7}},"type":"if","locations":[{"start":{"line":1701,"column":6},"end":{"line":1703,"column":7}}]},"95":{"loc":{"start":{"line":1705,"column":6},"end":{"line":1747,"column":7}},"type":"switch","locations":[{"start":{"line":1706,"column":8},"end":{"line":1715,"column":12}},{"start":{"line":1717,"column":8},"end":{"line":1736,"column":12}},{"start":{"line":1738,"column":8},"end":{"line":1746,"column":12}}]},"96":{"loc":{"start":{"line":1718,"column":10},"end":{"line":1728,"column":11}},"type":"if","locations":[{"start":{"line":1718,"column":10},"end":{"line":1728,"column":11}}]},"97":{"loc":{"start":{"line":1718,"column":14},"end":{"line":1718,"column":48}},"type":"binary-expr","locations":[{"start":{"line":1718,"column":14},"end":{"line":1718,"column":18}},{"start":{"line":1718,"column":22},"end":{"line":1718,"column":48}}]},"98":{"loc":{"start":{"line":1753,"column":51},"end":{"line":1753,"column":105}},"type":"cond-expr","locations":[{"start":{"line":1753,"column":76},"end":{"line":1753,"column":89}},{"start":{"line":1753,"column":92},"end":{"line":1753,"column":105}}]}},"s":{"0":10,"1":10,"2":10,"3":10,"4":10,"5":10,"6":10,"7":10,"8":10,"9":10,"10":10,"11":10,"12":10,"13":10,"14":10,"15":10,"16":10,"17":10,"18":10,"19":10,"20":10,"21":10,"22":10,"23":10,"24":10,"25":10,"26":10,"27":10,"28":10,"29":10,"30":10,"31":10,"32":10,"33":10,"34":10,"35":1,"36":0,"37":1,"38":1,"39":1,"40":0,"41":0,"42":1,"43":1,"44":1,"45":1,"46":0,"47":0,"48":0,"49":0,"50":1,"51":126,"52":126,"53":126,"54":126,"55":126,"56":126,"57":126,"58":126,"59":126,"60":126,"61":126,"62":126,"63":126,"64":126,"65":126,"66":126,"67":126,"68":126,"69":126,"70":126,"71":131,"72":4,"73":10,"74":14,"75":14,"76":14,"77":14,"78":14,"79":14,"80":14,"81":14,"82":14,"83":14,"84":15,"85":0,"86":15,"87":15,"88":15,"89":1,"90":14,"91":14,"92":0,"93":14,"94":0,"95":14,"96":14,"97":0,"98":14,"99":14,"100":14,"101":14,"102":840,"103":14,"104":28,"105":1680,"106":28,"107":66,"108":66,"109":66,"110":48,"111":48,"112":48,"113":50,"114":50,"115":50,"116":50,"117":50,"118":50,"119":2,"120":2,"121":2,"122":2,"123":2,"124":2,"125":108,"126":1,"127":1,"128":107,"129":107,"130":107,"131":107,"132":107,"133":107,"134":107,"135":107,"136":106,"137":106,"138":106,"139":1,"140":1,"141":1,"142":106,"143":1,"144":1,"145":105,"146":105,"147":105,"148":105,"149":105,"150":105,"151":105,"152":105,"153":0,"154":0,"155":0,"156":42,"157":42,"158":42,"159":0,"160":0,"161":42,"162":42,"163":42,"164":42,"165":42,"166":42,"167":0,"168":0,"169":42,"170":42,"171":42,"172":42,"173":42,"174":9,"175":9,"176":9,"177":42,"178":0,"179":0,"180":0,"181":42,"182":33,"183":33,"184":33,"185":30,"186":30,"187":30,"188":4,"189":4,"190":26,"191":4,"192":4,"193":22,"194":22,"195":1,"196":0,"197":0,"198":1,"199":0,"200":0,"201":1,"202":1,"203":1,"204":0,"205":1,"206":8,"207":8,"208":8,"209":7,"210":7,"211":7,"212":2,"213":2,"214":2,"215":2,"216":2,"217":0,"218":0,"219":22,"220":22,"221":0,"222":0,"223":117,"224":42,"225":42,"226":42,"227":42,"228":42,"229":84,"230":0,"231":84,"232":84,"233":84,"234":0,"235":0,"236":22,"237":22,"238":0,"239":1651,"240":1651,"241":0,"242":1651,"243":793,"244":858,"245":0,"246":858,"247":858,"248":0,"249":858,"250":0,"251":0,"252":0,"253":858,"254":2,"255":2,"256":2,"257":2,"258":1,"259":858,"260":0,"261":858,"262":858,"263":858,"264":858,"265":858,"266":858,"267":858,"268":858,"269":858,"270":858,"271":0,"272":858,"273":2,"274":2,"275":2,"276":2,"277":2,"278":856,"279":0,"280":0,"281":0,"282":0,"283":0,"284":0,"285":0,"286":0,"287":0,"288":0,"289":3,"290":50,"291":50,"292":50,"293":50,"294":50,"295":50,"296":41,"297":2,"298":50,"299":50,"300":50,"301":50,"302":50,"303":50,"304":50,"305":0,"306":0,"307":0,"308":50,"309":50,"310":3,"311":0,"312":0,"313":50,"314":41,"315":50,"316":107,"317":107,"318":107,"319":107,"320":106,"321":107,"322":107,"323":107,"324":107,"325":107,"326":107,"327":107,"328":0,"329":107,"330":0,"331":0,"332":0,"333":0,"334":0,"335":0,"336":107,"337":42,"338":107,"339":6,"340":107,"341":107,"342":107,"343":107,"344":107,"345":106,"346":106,"347":106,"348":106,"349":107,"350":1,"351":1,"352":1,"353":1,"354":1,"355":107,"356":107,"357":1,"358":1,"359":1,"360":1,"361":0,"362":0,"363":0,"364":0,"365":107,"366":106,"367":106,"368":107,"369":107,"370":0,"371":0,"372":0,"373":0,"374":105,"375":0,"376":0,"377":105,"378":105,"379":105,"380":105,"381":105,"382":105,"383":105,"384":105,"385":105,"386":0,"387":105,"388":105,"389":105,"390":0,"391":0,"392":0,"393":0,"394":0,"395":0,"396":0,"397":0,"398":105,"399":105,"400":0,"401":0,"402":0,"403":0,"404":0,"405":0,"406":0,"407":0,"408":0,"409":0,"410":0,"411":0,"412":0,"413":0,"414":0,"415":105,"416":105,"417":0,"418":0,"419":0,"420":105,"421":105,"422":105,"423":105,"424":33,"425":233,"426":233,"427":50,"428":7,"429":7,"430":7,"431":0,"432":7,"433":0,"434":0,"435":0,"436":0,"437":0,"438":0,"439":7,"440":0,"441":233,"442":0,"443":233,"444":0,"445":0,"446":0,"447":106,"448":0,"449":10},"f":{"0":10,"1":10,"2":10,"3":1,"4":126,"5":131,"6":4,"7":10,"8":14,"9":15,"10":14,"11":14,"12":840,"13":28,"14":1680,"15":66,"16":50,"17":2,"18":108,"19":106,"20":42,"21":0,"22":42,"23":9,"24":0,"25":33,"26":30,"27":117,"28":84,"29":22,"30":1651,"31":858,"32":858,"33":0,"34":0,"35":3,"36":50,"37":50,"38":41,"39":50,"40":50,"41":50,"42":3,"43":41,"44":107,"45":107,"46":0,"47":0,"48":42,"49":6,"50":107,"51":107,"52":106,"53":1,"54":1,"55":106,"56":0,"57":105,"58":105,"59":105,"60":105,"61":0,"62":105,"63":0,"64":0,"65":0,"66":0,"67":0,"68":105,"69":105,"70":233,"71":50,"72":7,"73":233,"74":0,"75":0,"76":0,"77":106,"78":0},"b":{"0":[10,10],"1":[10,10],"2":[10,10],"3":[0],"4":[1,1],"5":[1],"6":[0],"7":[0,0],"8":[1],"9":[0],"10":[6],"11":[126,0],"12":[14,0],"13":[0],"14":[1],"15":[0],"16":[14,14],"17":[0],"18":[0],"19":[48],"20":[50],"21":[2],"22":[1],"23":[1],"24":[106,105],"25":[42,0],"26":[0],"27":[42,42],"28":[4],"29":[30,29,28,28,27],"30":[4,4],"31":[4],"32":[26,24,23],"33":[4,0],"34":[1,8,7,2,2,2],"35":[0],"36":[0],"37":[0,0],"38":[0,0],"39":[0,0],"40":[0,0],"41":[42],"42":[42],"43":[0],"44":[84,84],"45":[1651,0],"46":[1651,0],"47":[793],"48":[0],"49":[858,22],"50":[0],"51":[0],"52":[858,0],"53":[0],"54":[2],"55":[2],"56":[1],"57":[0],"58":[0,0],"59":[858],"60":[858],"61":[0,858],"62":[0,858],"63":[0],"64":[2],"65":[2],"66":[2,2],"67":[0],"68":[0,0],"69":[0,0],"70":[0,0],"71":[0],"72":[50,0],"73":[2],"74":[0],"75":[0],"76":[106],"77":[0,0],"78":[106],"79":[1],"80":[1,0],"81":[0,0],"82":[0],"83":[0],"84":[105],"85":[0,105],"86":[0],"87":[0],"88":[0,0],"89":[0],"90":[0],"91":[0,0],"92":[0],"93":[0],"94":[0],"95":[0,0,7],"96":[0],"97":[0,0],"98":[0,0]}}
,"/Users/cryophobic/dev/projects/tally-mcp/src/worker.ts": {"path":"/Users/cryophobic/dev/projects/tally-mcp/src/worker.ts","statementMap":{"0":{"start":{"line":27,"column":23},"end":{"line":27,"column":52}},"1":{"start":{"line":51,"column":14},"end":{"line":289,"column":2}},"2":{"start":{"line":292,"column":28},"end":{"line":297,"column":2}},"3":{"start":{"line":303,"column":2},"end":{"line":307,"column":5}},"4":{"start":{"line":309,"column":2},"end":{"line":372,"column":3}},"5":{"start":{"line":310,"column":4},"end":{"line":360,"column":5}},"6":{"start":{"line":312,"column":8},"end":{"line":326,"column":10}},"7":{"start":{"line":329,"column":8},"end":{"line":333,"column":10}},"8":{"start":{"line":336,"column":8},"end":{"line":342,"column":10}},"9":{"start":{"line":345,"column":8},"end":{"line":345,"column":66}},"10":{"start":{"line":346,"column":27},"end":{"line":346,"column":87}},"11":{"start":{"line":347,"column":8},"end":{"line":347,"column":35}},"12":{"start":{"line":348,"column":8},"end":{"line":348,"column":26}},"13":{"start":{"line":351,"column":8},"end":{"line":359,"column":10}},"14":{"start":{"line":362,"column":4},"end":{"line":362,"column":58}},"15":{"start":{"line":363,"column":4},"end":{"line":371,"column":6}},"16":{"start":{"line":379,"column":36},"end":{"line":379,"column":42}},"17":{"start":{"line":381,"column":2},"end":{"line":381,"column":70}},"18":{"start":{"line":386,"column":2},"end":{"line":400,"column":3}},"19":{"start":{"line":387,"column":4},"end":{"line":387,"column":31}},"20":{"start":{"line":388,"column":4},"end":{"line":388,"column":50}},"21":{"start":{"line":390,"column":4},"end":{"line":390,"column":61}},"22":{"start":{"line":391,"column":4},"end":{"line":399,"column":6}},"23":{"start":{"line":402,"column":2},"end":{"line":429,"column":3}},"24":{"start":{"line":403,"column":19},"end":{"line":403,"column":57}},"25":{"start":{"line":404,"column":4},"end":{"line":404,"column":49}},"26":{"start":{"line":406,"column":4},"end":{"line":417,"column":6}},"27":{"start":{"line":419,"column":4},"end":{"line":419,"column":52}},"28":{"start":{"line":420,"column":4},"end":{"line":428,"column":6}},"29":{"start":{"line":436,"column":18},"end":{"line":436,"column":40}},"30":{"start":{"line":437,"column":18},"end":{"line":440,"column":4}},"31":{"start":{"line":442,"column":2},"end":{"line":652,"column":3}},"32":{"start":{"line":445,"column":21},"end":{"line":445,"column":23}},"33":{"start":{"line":448,"column":6},"end":{"line":457,"column":9}},"34":{"start":{"line":460,"column":6},"end":{"line":471,"column":7}},"35":{"start":{"line":461,"column":8},"end":{"line":470,"column":11}},"36":{"start":{"line":474,"column":6},"end":{"line":528,"column":7}},"37":{"start":{"line":475,"column":8},"end":{"line":527,"column":11}},"38":{"start":{"line":477,"column":26},"end":{"line":477,"column":38}},"39":{"start":{"line":505,"column":29},"end":{"line":515,"column":12}},"40":{"start":{"line":518,"column":10},"end":{"line":524,"column":11}},"41":{"start":{"line":520,"column":12},"end":{"line":523,"column":16}},"42":{"start":{"line":520,"column":72},"end":{"line":523,"column":14}},"43":{"start":{"line":526,"column":10},"end":{"line":526,"column":29}},"44":{"start":{"line":530,"column":22},"end":{"line":533,"column":8}},"45":{"start":{"line":536,"column":6},"end":{"line":536,"column":47}},"46":{"start":{"line":537,"column":6},"end":{"line":537,"column":52}},"47":{"start":{"line":538,"column":6},"end":{"line":538,"column":46}},"48":{"start":{"line":540,"column":29},"end":{"line":544,"column":8}},"49":{"start":{"line":546,"column":6},"end":{"line":549,"column":7}},"50":{"start":{"line":547,"column":26},"end":{"line":547,"column":53}},"51":{"start":{"line":548,"column":8},"end":{"line":548,"column":82}},"52":{"start":{"line":551,"column":6},"end":{"line":551,"column":41}},"53":{"start":{"line":554,"column":29},"end":{"line":562,"column":8}},"54":{"start":{"line":563,"column":6},"end":{"line":563,"column":41}},"55":{"start":{"line":566,"column":26},"end":{"line":569,"column":8}},"56
[...]
{"start":{"line":214,"column":21},"end":{"line":214,"column":45}},"48":{"start":{"line":216,"column":6},"end":{"line":216,"column":75}},"49":{"start":{"line":218,"column":6},"end":{"line":225,"column":7}},"50":{"start":{"line":219,"column":8},"end":{"line":219,"column":35}},"51":{"start":{"line":220,"column":8},"end":{"line":224,"column":11}},"52":{"start":{"line":221,"column":10},"end":{"line":223,"column":11}},"53":{"start":{"line":222,"column":12},"end":{"line":222,"column":96}},"54":{"start":{"line":227,"column":6},"end":{"line":234,"column":7}},"55":{"start":{"line":228,"column":8},"end":{"line":228,"column":37}},"56":{"start":{"line":229,"column":8},"end":{"line":233,"column":11}},"57":{"start":{"line":230,"column":10},"end":{"line":232,"column":11}},"58":{"start":{"line":231,"column":12},"end":{"line":231,"column":96}},"59":{"start":{"line":236,"column":6},"end":{"line":238,"column":7}},"60":{"start":{"line":237,"column":8},"end":{"line":237,"column":44}},"61":{"start":{"line":241,"column":4},"end":{"line":241,"column":31}},"62":{"start":{"line":248,"column":24},"end":{"line":248,"column":30}},"63":{"start":{"line":250,"column":4},"end":{"line":256,"column":17}},"64":{"start":{"line":263,"column":23},"end":{"line":263,"column":29}},"65":{"start":{"line":265,"column":4},"end":{"line":273,"column":17}},"66":{"start":{"line":280,"column":4},"end":{"line":284,"column":5}},"67":{"start":{"line":281,"column":6},"end":{"line":281,"column":48}},"68":{"start":{"line":283,"column":6},"end":{"line":283,"column":81}},"69":{"start":{"line":291,"column":19},"end":{"line":301,"column":6}},"70":{"start":{"line":303,"column":4},"end":{"line":303,"column":28}},"71":{"start":{"line":310,"column":4},"end":{"line":312,"column":5}},"72":{"start":{"line":311,"column":6},"end":{"line":311,"column":46}},"73":{"start":{"line":313,"column":4},"end":{"line":313,"column":17}},"74":{"start":{"line":320,"column":4},"end":{"line":320,"column":54}},"75":{"start":{"line":327,"column":4},"end":{"line":327,"column":31}},"76":{"start":{"line":47,"column":0},"end":{"line":47,"column":13}}},"fnMap":{"0":{"name":"(anonymous_0)","decl":{"start":{"line":50,"column":2},"end":{"line":50,"column":14}},"loc":{"start":{"line":50,"column":47},"end":{"line":52,"column":3}}},"1":{"name":"(anonymous_1)","decl":{"start":{"line":57,"column":9},"end":{"line":57,"column":27}},"loc":{"start":{"line":57,"column":52},"end":{"line":85,"column":3}}},"2":{"name":"(anonymous_2)","decl":{"start":{"line":90,"column":9},"end":{"line":90,"column":27}},"loc":{"start":{"line":90,"column":52},"end":{"line":92,"column":3}}},"3":{"name":"(anonymous_3)","decl":{"start":{"line":97,"column":9},"end":{"line":97,"column":26}},"loc":{"start":{"line":97,"column":51},"end":{"line":135,"column":3}}},"4":{"name":"(anonymous_4)","decl":{"start":{"line":113,"column":34},"end":{"line":113,"column":39}},"loc":{"start":{"line":113,"column":42},"end":{"line":115,"column":5}}},"5":{"name":"(anonymous_5)","decl":{"start":{"line":117,"column":36},"end":{"line":117,"column":41}},"loc":{"start":{"line":117,"column":44},"end":{"line":119,"column":5}}},"6":{"name":"(anonymous_6)","decl":{"start":{"line":122,"column":31},"end":{"line":122,"column":41}},"loc":{"start":{"line":122,"column":44},"end":{"line":132,"column":5}}},"7":{"name":"(anonymous_7)","decl":{"start":{"line":129,"column":24},"end":{"line":129,"column":29}},"loc":{"start":{"line":129,"column":32},"end":{"line":131,"column":7}}},"8":{"name":"(anonymous_8)","decl":{"start":{"line":140,"column":10},"end":{"line":140,"column":24}},"loc":{"start":{"line":140,"column":49},"end":{"line":150,"column":3}}},"9":{"name":"(anonymous_9)","decl":{"start":{"line":155,"column":10},"end":{"line":155,"column":25}},"loc":{"start":{"line":155,"column":50},"end":{"line":167,"column":3}}},"10":{"name":"(anonymous_10)","decl":{"start":{"line":172,"column":10},"end":{"line":172,"column":31}},"loc":{"start":{"line":172,"column":56},"end":{"line":201,"column":3}}},"11":{"name":"(anonymous_11)","decl":{"start":{"line":180,"column":28},"end":{"line":180,"column":29}},"loc":{"start":{"line":180,"column":45},"end":{"line":184,"column":7}}},"12":{"name":"(anonymous_12)","decl":{"start":{"line":193,"column":30},"end":{"line":193,"column":31}},"loc":{"start":{"line":193,"column":47},"end":{"line":197,"column":7}}},"13":{"name":"(anonymous_13)","decl":{"start":{"line":206,"column":10},"end":{"line":206,"column":29}},"loc":{"start":{"line":206,"column":74},"end":{"line":242,"column":3}}},"14":{"name":"(anonymous_14)","decl":{"start":{"line":212,"column":24},"end":{"line":212,"column":34}},"loc":{"start":{"line":212,"column":37},"end":{"line":239,"column":5}}},"15":{"name":"(anonymous_15)","decl":{"start":{"line":220,"column":30},"end":{"line":220,"column":31}},"loc":{"start":{"line":220,"column":47},"end":{"line":224,"column":9}}},"16":{"name":"(anonymous_16)","decl":{"start":{"line":229,"column":32},"end":{"line":229,"column":33}},"loc":{"start":{"line":229,"column":49},"end":{"line":233,"column":9}}},"17":{"name":"(anonymous_17)","decl":{"start":{"line":247,"column":10},"end":{"line":247,"column":25}},"loc":{"start":{"line":247,"column":50},"end":{"line":257,"column":3}}},"18":{"name":"(anonymous_18)","decl":{"start":{"line":262,"column":10},"end":{"line":262,"column":31}},"loc":{"start":{"line":262,"column":56},"end":{"line":274,"column":3}}},"19":{"name":"(anonymous_19)","decl":{"start":{"line":279,"column":10},"end":{"line":279,"column":31}},"loc":{"start":{"line":279,"column":54},"end":{"line":285,"column":3}}},"20":{"name":"(anonymous_20)","decl":{"start":{"line":290,"column":10},"end":{"line":290,"column":26}},"loc":{"start":{"line":290,"column":86},"end":{"line":304,"column":3}}},"21":{"name":"(anonymous_21)","decl":{"start":{"line":309,"column":10},"end":{"line":309,"column":24}},"loc":{"start":{"line":309,"column":38},"end":{"line":314,"column":3}}},"22":{"name":"(anonymous_22)","decl":{"start":{"line":319,"column":9},"end":{"line":319,"column":22}},"loc":{"start":{"line":319,"column":63},"end":{"line":321,"column":3}}},"23":{"name":"(anonymous_23)","decl":{"start":{"line":326,"column":9},"end":{"line":326,"column":19}},"loc":{"start":{"line":326,"column":19},"end":{"line":328,"column":3}}}},"branchMap":{"0":{"loc":{"start":{"line":50,"column":14},"end":{"line":50,"column":47}},"type":"default-arg","locations":[{"start":{"line":50,"column":45},"end":{"line":50,"column":47}}]},"1":{"loc":{"start":{"line":64,"column":4},"end":{"line":66,"column":5}},"type":"if","locations":[{"start":{"line":64,"column":4},"end":{"line":66,"column":5}}]},"2":{"loc":{"start":{"line":72,"column":4},"end":{"line":74,"column":5}},"type":"if","locations":[{"start":{"line":72,"column":4},"end":{"line":74,"column":5}}]},"3":{"loc":{"start":{"line":72,"column":8},"end":{"line":72,"column":72}},"type":"binary-expr","locations":[{"start":{"line":72,"column":8},"end":{"line":72,"column":39}},{"start":{"line":72,"column":43},"end":{"line":72,"column":72}}]},"4":{"loc":{"start":{"line":77,"column":4},"end":{"line":79,"column":5}},"type":"if","locations":[{"start":{"line":77,"column":4},"end":{"line":79,"column":5}}]},"5":{"loc":{"start":{"line":157,"column":19},"end":{"line":157,"column":58}},"type":"cond-expr","locations":[{"start":{"line":157,"column":35},"end":{"line":157,"column":44}},{"start":{"line":157,"column":47},"end":{"line":157,"column":58}}]},"6":{"loc":{"start":{"line":178,"column":4},"end":{"line":189,"column":5}},"type":"if","locations":[{"start":{"line":178,"column":4},"end":{"line":189,"column":5}}]},"7":{"loc":{"start":{"line":181,"column":8},"end":{"line":183,"column":9}},"type":"if","locations":[{"start":{"line":181,"column":8},"end":{"line":183,"column":9}}]},"8":{"loc":{"start":{"line":181,"column":12},"end":{"line":181,"column":83}},"type":"binary-expr","locations":[{"start":{"line":181,"column":12},"end":{"line":181,"column":42}},{"start":{"line":181,"column":46},"end":{"line":181,"column":83}}]},"9":{"loc":{"start":{"line":186,"column":6},"end":{"line":188,"column":7}},"type":"if","locations":[{"start":{"line":186,"column":6},"end":{"line":188,"column":7}}]},"10":{"loc":{"start":{"line":186,"column":10},"end":{"line":186,"column":95}},"type":"binary-expr","locations":[{"start":{"line":186,"column":10},"end":{"line":186,"column":39}},{"start":{"line":186,"column":43},"end":{"line":186,"column":95}}]},"11":{"loc":{"start":{"line":191,"column":4},"end":{"line":198,"column":5}},"type":"if","locations":[{"start":{"line":191,"column":4},"end":{"line":198,"column":5}}]},"12":{"loc":{"start":{"line":194,"column":8},"end":{"line":196,"column":9}},"type":"if","locations":[{"start":{"line":194,"column":8},"end":{"line":196,"column":9}}]},"13":{"loc":{"start":{"line":194,"column":12},"end":{"line":194,"column":83}},"type":"binary-expr","locations":[{"start":{"line":194,"column":12},"end":{"line":194,"column":42}},{"start":{"line":194,"column":46},"end":{"line":194,"column":83}}]},"14":{"loc":{"start":{"line":214,"column":21},"end":{"line":214,"column":45}},"type":"cond-expr","locations":[{"start":{"line":214,"column":36},"end":{"line":214,"column":39}},{"start":{"line":214,"column":42},"end":{"line":214,"column":45}}]},"15":{"loc":{"start":{"line":218,"column":6},"end":{"line":225,"column":7}},"type":"if","locations":[{"start":{"line":218,"column":6},"end":{"line":225,"column":7}}]},"16":{"loc":{"start":{"line":221,"column":10},"end":{"line":223,"column":11}},"type":"if","locations":[{"start":{"line":221,"column":10},"end":{"line":223,"column":11}}]},"17":{"loc":{"start":{"line":221,"column":14},"end":{"line":221,"column":85}},"type":"binary-expr","locations":[{"start":{"line":221,"column":14},"end":{"line":221,"column":44}},{"start":{"line":221,"column":48},"end":{"line":221,"column":85}}]},"18":{"loc":{"start":{"line":227,"column":6},"end":{"line":234,"column":7}},"type":"if","locations":[{"start":{"line":227,"column":6},"end":{"line":234,"column":7}}]},"19":{"loc":{"start":{"line":230,"column":10},"end":{"line":232,"column":11}},"type":"if","locations":[{"start":{"line":230,"column":10},"end":{"line":232,"column":11}}]},"20":{"loc":{"start":{"line":230,"column":14},"end":{"line":230,"column":85}},"type":"binary-expr","locations":[{"start":{"line":230,"column":14},"end":{"line":230,"column":44}},{"start":{"line":230,"column":48},"end":{"line":230,"column":85}}]},"21":{"loc":{"start":{"line":236,"column":6},"end":{"line":238,"column":7}},"type":"if","locations":[{"start":{"line":236,"column":6},"end":{"line":238,"column":7}}]},"22":{"loc":{"start":{"line":268,"column":22},"end":{"line":268,"column":44}},"type":"binary-expr","locations":[{"start":{"line":268,"column":22},"end":{"line":268,"column":35}},{"start":{"line":268,"column":39},"end":{"line":268,"column":44}}]},"23":{"loc":{"start":{"line":269,"column":27},"end":{"line":269,"column":58}},"type":"binary-expr","locations":[{"start":{"line":269,"column":27},"end":{"line":269,"column":49}},{"start":{"line":269,"column":53},"end":{"line":269,"column":58}}]},"24":{"loc":{"start":{"line":270,"column":37},"end":{"line":270,"column":76}},"type":"binary-expr","locations":[{"start":{"line":270,"column":37},"end":{"line":270,"column":67}},{"start":{"line":270,"column":71},"end":{"line":270,"column":76}}]},"25":{"loc":{"start":{"line":271,"column":27},"end":{"line":271,"column":63}},"type":"binary-expr","locations":[{"start":{"line":271,"column":27},"end":{"line":271,"column":48}},{"start":{"line":271,"column":52},"end":{"line":271,"column":63}}]},"26":{"loc":{"start":{"line":272,"column":23},"end":{"line":272,"column":54}},"type":"binary-expr","locations":[{"start":{"line":272,"column":23},"end":{"line":272,"column":49}},{"start":{"line":272,"column":53},"end":{"line":272,"column":54}}]},"27":{"loc":{"start":{"line":280,"column":4},"end":{"line":284,"column":5}},"type":"if","locations":[{"start":{"line":280,"column":4},"end":{"line":284,"column":5}},{"start":{"line":282,"column":11},"end":{"line":284,"column":5}}]},"28":{"loc":{"start":{"line":297,"column":26},"end":{"line":297,"column":42}},"type":"binary-expr","locations":[{"start":{"line":297,"column":26},"end":{"line":297,"column":36}},{"start":{"line":297,"column":40},"end":{"line":297,"column":42}}]},"29":{"loc":{"start":{"line":298,"column":26},"end":{"line":298,"column":58}},"type":"binary-expr","locations":[{"start":{"line":298,"column":26},"end":{"line":298,"column":52}},{"start":{"line":298,"column":56},"end":{"line":298,"column":58}}]},"30":{"loc":{"start":{"line":299,"column":26},"end":{"line":299,"column":56}},"type":"binary-expr","locations":[{"start":{"line":299,"column":26},"end":{"line":299,"column":50}},{"start":{"line":299,"column":54},"end":{"line":299,"column":56}}]},"31":{"loc":{"start":{"line":300,"column":26},"end":{"line":300,"column":51}},"type":"binary-expr","locations":[{"start":{"line":300,"column":26},"end":{"line":300,"column":45}},{"start":{"line":300,"column":49},"end":{"line":300,"column":51}}]},"32":{"loc":{"start":{"line":310,"column":4},"end":{"line":312,"column":5}},"type":"if","locations":[{"start":{"line":310,"column":4},"end":{"line":312,"column":5}}]},"33":{"loc":{"start":{"line":310,"column":8},"end":{"line":310,"column":74}},"type":"binary-expr","locations":[{"start":{"line":310,"column":8},"end":{"line":310,"column":27}},{"start":{"line":310,"column":31},"end":{"line":310,"column":50}},{"start":{"line":310,"column":54},"end":{"line":310,"column":74}}]}},"s":{"0":0,"1":0,"2":0,"3":0,"4":0,"5":0,"6":0,"7":0,"8":0,"9":0,"10":0,"11":0,"12":0,"13":0,"14":0,"15":0,"16":0,"17":0,"18":0,"19":0,"20":0,"21":0,"22":0,"23":0,"24":0,"25":0,"26":0,"27":0,"28":0,"29":0,"30":0,"31":0,"32":0,"33":0,"34":0,"35":0,"36":0,"37":0,"38":0,"39":0,"40":0,"41":0,"42":0,"43":0,"44":0,"45":0,"46":0,"47":0,"48":0,"49":0,"50":0,"51":0,"52":0,"53":0,"54":0,"55":0,"56":0,"57":0,"58":0,"59":0,"60":0,"61":0,"62":0,"63":0,"64":0,"65":0,"66":0,"67":0,"68":0,"69":0,"70":0,"71":0,"72":0,"73":0,"74":0,"75":0,"76":0},"f":{"0":0,"1":0,"2":0,"3":0,"4":0,"5":0,"6":0,"7":0,"8":0,"9":0,"10":0,"11":0,"12":0,"13":0,"14":0,"15":0,"16":0,"17":0,"18":0,"19":0,"20":0,"21":0,"22":0,"23":0},"b":{"0":[0],"1":[0],"2":[0],"3":[0,0],"4":[0],"5":[0,0],"6":[0],"7":[0],"8":[0,0],"9":[0],"10":[0,0],"11":[0],"12":[0],"13":[0,0],"14":[0,0],"15":[0],"16":[0],"17":[0,0],"18":[0],"19":[0],"20":[0,0],"21":[0],"22":[0,0],"23":[0,0],"24":[0,0],"25":[0,0],"26":[0,0],"27":[0,0],"28":[0,0],"29":[0,0],"30":[0,0],"31":[0,0],"32":[0],"33":[0,0,0]}}
,"/Users/cryophobic/dev/projects/tally-mcp/src/validation/validation-utils.ts": {"path":"/Users/cryophobic/dev/projects/tally-mcp/src/validation/validation-utils.ts","statementMap":{"0":{"start":{"line":5,"column":0},"end":{"line":5,"column":null}},"1":{"start":{"line":24,"column":4},"end":{"line":29,"column":6}},"2":{"start":{"line":36,"column":38},"end":{"line":36,"column":40}},"3":{"start":{"line":37,"column":40},"end":{"line":37,"column":42}},"4":{"start":{"line":38,"column":36},"end":{"line":38,"column":38}},"5":{"start":{"line":40,"column":4},"end":{"line":44,"column":5}},"6":{"start":{"line":41,"column":6},"end":{"line":41,"column":36}},"7":{"start":{"line":42,"column":6},"end":{"line":42,"column":40}},"8":{"start":{"line":43,"column":6},"end":{"line":43,"column":32}},"9":{"start":{"line":46,"column":4},"end":{"line":56,"column":6}},"10":{"start":{"line":63,"column":20},"end":{"line":63,"column":87}},"11":{"start":{"line":65,"column":4},"end":{"line":67,"column":5}},"12":{"start":{"line":66,"column":6},"end":{"line":66,"column":41}},"13":{"start":{"line":69,"column":4},"end":{"line":72,"column":5}},"14":{"start":{"line":70,"column":6},"end":{"line":70,"column":53}},"15":{"start":{"line":71,"column":6},"end":{"line":71,"column":49}},"16":{"start":{"line":74,"column":4},"end":{"line":76,"column":5}},"17":{"start":{"line":75,"column":6},"end":{"line":75,"column":59}},"18":{"start":{"line":78,"column":4},"end":{"line":78,"column":21}},"19":{"start":{"line":85,"column":4},"end":{"line":87,"column":5}},"20":{"start":{"line":86,"column":6},"end":{"line":86,"column":15}},"21":{"start":{"line":89,"column":21},"end":{"line":89,"column":22}},"22":{"start":{"line":92,"column":4},"end":{"line":101,"column":5}},"23":{"start":{"line":93,"column":6},"end":{"line":93,"column":58}},"24":{"start":{"line":96,"column":6},"end":{"line":100,"column":7}},"25":{"start":{"line":97,"column":8},"end":{"line":99,"column":9}},"26":{"start":{"line":98,"column":10},"end":{"line":98,"column":96}},"27":{"start":{"line":103,"column":4},"end":{"line":103,"column":44}},"28":{"start":{"line":14,"column":0},"end":{"line":14,"column":13}}},"fnMap":{"0":{"name":"(anonymous_0)","decl":{"start":{"line":18,"column":2},"end":{"line":18,"column":8}},"loc":{"start":{"line":22,"column":42},"end":{"line":30,"column":3}}},"1":{"name":"(anonymous_1)","decl":{"start":{"line":35,"column":2},"end":{"line":35,"column":8}},"loc":{"start":{"line":35,"column":52},"end":{"line":57,"column":3}}},"2":{"name":"(anonymous_2)","decl":{"start":{"line":62,"column":2},"end":{"line":62,"column":8}},"loc":{"start":{"line":62,"column":43},"end":{"line":79,"column":3}}},"3":{"name":"(anonymous_3)","decl":{"start":{"line":84,"column":2},"end":{"line":84,"column":8}},"loc":{"start":{"line":84,"column":56},"end":{"line":104,"column":3}}}},"branchMap":{"0":{"loc":{"start":{"line":21,"column":4},"end":{"line":21,"column":59}},"type":"default-arg","locations":[{"start":{"line":21,"column":35},"end":{"line":21,"column":59}}]},"1":{"loc":{"start":{"line":22,"column":4},"end":{"line":22,"column":42}},"type":"default-arg","locations":[{"start":{"line":22,"column":40},"end":{"line":22,"column":42}}]},"2":{"loc":{"start":{"line":65,"column":4},"end":{"line":67,"column":5}},"type":"if","locations":[{"start":{"line":65,"column":4},"end":{"line":67,"column":5}}]},"3":{"loc":{"start":{"line":69,"column":4},"end":{"line":72,"column":5}},"type":"if","locations":[{"start":{"line":69,"column":4},"end":{"line":72,"column":5}}]},"4":{"loc":{"start":{"line":69,"column":8},"end":{"line":69,"column":52}},"type":"binary-expr","locations":[{"start":{"line":69,"column":8},"end":{"line":69,"column":22}},{"start":{"line":69,"column":26},"end":{"line":69,"column":52}}]},"5":{"loc":{"start":{"line":74,"column":4},"end":{"line":76,"column":5}},"type":"if","locations":[{"start":{"line":74,"column":4},"end":{"line":76,"column":5}}]},"6":{"loc":{"start":{"line":85,"column":4},"end":{"line":87,"column":5}},"type":"if","locations":[{"start":{"line":85,"column":4},"end":{"line":87,"column":5}}]},"7":{"loc":{"start":{"line":85,"column":8},"end":{"line":85,"column":45}},"type":"binary-expr","locations":[{"start":{"line":85,"column":8},"end":{"line":85,"column":15}},{"start":{"line":85,"column":19},"end":{"line":85,"column":45}}]},"8":{"loc":{"start":{"line":92,"column":4},"end":{"line":101,"column":5}},"type":"if","locations":[{"start":{"line":92,"column":4},"end":{"line":101,"column":5}}]},"9":{"loc":{"start":{"line":92,"column":8},"end":{"line":92,"column":66}},"type":"binary-expr","locations":[{"start":{"line":92,"column":8},"end":{"line":92,"column":25}},{"start":{"line":92,"column":29},"end":{"line":92,"column":66}}]},"10":{"loc":{"start":{"line":97,"column":8},"end":{"line":99,"column":9}},"type":"if","locations":[{"start":{"line":97,"column":8},"end":{"line":99,"column":9}}]},"11":{"loc":{"start":{"line":97,"column":12},"end":{"line":97,"column":46}},"type":"binary-expr","locations":[{"start":{"line":97,"column":12},"end":{"line":97,"column":17}},{"start":{"line":97,"column":21},"end":{"line":97,"column":46}}]}},"s":{"0":2,"1":20,"2":3,"3":3,"4":3,"5":3,"6":4,"7":4,"8":4,"9":3,"10":4,"11":4,"12":1,"13":4,"14":1,"15":1,"16":4,"17":1,"18":4,"19":14,"20":3,"21":11,"22":11,"23":4,"24":4,"25":7,"26":7,"27":11,"28":2},"f":{"0":20,"1":3,"2":4,"3":14},"b":{"0":[2],"1":[15],"2":[1],"3":[1],"4":[4,1],"5":[1],"6":[3],"7":[14,12],"8":[4],"9":[11,4],"10":[7],"11":[7,7]}}
}
