{"/Users/cryophobic/dev/projects/tally-mcp/src/index.ts": {"path":"/Users/cryophobic/dev/projects/tally-mcp/src/index.ts","statementMap":{"0":{"start":{"line":8,"column":0},"end":{"line":8,"column":54}},"1":{"start":{"line":14,"column":2},"end":{"line":14,"column":46}},"2":{"start":{"line":17,"column":43},"end":{"line":21,"column":4}},"3":{"start":{"line":24,"column":17},"end":{"line":24,"column":38}},"4":{"start":{"line":26,"column":2},"end":{"line":26,"column":56}},"5":{"start":{"line":27,"column":2},"end":{"line":27,"column":53}},"6":{"start":{"line":28,"column":2},"end":{"line":28,"column":68}},"7":{"start":{"line":31,"column":2},"end":{"line":31,"column":28}},"8":{"start":{"line":33,"column":2},"end":{"line":33,"column":63}},"9":{"start":{"line":34,"column":2},"end":{"line":34,"column":72}},"10":{"start":{"line":38,"column":0},"end":{"line":41,"column":3}},"11":{"start":{"line":39,"column":2},"end":{"line":39,"column":71}},"12":{"start":{"line":40,"column":2},"end":{"line":40,"column":18}},"13":{"start":{"line":44,"column":0},"end":{"line":47,"column":3}},"14":{"start":{"line":45,"column":2},"end":{"line":45,"column":46}},"15":{"start":{"line":46,"column":2},"end":{"line":46,"column":18}},"16":{"start":{"line":50,"column":0},"end":{"line":55,"column":1}},"17":{"start":{"line":51,"column":2},"end":{"line":54,"column":5}},"18":{"start":{"line":52,"column":4},"end":{"line":52,"column":52}},"19":{"start":{"line":53,"column":4},"end":{"line":53,"column":20}},"20":{"start":{"line":57,"column":0},"end":{"line":57,"column":9}},"21":{"start":{"line":57,"column":9},"end":{"line":57,"column":37}},"22":{"start":{"line":58,"column":0},"end":{"line":58,"column":20}}},"fnMap":{"0":{"name":"main","decl":{"start":{"line":13,"column":15},"end":{"line":13,"column":19}},"loc":{"start":{"line":13,"column":19},"end":{"line":35,"column":1}}},"1":{"name":"(anonymous_1)","decl":{"start":{"line":38,"column":33},"end":{"line":38,"column":34}},"loc":{"start":{"line":38,"column":53},"end":{"line":41,"column":1}}},"2":{"name":"(anonymous_2)","decl":{"start":{"line":44,"column":32},"end":{"line":44,"column":33}},"loc":{"start":{"line":44,"column":42},"end":{"line":47,"column":1}}},"3":{"name":"(anonymous_3)","decl":{"start":{"line":51,"column":15},"end":{"line":51,"column":16}},"loc":{"start":{"line":51,"column":25},"end":{"line":54,"column":3}}},"4":{"name":"(anonymous_4)","decl":{"start":{"line":57,"column":9},"end":{"line":57,"column":18}},"loc":{"start":{"line":57,"column":9},"end":{"line":57,"column":37}}}},"branchMap":{"0":{"loc":{"start":{"line":18,"column":19},"end":{"line":18,"column":45}},"type":"binary-expr","locations":[{"start":{"line":18,"column":19},"end":{"line":18,"column":35}},{"start":{"line":18,"column":39},"end":{"line":18,"column":45}}]},"1":{"loc":{"start":{"line":19,"column":10},"end":{"line":19,"column":39}},"type":"binary-expr","locations":[{"start":{"line":19,"column":10},"end":{"line":19,"column":26}},{"start":{"line":19,"column":30},"end":{"line":19,"column":39}}]},"2":{"loc":{"start":{"line":50,"column":0},"end":{"line":55,"column":1}},"type":"if","locations":[{"start":{"line":50,"column":0},"end":{"line":55,"column":1}}]}},"s":{"0":0,"1":0,"2":0,"3":0,"4":0,"5":0,"6":0,"7":0,"8":0,"9":0,"10":0,"11":0,"12":0,"13":0,"14":0,"15":0,"16":0,"17":0,"18":0,"19":0,"20":0,"21":0,"22":0},"f":{"0":0,"1":0,"2":0,"3":0,"4":0},"b":{"0":[0,0],"1":[0,0],"2":[0]}}
,"/Users/cryophobic/dev/projects/tally-mcp/src/server.ts": {"path":"/Users/cryophobic/dev/projects/tally-mcp/src/server.ts","statementMap":{"0":{"start":{"line":8,"column":0},"end":{"line":8,"column":67}},"1":{"start":{"line":9,"column":0},"end":{"line":9,"column":99}},"2":{"start":{"line":10,"column":0},"end":{"line":10,"column":62}},"3":{"start":{"line":11,"column":0},"end":{"line":11,"column":25}},"4":{"start":{"line":12,"column":0},"end":{"line":12,"column":null}},"5":{"start":{"line":17,"column":0},"end":{"line":17,"column":38}},"6":{"start":{"line":18,"column":0},"end":{"line":18,"column":35}},"7":{"start":{"line":23,"column":0},"end":{"line":23,"column":null}},"8":{"start":{"line":24,"column":2},"end":{"line":24,"column":null}},"9":{"start":{"line":25,"column":2},"end":{"line":25,"column":null}},"10":{"start":{"line":26,"column":2},"end":{"line":26,"column":null}},"11":{"start":{"line":27,"column":2},"end":{"line":27,"column":null}},"12":{"start":{"line":28,"column":2},"end":{"line":28,"column":null}},"13":{"start":{"line":29,"column":2},"end":{"line":29,"column":null}},"14":{"start":{"line":58,"column":0},"end":{"line":58,"column":null}},"15":{"start":{"line":59,"column":2},"end":{"line":59,"column":null}},"16":{"start":{"line":60,"column":2},"end":{"line":60,"column":null}},"17":{"start":{"line":61,"column":2},"end":{"line":61,"column":null}},"18":{"start":{"line":62,"column":2},"end":{"line":62,"column":null}},"19":{"start":{"line":63,"column":2},"end":{"line":63,"column":null}},"20":{"start":{"line":64,"column":2},"end":{"line":64,"column":null}},"21":{"start":{"line":65,"column":2},"end":{"line":65,"column":null}},"22":{"start":{"line":66,"column":2},"end":{"line":66,"column":null}},"23":{"start":{"line":67,"column":2},"end":{"line":67,"column":null}},"24":{"start":{"line":68,"column":2},"end":{"line":68,"column":null}},"25":{"start":{"line":99,"column":13},"end":{"line":106,"column":2}},"26":{"start":{"line":131,"column":13},"end":{"line":139,"column":2}},"27":{"start":{"line":144,"column":0},"end":{"line":144,"column":null}},"28":{"start":{"line":145,"column":2},"end":{"line":145,"column":null}},"29":{"start":{"line":146,"column":2},"end":{"line":146,"column":null}},"30":{"start":{"line":147,"column":2},"end":{"line":147,"column":null}},"31":{"start":{"line":148,"column":2},"end":{"line":148,"column":null}},"32":{"start":{"line":149,"column":2},"end":{"line":149,"column":null}},"33":{"start":{"line":215,"column":13},"end":{"line":220,"column":2}},"34":{"start":{"line":268,"column":4},"end":{"line":278,"column":6}},"35":{"start":{"line":234,"column":10},"end":{"line":234,"column":75}},"36":{"start":{"line":249,"column":10},"end":{"line":249,"column":58}},"37":{"start":{"line":281,"column":4},"end":{"line":281,"column":51}},"38":{"start":{"line":284,"column":4},"end":{"line":284,"column":25}},"39":{"start":{"line":287,"column":4},"end":{"line":287,"column":37}},"40":{"start":{"line":288,"column":4},"end":{"line":288,"column":39}},"41":{"start":{"line":289,"column":4},"end":{"line":289,"column":29}},"42":{"start":{"line":290,"column":4},"end":{"line":290,"column":38}},"43":{"start":{"line":293,"column":4},"end":{"line":293,"column":38}},"44":{"start":{"line":294,"column":4},"end":{"line":294,"column":61}},"45":{"start":{"line":295,"column":4},"end":{"line":301,"column":6}},"46":{"start":{"line":304,"column":4},"end":{"line":307,"column":6}},"47":{"start":{"line":308,"column":4},"end":{"line":312,"column":6}},"48":{"start":{"line":315,"column":4},"end":{"line":315,"column":27}},"49":{"start":{"line":318,"column":4},"end":{"line":318,"column":28}},"50":{"start":{"line":321,"column":4},"end":{"line":321,"column":49}},"51":{"start":{"line":322,"column":4},"end":{"line":322,"column":45}},"52":{"start":{"line":323,"column":4},"end":{"line":323,"column":45}},"53":{"start":{"line":324,"column":4},"end":{"line":324,"column":65}},"54":{"start":{"line":331,"column":4},"end":{"line":331,"column":22}},"55":{"start":{"line":338,"column":4},"end":{"line":338,"column":32}},"56":{"start":{"line":345,"column":4},"end":{"line":348,"column":6}},"57":{"start":{"line":355,"column":19},"end":{"line":355,"column":35}},"58":{"start":{"line":356,"column":24},"end":{"line":356,"column":45}},"59":{"start":{"line":357,"column":24},"end":{"line":357,"column":37}},"60":{"start":{"line":358,"column":23},"end":{"line":358,"column":35}},"61":{"start":{"line":359,"column":23},"end":{"line":359,"column":47}},"62":{"start":{"line":360,"column":29},"end":{"line":360,"column":61}},"63":{"start":{"line":361,"column":24},"end":{"line":361,"column":36}},"64":{"start":{"line":364,"column":4},"end":{"line":364,"column":30}},"65":{"start":{"line":366,"column":35},"end":{"line":398,"column":6}},"66":{"start":{"line":400,"column":4},"end":{"line":400,"column":19}},"67":{"start":{"line":407,"column":4},"end":{"line":409,"column":5}},"68":{"start":{"line":408,"column":6},"end":{"line":408,"column":19}},"69":{"start":{"line":411,"column":24},"end":{"line":411,"column":37}},"70":{"start":{"line":412,"column":29},"end":{"line":412,"column":79}},"71":{"start":{"line":415,"column":4},"end":{"line":417,"column":5}},"72":{"start":{"line":416,"column":6},"end":{"line":416,"column":19}},"73":{"start":{"line":420,"column":24},"end":{"line":420,"column":36}},"74":{"start":{"line":421,"column":4},"end":{"line":423,"column":5}},"75":{"start":{"line":422,"column":6},"end":{"line":422,"column":19}},"76":{"start":{"line":426,"column":4},"end":{"line":428,"column":5}},"77":{"start":{"line":427,"column":6},"end":{"line":427,"column":19}},"78":{"start":{"line":431,"column":27},"end":{"line":431,"column":100}},"79":{"start":{"line":432,"column":4},"end":{"line":434,"column":5}},"80":{"start":{"line":433,"column":6},"end":{"line":433,"column":19}},"81":{"start":{"line":436,"column":4},"end":{"line":436,"column":16}},"82":{"start":{"line":443,"column":17},"end":{"line":443,"column":47}},"83":{"start":{"line":444,"column":4},"end":{"line":444,"column":58}},"84":{"start":{"line":451,"column":16},"end":{"line":451,"column":75}},"85":{"start":{"line":451,"column":66},"end":{"line":451,"column":71}},"86":{"start":{"line":452,"column":4},"end":{"line":452,"column":15}},"87":{"start":{"line":459,"column":16},"end":{"line":459,"column":73}},"88":{"start":{"line":459,"column":64},"end":{"line":459,"column":69}},"89":{"start":{"line":460,"column":4},"end":{"line":460,"column":15}},"90":{"start":{"line":467,"column":26},"end":{"line":467,"column":56}},"91":{"start":{"line":468,"column":23},"end":{"line":468,"column":41}},"92":{"start":{"line":470,"column":4},"end":{"line":475,"column":5}},"93":{"start":{"line":472,"column":6},"end":{"line":472,"column":55}},"94":{"start":{"line":473,"column":6},"end":{"line":473,"column":53}},"95":{"start":{"line":474,"column":6},"end":{"line":474,"column":53}},"96":{"start":{"line":482,"column":4},"end":{"line":482,"column":30}},"97":{"start":{"line":483,"column":4},"end":{"line":483,"column":30}},"98":{"start":{"line":484,"column":26},"end":{"line":484,"column":56}},"99":{"start":{"line":485,"column":23},"end":{"line":485,"column":41}},"100":{"start":{"line":486,"column":4},"end":{"line":488,"column":5}},"101":{"start":{"line":487,"column":6},"end":{"line":487,"column":53}},"102":{"start":{"line":495,"column":4},"end":{"line":495,"column":31}},"103":{"start":{"line":496,"column":4},"end":{"line":496,"column":30}},"104":{"start":{"line":497,"column":26},"end":{"line":497,"column":56}},"105":{"start":{"line":498,"column":23},"end":{"line":498,"column":41}},"106":{"start":{"line":499,"column":4},"end":{"line":501,"column":5}},"107":{"start":{"line":500,"column":6},"end":{"line":500,"column":51}},"108":{"start":{"line":509,"column":4},"end":{"line":512,"column":5}},"109":{"start":{"line":510,"column":6},"end":{"line":510,"column":68}},"110":{"start":{"line":511,"column":6},"end":{"line":511,"column":13}},"111":{"start":{"line":514,"column":4},"end":{"line":514,"column":47}},"112":{"start":{"line":515,"column":4},"end":{"line":515,"column":38}},"113":{"start":{"line":517,"column":4},"end":{"line":517,"column":27}},"114":{"start":{"line":518,"column":4},"end":{"line":518,"column":23}},"115":{"start":{"line":519,"column":4},"end":{"line":519,"column":28}},"116":{"start":{"line":520,"column":4},"end":{"line":520,"column":27}},"117":{"start":{"line":522,"column":4},"end":{"line":531,"column":5}},"118":{"start":{"line":523,"column":6},"end":{"line":523,"column":35}},"119":{"start":{"line":524,"column":6},"end":{"line":524,"column":39}},"120":{"start":{"line":525,"column":6},"end":{"line":525,"column":91}},"121":{"start":{"line":526,"column":6},"end":{"line":526,"column":25}},"122":{"start":{"line":528,"column":6},"end":{"line":528,"column":77}},"123":{"start":{"line":529,"column":6},"end":{"line":529,"column":37}},"124":{"start":{"line":530,"column":6},"end":{"line":530,"column":18}},"125":{"start":{"line":539,"column":4},"end":{"line":542,"column":5}},"126":{"start":{"line":540,"column":6},"end":{"line":540,"column":64}},"127":{"start":{"line":541,"column":6},"end":{"line":541,"column":13}},"128":{"start":{"line":544,"column":4},"end":{"line":563,"column":5}},"129":{"start":{"line":545,"column":6},"end":{"line":545,"column":40}},"130":{"start":{"line":546,"column":6},"end":{"line":546,"column":63}},"131":{"start":{"line":549,"column":6},"end":{"line":549,"column":34}},"132":{"start":{"line":552,"column":6},"end":{"line":552,"column":33}},"133":{"start":{"line":555,"column":6},"end":{"line":555,"column":34}},"134":{"start":{"line":557,"column":6},"end":{"line":557,"column":39}},"135":{"start":{"line":558,"column":6},"end":{"line":558,"column":65}},"136":{"start":{"line":560,"column":6},"end":{"line":560,"column":37}},"137":{"start":{"line":561,"column":6},"end":{"line":561,"column":84}},"138":{"start":{"line":562,"column":6},"end":{"line":562,"column":18}},"139":{"start":{"line":571,"column":23},"end":{"line":571,"column":57}},"140":{"start":{"line":572,"column":4},"end":{"line":572,"column":70}},"141":{"start":{"line":575,"column":4},"end":{"line":578,"column":5}},"142":{"start":{"line":576,"column":6},"end":{"line":576,"column":85}},"143":{"start":{"line":577,"column":6},"end":{"line":577,"column":13}},"144":{"start":{"line":581,"column":4},"end":{"line":587,"column":7}},"145":{"start":{"line":590,"column":4},"end":{"line":590,"column":36}},"146":{"start":{"line":591,"column":4},"end":{"line":591,"column":27}},"147":{"start":{"line":594,"column":4},"end":{"line":602,"column":7}},"148":{"start":{"line":605,"column":20},"end":{"line":608,"column":38}},"149":{"start":{"line":606,"column":6},"end":{"line":606,"column":65}},"150":{"start":{"line":607,"column":6},"end":{"line":607,"column":33}},"151":{"start":{"line":611,"column":4},"end":{"line":615,"column":7}},"152":{"start":{"line":612,"column":6},"end":{"line":612,"column":28}},"153":{"start":{"line":613,"column":6},"end":{"line":613,"column":63}},"154":{"start":{"line":614,"column":6},"end":{"line":614,"column":33}},"155":{"start":{"line":618,"column":4},"end":{"line":622,"column":7}},"156":{"start":{"line":619,"column":6},"end":{"line":619,"column":28}},"157":{"start":{"line":620,"column":6},"end":{"line":620,"column":64}},"158":{"start":{"line":621,"column":6},"end":{"line":621,"column":33}},"159":{"start":{"line":625,"column":4},"end":{"line":629,"column":7}},"160":{"start":{"line":626,"column":6},"end":{"line":626,"column":28}},"161":{"start":{"line":627,"column":6},"end":{"line":627,"column":91}},"162":{"start":{"line":628,"column":6},"end":{"line":628,"column":33}},"163":{"start":{"line":632,"column":4},"end":{"line":636,"column":7}},"164":{"start":{"line":633,"column":6},"end":{"line":633,"column":28}},"165":{"start":{"line":634,"column":6},"end":{"line":634,"column":64}},"166":{"start":{"line":635,"column":6},"end":{"line":635,"column":33}},"167":{"start":{"line":639,"column":22},"end":{"line":645,"column":13}},"168":{"start":{"line":640,"column":6},"end":{"line":644,"column":7}},"169":{"start":{"line":641,"column":8},"end":{"line":641,"column":73}},"170":{"start":{"line":643,"column":8},"end":{"line":643,"column":33}},"171":{"start":{"line":648,"column":4},"end":{"line":648,"column":52}},"172":{"start":{"line":648,"column":26},"end":{"line":648,"column":50}},"173":{"start":{"line":656,"column":4},"end":{"line":656,"column":89}},"174":{"start":{"line":658,"column":4},"end":{"line":797,"column":5}},"175":{"start":{"line":660,"column":6},"end":{"line":675,"column":7}},"176":{"start":{"line":665,"column":8},"end":{"line":673,"column":11}},"177":{"start":{"line":674,"column":8},"end":{"line":674,"column":15}},"178":{"start":{"line":678,"column":6},"end":{"line":689,"column":7}},"179":{"start":{"line":679,"column":8},"end":{"line":687,"column":11}},"180":{"start":{"line":688,"column":8},"end":{"line":688,"column":15}},"181":{"start":{"line":694,"column":6},"end":{"line":779,"column":7}},"182":{"start":{"line":696,"column":8},"end":{"line":767,"column":9}},"183":{"start":{"line":698,"column":12},"end":{"line":714,"column":14}},"184":{"start":{"line":715,"column":12},"end":{"line":715,"column":18}},"185":{"start":{"line":719,"column":32},"end":{"line":719,"column":61}},"186":{"start":{"line":720,"column":12},"end":{"line":724,"column":14}},"187":{"start":{"line":725,"column":12},"end":{"line":725,"column":18}},"188":{"start":{"line":729,"column":31},"end":{"line":729,"column":67}},"189":{"start":{"line":730,"column":12},"end":{"line":734,"column":14}},"190":{"start":{"line":735,"column":12},"end":{"line":735,"column":18}},"191":{"start":{"line":738,"column":12},"end":{"line":744,"column":14}},"192":{"start":{"line":745,"column":12},"end":{"line":745,"column":18}},"193":{"start":{"line":748,"column":12},"end":{"line":754,"column":14}},"194":{"start":{"line":755,"column":12},"end":{"line":755,"column":18}},"195":{"start":{"line":758,"column":12},"end":{"line":766,"column":14}},"196":{"start":{"line":769,"column":8},"end":{"line":769,"column":86}},"197":{"start":{"line":770,"column":8},"end":{"line":778,"column":10}},"198":{"start":{"line":782,"column":6},"end":{"line":782,"column":58}},"199":{"start":{"line":785,"column":6},"end":{"line":785,"column":28}},"200":{"start":{"line":787,"column":6},"end":{"line":787,"column":84}},"201":{"start":{"line":788,"column":6},"end":{"line":796,"column":9}},"202":{"start":{"line":805,"column":4},"end":{"line":814,"column":5}},"203":{"start":{"line":806,"column":6},"end":{"line":806,"column":41}},"204":{"start":{"line":807,"column":6},"end":{"line":807,"column":29}},"205":{"start":{"line":808,"column":6},"end":{"line":808,"column":91}},"206":{"start":{"line":811,"column":6},"end":{"line":813,"column":7}},"207":{"start":{"line":812,"column":8},"end":{"line":812,"column":18}},"208":{"start":{"line":822,"column":4},"end":{"line":824,"column":5}},"209":{"start":{"line":823,"column":6},"end":{"line":823,"column":13}},"210":{"start":{"line":826,"column":4},"end":{"line":832,"column":5}},"211":{"start":{"line":827,"column":22},"end":{"line":827,"column":74}},"212":{"start":{"line":828,"column":6},"end":{"line":828,"column":25}},"213":{"start":{"line":830,"column":6},"end":{"line":830,"column":81}},"214":{"start":{"line":831,"column":6},"end":{"line":831,"column":33}},"215":{"start":{"line":840,"column":4},"end":{"line":840,"column":84}},"216":{"start":{"line":842,"column":4},"end":{"line":844,"column":5}},"217":{"start":{"line":843,"column":6},"end":{"line":843,"column":51}},"218":{"start":{"line":859,"column":4},"end":{"line":870,"column":5}},"219":{"start":{"line":860,"column":6},"end":{"line":867,"column":32}},"220":{"start":{"line":869,"column":6},"end":{"line":869,"column":23}},"221":{"start":{"line":873,"column":4},"end":{"line":873,"column":51}},"222":{"start":{"line":873,"column":44},"end":{"line":873,"column":51}},"223":{"start":{"line":876,"column":4},"end":{"line":876,"column":66}},"224":{"start":{"line":876,"column":59},"end":{"line":876,"column":66}},"225":{"start":{"line":878,"column":28},"end":{"line":884,"column":6}},"226":{"start":{"line":886,"column":4},"end":{"line":888,"column":5}},"227":{"start":{"line":887,"column":6},"end":{"line":887,"column":34}},"228":{"start":{"line":891,"column":4},"end":{"line":896,"column":5}},"229":{"start":{"line":892,"column":28},"end":{"line":892,"column":62}},"230":{"start":{"line":893,"column":6},"end":{"line":895,"column":7}},"231":{"start":{"line":894,"column":8},"end":{"line":894,"column":44}},"232":{"start":{"line":899,"column":4},"end":{"line":910,"column":5}},"233":{"start":{"line":900,"column":6},"end":{"line":903,"column":8}},"234":{"start":{"line":904,"column":6},"end":{"line":906,"column":7}},"235":{"start":{"line":905,"column":8},"end":{"line":905,"column":40}},"236":{"start":{"line":907,"column":6},"end":{"line":909,"column":7}},"237":{"start":{"line":908,"column":8},"end":{"line":908,"column":47}},"238":{"start":{"line":913,"column":4},"end":{"line":917,"column":5}},"239":{"start":{"line":914,"column":6},"end":{"line":916,"column":18}},"240":{"start":{"line":920,"column":4},"end":{"line":922,"column":5}},"241":{"start":{"line":921,"column":6},"end":{"line":921,"column":38}},"242":{"start":{"line":925,"column":4},"end":{"line":927,"column":5}},"243":{"start":{"line":926,"column":6},"end":{"line":926,"column":35}},"244":{"start":{"line":934,"column":4},"end":{"line":934,"column":39}},"245":{"start":{"line":941,"column":19},"end":{"line":941,"column":83}},"246":{"start":{"line":942,"column":24},"end":{"line":942,"column":70}},"247":{"start":{"line":943,"column":28},"end":{"line":943,"column":87}},"248":{"start":{"line":945,"column":21},"end":{"line":945,"column":81}},"249":{"start":{"line":947,"column":4},"end":{"line":949,"column":5}},"250":{"start":{"line":948,"column":6},"end":{"line":948,"column":67}},"251":{"start":{"line":951,"column":4},"end":{"line":958,"column":5}},"252":{"start":{"line":952,"column":6},"end":{"line":952,"column":76}},"253":{"start":{"line":953,"column":6},"end":{"line":957,"column":7}},"254":{"start":{"line":954,"column":8},"end":{"line":954,"column":32}},"255":{"start":{"line":955,"column":8},"end":{"line":955,"column":58}},"256":{"start":{"line":956,"column":8},"end":{"line":956,"column":15}},"257":{"start":{"line":960,"column":4},"end":{"line":960,"column":28}},"258":{"start":{"line":967,"column":4},"end":{"line":969,"column":5}},"259":{"start":{"line":968,"column":6},"end":{"line":968,"column":18}},"260":{"start":{"line":971,"column":21},"end":{"line":971,"column":66}},"261":{"start":{"line":973,"column":4},"end":{"line":981,"column":5}},"262":{"start":{"line":974,"column":6},"end":{"line":980,"column":7}},"263":{"start":{"line":975,"column":8},"end":{"line":975,"column":55}},"264":{"start":{"line":977,"column":8},"end":{"line":977,"column":37}},"265":{"start":{"line":978,"column":13},"end":{"line":980,"column":7}},"266":{"start":{"line":979,"column":8},"end":{"line":979,"column":64}},"267":{"start":{"line":983,"column":4},"end":{"line":983,"column":20}},"268":{"start":{"line":990,"column":4},"end":{"line":994,"column":6}},"269":{"start":{"line":1003,"column":5},"end":{"line":1003,"column":92}},"270":{"start":{"line":1004,"column":4},"end":{"line":1004,"column":11}},"271":{"start":{"line":1012,"column":23},"end":{"line":1012,"column":57}},"272":{"start":{"line":1013,"column":4},"end":{"line":1013,"column":83}},"273":{"start":{"line":1016,"column":4},"end":{"line":1016,"column":33}},"274":{"start":{"line":1019,"column":4},"end":{"line":1023,"column":7}},"275":{"start":{"line":1020,"column":6},"end":{"line":1022,"column":7}},"276":{"start":{"line":1021,"column":8},"end":{"line":1021,"column":35}},"277":{"start":{"line":1025,"column":4},"end":{"line":1025,"column":11}},"278":{"start":{"line":1033,"column":4},"end":{"line":1033,"column":51}},"279":{"start":{"line":1034,"column":4},"end":{"line":1034,"column":69}},"280":{"start":{"line":1035,"column":4},"end":{"line":1035,"column":105}},"281":{"start":{"line":1036,"column":4},"end":{"line":1036,"column":91}},"282":{"start":{"line":1037,"column":4},"end":{"line":1037,"column":11}},"283":{"start":{"line":1045,"column":4},"end":{"line":1052,"column":5}},"284":{"start":{"line":1046,"column":6},"end":{"line":1046,"column":110}},"285":{"start":{"line":1047,"column":6},"end":{"line":1050,"column":9}},"286":{"start":{"line":1051,"column":6},"end":{"line":1051,"column":13}},"287":{"start":{"line":1053,"column":4},"end":{"line":1053,"column":11}},"288":{"start":{"line":1061,"column":20},"end":{"line":1069,"column":34}},"289":{"start":{"line":1062,"column":6},"end":{"line":1068,"column":7}},"290":{"start":{"line":1063,"column":8},"end":{"line":1063,"column":70}},"291":{"start":{"line":1064,"column":8},"end":{"line":1067,"column":11}},"292":{"start":{"line":1071,"column":4},"end":{"line":1073,"column":7}},"293":{"start":{"line":1072,"column":6},"end":{"line":1072,"column":28}},"294":{"start":{"line":1075,"column":4},"end":{"line":1075,"column":11}},"295":{"start":{"line":1083,"column":4},"end":{"line":1083,"column":64}},"296":{"start":{"line":1086,"column":4},"end":{"line":1086,"column":54}},"297":{"start":{"line":1089,"column":4},"end":{"line":1089,"column":59}},"298":{"start":{"line":1092,"column":4},"end":{"line":1094,"column":5}},"299":{"start":{"line":1093,"column":6},"end":{"line":1093,"column":51}},"300":{"start":{"line":1097,"column":4},"end":{"line":1097,"column":50}},"301":{"start":{"line":1098,"column":4},"end":{"line":1098,"column":72}},"302":{"start":{"line":1101,"column":4},"end":{"line":1101,"column":60}},"303":{"start":{"line":1104,"column":4},"end":{"line":1104,"column":59}},"304":{"start":{"line":1106,"column":4},"end":{"line":1106,"column":60}},"305":{"start":{"line":1114,"column":4},"end":{"line":1114,"column":53}},"306":{"start":{"line":1117,"column":4},"end":{"line":1124,"column":7}},"307":{"start":{"line":1118,"column":6},"end":{"line":1123,"column":9}},"308":{"start":{"line":1127,"column":4},"end":{"line":1141,"column":7}},"309":{"start":{"line":1128,"column":6},"end":{"line":1140,"column":7}},"310":{"start":{"line":1129,"column":30},"end":{"line":1129,"column":53}},"311":{"start":{"line":1130,"column":27},"end":{"line":1130,"column":60}},"312":{"start":{"line":1131,"column":8},"end":{"line":1131,"column":51}},"313":{"start":{"line":1133,"column":8},"end":{"line":1133,"column":89}},"314":{"start":{"line":1134,"column":8},"end":{"line":1139,"column":11}},"315":{"start":{"line":1144,"column":4},"end":{"line":1146,"column":7}},"316":{"start":{"line":1145,"column":6},"end":{"line":1145,"column":41}},"317":{"start":{"line":1149,"column":4},"end":{"line":1151,"column":7}},"318":{"start":{"line":1150,"column":6},"end":{"line":1150,"column":49}},"319":{"start":{"line":1153,"column":4},"end":{"line":1153,"column":55}},"320":{"start":{"line":1160,"column":4},"end":{"line":1218,"column":7}},"321":{"start":{"line":1161,"column":6},"end":{"line":1217,"column":7}},"322":{"start":{"line":1162,"column":23},"end":{"line":1162,"column":28}},"323":{"start":{"line":1164,"column":30},"end":{"line":1170,"column":9}},"324":{"start":{"line":1165,"column":10},"end":{"line":1169,"column":11}},"325":{"start":{"line":1166,"column":12},"end":{"line":1166,"column":28}},"326":{"start":{"line":1167,"column":12},"end":{"line":1167,"column":41}},"327":{"start":{"line":1168,"column":12},"end":{"line":1168,"column":22}},"328":{"start":{"line":1172,"column":29},"end":{"line":1179,"column":9}},"329":{"start":{"line":1173,"column":10},"end":{"line":1178,"column":11}},"330":{"start":{"line":1174,"column":12},"end":{"line":1174,"column":28}},"331":{"start":{"line":1175,"column":12},"end":{"line":1175,"column":41}},"332":{"start":{"line":1176,"column":12},"end":{"line":1176,"column":43}},"333":{"start":{"line":1177,"column":12},"end":{"line":1177,"column":26}},"334":{"start":{"line":1182,"column":8},"end":{"line":1182,"column":74}},"335":{"start":{"line":1184,"column":8},"end":{"line":1197,"column":11}},"336":{"start":{"line":1185,"column":10},"end":{"line":1185,"column":77}},"337":{"start":{"line":1188,"column":10},"end":{"line":1196,"column":11}},"338":{"start":{"line":1189,"column":30},"end":{"line":1189,"column":85}},"339":{"start":{"line":1190,"column":12},"end":{"line":1190,"column":36}},"340":{"start":{"line":1191,"column":17},"end":{"line":1196,"column":11}},"341":{"start":{"line":1192,"column":30},"end":{"line":1192,"column":96}},"342":{"start":{"line":1193,"column":12},"end":{"line":1193,"column":36}},"343":{"start":{"line":1195,"column":12},"end":{"line":1195,"column":32}},"344":{"start":{"line":1199,"column":8},"end":{"line":1202,"column":11}},"345":{"start":{"line":1200,"column":10},"end":{"line":1200,"column":95}},"346":{"start":{"line":1201,"column":10},"end":{"line":1201,"column":26}},"347":{"start":{"line":1205,"column":8},"end":{"line":1205,"column":57}},"348":{"start":{"line":1208,"column":31},"end":{"line":1212,"column":16}},"349":{"start":{"line":1209,"column":10},"end":{"line":1211,"column":11}},"350":{"start":{"line":1210,"column":12},"end":{"line":1210,"column":77}},"351":{"start":{"line":1215,"column":8},"end":{"line":1215,"column":39}},"352":{"start":{"line":1216,"column":8},"end":{"line":1216,"column":22}},"353":{"start":{"line":1225,"column":4},"end":{"line":1228,"column":5}},"354":{"start":{"line":1226,"column":6},"end":{"line":1226,"column":50}},"355":{"start":{"line":1227,"column":6},"end":{"line":1227,"column":13}},"356":{"start":{"line":1230,"column":4},"end":{"line":1280,"column":7}},"357":{"start":{"line":1232,"column":21},"end":{"line":1232,"column":26}},"358":{"start":{"line":1234,"column":24},"end":{"line":1240,"column":7}},"359":{"start":{"line":1235,"column":8},"end":{"line":1239,"column":9}},"360":{"start":{"line":1236,"column":10},"end":{"line":1236,"column":26}},"361":{"start":{"line":1237,"column":10},"end":{"line":1237,"column":29}},"362":{"start":{"line":1238,"column":10},"end":{"line":1238,"column":20}},"363":{"start":{"line":1243,"column":6},"end":{"line":1250,"column":9}},"364":{"start":{"line":1244,"column":8},"end":{"line":1248,"column":9}},"365":{"start":{"line":1245,"column":10},"end":{"line":1245,"column":86}},"366":{"start":{"line":1247,"column":10},"end":{"line":1247,"column":63}},"367":{"start":{"line":1249,"column":8},"end":{"line":1249,"column":20}},"368":{"start":{"line":1253,"column":6},"end":{"line":1271,"column":7}},"369":{"start":{"line":1254,"column":8},"end":{"line":1270,"column":11}},"370":{"start":{"line":1255,"column":10},"end":{"line":1269,"column":11}},"371":{"start":{"line":1256,"column":12},"end":{"line":1256,"column":81}},"372":{"start":{"line":1259,"column":12},"end":{"line":1259,"column":48}},"373":{"start":{"line":1262,"column":12},"end":{"line":1268,"column":13}},"374":{"start":{"line":1263,"column":14},"end":{"line":1267,"column":15}},"375":{"start":{"line":1264,"column":16},"end":{"line":1266,"column":17}},"376":{"start":{"line":1265,"column":18},"end":{"line":1265,"column":35}},"377":{"start":{"line":1274,"column":6},"end":{"line":1279,"column":14}},"378":{"start":{"line":1275,"column":8},"end":{"line":1278,"column":9}},"379":{"start":{"line":1276,"column":10},"end":{"line":1276,"column":66}},"380":{"start":{"line":1277,"column":10},"end":{"line":1277,"column":22}},"381":{"start":{"line":1287,"column":4},"end":{"line":1287,"column":55}},"382":{"start":{"line":1289,"column":27},"end":{"line":1295,"column":5}},"383":{"start":{"line":1290,"column":6},"end":{"line":1290,"column":78}},"384":{"start":{"line":1291,"column":6},"end":{"line":1294,"column":9}},"385":{"start":{"line":1292,"column":8},"end":{"line":1292,"column":88}},"386":{"start":{"line":1293,"column":8},"end":{"line":1293,"column":24}},"387":{"start":{"line":1298,"column":4},"end":{"line":1298,"column":69}},"388":{"start":{"line":1298,"column":43},"end":{"line":1298,"column":68}},"389":{"start":{"line":1299,"column":4},"end":{"line":1299,"column":67}},"390":{"start":{"line":1299,"column":42},"end":{"line":1299,"column":66}},"391":{"start":{"line":1301,"column":4},"end":{"line":1301,"column":58}},"392":{"start":{"line":1302,"column":4},"end":{"line":1302,"column":56}},"393":{"start":{"line":1304,"column":4},"end":{"line":1304,"column":57}},"394":{"start":{"line":1311,"column":4},"end":{"line":1311,"column":53}},"395":{"start":{"line":1313,"column":4},"end":{"line":1318,"column":5}},"396":{"start":{"line":1314,"column":22},"end":{"line":1314,"column":49}},"397":{"start":{"line":1315,"column":6},"end":{"line":1317,"column":7}},"398":{"start":{"line":1316,"column":8},"end":{"line":1316,"column":48}},"399":{"start":{"line":1320,"column":4},"end":{"line":1320,"column":29}},"400":{"start":{"line":1321,"column":4},"end":{"line":1321,"column":49}},"401":{"start":{"line":1328,"column":4},"end":{"line":1328,"column":58}},"402":{"start":{"line":1329,"column":4},"end":{"line":1331,"column":5}},"403":{"start":{"line":1330,"column":6},"end":{"line":1330,"column":40}},"404":{"start":{"line":1338,"column":44},"end":{"line":1340,"column":6}},"405":{"start":{"line":1342,"column":4},"end":{"line":1345,"column":6}},"406":{"start":{"line":1352,"column":4},"end":{"line":1559,"column":6}},"407":{"start":{"line":1566,"column":38},"end":{"line":1566,"column":52}},"408":{"start":{"line":1568,"column":4},"end":{"line":1626,"column":5}},"409":{"start":{"line":1569,"column":6},"end":{"line":1571,"column":7}},"410":{"start":{"line":1570,"column":8},"end":{"line":1570,"column":49}},"411":{"start":{"line":1573,"column":6},"end":{"line":1615,"column":7}},"412":{"start":{"line":1575,"column":24},"end":{"line":1575,"column":77}},"413":{"start":{"line":1576,"column":10},"end":{"line":1583,"column":12}},"414":{"start":{"line":1586,"column":10},"end":{"line":1596,"column":11}},"415":{"start":{"line":1587,"column":34},"end":{"line":1587,"column":87}},"416":{"start":{"line":1588,"column":12},"end":{"line":1595,"column":14}},"417":{"start":{"line":1597,"column":10},"end":{"line":1604,"column":12}},"418":{"start":{"line":1607,"column":10},"end":{"line":1614,"column":12}},"419":{"start":{"line":1617,"column":6},"end":{"line":1625,"column":8}},"420":{"start":{"line":1634,"column":4},"end":{"line":1636,"column":7}},"421":{"start":{"line":1635,"column":6},"end":{"line":1635,"column":37}},"422":{"start":{"line":1639,"column":4},"end":{"line":1641,"column":7}},"423":{"start":{"line":1640,"column":6},"end":{"line":1640,"column":44}},"424":{"start":{"line":1645,"column":4},"end":{"line":1645,"column":37}},"425":{"start":{"line":1646,"column":4},"end":{"line":1646,"column":16}},"426":{"start":{"line":1650,"column":4},"end":{"line":1650,"column":45}},"427":{"start":{"line":1654,"column":4},"end":{"line":1654,"column":45}},"428":{"start":{"line":226,"column":0},"end":{"line":226,"column":13}}},"fnMap":{"0":{"name":"(anonymous_10)","decl":{"start":{"line":23,"column":0},"end":{"line":23,"column":12}},"loc":{"start":{"line":23,"column":20},"end":{"line":30,"column":1}}},"1":{"name":"(anonymous_11)","decl":{"start":{"line":58,"column":0},"end":{"line":58,"column":12}},"loc":{"start":{"line":58,"column":25},"end":{"line":69,"column":1}}},"2":{"name":"(anonymous_12)","decl":{"start":{"line":144,"column":0},"end":{"line":144,"column":12}},"loc":{"start":{"line":144,"column":23},"end":{"line":150,"column":1}}},"3":{"name":"(anonymous_13)","decl":{"start":{"line":266,"column":2},"end":{"line":266,"column":14}},"loc":{"start":{"line":266,"column":51},"end":{"line":325,"column":3}}},"4":{"name":"(anonymous_14)","decl":{"start":{"line":330,"column":9},"end":{"line":330,"column":17}},"loc":{"start":{"line":330,"column":17},"end":{"line":332,"column":3}}},"5":{"name":"(anonymous_15)","decl":{"start":{"line":337,"column":9},"end":{"line":337,"column":27}},"loc":{"start":{"line":337,"column":27},"end":{"line":339,"column":3}}},"6":{"name":"(anonymous_16)","decl":{"start":{"line":344,"column":9},"end":{"line":344,"column":18}},"loc":{"start":{"line":344,"column":18},"end":{"line":349,"column":3}}},"7":{"name":"(anonymous_17)","decl":{"start":{"line":354,"column":9},"end":{"line":354,"column":25}},"loc":{"start":{"line":354,"column":25},"end":{"line":401,"column":3}}},"8":{"name":"(anonymous_18)","decl":{"start":{"line":406,"column":9},"end":{"line":406,"column":18}},"loc":{"start":{"line":406,"column":18},"end":{"line":437,"column":3}}},"9":{"name":"(anonymous_19)","decl":{"start":{"line":442,"column":10},"end":{"line":442,"column":19}},"loc":{"start":{"line":442,"column":19},"end":{"line":445,"column":3}}},"10":{"name":"(anonymous_20)","decl":{"start":{"line":450,"column":10},"end":{"line":450,"column":24}},"loc":{"start":{"line":450,"column":24},"end":{"line":453,"column":3}}},"11":{"name":"(anonymous_21)","decl":{"start":{"line":451,"column":56},"end":{"line":451,"column":57}},"loc":{"start":{"line":451,"column":66},"end":{"line":451,"column":71}}},"12":{"name":"(anonymous_22)","decl":{"start":{"line":458,"column":10},"end":{"line":458,"column":22}},"loc":{"start":{"line":458,"column":22},"end":{"line":461,"column":3}}},"13":{"name":"(anonymous_23)","decl":{"start":{"line":459,"column":54},"end":{"line":459,"column":55}},"loc":{"start":{"line":459,"column":64},"end":{"line":459,"column":69}}},"14":{"name":"(anonymous_24)","decl":{"start":{"line":466,"column":10},"end":{"line":466,"column":28}},"loc":{"start":{"line":466,"column":28},"end":{"line":476,"column":3}}},"15":{"name":"(anonymous_25)","decl":{"start":{"line":481,"column":10},"end":{"line":481,"column":31}},"loc":{"start":{"line":481,"column":31},"end":{"line":489,"column":3}}},"16":{"name":"(anonymous_26)","decl":{"start":{"line":494,"column":10},"end":{"line":494,"column":29}},"loc":{"start":{"line":494,"column":29},"end":{"line":502,"column":3}}},"17":{"name":"(anonymous_27)","decl":{"start":{"line":508,"column":9},"end":{"line":508,"column":14}},"loc":{"start":{"line":508,"column":25},"end":{"line":532,"column":3}}},"18":{"name":"(anonymous_28)","decl":{"start":{"line":538,"column":9},"end":{"line":538,"column":14}},"loc":{"start":{"line":538,"column":23},"end":{"line":564,"column":3}}},"19":{"name":"(anonymous_29)","decl":{"start":{"line":570,"column":10},"end":{"line":570,"column":29}},"loc":{"start":{"line":570,"column":57},"end":{"line":649,"column":3}}},"20":{"name":"(anonymous_30)","decl":{"start":{"line":605,"column":31},"end":{"line":605,"column":34}},"loc":{"start":{"line":605,"column":36},"end":{"line":608,"column":5}}},"21":{"name":"(anonymous_31)","decl":{"start":{"line":611,"column":20},"end":{"line":611,"column":23}},"loc":{"start":{"line":611,"column":25},"end":{"line":615,"column":5}}},"22":{"name":"(anonymous_32)","decl":{"start":{"line":618,"column":22},"end":{"line":618,"column":25}},"loc":{"start":{"line":618,"column":27},"end":{"line":622,"column":5}}},"23":{"name":"(anonymous_33)","decl":{"start":{"line":625,"column":20},"end":{"line":625,"column":21}},"loc":{"start":{"line":625,"column":30},"end":{"line":629,"column":5}}},"24":{"name":"(anonymous_34)","decl":{"start":{"line":632,"column":21},"end":{"line":632,"column":24}},"loc":{"start":{"line":632,"column":26},"end":{"line":636,"column":5}}},"25":{"name":"(anonymous_35)","decl":{"start":{"line":639,"column":34},"end":{"line":639,"column":37}},"loc":{"start":{"line":639,"column":39},"end":{"line":645,"column":5}}},"26":{"name":"(anonymous_36)","decl":{"start":{"line":648,"column":20},"end":{"line":648,"column":23}},"loc":{"start":{"line":648,"column":26},"end":{"line":648,"column":50}}},"27":{"name":"(anonymous_37)","decl":{"start":{"line":655,"column":10},"end":{"line":655,"column":15}},"loc":{"start":{"line":655,"column":60},"end":{"line":798,"column":3}}},"28":{"name":"(anonymous_38)","decl":{"start":{"line":804,"column":10},"end":{"line":804,"column":26}},"loc":{"start":{"line":804,"column":40},"end":{"line":815,"column":3}}},"29":{"name":"(anonymous_39)","decl":{"start":{"line":821,"column":10},"end":{"line":821,"column":24}},"loc":{"start":{"line":821,"column":64},"end":{"line":833,"column":3}}},"30":{"name":"(anonymous_40)","decl":{"start":{"line":839,"column":10},"end":{"line":839,"column":32}},"loc":{"start":{"line":839,"column":57},"end":{"line":845,"column":3}}},"31":{"name":"(anonymous_41)","decl":{"start":{"line":850,"column":10},"end":{"line":850,"column":13}},"loc":{"start":{"line":855,"column":22},"end":{"line":928,"column":3}}},"32":{"name":"(anonymous_42)","decl":{"start":{"line":933,"column":10},"end":{"line":933,"column":29}},"loc":{"start":{"line":933,"column":45},"end":{"line":935,"column":3}}},"33":{"name":"(anonymous_43)","decl":{"start":{"line":940,"column":10},"end":{"line":940,"column":26}},"loc":{"start":{"line":940,"column":42},"end":{"line":961,"column":3}}},"34":{"name":"(anonymous_44)","decl":{"start":{"line":966,"column":10},"end":{"line":966,"column":29}},"loc":{"start":{"line":966,"column":39},"end":{"line":984,"column":3}}},"35":{"name":"(anonymous_45)","decl":{"start":{"line":974,"column":49},"end":{"line":974,"column":54}},"loc":{"start":{"line":975,"column":8},"end":{"line":975,"column":55}}},"36":{"name":"(anonymous_46)","decl":{"start":{"line":989,"column":9},"end":{"line":989,"column":24}},"loc":{"start":{"line":989,"column":24},"end":{"line":995,"column":3}}},"37":{"name":"(anonymous_47)","decl":{"start":{"line":1001,"column":10},"end":{"line":1001,"column":29}},"loc":{"start":{"line":1001,"column":74},"end":{"line":1005,"column":3}}},"38":{"name":"(anonymous_48)","decl":{"start":{"line":1011,"column":10},"end":{"line":1011,"column":34}},"loc":{"start":{"line":1011,"column":78},"end":{"line":1026,"column":3}}},"39":{"name":"(anonymous_49)","decl":{"start":{"line":1019,"column":21},"end":{"line":1019,"column":24}},"loc":{"start":{"line":1019,"column":26},"end":{"line":1023,"column":5}}},"40":{"name":"(anonymous_50)","decl":{"start":{"line":1032,"column":10},"end":{"line":1032,"column":24}},"loc":{"start":{"line":1032,"column":69},"end":{"line":1038,"column":3}}},"41":{"name":"(anonymous_51)","decl":{"start":{"line":1044,"column":10},"end":{"line":1044,"column":35}},"loc":{"start":{"line":1044,"column":80},"end":{"line":1054,"column":3}}},"42":{"name":"(anonymous_52)","decl":{"start":{"line":1060,"column":10},"end":{"line":1060,"column":34}},"loc":{"start":{"line":1060,"column":78},"end":{"line":1076,"column":3}}},"43":{"name":"(anonymous_53)","decl":{"start":{"line":1061,"column":31},"end":{"line":1061,"column":34}},"loc":{"start":{"line":1061,"column":36},"end":{"line":1069,"column":5}}},"44":{"name":"(anonymous_54)","decl":{"start":{"line":1071,"column":21},"end":{"line":1071,"column":24}},"loc":{"start":{"line":1071,"column":26},"end":{"line":1073,"column":5}}},"45":{"name":"(anonymous_55)","decl":{"start":{"line":1082,"column":10},"end":{"line":1082,"column":25}},"loc":{"start":{"line":1082,"column":25},"end":{"line":1107,"column":3}}},"46":{"name":"(anonymous_56)","decl":{"start":{"line":1113,"column":10},"end":{"line":1113,"column":21}},"loc":{"start":{"line":1113,"column":21},"end":{"line":1154,"column":3}}},"47":{"name":"(anonymous_57)","decl":{"start":{"line":1117,"column":22},"end":{"line":1117,"column":23}},"loc":{"start":{"line":1117,"column":36},"end":{"line":1124,"column":5}}},"48":{"name":"(anonymous_58)","decl":{"start":{"line":1127,"column":28},"end":{"line":1127,"column":29}},"loc":{"start":{"line":1127,"column":42},"end":{"line":1141,"column":5}}},"49":{"name":"(anonymous_59)","decl":{"start":{"line":1144,"column":25},"end":{"line":1144,"column":26}},"loc":{"start":{"line":1144,"column":38},"end":{"line":1146,"column":5}}},"50":{"name":"(anonymous_60)","decl":{"start":{"line":1149,"column":30},"end":{"line":1149,"column":35}},"loc":{"start":{"line":1149,"column":49},"end":{"line":1151,"column":5}}},"51":{"name":"(anonymous_61)","decl":{"start":{"line":1159,"column":10},"end":{"line":1159,"column":15}},"loc":{"start":{"line":1159,"column":31},"end":{"line":1219,"column":3}}},"52":{"name":"(anonymous_62)","decl":{"start":{"line":1160,"column":23},"end":{"line":1160,"column":24}},"loc":{"start":{"line":1160,"column":43},"end":{"line":1218,"column":5}}},"53":{"name":"(anonymous_63)","decl":{"start":{"line":1164,"column":30},"end":{"line":1164,"column":33}},"loc":{"start":{"line":1164,"column":35},"end":{"line":1170,"column":9}}},"54":{"name":"(anonymous_64)","decl":{"start":{"line":1172,"column":29},"end":{"line":1172,"column":30}},"loc":{"start":{"line":1172,"column":44},"end":{"line":1179,"column":9}}},"55":{"name":"(anonymous_65)","decl":{"start":{"line":1184,"column":32},"end":{"line":1184,"column":33}},"loc":{"start":{"line":1184,"column":47},"end":{"line":1197,"column":9}}},"56":{"name":"(anonymous_66)","decl":{"start":{"line":1199,"column":36},"end":{"line":1199,"column":39}},"loc":{"start":{"line":1199,"column":41},"end":{"line":1202,"column":9}}},"57":{"name":"(anonymous_67)","decl":{"start":{"line":1208,"column":42},"end":{"line":1208,"column":45}},"loc":{"start":{"line":1208,"column":47},"end":{"line":1212,"column":9}}},"58":{"name":"(anonymous_68)","decl":{"start":{"line":1224,"column":10},"end":{"line":1224,"column":15}},"loc":{"start":{"line":1224,"column":30},"end":{"line":1281,"column":3}}},"59":{"name":"(anonymous_69)","decl":{"start":{"line":1230,"column":23},"end":{"line":1230,"column":24}},"loc":{"start":{"line":1230,"column":35},"end":{"line":1280,"column":5}}},"60":{"name":"(anonymous_70)","decl":{"start":{"line":1234,"column":24},"end":{"line":1234,"column":27}},"loc":{"start":{"line":1234,"column":29},"end":{"line":1240,"column":7}}},"61":{"name":"(anonymous_71)","decl":{"start":{"line":1243,"column":24},"end":{"line":1243,"column":25}},"loc":{"start":{"line":1243,"column":39},"end":{"line":1250,"column":7}}},"62":{"name":"(anonymous_72)","decl":{"start":{"line":1254,"column":35},"end":{"line":1254,"column":36}},"loc":{"start":{"line":1254,"column":63},"end":{"line":1270,"column":9}}},"63":{"name":"(anonymous_73)","decl":{"start":{"line":1274,"column":17},"end":{"line":1274,"column":20}},"loc":{"start":{"line":1274,"column":22},"end":{"line":1279,"column":7}}},"64":{"name":"(anonymous_74)","decl":{"start":{"line":1286,"column":10},"end":{"line":1286,"column":29}},"loc":{"start":{"line":1286,"column":29},"end":{"line":1305,"column":3}}},"65":{"name":"(anonymous_75)","decl":{"start":{"line":1289,"column":27},"end":{"line":1289,"column":28}},"loc":{"start":{"line":1289,"column":46},"end":{"line":1295,"column":5}}},"66":{"name":"(anonymous_76)","decl":{"start":{"line":1291,"column":28},"end":{"line":1291,"column":29}},"loc":{"start":{"line":1291,"column":38},"end":{"line":1294,"column":7}}},"67":{"name":"(anonymous_77)","decl":{"start":{"line":1298,"column":37},"end":{"line":1298,"column":40}},"loc":{"start":{"line":1298,"column":43},"end":{"line":1298,"column":68}}},"68":{"name":"(anonymous_78)","decl":{"start":{"line":1299,"column":36},"end":{"line":1299,"column":39}},"loc":{"start":{"line":1299,"column":42},"end":{"line":1299,"column":66}}},"69":{"name":"(anonymous_79)","decl":{"start":{"line":1310,"column":10},"end":{"line":1310,"column":30}},"loc":{"start":{"line":1310,"column":30},"end":{"line":1322,"column":3}}},"70":{"name":"(anonymous_80)","decl":{"start":{"line":1327,"column":10},"end":{"line":1327,"column":29}},"loc":{"start":{"line":1327,"column":29},"end":{"line":1332,"column":3}}},"71":{"name":"(anonymous_81)","decl":{"start":{"line":1337,"column":10},"end":{"line":1337,"column":25}},"loc":{"start":{"line":1337,"column":25},"end":{"line":1346,"column":3}}},"72":{"name":"(anonymous_82)","decl":{"start":{"line":1351,"column":10},"end":{"line":1351,"column":15}},"loc":{"start":{"line":1351,"column":32},"end":{"line":1560,"column":3}}},"73":{"name":"(anonymous_83)","decl":{"start":{"line":1565,"column":10},"end":{"line":1565,"column":15}},"loc":{"start":{"line":1565,"column":45},"end":{"line":1627,"column":3}}},"74":{"name":"(anonymous_84)","decl":{"start":{"line":1632,"column":10},"end":{"line":1632,"column":26}},"loc":{"start":{"line":1632,"column":26},"end":{"line":1642,"column":3}}},"75":{"name":"(anonymous_85)","decl":{"start":{"line":1634,"column":51},"end":{"line":1634,"column":56}},"loc":{"start":{"line":1634,"column":62},"end":{"line":1636,"column":5}}},"76":{"name":"(anonymous_86)","decl":{"start":{"line":1639,"column":50},"end":{"line":1639,"column":55}},"loc":{"start":{"line":1639,"column":68},"end":{"line":1641,"column":5}}},"77":{"name":"(anonymous_87)","decl":{"start":{"line":1644,"column":9},"end":{"line":1644,"column":11}},"loc":{"start":{"line":1644,"column":61},"end":{"line":1647,"column":3}}},"78":{"name":"(anonymous_88)","decl":{"start":{"line":1649,"column":9},"end":{"line":1649,"column":13}},"loc":{"start":{"line":1649,"column":43},"end":{"line":1651,"column":3}}},"79":{"name":"(anonymous_89)","decl":{"start":{"line":1653,"column":9},"end":{"line":1653,"column":18}},"loc":{"start":{"line":1653,"column":43},"end":{"line":1655,"column":3}}}},"branchMap":{"0":{"loc":{"start":{"line":23,"column":12},"end":{"line":23,"column":null}},"type":"binary-expr","locations":[{"start":{"line":23,"column":12},"end":{"line":23,"column":20}},{"start":{"line":23,"column":20},"end":{"line":23,"column":null}}]},"1":{"loc":{"start":{"line":58,"column":12},"end":{"line":58,"column":null}},"type":"binary-expr","locations":[{"start":{"line":58,"column":12},"end":{"line":58,"column":25}},{"start":{"line":58,"column":25},"end":{"line":58,"column":null}}]},"2":{"loc":{"start":{"line":144,"column":12},"end":{"line":144,"column":null}},"type":"binary-expr","locations":[{"start":{"line":144,"column":12},"end":{"line":144,"column":23}},{"start":{"line":144,"column":23},"end":{"line":144,"column":null}}]},"3":{"loc":{"start":{"line":266,"column":14},"end":{"line":266,"column":51}},"type":"default-arg","locations":[{"start":{"line":266,"column":49},"end":{"line":266,"column":51}}]},"4":{"loc":{"start":{"line":306,"column":10},"end":{"line":306,"column":34}},"type":"binary-expr","locations":[{"start":{"line":306,"column":10},"end":{"line":306,"column":28}},{"start":{"line":306,"column":32},"end":{"line":306,"column":34}}]},"5":{"loc":{"start":{"line":381,"column":15},"end":{"line":381,"column":36}},"type":"binary-expr","locations":[{"start":{"line":381,"column":15},"end":{"line":381,"column":31}},{"start":{"line":381,"column":35},"end":{"line":381,"column":36}}]},"6":{"loc":{"start":{"line":407,"column":4},"end":{"line":409,"column":5}},"type":"if","locations":[{"start":{"line":407,"column":4},"end":{"line":409,"column":5}}]},"7":{"loc":{"start":{"line":415,"column":4},"end":{"line":417,"column":5}},"type":"if","locations":[{"start":{"line":415,"column":4},"end":{"line":417,"column":5}}]},"8":{"loc":{"start":{"line":421,"column":4},"end":{"line":423,"column":5}},"type":"if","locations":[{"start":{"line":421,"column":4},"end":{"line":423,"column":5}}]},"9":{"loc":{"start":{"line":421,"column":8},"end":{"line":421,"column":81}},"type":"binary-expr","locations":[{"start":{"line":421,"column":8},"end":{"line":421,"column":24}},{"start":{"line":421,"column":28},"end":{"line":421,"column":81}}]},"10":{"loc":{"start":{"line":426,"column":4},"end":{"line":428,"column":5}},"type":"if","locations":[{"start":{"line":426,"column":4},"end":{"line":428,"column":5}}]},"11":{"loc":{"start":{"line":432,"column":4},"end":{"line":434,"column":5}},"type":"if","locations":[{"start":{"line":432,"column":4},"end":{"line":434,"column":5}}]},"12":{"loc":{"start":{"line":470,"column":4},"end":{"line":475,"column":5}},"type":"if","locations":[{"start":{"line":470,"column":4},"end":{"line":475,"column":5}}]},"13":{"loc":{"start":{"line":486,"column":4},"end":{"line":488,"column":5}},"type":"if","locations":[{"start":{"line":486,"column":4},"end":{"line":488,"column":5}}]},"14":{"loc":{"start":{"line":499,"column":4},"end":{"line":501,"column":5}},"type":"if","locations":[{"start":{"line":499,"column":4},"end":{"line":501,"column":5}}]},"15":{"loc":{"start":{"line":509,"column":4},"end":{"line":512,"column":5}},"type":"if","locations":[{"start":{"line":509,"column":4},"end":{"line":512,"column":5}}]},"16":{"loc":{"start":{"line":539,"column":4},"end":{"line":542,"column":5}},"type":"if","locations":[{"start":{"line":539,"column":4},"end":{"line":542,"column":5}}]},"17":{"loc":{"start":{"line":539,"column":8},"end":{"line":539,"column":81}},"type":"binary-expr","locations":[{"start":{"line":539,"column":8},"end":{"line":539,"column":42}},{"start":{"line":539,"column":46},"end":{"line":539,"column":81}}]},"18":{"loc":{"start":{"line":571,"column":23},"end":{"line":571,"column":57}},"type":"binary-expr","locations":[{"start":{"line":571,"column":23},"end":{"line":571,"column":44}},{"start":{"line":571,"column":48},"end":{"line":571,"column":57}}]},"19":{"loc":{"start":{"line":575,"column":4},"end":{"line":578,"column":5}},"type":"if","locations":[{"start":{"line":575,"column":4},"end":{"line":578,"column":5}}]},"20":{"loc":{"start":{"line":575,"column":8},"end":{"line":575,"column":40}},"type":"binary-expr","locations":[{"start":{"line":575,"column":8},"end":{"line":575,"column":21}},{"start":{"line":575,"column":25},"end":{"line":575,"column":40}}]},"21":{"loc":{"start":{"line":640,"column":6},"end":{"line":644,"column":7}},"type":"if","locations":[{"start":{"line":640,"column":6},"end":{"line":644,"column":7}},{"start":{"line":642,"column":13},"end":{"line":644,"column":7}}]},"22":{"loc":{"start":{"line":640,"column":10},"end":{"line":640,"column":59}},"type":"binary-expr","locations":[{"start":{"line":640,"column":10},"end":{"line":640,"column":41}},{"start":{"line":640,"column":45},"end":{"line":640,"column":59}}]},"23":{"loc":{"start":{"line":660,"column":6},"end":{"line":675,"column":7}},"type":"if","locations":[{"start":{"line":660,"column":6},"end":{"line":675,"column":7}}]},"24":{"loc":{"start":{"line":660,"column":10},"end":{"line":664,"column":43}},"type":"binary-expr","locations":[{"start":{"line":660,"column":10},"end":{"line":660,"column":26}},{"start":{"line":661,"column":10},"end":{"line":661,"column":31}},{"start":{"line":662,"column":10},"end":{"line":662,"column":37}},{"start":{"line":663,"column":10},"end":{"line":663,"column":32}},{"start":{"line":664,"column":10},"end":{"line":664,"column":43}}]},"25":{"loc":{"start":{"line":667,"column":14},"end":{"line":667,"column":33}},"type":"binary-expr","locations":[{"start":{"line":667,"column":14},"end":{"line":667,"column":25}},{"start":{"line":667,"column":29},"end":{"line":667,"column":33}}]},"26":{"loc":{"start":{"line":678,"column":6},"end":{"line":689,"column":7}},"type":"if","locations":[{"start":{"line":678,"column":6},"end":{"line":689,"column":7}}]},"27":{"loc":{"start":{"line":678,"column":10},"end":{"line":678,"column":92}},"type":"binary-expr","locations":[{"start":{"line":678,"column":10},"end":{"line":678,"column":35}},{"start":{"line":678,"column":39},"end":{"line":678,"column":54}},{"start":{"line":678,"column":58},"end":{"line":678,"column":92}}]},"28":{"loc":{"start":{"line":681,"column":14},"end":{"line":681,"column":33}},"type":"binary-expr","locations":[{"start":{"line":681,"column":14},"end":{"line":681,"column":25}},{"start":{"line":681,"column":29},"end":{"line":681,"column":33}}]},"29":{"loc":{"start":{"line":696,"column":8},"end":{"line":767,"column":9}},"type":"switch","locations":[{"start":{"line":697,"column":10},"end":{"line":715,"column":18}},{"start":{"line":717,"column":10},"end":{"line":725,"column":18}},{"start":{"line":727,"column":10},"end":{"line":735,"column":18}},{"start":{"line":737,"column":10},"end":{"line":745,"column":18}},{"start":{"line":747,"column":10},"end":{"line":755,"column":18}},{"start":{"line":757,"column":10},"end":{"line":766,"column":14}}]},"30":{"loc":{"start":{"line":776,"column":18},"end":{"line":776,"column":74}},"type":"cond-expr","locations":[{"start":{"line":776,"column":43},"end":{"line":776,"column":56}},{"start":{"line":776,"column":59},"end":{"line":776,"column":74}}]},"31":{"loc":{"start":{"line":790,"column":12},"end":{"line":790,"column":31}},"type":"binary-expr","locations":[{"start":{"line":790,"column":12},"end":{"line":790,"column":23}},{"start":{"line":790,"column":27},"end":{"line":790,"column":31}}]},"32":{"loc":{"start":{"line":794,"column":16},"end":{"line":794,"column":72}},"type":"cond-expr","locations":[{"start":{"line":794,"column":41},"end":{"line":794,"column":54}},{"start":{"line":794,"column":57},"end":{"line":794,"column":72}}]},"33":{"loc":{"start":{"line":805,"column":4},"end":{"line":814,"column":5}},"type":"if","locations":[{"start":{"line":805,"column":4},"end":{"line":814,"column":5}}]},"34":{"loc":{"start":{"line":811,"column":6},"end":{"line":813,"column":7}},"type":"if","locations":[{"start":{"line":811,"column":6},"end":{"line":813,"column":7}}]},"35":{"loc":{"start":{"line":822,"column":4},"end":{"line":824,"column":5}},"type":"if","locations":[{"start":{"line":822,"column":4},"end":{"line":824,"column":5}}]},"36":{"loc":{"start":{"line":822,"column":8},"end":{"line":822,"column":57}},"type":"binary-expr","locations":[{"start":{"line":822,"column":8},"end":{"line":822,"column":21}},{"start":{"line":822,"column":25},"end":{"line":822,"column":57}}]},"37":{"loc":{"start":{"line":859,"column":4},"end":{"line":870,"column":5}},"type":"if","locations":[{"start":{"line":859,"column":4},"end":{"line":870,"column":5}},{"start":{"line":868,"column":11},"end":{"line":870,"column":5}}]},"38":{"loc":{"start":{"line":860,"column":17},"end":{"line":867,"column":31}},"type":"binary-expr","locations":[{"start":{"line":860,"column":17},"end":{"line":867,"column":14}},{"start":{"line":867,"column":18},"end":{"line":867,"column":31}}]},"39":{"loc":{"start":{"line":873,"column":4},"end":{"line":873,"column":51}},"type":"if","locations":[{"start":{"line":873,"column":4},"end":{"line":873,"column":51}}]},"40":{"loc":{"start":{"line":876,"column":4},"end":{"line":876,"column":66}},"type":"if","locations":[{"start":{"line":876,"column":4},"end":{"line":876,"column":66}}]},"41":{"loc":{"start":{"line":876,"column":8},"end":{"line":876,"column":57}},"type":"binary-expr","locations":[{"start":{"line":876,"column":8},"end":{"line":876,"column":35}},{"start":{"line":876,"column":39},"end":{"line":876,"column":57}}]},"42":{"loc":{"start":{"line":886,"column":4},"end":{"line":888,"column":5}},"type":"if","locations":[{"start":{"line":886,"column":4},"end":{"line":888,"column":5}}]},"43":{"loc":{"start":{"line":891,"column":4},"end":{"line":896,"column":5}},"type":"if","locations":[{"start":{"line":891,"column":4},"end":{"line":896,"column":5}}]},"44":{"loc":{"start":{"line":891,"column":8},"end":{"line":891,"column":55}},"type":"binary-expr","locations":[{"start":{"line":891,"column":8},"end":{"line":891,"column":17}},{"start":{"line":891,"column":21},"end":{"line":891,"column":55}}]},"45":{"loc":{"start":{"line":893,"column":6},"end":{"line":895,"column":7}},"type":"if","locations":[{"start":{"line":893,"column":6},"end":{"line":895,"column":7}}]},"46":{"loc":{"start":{"line":899,"column":4},"end":{"line":910,"column":5}},"type":"if","locations":[{"start":{"line":899,"column":4},"end":{"line":910,"column":5}}]},"47":{"loc":{"start":{"line":904,"column":6},"end":{"line":906,"column":7}},"type":"if","locations":[{"start":{"line":904,"column":6},"end":{"line":906,"column":7}}]},"48":{"loc":{"start":{"line":907,"column":6},"end":{"line":909,"column":7}},"type":"if","locations":[{"start":{"line":907,"column":6},"end":{"line":909,"column":7}}]},"49":{"loc":{"start":{"line":913,"column":4},"end":{"line":917,"column":5}},"type":"if","locations":[{"start":{"line":913,"column":4},"end":{"line":917,"column":5}}]},"50":{"loc":{"start":{"line":914,"column":22},"end":{"line":916,"column":17}},"type":"cond-expr","locations":[{"start":{"line":915,"column":10},"end":{"line":915,"column":43}},{"start":{"line":916,"column":10},"end":{"line":916,"column":17}}]},"51":{"loc":{"start":{"line":920,"column":4},"end":{"line":922,"column":5}},"type":"if","locations":[{"start":{"line":920,"column":4},"end":{"line":922,"column":5}}]},"52":{"loc":{"start":{"line":925,"column":4},"end":{"line":927,"column":5}},"type":"if","locations":[{"start":{"line":925,"column":4},"end":{"line":927,"column":5}}]},"53":{"loc":{"start":{"line":942,"column":24},"end":{"line":942,"column":70}},"type":"cond-expr","locations":[{"start":{"line":942,"column":42},"end":{"line":942,"column":65}},{"start":{"line":942,"column":68},"end":{"line":942,"column":70}}]},"54":{"loc":{"start":{"line":943,"column":28},"end":{"line":943,"column":87}},"type":"cond-expr","locations":[{"start":{"line":943,"column":50},"end":{"line":943,"column":82}},{"start":{"line":943,"column":85},"end":{"line":943,"column":87}}]},"55":{"loc":{"start":{"line":947,"column":4},"end":{"line":949,"column":5}},"type":"if","locations":[{"start":{"line":947,"column":4},"end":{"line":949,"column":5}}]},"56":{"loc":{"start":{"line":951,"column":4},"end":{"line":958,"column":5}},"type":"if","locations":[{"start":{"line":951,"column":4},"end":{"line":958,"column":5}}]},"57":{"loc":{"start":{"line":953,"column":6},"end":{"line":957,"column":7}},"type":"if","locations":[{"start":{"line":953,"column":6},"end":{"line":957,"column":7}}]},"58":{"loc":{"start":{"line":953,"column":10},"end":{"line":953,"column":60}},"type":"binary-expr","locations":[{"start":{"line":953,"column":10},"end":{"line":953,"column":27}},{"start":{"line":953,"column":31},"end":{"line":953,"column":60}}]},"59":{"loc":{"start":{"line":967,"column":4},"end":{"line":969,"column":5}},"type":"if","locations":[{"start":{"line":967,"column":4},"end":{"line":969,"column":5}}]},"60":{"loc":{"start":{"line":967,"column":8},"end":{"line":967,"column":49}},"type":"binary-expr","locations":[{"start":{"line":967,"column":8},"end":{"line":967,"column":32}},{"start":{"line":967,"column":36},"end":{"line":967,"column":49}}]},"61":{"loc":{"start":{"line":971,"column":21},"end":{"line":971,"column":66}},"type":"cond-expr","locations":[{"start":{"line":971,"column":43},"end":{"line":971,"column":52}},{"start":{"line":971,"column":55},"end":{"line":971,"column":66}}]},"62":{"loc":{"start":{"line":974,"column":6},"end":{"line":980,"column":7}},"type":"if","locations":[{"start":{"line":974,"column":6},"end":{"line":980,"column":7}},{"start":{"line":978,"column":13},"end":{"line":980,"column":7}}]},"63":{"loc":{"start":{"line":978,"column":13},"end":{"line":980,"column":7}},"type":"if","locations":[{"start":{"line":978,"column":13},"end":{"line":980,"column":7}}]},"64":{"loc":{"start":{"line":1012,"column":23},"end":{"line":1012,"column":57}},"type":"binary-expr","locations":[{"start":{"line":1012,"column":23},"end":{"line":1012,"column":44}},{"start":{"line":1012,"column":48},"end":{"line":1012,"column":57}}]},"65":{"loc":{"start":{"line":1020,"column":6},"end":{"line":1022,"column":7}},"type":"if","locations":[{"start":{"line":1020,"column":6},"end":{"line":1022,"column":7}}]},"66":{"loc":{"start":{"line":1045,"column":4},"end":{"line":1052,"column":5}},"type":"if","locations":[{"start":{"line":1045,"column":4},"end":{"line":1052,"column":5}}]},"67":{"loc":{"start":{"line":1062,"column":6},"end":{"line":1068,"column":7}},"type":"if","locations":[{"start":{"line":1062,"column":6},"end":{"line":1068,"column":7}}]},"68":{"loc":{"start":{"line":1092,"column":4},"end":{"line":1094,"column":5}},"type":"if","locations":[{"start":{"line":1092,"column":4},"end":{"line":1094,"column":5}}]},"69":{"loc":{"start":{"line":1130,"column":27},"end":{"line":1130,"column":60}},"type":"cond-expr","locations":[{"start":{"line":1130,"column":51},"end":{"line":1130,"column":54}},{"start":{"line":1130,"column":57},"end":{"line":1130,"column":60}}]},"70":{"loc":{"start":{"line":1165,"column":10},"end":{"line":1169,"column":11}},"type":"if","locations":[{"start":{"line":1165,"column":10},"end":{"line":1169,"column":11}}]},"71":{"loc":{"start":{"line":1173,"column":10},"end":{"line":1178,"column":11}},"type":"if","locations":[{"start":{"line":1173,"column":10},"end":{"line":1178,"column":11}}]},"72":{"loc":{"start":{"line":1188,"column":10},"end":{"line":1196,"column":11}},"type":"if","locations":[{"start":{"line":1188,"column":10},"end":{"line":1196,"column":11}},{"start":{"line":1191,"column":17},"end":{"line":1196,"column":11}}]},"73":{"loc":{"start":{"line":1191,"column":17},"end":{"line":1196,"column":11}},"type":"if","locations":[{"start":{"line":1191,"column":17},"end":{"line":1196,"column":11}},{"start":{"line":1194,"column":17},"end":{"line":1196,"column":11}}]},"74":{"loc":{"start":{"line":1209,"column":10},"end":{"line":1211,"column":11}},"type":"if","locations":[{"start":{"line":1209,"column":10},"end":{"line":1211,"column":11}}]},"75":{"loc":{"start":{"line":1225,"column":4},"end":{"line":1228,"column":5}},"type":"if","locations":[{"start":{"line":1225,"column":4},"end":{"line":1228,"column":5}}]},"76":{"loc":{"start":{"line":1235,"column":8},"end":{"line":1239,"column":9}},"type":"if","locations":[{"start":{"line":1235,"column":8},"end":{"line":1239,"column":9}}]},"77":{"loc":{"start":{"line":1244,"column":8},"end":{"line":1248,"column":9}},"type":"if","locations":[{"start":{"line":1244,"column":8},"end":{"line":1248,"column":9}},{"start":{"line":1246,"column":15},"end":{"line":1248,"column":9}}]},"78":{"loc":{"start":{"line":1253,"column":6},"end":{"line":1271,"column":7}},"type":"if","locations":[{"start":{"line":1253,"column":6},"end":{"line":1271,"column":7}}]},"79":{"loc":{"start":{"line":1255,"column":10},"end":{"line":1269,"column":11}},"type":"if","locations":[{"start":{"line":1255,"column":10},"end":{"line":1269,"column":11}}]},"80":{"loc":{"start":{"line":1255,"column":14},"end":{"line":1255,"column":31}},"type":"binary-expr","locations":[{"start":{"line":1255,"column":14},"end":{"line":1255,"column":18}},{"start":{"line":1255,"column":22},"end":{"line":1255,"column":31}}]},"81":{"loc":{"start":{"line":1262,"column":12},"end":{"line":1268,"column":13}},"type":"if","locations":[{"start":{"line":1262,"column":12},"end":{"line":1268,"column":13}}]},"82":{"loc":{"start":{"line":1264,"column":16},"end":{"line":1266,"column":17}},"type":"if","locations":[{"start":{"line":1264,"column":16},"end":{"line":1266,"column":17}}]},"83":{"loc":{"start":{"line":1264,"column":20},"end":{"line":1264,"column":47}},"type":"binary-expr","locations":[{"start":{"line":1264,"column":20},"end":{"line":1264,"column":26}},{"start":{"line":1264,"column":30},"end":{"line":1264,"column":47}}]},"84":{"loc":{"start":{"line":1275,"column":8},"end":{"line":1278,"column":9}},"type":"if","locations":[{"start":{"line":1275,"column":8},"end":{"line":1278,"column":9}}]},"85":{"loc":{"start":{"line":1315,"column":6},"end":{"line":1317,"column":7}},"type":"if","locations":[{"start":{"line":1315,"column":6},"end":{"line":1317,"column":7}}]},"86":{"loc":{"start":{"line":1569,"column":6},"end":{"line":1571,"column":7}},"type":"if","locations":[{"start":{"line":1569,"column":6},"end":{"line":1571,"column":7}}]},"87":{"loc":{"start":{"line":1573,"column":6},"end":{"line":1615,"column":7}},"type":"switch","locations":[{"start":{"line":1574,"column":8},"end":{"line":1583,"column":12}},{"start":{"line":1585,"column":8},"end":{"line":1604,"column":12}},{"start":{"line":1606,"column":8},"end":{"line":1614,"column":12}}]},"88":{"loc":{"start":{"line":1586,"column":10},"end":{"line":1596,"column":11}},"type":"if","locations":[{"start":{"line":1586,"column":10},"end":{"line":1596,"column":11}}]},"89":{"loc":{"start":{"line":1586,"column":14},"end":{"line":1586,"column":48}},"type":"binary-expr","locations":[{"start":{"line":1586,"column":14},"end":{"line":1586,"column":18}},{"start":{"line":1586,"column":22},"end":{"line":1586,"column":48}}]},"90":{"loc":{"start":{"line":1621,"column":51},"end":{"line":1621,"column":105}},"type":"cond-expr","locations":[{"start":{"line":1621,"column":76},"end":{"line":1621,"column":89}},{"start":{"line":1621,"column":92},"end":{"line":1621,"column":105}}]}},"s":{"0":8,"1":8,"2":8,"3":8,"4":8,"5":8,"6":8,"7":8,"8":8,"9":8,"10":8,"11":8,"12":8,"13":8,"14":8,"15":8,"16":8,"17":8,"18":8,"19":8,"20":8,"21":8,"22":8,"23":8,"24":8,"25":8,"26":8,"27":8,"28":8,"29":8,"30":8,"31":8,"32":8,"33":8,"34":96,"35":96,"36":96,"37":96,"38":96,"39":96,"40":96,"41":96,"42":96,"43":96,"44":96,"45":96,"46":96,"47":96,"48":96,"49":96,"50":96,"51":96,"52":96,"53":96,"54":101,"55":4,"56":10,"57":14,"58":14,"59":14,"60":14,"61":14,"62":14,"63":14,"64":14,"65":14,"66":14,"67":15,"68":0,"69":15,"70":15,"71":15,"72":1,"73":14,"74":14,"75":0,"76":14,"77":0,"78":14,"79":14,"80":0,"81":14,"82":14,"83":14,"84":14,"85":840,"86":14,"87":28,"88":1680,"89":28,"90":63,"91":63,"92":63,"93":46,"94":46,"95":46,"96":47,"97":47,"98":47,"99":47,"100":47,"101":47,"102":2,"103":2,"104":2,"105":2,"106":2,"107":2,"108":78,"109":1,"110":1,"111":77,"112":77,"113":77,"114":77,"115":77,"116":77,"117":77,"118":77,"119":76,"120":76,"121":76,"122":1,"123":1,"124":1,"125":76,"126":1,"127":1,"128":75,"129":75,"130":75,"131":75,"132":75,"133":75,"134":75,"135":75,"136":0,"137":0,"138":0,"139":39,"140":39,"141":39,"142":0,"143":0,"144":39,"145":39,"146":39,"147":39,"148":39,"149":0,"150":0,"151":39,"152":39,"153":39,"154":39,"155":39,"156":9,"157":9,"158":9,"159":39,"160":0,"161":0,"162":0,"163":39,"164":30,"165":30,"166":30,"167":39,"168":0,"169":0,"170":0,"171":39,"172":39,"173":6,"174":6,"175":6,"176":0,"177":0,"178":6,"179":0,"180":0,"181":6,"182":6,"183":0,"184":0,"185":0,"186":0,"187":0,"188":6,"189":6,"190":6,"191":0,"192":0,"193":0,"194":0,"195":0,"196":0,"197":0,"198":6,"199":6,"200":0,"201":0,"202":108,"203":39,"204":39,"205":39,"206":39,"207":39,"208":39,"209":0,"210":39,"211":39,"212":39,"213":0,"214":0,"215":6,"216":6,"217":0,"218":1206,"219":1206,"220":0,"221":1206,"222":564,"223":642,"224":0,"225":642,"226":642,"227":0,"228":642,"229":0,"230":0,"231":0,"232":642,"233":2,"234":2,"235":2,"236":2,"237":1,"238":642,"239":0,"240":642,"241":642,"242":642,"243":642,"244":642,"245":642,"246":642,"247":642,"248":642,"249":642,"250":0,"251":642,"252":2,"253":2,"254":2,"255":2,"256":2,"257":640,"258":0,"259":0,"260":0,"261":0,"262":0,"263":0,"264":0,"265":0,"266":0,"267":0,"268":3,"269":47,"270":47,"271":47,"272":47,"273":47,"274":47,"275":38,"276":2,"277":47,"278":47,"279":47,"280":47,"281":47,"282":47,"283":47,"284":0,"285":0,"286":0,"287":47,"288":47,"289":3,"290":0,"291":0,"292":47,"293":38,"294":47,"295":77,"296":77,"297":77,"298":77,"299":76,"300":77,"301":77,"302":77,"303":77,"304":77,"305":77,"306":77,"307":0,"308":77,"309":0,"310":0,"311":0,"312":0,"313":0,"314":0,"315":77,"316":39,"317":77,"318":6,"319":77,"320":77,"321":77,"322":77,"323":77,"324":76,"325":76,"326":76,"327":76,"328":77,"329":1,"330":1,"331":1,"332":1,"333":1,"334":77,"335":77,"336":1,"337":1,"338":1,"339":1,"340":0,"341":0,"342":0,"343":0,"344":77,"345":76,"346":76,"347":77,"348":77,"349":0,"350":0,"351":0,"352":0,"353":75,"354":0,"355":0,"356":75,"357":75,"358":75,"359":75,"360":75,"361":75,"362":75,"363":75,"364":75,"365":0,"366":75,"367":75,"368":75,"369":0,"370":0,"371":0,"372":0,"373":0,"374":0,"375":0,"376":0,"377":75,"378":75,"379":0,"380":0,"381":0,"382":0,"383":0,"384":0,"385":0,"386":0,"387":0,"388":0,"389":0,"390":0,"391":0,"392":0,"393":0,"394":75,"395":75,"396":0,"397":0,"398":0,"399":75,"400":75,"401":75,"402":75,"403":30,"404":173,"405":173,"406":0,"407":6,"408":6,"409":6,"410":0,"411":6,"412":0,"413":0,"414":0,"415":0,"416":0,"417":0,"418":6,"419":0,"420":173,"421":0,"422":173,"423":0,"424":0,"425":0,"426":76,"427":0,"428":8},"f":{"0":8,"1":8,"2":8,"3":96,"4":101,"5":4,"6":10,"7":14,"8":15,"9":14,"10":14,"11":840,"12":28,"13":1680,"14":63,"15":47,"16":2,"17":78,"18":76,"19":39,"20":0,"21":39,"22":9,"23":0,"24":30,"25":0,"26":39,"27":6,"28":108,"29":39,"30":6,"31":1206,"32":642,"33":642,"34":0,"35":0,"36":3,"37":47,"38":47,"39":38,"40":47,"41":47,"42":47,"43":3,"44":38,"45":77,"46":77,"47":0,"48":0,"49":39,"50":6,"51":77,"52":77,"53":76,"54":1,"55":1,"56":76,"57":0,"58":75,"59":75,"60":75,"61":75,"62":0,"63":75,"64":0,"65":0,"66":0,"67":0,"68":0,"69":75,"70":75,"71":173,"72":0,"73":6,"74":173,"75":0,"76":0,"77":0,"78":76,"79":0},"b":{"0":[8,8],"1":[8,8],"2":[8,8],"3":[6],"4":[96,0],"5":[14,0],"6":[0],"7":[1],"8":[0],"9":[14,14],"10":[0],"11":[0],"12":[46],"13":[47],"14":[2],"15":[1],"16":[1],"17":[76,75],"18":[39,0],"19":[0],"20":[39,39],"21":[0,0],"22":[0,0],"23":[0],"24":[6,6,6,6,6],"25":[0,0],"26":[0],"27":[6,6,6],"28":[0,0],"29":[0,0,6,0,0,0],"30":[0,0],"31":[0,0],"32":[0,0],"33":[39],"34":[39],"35":[0],"36":[39,39],"37":[1206,0],"38":[1206,0],"39":[564],"40":[0],"41":[642,22],"42":[0],"43":[0],"44":[642,0],"45":[0],"46":[2],"47":[2],"48":[1],"49":[0],"50":[0,0],"51":[642],"52":[642],"53":[0,642],"54":[0,642],"55":[0],"56":[2],"57":[2],"58":[2,2],"59":[0],"60":[0,0],"61":[0,0],"62":[0,0],"63":[0],"64":[47,0],"65":[2],"66":[0],"67":[0],"68":[76],"69":[0,0],"70":[76],"71":[1],"72":[1,0],"73":[0,0],"74":[0],"75":[0],"76":[75],"77":[0,75],"78":[0],"79":[0],"80":[0,0],"81":[0],"82":[0],"83":[0,0],"84":[0],"85":[0],"86":[0],"87":[0,0,6],"88":[0],"89":[0,0],"90":[0,0]}}
,"/Users/cryophobic/dev/projects/tally-mcp/src/worker.ts": {"path":"/Users/cryophobic/dev/projects/tally-mcp/src/worker.ts","statementMap":{"0":{"start":{"line":25,"column":23},"end":{"line":25,"column":52}},"1":{"start":{"line":49,"column":14},"end":{"line":236,"column":2}},"2":{"start":{"line":239,"column":28},"end":{"line":244,"column":2}},"3":{"start":{"line":250,"column":33},"end":{"line":250,"column":40}},"4":{"start":{"line":252,"column":2},"end":{"line":320,"column":3}},"5":{"start":{"line":253,"column":4},"end":{"line":309,"column":5}},"6":{"start":{"line":255,"column":8},"end":{"line":267,"column":10}},"7":{"start":{"line":270,"column":8},"end":{"line":276,"column":10}},"8":{"start":{"line":279,"column":8},"end":{"line":279,"column":55}},"9":{"start":{"line":282,"column":8},"end":{"line":288,"column":10}},"10":{"start":{"line":291,"column":8},"end":{"line":297,"column":10}},"11":{"start":{"line":300,"column":8},"end":{"line":308,"column":10}},"12":{"start":{"line":311,"column":4},"end":{"line":319,"column":6}},"13":{"start":{"line":327,"column":36},"end":{"line":327,"column":42}},"14":{"start":{"line":331,"column":2},"end":{"line":333,"column":3}},"15":{"start":{"line":332,"column":4},"end":{"line":332,"column":51}},"16":{"start":{"line":335,"column":2},"end":{"line":344,"column":3}},"17":{"start":{"line":336,"column":4},"end":{"line":343,"column":6}},"18":{"start":{"line":346,"column":2},"end":{"line":369,"column":3}},"19":{"start":{"line":347,"column":19},"end":{"line":347,"column":57}},"20":{"start":{"line":349,"column":4},"end":{"line":359,"column":6}},"21":{"start":{"line":361,"column":4},"end":{"line":368,"column":6}},"22":{"start":{"line":376,"column":18},"end":{"line":376,"column":40}},"23":{"start":{"line":377,"column":18},"end":{"line":380,"column":4}},"24":{"start":{"line":382,"column":2},"end":{"line":495,"column":3}},"25":{"start":{"line":384,"column":29},"end":{"line":393,"column":8}},"26":{"start":{"line":394,"column":6},"end":{"line":394,"column":41}},"27":{"start":{"line":397,"column":29},"end":{"line":405,"column":8}},"28":{"start":{"line":406,"column":6},"end":{"line":406,"column":41}},"29":{"start":{"line":409,"column":26},"end":{"line":412,"column":8}},"30":{"start":{"line":413,"column":6},"end":{"line":413,"column":38}},"31":{"start":{"line":416,"column":27},"end":{"line":419,"column":8}},"32":{"start":{"line":420,"column":6},"end":{"line":420,"column":39}},"33":{"start":{"line":423,"column":29},"end":{"line":426,"column":8}},"34":{"start":{"line":427,"column":6},"end":{"line":427,"column":75}},"35":{"start":{"line":430,"column":27},"end":{"line":430,"column":125}},"36":{"start":{"line":431,"column":6},"end":{"line":433,"column":7}},"37":{"start":{"line":432,"column":8},"end":{"line":432,"column":49}},"38":{"start":{"line":434,"column":34},"end":{"line":437,"column":8}},"39":{"start":{"line":438,"column":6},"end":{"line":438,"column":46}},"40":{"start":{"line":442,"column":31},"end":{"line":445,"column":8}},"41":{"start":{"line":446,"column":30},"end":{"line":446,"column":59}},"42":{"start":{"line":447,"column":26},"end":{"line":447,"column":79}},"43":{"start":{"line":450,"column":6},"end":{"line":468,"column":7}},"44":{"start":{"line":452,"column":10},"end":{"line":456,"column":12}},"45":{"start":{"line":458,"column":10},"end":{"line":462,"column":12}},"46":{"start":{"line":464,"column":10},"end":{"line":467,"column":12}},"47":{"start":{"line":471,"column":6},"end":{"line":478,"column":8}},"48":{"start":{"line":481,"column":6},"end":{"line":487,"column":7}},"49":{"start":{"line":482,"column":34},"end":{"line":485,"column":10}},"50":{"start":{"line":486,"column":8},"end":{"line":486,"column":46}},"51":{"start":{"line":488,"column":6},"end":{"line":488,"column":63}},"52":{"start":{"line":491,"column":6},"end":{"line":491,"column":58}},"53":{"start":{"line":494,"column":6},"end":{"line":494,"column":51}},"54":{"start":{"line":502,"column":14},"end":{"line":502,"column":24}},"55":{"start":{"line":503,"column":25},"end":{"line":503,"column":39}},"56":{"start":{"line":504,"column":21},"end":{"line":504,"column":22}},"57":{"start":{"line":506,"column":2},"end":{"line":525,"column":3}},"58":{"start":{"line":507,"column":4},"end":{"line":524,"column":5}},"59":{"start":{"line":508,"column":6},"end":{"line":508,"column":128}},"60":{"start":{"line":511,"column":6},"end":{"line":513,"column":7}},"61":{"start":{"line":512,"column":8},"end":{"line":512,"column":49}},"62":{"start":{"line":516,"column":6},"end":{"line":520,"column":7}},"63":{"start":{"line":517,"column":8},"end":{"line":517,"column":35}},"64":{"start":{"line":519,"column":8},"end":{"line":519,"column":89}},"65":{"start":{"line":522,"column":6},"end":{"line":522,"column":39}},"66":{"start":{"line":523,"column":6},"end":{"line":523,"column":21}},"67":{"start":{"line":527,"column":2},"end":{"line":529,"column":3}},"68":{"start":{"line":528,"column":4},"end":{"line":528,"column":102}},"69":{"start":{"line":533,"column":14},"end":{"line":533,"column":34}},"70":{"start":{"line":534,"column":2},"end":{"line":534,"column":81}},"71":{"start":{"line":536,"column":29},"end":{"line":536,"column":33}},"72":{"start":{"line":539,"column":21},"end":{"line":539,"column":57}},"73":{"start":{"line":540,"column":2},"end":{"line":543,"column":3}},"74":{"start":{"line":541,"column":4},"end":{"line":541,"column":36}},"75":{"start":{"line":542,"column":4},"end":{"line":542,"column":70}},"76":{"start":{"line":546,"column":2},"end":{"line":551,"column":3}},"77":{"start":{"line":547,"column":4},"end":{"line":547,"column":42}},"78":{"start":{"line":548,"column":4},"end":{"line":550,"column":5}},"79":{"start":{"line":549,"column":8},"end":{"line":549,"column":69}},"80":{"start":{"line":553,"column":2},"end":{"line":565,"column":3}},"81":{"start":{"line":554,"column":4},"end":{"line":554,"column":73}},"82":{"start":{"line":555,"column":4},"end":{"line":564,"column":7}},"83":{"start":{"line":567,"column":2},"end":{"line":567,"column":67}},"84":{"start":{"line":570,"column":20},"end":{"line":570,"column":39}},"85":{"start":{"line":571,"column":2},"end":{"line":571,"column":66}},"86":{"start":{"line":574,"column":17},"end":{"line":676,"column":4}},"87":{"start":{"line":576,"column":6},"end":{"line":576,"column":66}},"88":{"start":{"line":579,"column":34},"end":{"line":585,"column":8}},"89":{"start":{"line":586,"column":6},"end":{"line":586,"column":45}},"90":{"start":{"line":588,"column":6},"end":{"line":588,"column":89}},"91":{"start":{"line":591,"column":32},"end":{"line":609,"column":14}},"92":{"start":{"line":612,"column":27},"end":{"line":618,"column":14}},"93":{"start":{"line":620,"column":6},"end":{"line":629,"column":7}},"94":{"start":{"line":621,"column":8},"end":{"line":621,"column":72}},"95":{"start":{"line":622,"column":8},"end":{"line":622,"column":77}},"96":{"start":{"line":625,"column":8},"end":{"line":625,"column":67}},"97":{"start":{"line":626,"column":8},"end":{"line":626,"column":65}},"98":{"start":{"line":628,"column":8},"end":{"line":628,"column":89}},"99":{"start":{"line":632,"column":32},"end":{"line":658,"column":15}},"100":{"start":{"line":633,"column":8},"end":{"line":657,"column":9}},"101":{"start":{"line":634,"column":10},"end":{"line":647,"column":11}},"102":{"start":{"line":635,"column":30},"end":{"line":642,"column":20}},"103":{"start":{"line":643,"co
[...]
rt":{"line":40,"column":4},"end":{"line":44,"column":5}},"type":"if","locations":[{"start":{"line":40,"column":4},"end":{"line":44,"column":5}}]},"2":{"loc":{"start":{"line":53,"column":31},"end":{"line":53,"column":68}},"type":"default-arg","locations":[{"start":{"line":53,"column":66},"end":{"line":53,"column":68}}]},"3":{"loc":{"start":{"line":55,"column":6},"end":{"line":55,"column":51}},"type":"default-arg","locations":[{"start":{"line":55,"column":15},"end":{"line":55,"column":51}}]},"4":{"loc":{"start":{"line":56,"column":6},"end":{"line":56,"column":47}},"type":"default-arg","locations":[{"start":{"line":56,"column":15},"end":{"line":56,"column":47}}]},"5":{"loc":{"start":{"line":57,"column":6},"end":{"line":57,"column":28}},"type":"default-arg","locations":[{"start":{"line":57,"column":24},"end":{"line":57,"column":28}}]},"6":{"loc":{"start":{"line":61,"column":4},"end":{"line":63,"column":5}},"type":"if","locations":[{"start":{"line":61,"column":4},"end":{"line":63,"column":5}}]},"7":{"loc":{"start":{"line":61,"column":8},"end":{"line":61,"column":94}},"type":"binary-expr","locations":[{"start":{"line":61,"column":8},"end":{"line":61,"column":49}},{"start":{"line":61,"column":53},"end":{"line":61,"column":94}}]},"8":{"loc":{"start":{"line":71,"column":4},"end":{"line":74,"column":5}},"type":"if","locations":[{"start":{"line":71,"column":4},"end":{"line":74,"column":5}}]},"9":{"loc":{"start":{"line":95,"column":4},"end":{"line":97,"column":5}},"type":"if","locations":[{"start":{"line":95,"column":4},"end":{"line":97,"column":5}}]},"10":{"loc":{"start":{"line":101,"column":4},"end":{"line":103,"column":5}},"type":"if","locations":[{"start":{"line":101,"column":4},"end":{"line":103,"column":5}}]},"11":{"loc":{"start":{"line":101,"column":8},"end":{"line":101,"column":78}},"type":"binary-expr","locations":[{"start":{"line":101,"column":8},"end":{"line":101,"column":34}},{"start":{"line":101,"column":38},"end":{"line":101,"column":78}}]},"12":{"loc":{"start":{"line":135,"column":17},"end":{"line":135,"column":91}},"type":"cond-expr","locations":[{"start":{"line":135,"column":46},"end":{"line":135,"column":73}},{"start":{"line":135,"column":76},"end":{"line":135,"column":91}}]},"13":{"loc":{"start":{"line":154,"column":4},"end":{"line":156,"column":5}},"type":"if","locations":[{"start":{"line":154,"column":4},"end":{"line":156,"column":5}}]},"14":{"loc":{"start":{"line":154,"column":9},"end":{"line":154,"column":48}},"type":"binary-expr","locations":[{"start":{"line":154,"column":9},"end":{"line":154,"column":36}},{"start":{"line":154,"column":40},"end":{"line":154,"column":48}}]},"15":{"loc":{"start":{"line":167,"column":29},"end":{"line":167,"column":48}},"type":"default-arg","locations":[{"start":{"line":167,"column":46},"end":{"line":167,"column":48}}]},"16":{"loc":{"start":{"line":212,"column":64},"end":{"line":212,"column":95}},"type":"default-arg","locations":[{"start":{"line":212,"column":91},"end":{"line":212,"column":95}}]},"17":{"loc":{"start":{"line":228,"column":19},"end":{"line":228,"column":62}},"type":"binary-expr","locations":[{"start":{"line":228,"column":19},"end":{"line":228,"column":41}},{"start":{"line":228,"column":45},"end":{"line":228,"column":62}}]},"18":{"loc":{"start":{"line":242,"column":6},"end":{"line":244,"column":7}},"type":"if","locations":[{"start":{"line":242,"column":6},"end":{"line":244,"column":7}}]},"19":{"loc":{"start":{"line":242,"column":10},"end":{"line":242,"column":64}},"type":"binary-expr","locations":[{"start":{"line":242,"column":10},"end":{"line":242,"column":24}},{"start":{"line":242,"column":28},"end":{"line":242,"column":43}},{"start":{"line":242,"column":47},"end":{"line":242,"column":64}}]},"20":{"loc":{"start":{"line":246,"column":21},"end":{"line":246,"column":64}},"type":"binary-expr","locations":[{"start":{"line":246,"column":21},"end":{"line":246,"column":43}},{"start":{"line":246,"column":47},"end":{"line":246,"column":64}}]},"21":{"loc":{"start":{"line":250,"column":6},"end":{"line":252,"column":7}},"type":"if","locations":[{"start":{"line":250,"column":6},"end":{"line":252,"column":7}}]},"22":{"loc":{"start":{"line":257,"column":6},"end":{"line":259,"column":7}},"type":"if","locations":[{"start":{"line":257,"column":6},"end":{"line":259,"column":7}}]},"23":{"loc":{"start":{"line":257,"column":10},"end":{"line":257,"column":42}},"type":"binary-expr","locations":[{"start":{"line":257,"column":10},"end":{"line":257,"column":21}},{"start":{"line":257,"column":25},"end":{"line":257,"column":42}}]},"24":{"loc":{"start":{"line":270,"column":48},"end":{"line":270,"column":72}},"type":"default-arg","locations":[{"start":{"line":270,"column":71},"end":{"line":270,"column":72}}]},"25":{"loc":{"start":{"line":271,"column":4},"end":{"line":273,"column":5}},"type":"if","locations":[{"start":{"line":271,"column":4},"end":{"line":273,"column":5}}]}},"s":{"0":18,"1":18,"2":0,"3":0,"4":0,"5":0,"6":0,"7":0,"8":0,"9":0,"10":0,"11":41,"12":41,"13":2,"14":39,"15":39,"16":39,"17":39,"18":38,"19":38,"20":39,"21":55,"22":21,"23":3,"24":18,"25":18,"26":1,"27":17,"28":17,"29":17,"30":17,"31":72,"32":0,"33":0,"34":0,"35":0,"36":0,"37":0,"38":0,"39":0,"40":0,"41":0,"42":0,"43":0,"44":0,"45":0,"46":0,"47":0,"48":0,"49":0,"50":0,"51":0,"52":48,"53":0,"54":0,"55":0,"56":0,"57":0,"58":0,"59":0,"60":0,"61":0,"62":0,"63":0,"64":0,"65":0,"66":0,"67":0,"68":0,"69":0,"70":0,"71":0,"72":0,"73":0,"74":0,"75":0,"76":0,"77":0,"78":2,"79":1,"80":1,"81":1,"82":1,"83":1,"84":18,"85":18,"86":18},"f":{"0":0,"1":41,"2":55,"3":21,"4":72,"5":0,"6":0,"7":0,"8":0,"9":0,"10":48,"11":0,"12":0,"13":0,"14":2},"b":{"0":[0],"1":[0],"2":[38],"3":[38],"4":[40],"5":[40],"6":[2],"7":[41,40],"8":[38],"9":[3],"10":[1],"11":[18,18],"12":[0,0],"13":[0],"14":[0,0],"15":[0],"16":[0],"17":[0,0],"18":[0],"19":[0,0,0],"20":[0,0],"21":[0],"22":[0],"23":[0,0],"24":[0],"25":[1]}}
,"/Users/cryophobic/dev/projects/tally-mcp/src/utils/index.ts": {"path":"/Users/cryophobic/dev/projects/tally-mcp/src/utils/index.ts","statementMap":{"0":{"start":{"line":13,"column":0},"end":{"line":13,"column":9}},"1":{"start":{"line":13,"column":9},"end":{"line":13,"column":17}},"2":{"start":{"line":13,"column":17},"end":{"line":13,"column":63}},"3":{"start":{"line":16,"column":0},"end":{"line":16,"column":null}},"4":{"start":{"line":17,"column":2},"end":{"line":17,"column":null}},"5":{"start":{"line":18,"column":2},"end":{"line":18,"column":null}},"6":{"start":{"line":19,"column":2},"end":{"line":19,"column":null}},"7":{"start":{"line":20,"column":2},"end":{"line":20,"column":null}},"8":{"start":{"line":21,"column":2},"end":{"line":21,"column":null}}},"fnMap":{"0":{"name":"(anonymous_0)","decl":{"start":{"line":13,"column":9},"end":{"line":13,"column":15}},"loc":{"start":{"line":13,"column":9},"end":{"line":13,"column":17}}},"1":{"name":"(anonymous_1)","decl":{"start":{"line":13,"column":17},"end":{"line":13,"column":31}},"loc":{"start":{"line":13,"column":17},"end":{"line":13,"column":63}}},"2":{"name":"(anonymous_2)","decl":{"start":{"line":17,"column":2},"end":{"line":17,"column":16}},"loc":{"start":{"line":17,"column":2},"end":{"line":17,"column":null}}},"3":{"name":"(anonymous_3)","decl":{"start":{"line":18,"column":2},"end":{"line":18,"column":16}},"loc":{"start":{"line":18,"column":2},"end":{"line":18,"column":null}}},"4":{"name":"(anonymous_4)","decl":{"start":{"line":19,"column":2},"end":{"line":19,"column":15}},"loc":{"start":{"line":19,"column":2},"end":{"line":19,"column":null}}},"5":{"name":"(anonymous_5)","decl":{"start":{"line":20,"column":2},"end":{"line":20,"column":16}},"loc":{"start":{"line":20,"column":2},"end":{"line":20,"column":null}}},"6":{"name":"(anonymous_6)","decl":{"start":{"line":21,"column":2},"end":{"line":21,"column":21}},"loc":{"start":{"line":21,"column":2},"end":{"line":21,"column":null}}}},"branchMap":{},"s":{"0":0,"1":0,"2":0,"3":0,"4":0,"5":0,"6":0,"7":0,"8":0},"f":{"0":0,"1":0,"2":0,"3":0,"4":0,"5":0,"6":0},"b":{}}
,"/Users/cryophobic/dev/projects/tally-mcp/src/utils/input-sanitizer.ts": {"path":"/Users/cryophobic/dev/projects/tally-mcp/src/utils/input-sanitizer.ts","statementMap":{"0":{"start":{"line":35,"column":0},"end":{"line":35,"column":16}},"1":{"start":{"line":97,"column":0},"end":{"line":97,"column":16}},"2":{"start":{"line":133,"column":0},"end":{"line":133,"column":16}},"3":{"start":{"line":1,"column":0},"end":{"line":1,"column":45}},"4":{"start":{"line":22,"column":51},"end":{"line":26,"column":2}},"5":{"start":{"line":39,"column":2},"end":{"line":41,"column":3}},"6":{"start":{"line":40,"column":4},"end":{"line":40,"column":14}},"7":{"start":{"line":44,"column":2},"end":{"line":51,"column":3}},"8":{"start":{"line":45,"column":4},"end":{"line":50,"column":7}},"9":{"start":{"line":54,"column":22},"end":{"line":57,"column":4}},"10":{"start":{"line":59,"column":2},"end":{"line":73,"column":3}},"11":{"start":{"line":60,"column":4},"end":{"line":60,"column":46}},"12":{"start":{"line":62,"column":34},"end":{"line":62,"column":36}},"13":{"start":{"line":64,"column":4},"end":{"line":66,"column":5}},"14":{"start":{"line":65,"column":6},"end":{"line":65,"column":65}},"15":{"start":{"line":68,"column":4},"end":{"line":70,"column":5}},"16":{"start":{"line":69,"column":6},"end":{"line":69,"column":28}},"17":{"start":{"line":72,"column":4},"end":{"line":72,"column":38}},"18":{"start":{"line":75,"column":2},"end":{"line":85,"column":3}},"19":{"start":{"line":76,"column":4},"end":{"line":76,"column":52}},"20":{"start":{"line":78,"column":35},"end":{"line":78,"column":37}},"21":{"start":{"line":80,"column":4},"end":{"line":82,"column":5}},"22":{"start":{"line":81,"column":6},"end":{"line":81,"column":41}},"23":{"start":{"line":84,"column":4},"end":{"line":84,"column":39}},"24":{"start":{"line":87,"column":2},"end":{"line":87,"column":51}},"25":{"start":{"line":101,"column":2},"end":{"line":103,"column":3}},"26":{"start":{"line":102,"column":4},"end":{"line":102,"column":15}},"27":{"start":{"line":105,"column":41},"end":{"line":105,"column":51}},"28":{"start":{"line":107,"column":2},"end":{"line":121,"column":3}},"29":{"start":{"line":108,"column":4},"end":{"line":120,"column":5}},"30":{"start":{"line":109,"column":6},"end":{"line":109,"column":54}},"31":{"start":{"line":110,"column":11},"end":{"line":120,"column":5}},"32":{"start":{"line":111,"column":6},"end":{"line":117,"column":8}},"33":{"start":{"line":112,"column":8},"end":{"line":116,"column":16}},"34":{"start":{"line":118,"column":11},"end":{"line":120,"column":5}},"35":{"start":{"line":119,"column":6},"end":{"line":119,"column":54}},"36":{"start":{"line":123,"column":2},"end":{"line":123,"column":19}},"37":{"start":{"line":137,"column":2},"end":{"line":139,"column":3}},"38":{"start":{"line":138,"column":4},"end":{"line":138,"column":14}},"39":{"start":{"line":141,"column":2},"end":{"line":148,"column":5}},"40":{"start":{"line":142,"column":4},"end":{"line":146,"column":5}},"41":{"start":{"line":143,"column":6},"end":{"line":143,"column":43}},"42":{"start":{"line":144,"column":11},"end":{"line":146,"column":5}},"43":{"start":{"line":145,"column":6},"end":{"line":145,"column":43}},"44":{"start":{"line":147,"column":4},"end":{"line":147,"column":16}},"45":{"start":{"line":159,"column":4},"end":{"line":159,"column":42}},"46":{"start":{"line":166,"column":23},"end":{"line":166,"column":157}},"47":{"start":{"line":167,"column":4},"end":{"line":167,"column":34}},"48":{"start":{"line":174,"column":4},"end":{"line":179,"column":5}},"49":{"start":{"line":175,"column":18},"end":{"line":175,"column":32}},"50":{"start":{"line":176,"column":6},"end":{"line":176,"column":56}},"51":{"start":{"line":178,"column":6},"end":{"line":178,"column":19}},"52":{"start":{"line":187,"column":4},"end":{"line":187,"column":55}},"53":{"start":{"line":194,"column":24},"end":{"line":204,"column":6}},"54":{"start":{"line":206,"column":4},"end":{"line":206,"column":60}},"55":{"start":{"line":206,"column":39},"end":{"line":206,"column":58}},"56":{"start":{"line":213,"column":24},"end":{"line":221,"column":6}},"57":{"start":{"line":223,"column":4},"end":{"line":223,"column":60}},"58":{"start":{"line":223,"column":39},"end":{"line":223,"column":58}},"59":{"start":{"line":154,"column":0},"end":{"line":154,"column":13}},"60":{"start":{"line":230,"column":13},"end":{"line":254,"column":11}}},"fnMap":{"0":{"name":"sanitizeString","decl":{"start":{"line":35,"column":16},"end":{"line":35,"column":30}},"loc":{"start":{"line":37,"column":54},"end":{"line":88,"column":1}}},"1":{"name":"sanitizeObject","decl":{"start":{"line":97,"column":16},"end":{"line":97,"column":30}},"loc":{"start":{"line":99,"column":54},"end":{"line":124,"column":1}}},"2":{"name":"(anonymous_3)","decl":{"start":{"line":111,"column":33},"end":{"line":111,"column":37}},"loc":{"start":{"line":112,"column":8},"end":{"line":116,"column":16}}},"3":{"name":"sanitizeArray","decl":{"start":{"line":133,"column":16},"end":{"line":133,"column":29}},"loc":{"start":{"line":135,"column":54},"end":{"line":149,"column":1}}},"4":{"name":"(anonymous_5)","decl":{"start":{"line":141,"column":17},"end":{"line":141,"column":21}},"loc":{"start":{"line":141,"column":24},"end":{"line":148,"column":3}}},"5":{"name":"(anonymous_6)","decl":{"start":{"line":158,"column":2},"end":{"line":158,"column":8}},"loc":{"start":{"line":158,"column":32},"end":{"line":160,"column":3}}},"6":{"name":"(anonymous_7)","decl":{"start":{"line":165,"column":2},"end":{"line":165,"column":8}},"loc":{"start":{"line":165,"column":35},"end":{"line":168,"column":3}}},"7":{"name":"(anonymous_8)","decl":{"start":{"line":173,"column":2},"end":{"line":173,"column":8}},"loc":{"start":{"line":173,"column":33},"end":{"line":180,"column":3}}},"8":{"name":"(anonymous_9)","decl":{"start":{"line":185,"column":2},"end":{"line":185,"column":8}},"loc":{"start":{"line":185,"column":44},"end":{"line":188,"column":3}}},"9":{"name":"(anonymous_10)","decl":{"start":{"line":193,"column":2},"end":{"line":193,"column":8}},"loc":{"start":{"line":193,"column":51},"end":{"line":207,"column":3}}},"10":{"name":"(anonymous_11)","decl":{"start":{"line":206,"column":28},"end":{"line":206,"column":35}},"loc":{"start":{"line":206,"column":39},"end":{"line":206,"column":58}}},"11":{"name":"(anonymous_12)","decl":{"start":{"line":212,"column":2},"end":{"line":212,"column":8}},"loc":{"start":{"line":212,"column":42},"end":{"line":224,"column":3}}},"12":{"name":"(anonymous_13)","decl":{"start":{"line":223,"column":28},"end":{"line":223,"column":35}},"loc":{"start":{"line":223,"column":39},"end":{"line":223,"column":58}}}},"branchMap":{"0":{"loc":{"start":{"line":37,"column":2},"end":{"line":37,"column":54}},"type":"default-arg","locations":[{"start":{"line":37,"column":33},"end":{"line":37,"column":54}}]},"1":{"loc":{"start":{"line":39,"column":2},"end":{"line":41,"column":3}},"type":"if","locations":[{"start":{"line":39,"column":2},"end":{"line":41,"column":3}}]},"2":{"loc":{"start":{"line":44,"column":2},"end":{"line":51,"column":3}},"type":"if","locations":[{"start":{"line":44,"column":2},"end":{"line":51,"column":3}}]},"3":{"loc":{"start":{"line":59,"column":2},"end":{"line":73,"column":3}},"type":"if","locations":[{"start":{"line":59,"column":2},"end":{"line":73,"column":3}},{"start":{"line":61,"column":9},"end":{"line":73,"column":3}}]},"4":{"loc":{"start":{"line":64,"column":4},"end":{"line":66,"column":5}},"type":"if","locations":[{"start":{"line":64,"column":4},"end":{"line":66,"column":5}}]},"5":{"loc":{"start":{"line":68,"column":4},"end":{"line":70,"column":5}},"type":"if","locations":[{"start":{"line":68,"column":4},"end":{"line":70,"column":5}}]},"6":{"loc":{"start":{"line":75,"column":2},"end":{"line":85,"column":3}},"type":"if","locations":[{"start":{"line":75,"column":2},"end":{"line":85,"column":3}},{"start":{"line":77,"column":9},"end":{"line":85,"column":3}}]},"7":{"loc":{"start":{"line":80,"column":4},"end":{"line":82,"column":5}},"type":"if","locations":[{"start":{"line":80,"column":4},"end":{"line":82,"column":5}}]},"8":{"loc":{"start":{"line":99,"column":2},"end":{"line":99,"column":54}},"type":"default-arg","locations":[{"start":{"line":99,"column":33},"end":{"line":99,"column":54}}]},"9":{"loc":{"start":{"line":101,"column":2},"end":{"line":103,"column":3}},"type":"if","locations":[{"start":{"line":101,"column":2},"end":{"line":103,"column":3}}]},"10":{"loc":{"start":{"line":101,"column":6},"end":{"line":101,"column":37}},"type":"binary-expr","locations":[{"start":{"line":101,"column":6},"end":{"line":101,"column":10}},{"start":{"line":101,"column":14},"end":{"line":101,"column":37}}]},"11":{"loc":{"start":{"line":108,"column":4},"end":{"line":120,"column":5}},"type":"if","locations":[{"start":{"line":108,"column":4},"end":{"line":120,"column":5}},{"start":{"line":110,"column":11},"end":{"line":120,"column":5}}]},"12":{"loc":{"start":{"line":110,"column":11},"end":{"line":120,"column":5}},"type":"if","locations":[{"start":{"line":110,"column":11},"end":{"line":120,"column":5}},{"start":{"line":118,"column":11},"end":{"line":120,"column":5}}]},"13":{"loc":{"start":{"line":112,"column":8},"end":{"line":116,"column":16}},"type":"cond-expr","locations":[{"start":{"line":113,"column":12},"end":{"line":113,"column":41}},{"start":{"line":114,"column":12},"end":{"line":116,"column":16}}]},"14":{"loc":{"start":{"line":114,"column":12},"end":{"line":116,"column":16}},"type":"cond-expr","locations":[{"start":{"line":115,"column":12},"end":{"line":115,"column":41}},{"start":{"line":116,"column":12},"end":{"line":116,"column":16}}]},"15":{"loc":{"start":{"line":114,"column":12},"end":{"line":114,"column":53}},"type":"binary-expr","locations":[{"start":{"line":114,"column":12},"end":{"line":114,"column":36}},{"start":{"line":114,"column":40},"end":{"line":114,"column":53}}]},"16":{"loc":{"start":{"line":118,"column":11},"end":{"line":120,"column":5}},"type":"if","locations":[{"start":{"line":118,"column":11},"end":{"line":120,"column":5}}]},"17":{"loc":{"start":{"line":118,"column":15},"end":{"line":118,"column":58}},"type":"binary-expr","locations":[{"start":{"line":118,"column":15},"end":{"line":118,"column":40}},{"start":{"line":118,"column":44},"end":{"line":118,"column":58}}]},"18":{"loc":{"start":{"line":135,"column":2},"end":{"line":135,"column":54}},"type":"default-arg","locations":[{"start":{"line":135,"column":33},"end":{"line":135,"column":54}}]},"19":{"loc":{"start":{"line":137,"column":2},"end":{"line":139,"column":3}},"type":"if","locations":[{"start":{"line":137,"column":2},"end":{"line":139,"column":3}}]},"20":{"loc":{"start":{"line":142,"column":4},"end":{"line":146,"column":5}},"type":"if","locations":[{"start":{"line":142,"column":4},"end":{"line":146,"column":5}},{"start":{"line":144,"column":11},"end":{"line":146,"column":5}}]},"21":{"loc":{"start":{"line":144,"column":11},"end":{"line":146,"column":5}},"type":"if","locations":[{"start":{"line":144,"column":11},"end":{"line":146,"column":5}}]},"22":{"loc":{"start":{"line":144,"column":15},"end":{"line":144,"column":56}},"type":"binary-expr","locations":[{"start":{"line":144,"column":15},"end":{"line":144,"column":39}},{"start":{"line":144,"column":43},"end":{"line":144,"column":56}}]}},"s":{"0":2,"1":2,"2":2,"3":2,"4":2,"5":34,"6":3,"7":31,"8":27,"9":4,"10":4,"11":0,"12":4,"13":4,"14":4,"15":4,"16":2,"17":4,"18":4,"19":0,"20":4,"21":4,"22":2,"23":4,"24":4,"25":8,"26":0,"27":8,"28":8,"29":16,"30":8,"31":8,"32":1,"33":3,"34":7,"35":3,"36":8,"37":2,"38":1,"39":1,"40":5,"41":3,"42":2,"43":1,"44":1,"45":10,"46":5,"47":5,"48":5,"49":5,"50":4,"51":1,"52":4,"53":17,"54":17,"55":131,"56":18,"57":18,"58":78,"59":2,"60":2},"f":{"0":34,"1":8,"2":3,"3":2,"4":5,"5":10,"6":5,"7":5,"8":4,"9":17,"10":131,"11":18,"12":78},"b":{"0":[15],"1":[3],"2":[27],"3":[0,4],"4":[4],"5":[2],"6":[0,4],"7":[2],"8":[4],"9":[0],"10":[8,8],"11":[8,8],"12":[1,7],"13":[3,0],"14":[0,0],"15":[0,0],"16":[3],"17":[7,4],"18":[2],"19":[1],"20":[3,2],"21":[1],"22":[2,1]}}
}
