TN:
SF:src/index.ts
FN:13,main
FN:38,(anonymous_1)
FN:44,(anonymous_2)
FN:51,(anonymous_3)
FN:57,(anonymous_4)
FNF:5
FNH:4
FNDA:13,main
FNDA:1,(anonymous_1)
FNDA:1,(anonymous_2)
FNDA:0,(anonymous_3)
FNDA:1,(anonymous_4)
DA:8,1
DA:14,13
DA:17,13
DA:24,13
DA:26,12
DA:27,11
DA:28,10
DA:31,9
DA:33,8
DA:34,8
DA:38,1
DA:39,1
DA:40,1
DA:44,1
DA:45,1
DA:46,1
DA:50,1
DA:51,0
DA:52,0
DA:53,0
DA:57,2
DA:58,1
LF:22
LH:19
BRDA:18,0,0,13
BRDA:18,0,1,10
BRDA:19,1,0,13
BRDA:19,1,1,12
BRDA:50,2,0,0
BRF:5
BRH:4
end_of_record
TN:
SF:src/server.ts
FN:25,(anonymous_10)
FN:60,(anonymous_11)
FN:146,(anonymous_12)
FN:244,negotiateCapabilities
FN:328,(anonymous_14)
FN:392,(anonymous_15)
FN:399,(anonymous_16)
FN:406,(anonymous_17)
FN:416,(anonymous_18)
FN:468,(anonymous_19)
FN:504,(anonymous_20)
FN:512,(anonymous_21)
FN:513,(anonymous_22)
FN:520,(anonymous_23)
FN:521,(anonymous_24)
FN:528,(anonymous_25)
FN:543,(anonymous_26)
FN:556,(anonymous_27)
FN:570,(anonymous_28)
FN:600,(anonymous_29)
FN:632,(anonymous_30)
FN:671,(anonymous_31)
FN:676,(anonymous_32)
FN:682,(anonymous_33)
FN:688,(anonymous_34)
FN:694,(anonymous_35)
FN:705,(anonymous_36)
FN:885,(anonymous_37)
FN:902,(anonymous_38)
FN:920,(anonymous_39)
FN:931,(anonymous_40)
FN:1014,(anonymous_41)
FN:1021,(anonymous_42)
FN:1047,(anonymous_43)
FN:1055,(anonymous_44)
FN:1070,(anonymous_45)
FN:1082,(anonymous_46)
FN:1092,(anonymous_47)
FN:1100,(anonymous_48)
FN:1113,(anonymous_49)
FN:1125,(anonymous_50)
FN:1141,(anonymous_51)
FN:1142,(anonymous_52)
FN:1152,(anonymous_53)
FN:1163,(anonymous_54)
FN:1194,(anonymous_55)
FN:1198,(anonymous_56)
FN:1208,(anonymous_57)
FN:1225,(anonymous_58)
FN:1230,(anonymous_59)
FN:1240,(anonymous_60)
FN:1241,(anonymous_61)
FN:1245,(anonymous_62)
FN:1253,(anonymous_63)
FN:1265,(anonymous_64)
FN:1280,(anonymous_65)
FN:1289,(anonymous_66)
FN:1305,(anonymous_67)
FN:1311,(anonymous_68)
FN:1315,(anonymous_69)
FN:1324,(anonymous_70)
FN:1335,(anonymous_71)
FN:1355,(anonymous_72)
FN:1367,(anonymous_73)
FN:1370,(anonymous_74)
FN:1372,(anonymous_75)
FN:1379,(anonymous_76)
FN:1380,(anonymous_77)
FN:1391,(anonymous_78)
FN:1408,(anonymous_79)
FN:1418,(anonymous_80)
FN:1432,(anonymous_81)
FN:1697,(anonymous_82)
FN:1764,(anonymous_83)
FN:1766,(anonymous_84)
FN:1771,(anonymous_85)
FN:1776,(anonymous_86)
FN:1781,(anonymous_87)
FN:1785,(anonymous_88)
FNF:79
FNH:62
FNDA:12,(anonymous_10)
FNDA:12,(anonymous_11)
FNDA:12,(anonymous_12)
FNDA:1,negotiateCapabilities
FNDA:126,(anonymous_14)
FNDA:131,(anonymous_15)
FNDA:4,(anonymous_16)
FNDA:10,(anonymous_17)
FNDA:14,(anonymous_18)
FNDA:15,(anonymous_19)
FNDA:14,(anonymous_20)
FNDA:14,(anonymous_21)
FNDA:840,(anonymous_22)
FNDA:28,(anonymous_23)
FNDA:1680,(anonymous_24)
FNDA:66,(anonymous_25)
FNDA:50,(anonymous_26)
FNDA:2,(anonymous_27)
FNDA:108,(anonymous_28)
FNDA:106,(anonymous_29)
FNDA:42,(anonymous_30)
FNDA:0,(anonymous_31)
FNDA:42,(anonymous_32)
FNDA:9,(anonymous_33)
FNDA:0,(anonymous_34)
FNDA:33,(anonymous_35)
FNDA:30,(anonymous_36)
FNDA:117,(anonymous_37)
FNDA:84,(anonymous_38)
FNDA:22,(anonymous_39)
FNDA:1651,(anonymous_40)
FNDA:858,(anonymous_41)
FNDA:858,(anonymous_42)
FNDA:0,(anonymous_43)
FNDA:0,(anonymous_44)
FNDA:3,(anonymous_45)
FNDA:50,(anonymous_46)
FNDA:50,(anonymous_47)
FNDA:41,(anonymous_48)
FNDA:50,(anonymous_49)
FNDA:50,(anonymous_50)
FNDA:50,(anonymous_51)
FNDA:3,(anonymous_52)
FNDA:41,(anonymous_53)
FNDA:107,(anonymous_54)
FNDA:107,(anonymous_55)
FNDA:0,(anonymous_56)
FNDA:0,(anonymous_57)
FNDA:42,(anonymous_58)
FNDA:6,(anonymous_59)
FNDA:107,(anonymous_60)
FNDA:107,(anonymous_61)
FNDA:106,(anonymous_62)
FNDA:1,(anonymous_63)
FNDA:1,(anonymous_64)
FNDA:106,(anonymous_65)
FNDA:0,(anonymous_66)
FNDA:105,(anonymous_67)
FNDA:105,(anonymous_68)
FNDA:105,(anonymous_69)
FNDA:105,(anonymous_70)
FNDA:0,(anonymous_71)
FNDA:105,(anonymous_72)
FNDA:0,(anonymous_73)
FNDA:0,(anonymous_74)
FNDA:0,(anonymous_75)
FNDA:0,(anonymous_76)
FNDA:0,(anonymous_77)
FNDA:105,(anonymous_78)
FNDA:105,(anonymous_79)
FNDA:233,(anonymous_80)
FNDA:50,(anonymous_81)
FNDA:7,(anonymous_82)
FNDA:233,(anonymous_83)
FNDA:0,(anonymous_84)
FNDA:0,(anonymous_85)
FNDA:0,(anonymous_86)
FNDA:106,(anonymous_87)
FNDA:0,(anonymous_88)
DA:8,12
DA:9,12
DA:10,12
DA:11,12
DA:12,12
DA:17,12
DA:18,12
DA:25,12
DA:26,12
DA:27,12
DA:28,12
DA:29,12
DA:30,12
DA:31,12
DA:60,12
DA:61,12
DA:62,12
DA:63,12
DA:64,12
DA:65,12
DA:66,12
DA:67,12
DA:68,12
DA:69,12
DA:70,12
DA:101,12
DA:133,12
DA:146,12
DA:147,12
DA:148,12
DA:149,12
DA:150,12
DA:151,12
DA:217,12
DA:227,12
DA:246,1
DA:247,0
DA:251,1
DA:252,1
DA:253,1
DA:254,0
DA:255,0
DA:261,1
DA:264,1
DA:265,1
DA:266,1
DA:267,0
DA:269,0
DA:270,0
DA:276,0
DA:281,1
DA:288,12
DA:296,126
DA:311,126
DA:330,126
DA:343,126
DA:346,126
DA:349,126
DA:350,126
DA:351,126
DA:352,126
DA:355,126
DA:356,126
DA:357,126
DA:366,126
DA:370,126
DA:377,126
DA:380,126
DA:383,126
DA:384,126
DA:385,126
DA:386,126
DA:393,131
DA:400,4
DA:407,10
DA:417,14
DA:418,14
DA:419,14
DA:420,14
DA:421,14
DA:422,14
DA:423,14
DA:426,14
DA:428,14
DA:462,14
DA:469,15
DA:470,0
DA:473,15
DA:474,15
DA:477,15
DA:478,1
DA:482,14
DA:483,14
DA:484,0
DA:488,14
DA:489,0
DA:493,14
DA:494,14
DA:495,0
DA:498,14
DA:505,14
DA:506,14
DA:513,840
DA:514,14
DA:521,1680
DA:522,28
DA:529,66
DA:530,66
DA:532,66
DA:534,49
DA:535,49
DA:536,49
DA:544,50
DA:545,50
DA:546,50
DA:547,50
DA:548,50
DA:549,50
DA:557,2
DA:558,2
DA:559,2
DA:560,2
DA:561,2
DA:562,2
DA:571,108
DA:572,1
DA:573,1
DA:576,107
DA:577,107
DA:579,107
DA:580,107
DA:581,107
DA:582,107
DA:584,107
DA:585,107
DA:586,106
DA:587,106
DA:588,106
DA:590,1
DA:591,1
DA:592,1
DA:601,106
DA:602,1
DA:603,1
DA:606,105
DA:607,105
DA:608,105
DA:611,105
DA:614,105
DA:617,105
DA:619,105
DA:620,105
DA:622,0
DA:623,0
DA:624,0
DA:633,42
DA:634,42
DA:636,42
DA:637,0
DA:638,0
DA:641,42
DA:649,42
DA:650,42
DA:652,42
DA:663,42
DA:671,42
DA:672,0
DA:673,0
DA:676,42
DA:677,42
DA:678,42
DA:679,42
DA:682,42
DA:683,9
DA:684,9
DA:685,9
DA:688,42
DA:689,0
DA:690,0
DA:691,0
DA:694,42
DA:695,33
DA:696,33
DA:697,33
DA:706,30
DA:708,30
DA:710,30
DA:715,4
DA:724,4
DA:728,26
DA:729,4
DA:738,4
DA:743,22
DA:744,22
DA:747,1
DA:748,0
DA:757,0
DA:760,1
DA:761,0
DA:770,0
DA:773,1
DA:774,1
DA:775,1
DA:789,0
DA:799,1
DA:803,8
DA:804,8
DA:809,8
DA:813,7
DA:814,7
DA:819,7
DA:822,2
DA:829,2
DA:832,2
DA:839,2
DA:842,2
DA:853,0
DA:854,0
DA:865,22
DA:866,22
DA:868,0
DA:869,0
DA:886,117
DA:887,42
DA:888,42
DA:889,42
DA:892,42
DA:893,42
DA:903,84
DA:904,0
DA:907,84
DA:908,84
DA:909,84
DA:911,0
DA:912,0
DA:921,22
DA:923,22
DA:924,0
DA:940,1651
DA:941,1651
DA:950,0
DA:954,1651
DA:957,858
DA:959,858
DA:967,858
DA:968,0
DA:972,858
DA:973,0
DA:974,0
DA:975,0
DA:980,858
DA:981,2
DA:985,2
DA:986,2
DA:988,2
DA:989,1
DA:994,858
DA:995,0
DA:1001,858
DA:1002,858
DA:1006,858
DA:1007,858
DA:1015,858
DA:1022,858
DA:1023,858
DA:1024,858
DA:1026,858
DA:1028,858
DA:1029,0
DA:1032,858
DA:1033,2
DA:1034,2
DA:1035,2
DA:1036,2
DA:1037,2
DA:1041,856
DA:1048,0
DA:1049,0
DA:1052,0
DA:1054,0
DA:1055,0
DA:1056,0
DA:1058,0
DA:1059,0
DA:1060,0
DA:1064,0
DA:1071,3
DA:1084,50
DA:1085,50
DA:1093,50
DA:1094,50
DA:1097,50
DA:1100,50
DA:1101,41
DA:1102,2
DA:1106,50
DA:1114,50
DA:1115,50
DA:1116,50
DA:1117,50
DA:1118,50
DA:1126,50
DA:1127,0
DA:1128,0
DA:1132,0
DA:1134,50
DA:1142,50
DA:1143,3
DA:1144,0
DA:1145,0
DA:1152,50
DA:1153,41
DA:1156,50
DA:1164,107
DA:1167,107
DA:1170,107
DA:1173,107
DA:1174,106
DA:1178,107
DA:1179,107
DA:1182,107
DA:1185,107
DA:1187,107
DA:1195,107
DA:1198,107
DA:1199,0
DA:1208,107
DA:1209,0
DA:1210,0
DA:1211,0
DA:1212,0
DA:1214,0
DA:1215,0
DA:1225,107
DA:1226,42
DA:1230,107
DA:1231,6
DA:1234,107
DA:1241,107
DA:1242,107
DA:1243,107
DA:1245,107
DA:1246,106
DA:1247,106
DA:1248,106
DA:1249,106
DA:1253,107
DA:1254,1
DA:1255,1
DA:1256,1
DA:1257,1
DA:1258,1
DA:1263,107
DA:1265,107
DA:1266,1
DA:1269,1
DA:1270,1
DA:1271,1
DA:1272,0
DA:1273,0
DA:1274,0
DA:1276,0
DA:1280,107
DA:1281,106
DA:1282,106
DA:1286,107
DA:1289,107
DA:1290,0
DA:1291,0
DA:1296,0
DA:1297,0
DA:1306,105
DA:1307,0
DA:1308,0
DA:1311,105
DA:1313,105
DA:1315,105
DA:1316,105
DA:1317,105
DA:1318,105
DA:1319,105
DA:1324,105
DA:1325,105
DA:1326,0
DA:1328,105
DA:1330,105
DA:1334,105
DA:1335,0
DA:1336,0
DA:1337,0
DA:1340,0
DA:1343,0
DA:1344,0
DA:1345,0
DA:1346,0
DA:1355,105
DA:1356,105
DA:1357,0
DA:1358,0
DA:1368,0
DA:1370,0
DA:1371,0
DA:1372,0
DA:1373,0
DA:1374,0
DA:1379,0
DA:1380,0
DA:1382,0
DA:1383,0
DA:1385,0
DA:1392,105
DA:1394,105
DA:1395,0
DA:1396,0
DA:1397,0
DA:1401,105
DA:1402,105
DA:1409,105
DA:1410,105
DA:1411,33
DA:1419,233
DA:1423,233
DA:1433,50
DA:1698,7
DA:1700,7
DA:1701,7
DA:1702,0
DA:1705,7
DA:1707,0
DA:1708,0
DA:1718,0
DA:1719,0
DA:1720,0
DA:1729,0
DA:1739,7
DA:1749,0
DA:1766,233
DA:1767,0
DA:1771,233
DA:1772,0
DA:1777,0
DA:1778,0
DA:1782,106
DA:1786,0
LF:444
LH:333
BRDA:25,0,0,12
BRDA:25,0,1,12
BRDA:60,1,0,12
BRDA:60,1,1,12
BRDA:146,2,0,12
BRDA:146,2,1,12
BRDA:246,3,0,0
BRDA:246,4,0,1
BRDA:246,4,1,1
BRDA:251,5,0,1
BRDA:254,6,0,0
BRDA:254,7,0,0
BRDA:254,7,1,0
BRDA:264,8,0,1
BRDA:267,9,0,0
BRDA:328,10,0,6
BRDA:368,11,0,126
BRDA:368,11,1,0
BRDA:443,12,0,14
BRDA:443,12,1,0
BRDA:469,13,0,0
BRDA:477,14,0,1
BRDA:483,15,0,0
BRDA:483,16,0,14
BRDA:483,16,1,14
BRDA:488,17,0,0
BRDA:494,18,0,0
BRDA:532,19,0,49
BRDA:548,20,0,50
BRDA:561,21,0,2
BRDA:571,22,0,1
BRDA:601,23,0,1
BRDA:601,24,0,106
BRDA:601,24,1,105
BRDA:633,25,0,42
BRDA:633,25,1,0
BRDA:636,26,0,0
BRDA:636,27,0,42
BRDA:636,27,1,42
BRDA:710,28,0,4
BRDA:710,29,0,30
BRDA:710,29,1,29
BRDA:710,29,2,28
BRDA:710,29,3,28
BRDA:710,29,4,27
BRDA:717,30,0,4
BRDA:717,30,1,4
BRDA:728,31,0,4
BRDA:728,32,0,26
BRDA:728,32,1,24
BRDA:728,32,2,23
BRDA:731,33,0,4
BRDA:731,33,1,0
BRDA:744,34,0,1
BRDA:744,34,1,8
BRDA:744,34,2,7
BRDA:744,34,3,2
BRDA:744,34,4,2
BRDA:744,34,5,2
BRDA:747,35,0,0
BRDA:760,36,0,0
BRDA:795,37,0,0
BRDA:795,37,1,0
BRDA:860,38,0,0
BRDA:860,38,1,0
BRDA:871,39,0,0
BRDA:871,39,1,0
BRDA:875,40,0,0
BRDA:875,40,1,0
BRDA:886,41,0,42
BRDA:892,42,0,42
BRDA:903,43,0,0
BRDA:903,44,0,84
BRDA:903,44,1,84
BRDA:940,45,0,1651
BRDA:940,45,1,0
BRDA:941,46,0,1651
BRDA:941,46,1,0
BRDA:954,47,0,793
BRDA:957,48,0,0
BRDA:957,49,0,858
BRDA:957,49,1,22
BRDA:967,50,0,0
BRDA:972,51,0,0
BRDA:972,52,0,858
BRDA:972,52,1,0
BRDA:974,53,0,0
BRDA:980,54,0,2
BRDA:985,55,0,2
BRDA:988,56,0,1
BRDA:994,57,0,0
BRDA:995,58,0,0
BRDA:995,58,1,0
BRDA:1001,59,0,858
BRDA:1006,60,0,858
BRDA:1023,61,0,0
BRDA:1023,61,1,858
BRDA:1024,62,0,0
BRDA:1024,62,1,858
BRDA:1028,63,0,0
BRDA:1032,64,0,2
BRDA:1034,65,0,2
BRDA:1034,66,0,2
BRDA:1034,66,1,2
BRDA:1048,67,0,0
BRDA:1048,68,0,0
BRDA:1048,68,1,0
BRDA:1052,69,0,0
BRDA:1052,69,1,0
BRDA:1055,70,0,0
BRDA:1055,70,1,0
BRDA:1059,71,0,0
BRDA:1093,72,0,50
BRDA:1093,72,1,0
BRDA:1101,73,0,2
BRDA:1126,74,0,0
BRDA:1143,75,0,0
BRDA:1173,76,0,106
BRDA:1211,77,0,0
BRDA:1211,77,1,0
BRDA:1246,78,0,106
BRDA:1254,79,0,1
BRDA:1269,80,0,1
BRDA:1269,80,1,0
BRDA:1272,81,0,0
BRDA:1272,81,1,0
BRDA:1290,82,0,0
BRDA:1306,83,0,0
BRDA:1316,84,0,105
BRDA:1325,85,0,0
BRDA:1325,85,1,105
BRDA:1334,86,0,0
BRDA:1336,87,0,0
BRDA:1336,88,0,0
BRDA:1336,88,1,0
BRDA:1343,89,0,0
BRDA:1345,90,0,0
BRDA:1345,91,0,0
BRDA:1345,91,1,0
BRDA:1356,92,0,0
BRDA:1396,93,0,0
BRDA:1701,94,0,0
BRDA:1705,95,0,0
BRDA:1705,95,1,0
BRDA:1705,95,2,7
BRDA:1718,96,0,0
BRDA:1718,97,0,0
BRDA:1718,97,1,0
BRDA:1753,98,0,0
BRDA:1753,98,1,0
BRF:150
BRH:75
end_of_record
TN:
SF:src/worker.ts
FN:302,handleMCPMessage
FN:378,handleToolCall
FN:435,callTallyAPI
FN:475,(anonymous_3)
FN:520,(anonymous_4)
FN:658,cleanupStaleSessions
FN:692,handleSseRequest
FN:698,(anonymous_7)
FN:717,(anonymous_8)
FN:737,handleHTTPStreamTransport
FN:811,fetch
FN:985,handleMcpRequest
FN:1042,authenticateRequest
FNF:13
FNH:2
FNDA:0,handleMCPMessage
FNDA:0,handleToolCall
FNDA:0,callTallyAPI
FNDA:0,(anonymous_3)
FNDA:0,(anonymous_4)
FNDA:0,cleanupStaleSessions
FNDA:0,handleSseRequest
FNDA:0,(anonymous_7)
FNDA:0,(anonymous_8)
FNDA:0,handleHTTPStreamTransport
FNDA:7,fetch
FNDA:0,handleMcpRequest
FNDA:3,authenticateRequest
DA:27,1
DA:51,1
DA:292,1
DA:303,0
DA:309,0
DA:310,0
DA:312,0
DA:329,0
DA:336,0
DA:345,0
DA:346,0
DA:347,0
DA:348,0
DA:351,0
DA:362,0
DA:363,0
DA:379,0
DA:381,0
DA:386,0
DA:387,0
DA:388,0
DA:390,0
DA:391,0
DA:402,0
DA:403,0
DA:404,0
DA:406,0
DA:419,0
DA:420,0
DA:436,0
DA:437,0
DA:442,0
DA:445,0
DA:448,0
DA:460,0
DA:461,0
DA:474,0
DA:475,0
DA:477,0
DA:505,0
DA:518,0
DA:520,0
DA:526,0
DA:530,0
DA:536,0
DA:537,0
DA:538,0
DA:540,0
DA:546,0
DA:547,0
DA:548,0
DA:551,0
DA:554,0
DA:563,0
DA:566,0
DA:570,0
DA:573,0
DA:577,0
DA:580,0
DA:584,0
DA:587,0
DA:588,0
DA:589,0
DA:591,0
DA:595,0
DA:599,0
DA:603,0
DA:604,0
DA:607,0
DA:609,0
DA:615,0
DA:621,0
DA:628,0
DA:638,0
DA:639,0
DA:643,0
DA:645,0
DA:648,0
DA:651,0
DA:659,0
DA:660,0
DA:661,0
DA:663,0
DA:664,0
DA:665,0
DA:668,0
DA:669,0
DA:673,0
DA:674,0
DA:676,0
DA:679,0
DA:680,0
DA:684,0
DA:685,0
DA:694,0
DA:695,0
DA:697,0
DA:700,0
DA:709,0
DA:715,0
DA:718,0
DA:719,0
DA:723,0
DA:738,0
DA:739,0
DA:742,0
DA:743,0
DA:745,0
DA:762,0
DA:763,0
DA:781,0
DA:783,0
DA:790,0
DA:791,0
DA:813,7
DA:814,0
DA:815,0
DA:825,7
DA:827,7
DA:828,7
DA:831,7
DA:832,1
DA:844,6
DA:851,6
DA:852,0
DA:856,6
DA:857,0
DA:863,6
DA:864,0
DA:880,6
DA:882,0
DA:883,0
DA:885,0
DA:886,0
DA:896,0
DA:897,0
DA:898,0
DA:899,0
DA:901,0
DA:904,6
DA:906,0
DA:915,6
DA:917,0
DA:928,6
DA:930,3
DA:931,3
DA:932,3
DA:944,0
DA:945,0
DA:957,0
DA:959,0
DA:962,0
DA:967,3
DA:986,0
DA:989,0
DA:990,0
DA:993,0
DA:994,0
DA:1008,0
DA:1009,0
DA:1012,0
DA:1014,0
DA:1015,0
DA:1017,0
DA:1021,0
DA:1022,0
DA:1024,0
DA:1025,0
DA:1027,0
DA:1028,0
DA:1033,0
DA:1044,3
DA:1045,0
DA:1046,0
DA:1050,3
DA:1051,3
DA:1052,0
DA:1053,0
DA:1054,0
DA:1055,0
DA:1060,3
DA:1061,3
DA:1062,0
DA:1063,0
DA:1067,3
DA:1068,3
DA:1069,3
DA:1070,0
DA:1071,0
DA:1074,3
DA:1075,3
DA:1082,1
LF:192
LH:32
BRDA:310,0,0,0
BRDA:310,0,1,0
BRDA:310,0,2,0
BRDA:310,0,3,0
BRDA:310,0,4,0
BRDA:369,1,0,0
BRDA:369,1,1,0
BRDA:386,2,0,0
BRDA:386,2,1,0
BRDA:426,3,0,0
BRDA:426,3,1,0
BRDA:442,4,0,0
BRDA:442,4,1,0
BRDA:442,4,2,0
BRDA:442,4,3,0
BRDA:442,4,4,0
BRDA:442,4,5,0
BRDA:442,4,6,0
BRDA:442,4,7,0
BRDA:442,4,8,0
BRDA:442,4,9,0
BRDA:442,4,10,0
BRDA:460,5,0,0
BRDA:474,6,0,0
BRDA:474,7,0,0
BRDA:474,7,1,0
BRDA:513,8,0,0
BRDA:513,8,1,0
BRDA:518,9,0,0
BRDA:518,10,0,0
BRDA:518,10,1,0
BRDA:518,10,2,0
BRDA:518,10,3,0
BRDA:518,10,4,0
BRDA:531,11,0,0
BRDA:531,11,1,0
BRDA:546,12,0,0
BRDA:587,13,0,0
BRDA:587,13,1,0
BRDA:587,14,0,0
BRDA:587,14,1,0
BRDA:588,15,0,0
BRDA:604,16,0,0
BRDA:604,16,1,0
BRDA:607,17,0,0
BRDA:607,17,1,0
BRDA:607,17,2,0
BRDA:632,18,0,0
BRDA:632,18,1,0
BRDA:633,19,0,0
BRDA:633,19,1,0
BRDA:633,20,0,0
BRDA:633,20,1,0
BRDA:638,21,0,0
BRDA:664,22,0,0
BRDA:668,23,0,0
BRDA:684,24,0,0
BRDA:705,25,0,0
BRDA:705,25,1,0
BRDA:762,26,0,0
BRDA:762,27,0,0
BRDA:762,27,1,0
BRDA:762,27,2,0
BRDA:796,28,0,0
BRDA:796,28,1,0
BRDA:813,29,0,0
BRDA:831,30,0,1
BRDA:851,31,0,0
BRDA:856,32,0,0
BRDA:863,33,0,0
BRDA:880,34,0,0
BRDA:885,35,0,0
BRDA:899,36,0,0
BRDA:904,37,0,0
BRDA:915,38,0,0
BRDA:928,39,0,3
BRDA:928,40,0,6
BRDA:928,40,1,3
BRDA:931,41,0,3
BRDA:944,42,0,0
BRDA:957,43,0,0
BRDA:957,43,1,0
BRDA:989,44,0,0
BRDA:989,45,0,0
BRDA:989,45,1,0
BRDA:993,46,0,0
BRDA:1015,47,0,0
BRDA:1015,48,0,0
BRDA:1015,48,1,0
BRDA:1017,49,0,0
BRDA:1017,49,1,0
BRDA:1017,49,2,0
BRDA:1017,49,3,0
BRDA:1017,49,4,0
BRDA:1044,50,0,0
BRDA:1051,51,0,0
BRDA:1053,52,0,0
BRDA:1053,53,0,0
BRDA:1053,53,1,0
BRDA:1061,54,0,0
BRDA:1069,55,0,0
BRF:101
BRH:5
end_of_record
TN:
SF:src/config/env.ts
FNF:0
FNH:0
DA:1,29
DA:7,29
DA:32,29
LF:3
LH:3
BRF:0
BRH:0
end_of_record
TN:
SF:src/config/wrangler-config.ts
FN:32,getWranglerConfig
FN:55,(anonymous_2)
FNF:2
FNH:2
FNDA:15,getWranglerConfig
FNDA:28,(anonymous_2)
DA:1,1
DA:2,1
DA:3,1
DA:4,1
DA:7,1
DA:13,1
DA:32,1
DA:35,15
DA:36,15
DA:38,1
DA:42,14
DA:43,14
DA:45,1
DA:48,13
DA:50,13
DA:51,6
DA:55,7
DA:56,28
DA:59,7
DA:60,1
DA:63,7
LF:21
LH:21
BRDA:32,0,0,14
BRDA:50,1,0,6
BRDA:56,2,0,28
BRDA:56,2,1,12
BRDA:59,3,0,1
BRF:5
BRH:5
end_of_record
TN:
SF:src/middleware/api-key-auth.ts
FN:80,extractApiKey
FN:105,getClientIp
FN:129,apiKeyAuth
FN:132,(anonymous_3)
FN:273,(anonymous_4)
FN:278,(anonymous_5)
FN:285,(anonymous_6)
FN:292,(anonymous_7)
FN:299,(anonymous_8)
FN:306,(anonymous_9)
FN:313,(anonymous_10)
FN:320,(anonymous_11)
FN:327,(anonymous_12)
FN:332,isAuthenticated
FN:339,getApiKeyInfo
FNF:15
FNH:11
FNDA:17,extractApiKey
FNDA:20,getClientIp
FNDA:17,apiKeyAuth
FNDA:17,(anonymous_3)
FNDA:1,(anonymous_4)
FNDA:1,(anonymous_5)
FNDA:1,(anonymous_6)
FNDA:1,(anonymous_7)
FNDA:0,(anonymous_8)
FNDA:0,(anonymous_9)
FNDA:0,(anonymous_10)
FNDA:0,(anonymous_11)
FNDA:2,(anonymous_12)
FNDA:2,isAuthenticated
FNDA:2,getApiKeyInfo
DA:2,1
DA:3,1
DA:4,1
DA:61,1
DA:82,17
DA:85,17
DA:86,5
DA:87,5
DA:88,1
DA:89,4
DA:90,0
DA:95,17
DA:96,4
DA:99,17
DA:106,20
DA:107,20
DA:108,20
DA:111,20
DA:112,0
DA:115,20
DA:116,0
DA:119,20
DA:120,0
DA:123,20
DA:129,1
DA:130,17
DA:132,17
DA:133,17
DA:135,17
DA:137,17
DA:140,17
DA:141,3
DA:142,2
DA:145,1
DA:146,1
DA:149,1
DA:154,1
DA:158,14
DA:166,14
DA:167,5
DA:169,5
DA:170,5
DA:173,5
DA:174,5
DA:175,5
DA:178,5
DA:179,1
DA:180,1
DA:181,1
DA:182,4
DA:183,1
DA:184,1
DA:185,1
DA:186,3
DA:187,0
DA:188,0
DA:189,0
DA:190,3
DA:191,1
DA:192,1
DA:193,1
DA:196,5
DA:203,5
DA:207,9
DA:208,5
DA:210,5
DA:211,5
DA:212,5
DA:215,5
DA:222,5
DA:227,4
DA:228,4
DA:235,4
DA:236,0
DA:239,4
DA:240,0
DA:243,4
DA:247,4
DA:248,4
DA:250,4
DA:251,4
DA:252,4
DA:255,4
DA:258,0
DA:260,0
DA:265,0
DA:273,1
DA:278,1
DA:285,1
DA:292,1
DA:299,1
DA:306,1
DA:313,1
DA:320,1
DA:327,2
DA:332,1
DA:333,2
DA:339,1
DA:340,2
LF:99
LH:87
BRDA:85,0,0,5
BRDA:87,1,0,1
BRDA:87,1,1,4
BRDA:87,2,0,5
BRDA:87,2,1,1
BRDA:89,3,0,0
BRDA:89,4,0,4
BRDA:89,4,1,0
BRDA:95,5,0,4
BRDA:95,6,0,17
BRDA:95,6,1,4
BRDA:96,7,0,4
BRDA:96,7,1,3
BRDA:99,8,0,14
BRDA:99,8,1,3
BRDA:111,9,0,0
BRDA:112,10,0,0
BRDA:112,10,1,0
BRDA:115,11,0,0
BRDA:119,12,0,0
BRDA:123,13,0,20
BRDA:123,13,1,0
BRDA:123,13,2,0
BRDA:129,14,0,9
BRDA:140,15,0,3
BRDA:141,16,0,2
BRDA:145,17,0,1
BRDA:166,18,0,5
BRDA:169,19,0,5
BRDA:178,20,0,1
BRDA:178,20,1,4
BRDA:182,21,0,1
BRDA:182,21,1,3
BRDA:186,22,0,0
BRDA:186,22,1,3
BRDA:190,23,0,1
BRDA:200,24,0,5
BRDA:200,24,1,0
BRDA:201,25,0,5
BRDA:201,25,1,0
BRDA:207,26,0,5
BRDA:207,27,0,9
BRDA:207,27,1,5
BRDA:210,28,0,5
BRDA:211,29,0,5
BRDA:227,30,0,4
BRDA:235,31,0,0
BRDA:239,32,0,0
BRDA:247,33,0,4
BRDA:247,33,1,0
BRDA:248,34,0,4
BRDA:248,34,1,4
BRDA:250,35,0,4
BRF:53
BRH:38
end_of_record
TN:
SF:src/middleware/error-handler.ts
FN:29,globalErrorHandler
FN:86,asyncErrorHandler
FN:89,(anonymous_2)
FN:90,(anonymous_3)
FN:98,notFoundHandler
FN:106,setupProcessErrorHandlers
FN:107,(anonymous_6)
FN:120,(anonymous_7)
FN:137,isStructuredError
FN:148,categorizeError
FN:216,createNotFoundError
FNF:11
FNH:11
FNDA:12,globalErrorHandler
FNDA:3,asyncErrorHandler
FNDA:3,(anonymous_2)
FNDA:1,(anonymous_3)
FNDA:2,notFoundHandler
FNDA:6,setupProcessErrorHandlers
FNDA:2,(anonymous_6)
FNDA:2,(anonymous_7)
FNDA:12,isStructuredError
FNDA:11,categorizeError
FNDA:2,createNotFoundError
DA:9,1
DA:29,1
DA:35,12
DA:36,12
DA:39,12
DA:40,12
DA:41,12
DA:44,12
DA:45,1
DA:46,1
DA:47,1
DA:50,11
DA:54,12
DA:65,12
DA:66,1
DA:73,12
DA:74,12
DA:77,12
DA:86,1
DA:89,3
DA:90,3
DA:98,1
DA:99,2
DA:100,2
DA:106,1
DA:107,6
DA:108,2
DA:110,2
DA:111,1
DA:113,1
DA:120,6
DA:121,2
DA:123,2
DA:124,1
DA:126,1
DA:130,2
DA:138,12
DA:149,11
DA:152,11
DA:153,3
DA:161,8
DA:162,1
DA:170,7
DA:171,1
DA:179,6
DA:180,1
DA:188,5
DA:189,1
DA:197,4
DA:198,0
DA:206,4
DA:217,2
DA:218,2
DA:219,2
DA:220,2
DA:221,2
DA:222,2
DA:223,1
DA:225,2
DA:227,2
LF:60
LH:59
BRDA:35,0,0,12
BRDA:35,0,1,11
BRDA:44,1,0,1
BRDA:44,1,1,11
BRDA:57,2,0,12
BRDA:57,2,1,1
BRDA:65,3,0,1
BRDA:110,4,0,1
BRDA:110,4,1,1
BRDA:111,5,0,1
BRDA:111,5,1,0
BRDA:123,6,0,1
BRDA:123,6,1,1
BRDA:138,7,0,12
BRDA:138,7,1,12
BRDA:138,7,2,1
BRDA:138,7,3,1
BRDA:138,7,4,1
BRDA:152,8,0,3
BRDA:152,9,0,11
BRDA:152,9,1,10
BRDA:152,9,2,10
BRDA:161,10,0,1
BRDA:161,11,0,8
BRDA:161,11,1,7
BRDA:161,11,2,7
BRDA:170,12,0,1
BRDA:170,13,0,7
BRDA:170,13,1,6
BRDA:179,14,0,1
BRDA:179,15,0,6
BRDA:179,15,1,5
BRDA:188,16,0,1
BRDA:188,17,0,5
BRDA:188,17,1,4
BRDA:197,18,0,0
BRDA:222,19,0,1
BRF:37
BRH:35
end_of_record
TN:
SF:src/middleware/index.ts
FN:14,(anonymous_4)
FN:15,(anonymous_5)
FN:16,(anonymous_6)
FN:22,(anonymous_7)
FN:23,(anonymous_8)
FN:24,(anonymous_9)
FN:25,(anonymous_10)
FN:26,(anonymous_11)
FN:27,(anonymous_12)
FNF:9
FNH:0
FNDA:0,(anonymous_4)
FNDA:0,(anonymous_5)
FNDA:0,(anonymous_6)
FNDA:0,(anonymous_7)
FNDA:0,(anonymous_8)
FNDA:0,(anonymous_9)
FNDA:0,(anonymous_10)
FNDA:0,(anonymous_11)
FNDA:0,(anonymous_12)
DA:13,0
DA:14,0
DA:15,0
DA:16,0
DA:21,0
DA:22,0
DA:23,0
DA:24,0
DA:25,0
DA:26,0
DA:27,0
DA:32,0
DA:35,0
DA:38,0
LF:14
LH:0
BRF:0
BRH:0
end_of_record
TN:
SF:src/middleware/rateLimiter.example.ts
FN:29,(anonymous_1)
FN:33,(anonymous_2)
FN:37,(anonymous_3)
FN:42,(anonymous_4)
FN:48,(anonymous_5)
FN:54,(anonymous_6)
FN:62,(anonymous_7)
FNF:7
FNH:0
FNDA:0,(anonymous_1)
FNDA:0,(anonymous_2)
FNDA:0,(anonymous_3)
FNDA:0,(anonymous_4)
FNDA:0,(anonymous_5)
FNDA:0,(anonymous_6)
FNDA:0,(anonymous_7)
DA:1,0
DA:2,0
DA:12,0
DA:17,0
DA:20,0
DA:23,0
DA:26,0
DA:29,0
DA:30,0
DA:33,0
DA:34,0
DA:37,0
DA:38,0
DA:42,0
DA:44,0
DA:48,0
DA:49,0
DA:50,0
DA:54,0
DA:55,0
DA:59,0
DA:62,0
DA:63,0
DA:64,0
DA:70,0
LF:25
LH:0
BRF:0
BRH:0
end_of_record
TN:
SF:src/middleware/rateLimiter.ts
FN:9,(anonymous_1)
FN:15,(anonymous_2)
FN:72,(anonymous_3)
FN:75,(anonymous_4)
FN:78,(anonymous_5)
FN:99,(anonymous_6)
FN:106,(anonymous_7)
FN:117,(anonymous_8)
FN:122,(anonymous_9)
FN:131,(anonymous_10)
FN:136,(anonymous_11)
FN:146,(anonymous_12)
FN:172,(anonymous_13)
FN:179,(anonymous_14)
FN:196,(anonymous_15)
FNF:15
FNH:13
FNDA:0,(anonymous_1)
FNDA:0,(anonymous_2)
FNDA:8,(anonymous_3)
FNDA:15,(anonymous_4)
FNDA:18,(anonymous_5)
FNDA:1,(anonymous_6)
FNDA:16,(anonymous_7)
FNDA:6,(anonymous_8)
FNDA:3,(anonymous_9)
FNDA:6,(anonymous_10)
FNDA:7,(anonymous_11)
FNDA:5,(anonymous_12)
FNDA:2,(anonymous_13)
FNDA:2,(anonymous_14)
FNDA:1,(anonymous_15)
DA:1,1
DA:3,1
DA:6,1
DA:9,1
DA:10,0
DA:11,0
DA:15,0
DA:16,0
DA:20,0
DA:21,0
DA:23,0
DA:24,0
DA:33,1
DA:72,1
DA:73,8
DA:75,15
DA:80,18
DA:84,8
DA:88,1
DA:89,1
DA:90,1
DA:100,1
DA:101,1
DA:102,1
DA:103,1
DA:107,16
DA:108,16
DA:109,16
DA:111,16
DA:112,3
DA:113,3
DA:118,6
DA:119,6
DA:123,3
DA:124,3
DA:125,3
DA:126,3
DA:128,0
DA:132,6
DA:133,6
DA:137,7
DA:138,3
DA:143,1
DA:146,1
DA:147,5
DA:148,2
DA:149,2
DA:155,2
DA:159,3
DA:162,3
DA:168,3
DA:172,1
DA:173,2
DA:175,2
DA:179,1
DA:180,2
DA:181,1
DA:189,1
DA:192,1
DA:196,1
DA:197,1
LF:61
LH:52
BRDA:12,0,0,0
BRDA:12,0,1,0
BRDA:12,0,2,0
BRDA:72,1,0,5
BRDA:80,2,0,18
BRDA:80,2,1,15
BRDA:99,3,0,0
BRDA:99,4,0,0
BRDA:111,5,0,3
BRDA:124,6,0,3
BRDA:137,7,0,4
BRDA:147,8,0,2
BRDA:172,9,0,0
BRDA:180,10,0,1
BRDA:180,11,0,2
BRDA:180,11,1,2
BRDA:183,12,0,1
BRDA:183,12,1,0
BRDA:184,13,0,1
BRDA:184,13,1,0
BRF:20
BRH:12
end_of_record
TN:
SF:src/middleware/sanitization.ts
FN:37,createSanitizationMiddleware
FN:42,(anonymous_1)
FN:45,(anonymous_2)
FN:79,sanitizeRequestObject
FN:137,(anonymous_4)
FN:144,(anonymous_5)
FN:151,(anonymous_6)
FN:168,(anonymous_7)
FN:175,(anonymous_8)
FN:182,(anonymous_9)
FN:193,(anonymous_10)
FNF:11
FNH:7
FNDA:9,createSanitizationMiddleware
FNDA:8,(anonymous_1)
FNDA:1,(anonymous_2)
FNDA:21,sanitizeRequestObject
FNDA:0,(anonymous_4)
FNDA:0,(anonymous_5)
FNDA:0,(anonymous_6)
FNDA:1,(anonymous_7)
FNDA:1,(anonymous_8)
FNDA:0,(anonymous_9)
FNDA:1,(anonymous_10)
DA:2,1
DA:23,1
DA:37,1
DA:40,9
DA:42,9
DA:43,8
DA:45,8
DA:46,8
DA:47,1
DA:51,7
DA:52,7
DA:56,7
DA:57,7
DA:61,7
DA:62,7
DA:65,7
DA:68,0
DA:85,21
DA:88,21
DA:89,6
DA:90,2
DA:94,21
DA:100,1
DA:138,0
DA:139,0
DA:141,0
DA:145,0
DA:146,0
DA:148,0
DA:152,0
DA:153,0
DA:155,0
DA:164,1
DA:169,1
DA:176,1
DA:183,0
DA:194,1
LF:37
LH:26
BRDA:38,0,0,2
BRDA:46,1,0,1
BRDA:51,2,0,7
BRDA:51,3,0,7
BRDA:51,3,1,7
BRDA:56,4,0,7
BRDA:56,5,0,7
BRDA:56,5,1,7
BRDA:61,6,0,7
BRDA:61,7,0,7
BRDA:61,7,1,7
BRDA:89,8,0,2
BRDA:138,9,0,0
BRDA:145,10,0,0
BRDA:152,11,0,0
BRF:15
BRH:12
end_of_record
TN:
SF:src/middleware/security.ts
FN:21,parseAllowedOrigins
FN:31,(anonymous_2)
FN:37,getSecurityConfig
FN:53,securityLogger
FN:82,configureCORS
FN:112,configureSecurityHeaders
FN:190,customSecurityMiddleware
FN:206,(anonymous_8)
FN:216,generateRequestId
FN:223,securityValidation
FN:299,applySecurityMiddleware
FNF:11
FNH:11
FNDA:6,parseAllowedOrigins
FNDA:4,(anonymous_2)
FNDA:15,getSecurityConfig
FNDA:2,securityLogger
FNDA:6,configureCORS
FNDA:7,configureSecurityHeaders
FNDA:5,customSecurityMiddleware
FNDA:1,(anonymous_8)
FNDA:5,generateRequestId
FNDA:6,securityValidation
FNDA:1,applySecurityMiddleware
DA:2,1
DA:3,1
DA:4,1
DA:7,1
DA:22,6
DA:23,4
DA:26,2
DA:27,0
DA:31,4
DA:38,15
DA:47,15
DA:53,1
DA:54,2
DA:56,2
DA:57,0
DA:60,2
DA:74,2
DA:76,2
DA:82,1
DA:83,6
DA:84,6
DA:86,6
DA:112,1
DA:113,7
DA:115,7
DA:190,1
DA:192,5
DA:193,5
DA:196,5
DA:197,1
DA:198,1
DA:199,1
DA:203,5
DA:205,1
DA:206,1
DA:207,1
DA:210,4
DA:217,5
DA:223,1
DA:224,6
DA:225,6
DA:228,6
DA:229,0
DA:230,0
DA:235,0
DA:239,6
DA:240,0
DA:241,0
DA:246,0
DA:250,6
DA:251,6
DA:252,2
DA:253,2
DA:258,2
DA:262,4
DA:263,4
DA:264,3
DA:265,1
DA:266,1
DA:270,4
DA:271,4
DA:272,0
DA:273,0
DA:274,0
DA:275,0
DA:280,0
DA:282,0
DA:283,0
DA:284,0
DA:289,0
DA:293,4
DA:299,1
DA:300,1
DA:309,1
LF:74
LH:57
BRDA:22,0,0,4
BRDA:26,1,0,0
BRDA:26,2,0,2
BRDA:26,2,1,2
BRDA:39,3,0,15
BRDA:39,3,1,13
BRDA:40,4,0,15
BRDA:40,4,1,15
BRDA:42,5,0,15
BRDA:42,5,1,15
BRDA:56,6,0,0
BRDA:64,7,0,2
BRDA:64,7,1,0
BRDA:70,8,0,0
BRDA:70,8,1,2
BRDA:117,9,0,7
BRDA:117,9,1,0
BRDA:134,10,0,7
BRDA:134,10,1,0
BRDA:193,11,0,5
BRDA:193,11,1,5
BRDA:196,12,0,1
BRDA:196,13,0,5
BRDA:196,13,1,1
BRDA:203,14,0,1
BRDA:203,15,0,5
BRDA:203,15,1,4
BRDA:228,16,0,0
BRDA:228,17,0,6
BRDA:228,17,1,6
BRDA:228,17,2,6
BRDA:228,17,3,6
BRDA:239,18,0,0
BRDA:239,19,0,6
BRDA:239,19,1,6
BRDA:239,19,2,6
BRDA:239,19,3,6
BRDA:251,20,0,2
BRDA:263,21,0,3
BRDA:263,21,1,1
BRDA:265,22,0,1
BRDA:271,23,0,0
BRDA:273,24,0,0
BRDA:273,25,0,0
BRDA:273,25,1,0
BRDA:282,26,0,0
BRF:46
BRH:33
end_of_record
TN:
SF:src/middleware/validation.ts
FN:62,(anonymous_0)
FN:70,(anonymous_1)
FN:78,(anonymous_2)
FN:86,(anonymous_3)
FN:97,(anonymous_4)
FN:110,(anonymous_5)
FN:119,(anonymous_6)
FN:127,(anonymous_7)
FN:135,(anonymous_8)
FN:143,(anonymous_9)
FN:146,(anonymous_10)
FN:157,createValidationMiddleware
FN:158,(anonymous_12)
FN:230,validateData
FN:257,(anonymous_14)
FN:261,(anonymous_15)
FN:284,performSecurityChecks
FN:288,(anonymous_17)
FN:308,(anonymous_18)
FN:320,(anonymous_19)
FN:329,(anonymous_20)
FN:408,validateWithSchema
FN:425,createTypedValidator
FN:426,(anonymous_23)
FN:439,formatValidationError
FN:443,(anonymous_25)
FNF:26
FNH:20
FNDA:4,(anonymous_0)
FNDA:0,(anonymous_1)
FNDA:0,(anonymous_2)
FNDA:0,(anonymous_3)
FNDA:2,(anonymous_4)
FNDA:3,(anonymous_5)
FNDA:0,(anonymous_6)
FNDA:0,(anonymous_7)
FNDA:0,(anonymous_8)
FNDA:5,(anonymous_9)
FNDA:5,(anonymous_10)
FNDA:21,createValidationMiddleware
FNDA:16,(anonymous_12)
FNDA:18,validateData
FNDA:5,(anonymous_14)
FNDA:5,(anonymous_15)
FNDA:7,performSecurityChecks
FNDA:30,(anonymous_17)
FNDA:9,(anonymous_18)
FNDA:22,(anonymous_19)
FNDA:8,(anonymous_20)
FNDA:2,validateWithSchema
FNDA:1,createTypedValidator
FNDA:3,(anonymous_23)
FNDA:1,formatValidationError
FNDA:2,(anonymous_25)
DA:2,1
DA:3,1
DA:51,1
DA:62,4
DA:70,0
DA:78,0
DA:86,0
DA:98,2
DA:99,2
DA:101,0
DA:110,3
DA:119,0
DA:127,0
DA:135,0
DA:143,5
DA:146,5
DA:157,1
DA:158,21
DA:159,16
DA:161,16
DA:163,16
DA:164,9
DA:165,9
DA:166,2
DA:168,7
DA:173,16
DA:174,4
DA:175,4
DA:176,1
DA:178,3
DA:183,16
DA:184,2
DA:185,2
DA:186,0
DA:188,2
DA:193,16
DA:194,1
DA:195,1
DA:196,0
DA:201,16
DA:202,7
DA:203,7
DA:207,16
DA:208,7
DA:213,7
DA:216,9
DA:218,0
DA:222,0
DA:236,18
DA:237,18
DA:240,18
DA:241,1
DA:245,18
DA:246,1
DA:249,18
DA:251,14
DA:256,4
DA:257,5
DA:261,5
DA:264,4
DA:270,0
DA:285,7
DA:288,7
DA:289,30
DA:290,7
DA:291,1
DA:299,7
DA:300,3
DA:307,23
DA:308,23
DA:309,9
DA:315,7
DA:316,7
DA:317,7
DA:320,7
DA:321,22
DA:322,1
DA:328,21
DA:329,16
DA:330,8
DA:335,7
DA:336,7
DA:338,7
DA:344,1
DA:408,1
DA:413,2
DA:415,2
DA:416,1
DA:419,1
DA:425,1
DA:426,1
DA:427,3
DA:428,3
DA:429,1
DA:431,2
DA:439,1
DA:440,1
DA:443,2
LF:98
LH:86
BRDA:98,0,0,2
BRDA:98,1,0,2
BRDA:98,1,1,2
BRDA:163,2,0,9
BRDA:164,3,0,9
BRDA:164,3,1,0
BRDA:165,4,0,2
BRDA:165,4,1,7
BRDA:173,5,0,4
BRDA:174,6,0,4
BRDA:174,6,1,0
BRDA:175,7,0,1
BRDA:175,7,1,3
BRDA:183,8,0,2
BRDA:184,9,0,2
BRDA:184,9,1,0
BRDA:185,10,0,0
BRDA:185,10,1,2
BRDA:193,11,0,1
BRDA:194,12,0,1
BRDA:194,12,1,0
BRDA:195,13,0,0
BRDA:201,14,0,7
BRDA:207,15,0,7
BRDA:210,16,0,7
BRDA:210,16,1,7
BRDA:240,17,0,1
BRDA:240,18,0,18
BRDA:240,18,1,1
BRDA:245,19,0,1
BRDA:245,20,0,18
BRDA:245,20,1,1
BRDA:256,21,0,4
BRDA:289,22,0,7
BRDA:289,22,1,23
BRDA:290,23,0,1
BRDA:299,24,0,3
BRDA:307,25,0,23
BRDA:307,26,0,23
BRDA:307,26,1,23
BRDA:315,27,0,7
BRDA:316,28,0,7
BRDA:317,29,0,7
BRDA:320,30,0,7
BRDA:321,31,0,1
BRDA:321,31,1,21
BRDA:321,32,0,22
BRDA:321,32,1,6
BRDA:328,33,0,16
BRDA:328,34,0,21
BRDA:328,34,1,16
BRDA:335,35,0,7
BRDA:336,36,0,7
BRDA:411,37,0,2
BRDA:415,38,0,1
BRF:55
BRH:49
end_of_record
TN:
SF:src/models/api-key.ts
FN:6,(anonymous_0)
FN:16,(anonymous_1)
FNF:2
FNH:2
FNDA:52,(anonymous_0)
FNDA:52,(anonymous_1)
DA:1,52
DA:6,52
DA:7,52
DA:8,52
DA:9,52
DA:10,52
DA:16,52
DA:17,52
DA:18,52
DA:19,52
DA:20,52
DA:21,52
DA:22,52
DA:23,52
DA:24,52
DA:25,52
DA:31,52
DA:44,52
DA:58,52
DA:112,52
DA:139,52
DA:178,52
LF:22
LH:22
BRDA:6,0,0,52
BRDA:6,0,1,52
BRDA:16,1,0,52
BRDA:16,1,1,52
BRF:4
BRH:4
end_of_record
TN:
SF:src/models/errors.ts
FN:20,(anonymous_0)
FN:43,(anonymous_1)
FN:50,(anonymous_2)
FN:69,(anonymous_3)
FN:79,(anonymous_4)
FN:101,(anonymous_5)
FN:113,(anonymous_6)
FN:116,(anonymous_7)
FN:117,(anonymous_8)
FN:133,(anonymous_9)
FN:143,(anonymous_10)
FN:158,(anonymous_11)
FN:188,(anonymous_12)
FN:204,(anonymous_13)
FN:215,(anonymous_14)
FN:234,(anonymous_15)
FN:241,(anonymous_16)
FN:251,(anonymous_17)
FN:258,(anonymous_18)
FN:266,createErrorFromResponse
FNF:20
FNH:7
FNDA:9,(anonymous_0)
FNDA:0,(anonymous_1)
FNDA:0,(anonymous_2)
FNDA:4,(anonymous_3)
FNDA:0,(anonymous_4)
FNDA:1,(anonymous_5)
FNDA:0,(anonymous_6)
FNDA:0,(anonymous_7)
FNDA:0,(anonymous_8)
FNDA:2,(anonymous_9)
FNDA:0,(anonymous_10)
FNDA:1,(anonymous_11)
FNDA:0,(anonymous_12)
FNDA:1,(anonymous_13)
FNDA:0,(anonymous_14)
FNDA:0,(anonymous_15)
FNDA:0,(anonymous_16)
FNDA:0,(anonymous_17)
FNDA:0,(anonymous_18)
FNDA:7,createErrorFromResponse
DA:11,47
DA:28,9
DA:29,9
DA:30,9
DA:31,9
DA:32,9
DA:33,9
DA:34,9
DA:35,9
DA:36,9
DA:37,9
DA:44,0
DA:51,0
DA:68,47
DA:76,4
DA:80,0
DA:81,0
DA:83,0
DA:84,0
DA:86,0
DA:94,47
DA:109,1
DA:110,1
DA:114,0
DA:115,0
DA:116,0
DA:117,0
DA:120,0
DA:121,0
DA:124,0
DA:132,47
DA:140,2
DA:144,0
DA:152,47
DA:165,1
DA:168,1
DA:169,0
DA:170,0
DA:171,0
DA:173,0
DA:174,0
DA:175,0
DA:177,0
DA:178,0
DA:179,0
DA:181,0
DA:182,0
DA:183,0
DA:189,0
DA:190,0
DA:192,0
DA:193,0
DA:195,0
DA:203,47
DA:212,1
DA:216,0
DA:217,0
DA:219,0
DA:220,0
DA:222,0
DA:223,0
DA:225,0
DA:233,47
DA:238,0
DA:242,0
DA:250,47
DA:255,0
DA:259,0
DA:266,47
DA:273,7
DA:275,7
DA:277,0
DA:288,2
DA:291,2
DA:294,1
DA:297,2
DA:298,1
DA:302,1
DA:303,1
DA:307,0
LF:80
LH:35
BRDA:25,0,0,0
BRDA:30,1,0,7
BRDA:31,2,0,0
BRDA:32,3,0,0
BRDA:35,4,0,0
BRDA:35,4,1,9
BRDA:36,5,0,0
BRDA:37,6,0,7
BRDA:70,7,0,0
BRDA:80,8,0,0
BRDA:83,9,0,0
BRDA:102,10,0,0
BRDA:103,11,0,0
BRDA:110,12,0,0
BRDA:114,13,0,0
BRDA:114,14,0,0
BRDA:114,14,1,0
BRDA:120,15,0,0
BRDA:134,16,0,0
BRDA:135,17,0,0
BRDA:159,18,0,0
BRDA:160,19,0,0
BRDA:168,20,0,0
BRDA:169,21,0,0
BRDA:171,22,0,0
BRDA:173,23,0,0
BRDA:175,24,0,0
BRDA:177,25,0,0
BRDA:179,26,0,0
BRDA:181,27,0,0
BRDA:183,28,0,0
BRDA:189,29,0,0
BRDA:192,30,0,0
BRDA:205,31,0,0
BRDA:206,32,0,0
BRDA:216,33,0,0
BRDA:219,34,0,0
BRDA:222,35,0,0
BRDA:235,36,0,0
BRDA:252,37,0,0
BRDA:273,38,0,7
BRDA:273,38,1,6
BRDA:273,38,2,6
BRDA:273,38,3,6
BRDA:275,39,0,0
BRDA:275,39,1,1
BRDA:275,39,2,2
BRDA:275,39,3,2
BRDA:275,39,4,1
BRDA:275,39,5,2
BRDA:282,40,0,0
BRDA:282,40,1,0
BRDA:297,41,0,1
BRDA:302,42,0,1
BRDA:302,43,0,1
BRDA:302,43,1,1
BRF:56
BRH:16
end_of_record
TN:
SF:src/models/form-config-schemas.ts
FN:84,(anonymous_9)
FN:94,(anonymous_10)
FN:110,(anonymous_11)
FN:135,(anonymous_12)
FN:153,(anonymous_13)
FN:564,(anonymous_14)
FN:584,validateFormConfig
FN:593,serializeFormConfig
FN:603,deserializeFormConfig
FN:615,getValidationRulesForQuestion
FN:616,(anonymous_19)
FN:627,getLogicRulesAffectingQuestion
FNF:12
FNH:0
FNDA:0,(anonymous_9)
FNDA:0,(anonymous_10)
FNDA:0,(anonymous_11)
FNDA:0,(anonymous_12)
FNDA:0,(anonymous_13)
FNDA:0,(anonymous_14)
FNDA:0,validateFormConfig
FNDA:0,serializeFormConfig
FNDA:0,deserializeFormConfig
FNDA:0,getValidationRulesForQuestion
FNDA:0,(anonymous_19)
FNDA:0,getLogicRulesAffectingQuestion
DA:1,47
DA:2,47
DA:8,47
DA:9,47
DA:10,47
DA:11,47
DA:12,47
DA:13,47
DA:14,47
DA:15,47
DA:16,47
DA:17,47
DA:18,47
DA:19,47
DA:25,47
DA:34,47
DA:45,47
DA:57,47
DA:74,47
DA:84,47
DA:85,0
DA:94,47
DA:95,0
DA:110,47
DA:111,0
DA:135,47
DA:136,0
DA:153,47
DA:154,0
DA:195,47
DA:210,47
DA:217,47
DA:225,47
DA:231,47
DA:238,47
DA:244,47
DA:254,47
DA:263,47
DA:270,47
DA:278,47
DA:286,47
DA:296,47
DA:307,47
DA:317,47
DA:326,47
DA:334,47
DA:345,47
DA:368,47
DA:373,47
DA:378,47
DA:384,47
DA:392,47
DA:399,47
DA:406,47
DA:413,47
DA:420,47
DA:430,47
DA:438,47
DA:450,47
DA:458,47
DA:465,47
DA:477,47
DA:487,47
DA:493,47
DA:499,47
DA:504,47
DA:510,47
DA:516,47
DA:523,47
DA:529,47
DA:534,47
DA:542,47
DA:549,47
DA:555,47
DA:564,47
DA:565,0
DA:584,47
DA:585,0
DA:593,47
DA:594,0
DA:603,47
DA:604,0
DA:605,0
DA:606,0
DA:615,47
DA:616,0
DA:617,0
DA:627,47
DA:628,0
DA:630,0
DA:631,0
DA:632,0
DA:633,0
DA:634,0
DA:635,0
DA:641,0
LF:96
LH:75
BRDA:631,0,0,0
BRDA:633,1,0,0
BRDA:633,2,0,0
BRDA:633,2,1,0
BRF:4
BRH:0
end_of_record
TN:
SF:src/models/form-config.ts
FN:16,(anonymous_0)
FN:40,(anonymous_1)
FN:51,(anonymous_2)
FN:61,(anonymous_3)
FN:79,(anonymous_4)
FN:95,(anonymous_5)
FN:104,(anonymous_6)
FN:115,(anonymous_7)
FN:124,(anonymous_8)
FN:132,(anonymous_9)
FN:142,(anonymous_10)
FN:919,questionHasOptions
FN:931,isTextBasedQuestion
FN:947,isNumericQuestion
FN:959,isDateTimeQuestion
FN:969,isFileQuestion
FN:979,isMatrixQuestion
FN:1051,isRequiredValidation
FN:1058,isLengthValidation
FN:1065,isNumericValidation
FN:1072,isPatternValidation
FN:1079,isEmailValidation
FN:1086,isUrlValidation
FN:1093,isPhoneValidation
FN:1100,isDateValidation
FN:1107,isTimeValidation
FN:1114,isFileValidation
FN:1121,isChoiceValidation
FN:1128,isRatingValidation
FN:1135,isCustomValidation
FN:1142,getCompatibleValidationTypes
FN:1195,isValidationRuleCompatible
FN:1206,filterCompatibleValidationRules
FN:1210,(anonymous_33)
FN:1233,createValidationRulesForQuestion
FN:1247,combineValidationRules
FN:1294,createRequiredRule
FN:1310,createLengthRule
FN:1327,createNumericRule
FN:1346,createPatternRule
FN:1365,createEmailRule
FN:1388,createChoiceRule
FN:1417,isShowHideAction
FN:1424,isRequireAction
FN:1431,isJumpToAction
FN:1438,isJumpToPageAction
FN:1445,isSetValueAction
FN:1452,isClearValueAction
FN:1459,isEnableDisableAction
FN:1466,isShowMessageAction
FN:1473,isRedirectAction
FN:1480,isSubmitFormAction
FN:1487,isSkipAction
FN:1494,getReferencedQuestionIds
FN:1497,processConditionGroup
FN:1498,(anonymous_55)
FN:1502,(anonymous_56)
FN:1507,processActions
FN:1508,(anonymous_58)
FN:1529,logicReferencesQuestion
FN:1536,validateLogicReferences
FN:1541,(anonymous_61)
FN:1552,createSimpleShowHideLogic
FN:1584,createRequiredLogic
FN:1617,createJumpLogic
FN:2156,(anonymous_65)
FN:2176,(anonymous_66)
FNF:67
FNH:14
FNDA:47,(anonymous_0)
FNDA:47,(anonymous_1)
FNDA:47,(anonymous_2)
FNDA:47,(anonymous_3)
FNDA:47,(anonymous_4)
FNDA:47,(anonymous_5)
FNDA:47,(anonymous_6)
FNDA:47,(anonymous_7)
FNDA:47,(anonymous_8)
FNDA:47,(anonymous_9)
FNDA:47,(anonymous_10)
FNDA:0,questionHasOptions
FNDA:0,isTextBasedQuestion
FNDA:0,isNumericQuestion
FNDA:0,isDateTimeQuestion
FNDA:0,isFileQuestion
FNDA:2,isMatrixQuestion
FNDA:0,isRequiredValidation
FNDA:0,isLengthValidation
FNDA:0,isNumericValidation
FNDA:0,isPatternValidation
FNDA:0,isEmailValidation
FNDA:0,isUrlValidation
FNDA:0,isPhoneValidation
FNDA:0,isDateValidation
FNDA:0,isTimeValidation
FNDA:0,isFileValidation
FNDA:0,isChoiceValidation
FNDA:0,isRatingValidation
FNDA:0,isCustomValidation
FNDA:0,getCompatibleValidationTypes
FNDA:0,isValidationRuleCompatible
FNDA:0,filterCompatibleValidationRules
FNDA:0,(anonymous_33)
FNDA:0,createValidationRulesForQuestion
FNDA:0,combineValidationRules
FNDA:0,createRequiredRule
FNDA:0,createLengthRule
FNDA:0,createNumericRule
FNDA:0,createPatternRule
FNDA:0,createEmailRule
FNDA:0,createChoiceRule
FNDA:0,isShowHideAction
FNDA:0,isRequireAction
FNDA:0,isJumpToAction
FNDA:0,isJumpToPageAction
FNDA:0,isSetValueAction
FNDA:0,isClearValueAction
FNDA:0,isEnableDisableAction
FNDA:0,isShowMessageAction
FNDA:0,isRedirectAction
FNDA:0,isSubmitFormAction
FNDA:0,isSkipAction
FNDA:0,getReferencedQuestionIds
FNDA:0,processConditionGroup
FNDA:0,(anonymous_55)
FNDA:0,(anonymous_56)
FNDA:0,processActions
FNDA:0,(anonymous_58)
FNDA:0,logicReferencesQuestion
FNDA:0,validateLogicReferences
FNDA:0,(anonymous_61)
FNDA:0,createSimpleShowHideLogic
FNDA:0,createRequiredLogic
FNDA:0,createJumpLogic
FNDA:47,(anonymous_65)
FNDA:47,(anonymous_66)
DA:16,47
DA:17,47
DA:18,47
DA:19,47
DA:20,47
DA:21,47
DA:22,47
DA:23,47
DA:24,47
DA:25,47
DA:26,47
DA:27,47
DA:28,47
DA:29,47
DA:30,47
DA:31,47
DA:32,47
DA:33,47
DA:34,47
DA:40,47
DA:41,47
DA:42,47
DA:43,47
DA:44,47
DA:45,47
DA:51,47
DA:52,47
DA:53,47
DA:54,47
DA:55,47
DA:61,47
DA:62,47
DA:63,47
DA:64,47
DA:65,47
DA:66,47
DA:67,47
DA:68,47
DA:69,47
DA:70,47
DA:71,47
DA:72,47
DA:73,47
DA:79,47
DA:80,47
DA:81,47
DA:82,47
DA:83,47
DA:84,47
DA:85,47
DA:86,47
DA:87,47
DA:88,47
DA:89,47
DA:95,47
DA:96,47
DA:97,47
DA:98,47
DA:104,47
DA:105,47
DA:106,47
DA:107,47
DA:108,47
DA:109,47
DA:115,47
DA:116,47
DA:117,47
DA:118,47
DA:124,47
DA:125,47
DA:126,47
DA:132,47
DA:133,47
DA:134,47
DA:135,47
DA:136,47
DA:142,47
DA:143,47
DA:144,47
DA:145,47
DA:146,47
DA:919,47
DA:923,0
DA:931,47
DA:937,0
DA:947,47
DA:951,0
DA:959,47
DA:962,0
DA:969,47
DA:972,0
DA:979,47
DA:980,2
DA:1051,47
DA:1052,0
DA:1058,47
DA:1059,0
DA:1065,47
DA:1066,0
DA:1072,47
DA:1073,0
DA:1079,47
DA:1080,0
DA:1086,47
DA:1087,0
DA:1093,47
DA:1094,0
DA:1100,47
DA:1101,0
DA:1107,47
DA:1108,0
DA:1114,47
DA:1115,0
DA:1121,47
DA:1122,0
DA:1128,47
DA:1129,0
DA:1135,47
DA:1136,0
DA:1142,47
DA:1143,0
DA:1145,0
DA:1148,0
DA:1151,0
DA:1154,0
DA:1157,0
DA:1160,0
DA:1163,0
DA:1166,0
DA:1171,0
DA:1175,0
DA:1179,0
DA:1182,0
DA:1185,0
DA:1188,0
DA:1195,47
DA:1199,0
DA:1200,0
DA:1206,47
DA:1210,0
DA:1233,47
DA:1236,0
DA:1247,47
DA:1248,0
DA:1249,0
DA:1250,0
DA:1251,0
DA:1252,0
DA:1253,0
DA:1255,0
DA:1256,0
DA:1257,0
DA:1260,0
DA:1261,0
DA:1264,0
DA:1265,0
DA:1266,0
DA:1268,0
DA:1269,0
DA:1273,0
DA:1280,0
DA:1281,0
DA:1284,0
DA:1285,0
DA:1288,0
DA:1294,47
DA:1295,0
DA:1300,0
DA:1301,0
DA:1304,0
DA:1310,47
DA:1313,0
DA:1317,0
DA:1318,0
DA:1319,0
DA:1321,0
DA:1327,47
DA:1330,0
DA:1334,0
DA:1335,0
DA:1336,0
DA:1337,0
DA:1338,0
DA:1340,0
DA:1346,47
DA:1350,0
DA:1355,0
DA:1356,0
DA:1357,0
DA:1359,0
DA:1365,47
DA:1373,0
DA:1377,0
DA:1378,0
DA:1379,0
DA:1380,0
DA:1382,0
DA:1388,47
DA:1397,0
DA:1401,0
DA:1402,0
DA:1403,0
DA:1404,0
DA:1405,0
DA:1407,0
DA:1417,47
DA:1418,0
DA:1424,47
DA:1425,0
DA:1431,47
DA:1432,0
DA:1438,47
DA:1439,0
DA:1445,47
DA:1446,0
DA:1452,47
DA:1453,0
DA:1459,47
DA:1460,0
DA:1466,47
DA:1467,0
DA:1473,47
DA:1474,0
DA:1480,47
DA:1481,0
DA:1487,47
DA:1488,0
DA:1494,47
DA:1495,0
DA:1498,0
DA:1499,0
DA:1502,0
DA:1503,0
DA:1508,0
DA:1509,0
DA:1510,0
DA:1511,0
DA:1512,0
DA:1517,0
DA:1518,0
DA:1519,0
DA:1520,0
DA:1523,0
DA:1529,47
DA:1530,0
DA:1536,47
DA:1540,0
DA:1541,0
DA:1543,0
DA:1552,47
DA:1559,0
DA:1584,47
DA:1591,0
DA:1617,47
DA:1624,0
DA:2156,47
DA:2157,47
DA:2158,47
DA:2159,47
DA:2160,47
DA:2161,47
DA:2162,47
DA:2163,47
DA:2164,47
DA:2165,47
DA:2166,47
DA:2167,47
DA:2168,47
DA:2169,47
DA:2170,47
DA:2176,47
DA:2177,47
DA:2178,47
DA:2179,47
DA:2180,47
DA:2181,47
LF:276
LH:150
BRDA:16,0,0,47
BRDA:16,0,1,47
BRDA:40,1,0,47
BRDA:40,1,1,47
BRDA:51,2,0,47
BRDA:51,2,1,47
BRDA:61,3,0,47
BRDA:61,3,1,47
BRDA:79,4,0,47
BRDA:79,4,1,47
BRDA:95,5,0,47
BRDA:95,5,1,47
BRDA:104,6,0,47
BRDA:104,6,1,47
BRDA:115,7,0,47
BRDA:115,7,1,47
BRDA:124,8,0,47
BRDA:124,8,1,47
BRDA:132,9,0,47
BRDA:132,9,1,47
BRDA:142,10,0,47
BRDA:142,10,1,47
BRDA:923,11,0,0
BRDA:923,11,1,0
BRDA:923,11,2,0
BRDA:937,12,0,0
BRDA:937,12,1,0
BRDA:937,12,2,0
BRDA:937,12,3,0
BRDA:937,12,4,0
BRDA:951,13,0,0
BRDA:951,13,1,0
BRDA:951,13,2,0
BRDA:962,14,0,0
BRDA:962,14,1,0
BRDA:972,15,0,0
BRDA:972,15,1,0
BRDA:1145,16,0,0
BRDA:1145,16,1,0
BRDA:1145,16,2,0
BRDA:1145,16,3,0
BRDA:1145,16,4,0
BRDA:1145,16,5,0
BRDA:1145,16,6,0
BRDA:1145,16,7,0
BRDA:1145,16,8,0
BRDA:1145,16,9,0
BRDA:1145,16,10,0
BRDA:1145,16,11,0
BRDA:1145,16,12,0
BRDA:1145,16,13,0
BRDA:1145,16,14,0
BRDA:1145,16,15,0
BRDA:1145,16,16,0
BRDA:1145,16,17,0
BRDA:1256,17,0,0
BRDA:1260,18,0,0
BRDA:1264,19,0,0
BRDA:1265,20,0,0
BRDA:1266,21,0,0
BRDA:1268,22,0,0
BRDA:1280,23,0,0
BRDA:1284,24,0,0
BRDA:1300,25,0,0
BRDA:1317,26,0,0
BRDA:1318,27,0,0
BRDA:1319,28,0,0
BRDA:1334,29,0,0
BRDA:1335,30,0,0
BRDA:1336,31,0,0
BRDA:1337,32,0,0
BRDA:1338,33,0,0
BRDA:1355,34,0,0
BRDA:1356,35,0,0
BRDA:1357,36,0,0
BRDA:1377,37,0,0
BRDA:1378,38,0,0
BRDA:1379,39,0,0
BRDA:1380,40,0,0
BRDA:1401,41,0,0
BRDA:1402,42,0,0
BRDA:1403,43,0,0
BRDA:1404,44,0,0
BRDA:1405,45,0,0
BRDA:1418,46,0,0
BRDA:1418,46,1,0
BRDA:1425,47,0,0
BRDA:1425,47,1,0
BRDA:1460,48,0,0
BRDA:1460,48,1,0
BRDA:1509,49,0,0
BRDA:1509,49,1,0
BRDA:1511,50,0,0
BRDA:1511,51,0,0
BRDA:1511,51,1,0
BRDA:1519,52,0,0
BRDA:1557,53,0,0
BRDA:1561,54,0,0
BRDA:1561,54,1,0
BRDA:1575,55,0,0
BRDA:1575,55,1,0
BRDA:1622,56,0,0
BRDA:2156,57,0,47
BRDA:2156,57,1,47
BRDA:2176,58,0,47
BRDA:2176,58,1,47
BRF:106
BRH:26
end_of_record
TN:
SF:src/models/form-sharing-models.ts
FN:5,(anonymous_0)
FN:13,(anonymous_1)
FN:20,(anonymous_2)
FNF:3
FNH:3
FNDA:51,(anonymous_0)
FNDA:51,(anonymous_1)
FNDA:51,(anonymous_2)
DA:1,51
DA:5,51
DA:6,51
DA:7,51
DA:8,51
DA:9,51
DA:10,51
DA:13,51
DA:14,51
DA:15,51
DA:16,51
DA:17,51
DA:20,51
DA:21,51
DA:22,51
DA:23,51
DA:24,51
DA:29,51
DA:30,51
DA:31,51
DA:33,51
DA:69,51
DA:96,51
DA:130,51
DA:173,51
LF:25
LH:25
BRDA:5,0,0,51
BRDA:5,0,1,51
BRDA:13,1,0,51
BRDA:13,1,1,51
BRDA:20,2,0,51
BRDA:20,2,1,51
BRF:6
BRH:6
end_of_record
TN:
SF:src/models/form-version.ts
FN:34,(anonymous_0)
FN:44,(anonymous_1)
FN:62,(anonymous_2)
FN:71,(anonymous_3)
FN:72,(anonymous_4)
FN:79,(anonymous_5)
FN:91,(anonymous_6)
FN:98,(anonymous_7)
FN:106,(anonymous_8)
FNF:9
FNH:0
FNDA:0,(anonymous_0)
FNDA:0,(anonymous_1)
FNDA:0,(anonymous_2)
FNDA:0,(anonymous_3)
FNDA:0,(anonymous_4)
FNDA:0,(anonymous_5)
FNDA:0,(anonymous_6)
FNDA:0,(anonymous_7)
FNDA:0,(anonymous_8)
DA:31,47
DA:32,0
DA:35,0
DA:45,0
DA:47,0
DA:48,0
DA:49,0
DA:50,0
DA:51,0
DA:54,0
DA:61,0
DA:62,0
DA:63,0
DA:72,0
DA:80,0
DA:81,0
DA:83,0
DA:92,0
DA:93,0
DA:94,0
DA:98,0
DA:100,0
DA:107,0
LF:23
LH:1
BRDA:45,0,0,0
BRDA:45,0,1,0
BRDA:48,1,0,0
BRDA:57,2,0,0
BRDA:57,2,1,0
BRDA:80,3,0,0
BRDA:93,4,0,0
BRF:7
BRH:0
end_of_record
TN:
SF:src/models/index.ts
FN:13,(anonymous_4)
FN:14,(anonymous_5)
FN:15,(anonymous_6)
FN:16,(anonymous_7)
FN:17,(anonymous_8)
FN:18,(anonymous_9)
FN:19,(anonymous_10)
FN:20,(anonymous_11)
FN:21,(anonymous_12)
FNF:9
FNH:8
FNDA:3,(anonymous_4)
FNDA:5,(anonymous_5)
FNDA:2,(anonymous_6)
FNDA:1,(anonymous_7)
FNDA:2,(anonymous_8)
FNDA:2,(anonymous_9)
FNDA:1,(anonymous_10)
FNDA:0,(anonymous_11)
FNDA:7,(anonymous_12)
DA:12,47
DA:13,50
DA:14,52
DA:15,49
DA:16,48
DA:17,49
DA:18,49
DA:19,48
DA:20,47
DA:21,54
DA:25,47
DA:28,47
DA:31,47
DA:34,47
DA:37,47
DA:40,47
DA:43,47
DA:46,47
LF:18
LH:18
BRF:0
BRH:0
end_of_record
TN:
SF:src/models/tally-schemas.ts
FN:101,(anonymous_0)
FN:488,validateTallyResponse
FN:501,safeParseTallyResponse
FN:513,createTallyValidator
FN:514,(anonymous_4)
FN:522,createSafeTallyValidator
FN:523,(anonymous_6)
FNF:7
FNH:1
FNDA:0,(anonymous_0)
FNDA:2,validateTallyResponse
FNDA:0,safeParseTallyResponse
FNDA:0,createTallyValidator
FNDA:0,(anonymous_4)
FNDA:0,createSafeTallyValidator
FNDA:0,(anonymous_6)
DA:1,47
DA:17,47
DA:27,47
DA:42,47
DA:70,47
DA:81,47
DA:89,47
DA:101,47
DA:119,47
DA:139,47
DA:155,47
DA:167,47
DA:196,47
DA:216,47
DA:229,47
DA:243,47
DA:259,47
DA:270,47
DA:276,47
DA:287,47
DA:301,47
DA:315,47
DA:321,47
DA:333,47
DA:345,47
DA:357,47
DA:367,47
DA:378,47
DA:389,47
DA:400,47
DA:409,47
DA:426,47
DA:435,47
DA:488,47
DA:492,2
DA:501,47
DA:505,0
DA:513,47
DA:514,0
DA:522,47
DA:523,0
LF:41
LH:38
BRF:0
BRH:0
end_of_record
TN:
SF:src/models/team-models.ts
FNF:0
FNH:0
DA:1,47
DA:4,47
DA:6,47
DA:16,47
DA:41,47
DA:49,47
DA:59,47
DA:82,47
DA:99,47
DA:105,47
DA:112,47
DA:118,47
DA:128,47
DA:137,47
DA:154,47
DA:160,47
DA:168,47
LF:17
LH:17
BRF:0
BRH:0
end_of_record
TN:
SF:src/models/template.ts
FN:18,(anonymous_0)
FNF:1
FNH:1
FNDA:47,(anonymous_0)
DA:18,47
DA:19,47
DA:20,47
DA:21,47
DA:22,47
DA:23,47
DA:24,47
DA:25,47
DA:26,47
DA:27,47
DA:28,47
DA:29,47
LF:12
LH:12
BRDA:18,0,0,47
BRDA:18,0,1,47
BRF:2
BRH:2
end_of_record
TN:
SF:src/services/TallyApiClient.ts
FN:145,(anonymous_1)
FN:169,(anonymous_2)
FN:230,(anonymous_3)
FN:244,(anonymous_4)
FN:264,(anonymous_5)
FN:281,(anonymous_6)
FN:299,(anonymous_7)
FN:312,(anonymous_8)
FN:326,(anonymous_9)
FN:333,(anonymous_10)
FN:347,(anonymous_11)
FN:359,(anonymous_12)
FN:371,(anonymous_13)
FN:382,(anonymous_14)
FN:394,(anonymous_15)
FN:409,(anonymous_16)
FN:440,(anonymous_17)
FN:456,(anonymous_18)
FN:483,(anonymous_19)
FN:499,(anonymous_20)
FN:524,(anonymous_21)
FN:540,(anonymous_22)
FN:554,(anonymous_23)
FN:574,(anonymous_24)
FN:601,(anonymous_25)
FN:625,(anonymous_26)
FN:634,(anonymous_27)
FN:644,(anonymous_28)
FN:658,(anonymous_29)
FN:686,(anonymous_30)
FN:726,(anonymous_31)
FN:763,(anonymous_32)
FN:764,(anonymous_33)
FN:774,(anonymous_34)
FN:898,(anonymous_35)
FN:939,(anonymous_36)
FN:952,(anonymous_37)
FN:955,(anonymous_38)
FN:969,(anonymous_39)
FN:988,(anonymous_40)
FN:998,(anonymous_41)
FN:1004,(anonymous_42)
FN:1011,(anonymous_43)
FN:1018,(anonymous_44)
FN:1028,(anonymous_45)
FNF:45
FNH:28
FNDA:36,(anonymous_1)
FNDA:299,(anonymous_2)
FNDA:1,(anonymous_3)
FNDA:1,(anonymous_4)
FNDA:3,(anonymous_5)
FNDA:1,(anonymous_6)
FNDA:1,(anonymous_7)
FNDA:5,(anonymous_8)
FNDA:5,(anonymous_9)
FNDA:1,(anonymous_10)
FNDA:8,(anonymous_11)
FNDA:1,(anonymous_12)
FNDA:1,(anonymous_13)
FNDA:1,(anonymous_14)
FNDA:1,(anonymous_15)
FNDA:2,(anonymous_16)
FNDA:0,(anonymous_17)
FNDA:0,(anonymous_18)
FNDA:2,(anonymous_19)
FNDA:0,(anonymous_20)
FNDA:0,(anonymous_21)
FNDA:2,(anonymous_22)
FNDA:2,(anonymous_23)
FNDA:14,(anonymous_24)
FNDA:0,(anonymous_25)
FNDA:2,(anonymous_26)
FNDA:12,(anonymous_27)
FNDA:0,(anonymous_28)
FNDA:0,(anonymous_29)
FNDA:5,(anonymous_30)
FNDA:7,(anonymous_31)
FNDA:0,(anonymous_32)
FNDA:0,(anonymous_33)
FNDA:7,(anonymous_34)
FNDA:0,(anonymous_35)
FNDA:0,(anonymous_36)
FNDA:299,(anonymous_37)
FNDA:0,(anonymous_38)
FNDA:0,(anonymous_39)
FNDA:0,(anonymous_40)
FNDA:7,(anonymous_41)
FNDA:0,(anonymous_42)
FNDA:0,(anonymous_43)
FNDA:0,(anonymous_44)
FNDA:4,(anonymous_45)
DA:1,36
DA:3,36
DA:4,36
DA:12,36
DA:27,36
DA:145,36
DA:146,36
DA:147,36
DA:148,36
DA:151,36
DA:160,299
DA:161,299
DA:171,299
DA:194,299
DA:195,0
DA:197,299
DA:198,0
DA:202,299
DA:203,0
DA:207,299
DA:215,299
DA:216,281
DA:220,299
DA:231,1
DA:232,1
DA:234,0
DA:245,1
DA:246,1
DA:249,0
DA:250,0
DA:252,0
DA:253,0
DA:255,0
DA:265,3
DA:266,1
DA:269,2
DA:270,0
DA:273,2
DA:282,1
DA:283,1
DA:286,0
DA:287,0
DA:289,0
DA:290,0
DA:292,0
DA:300,1
DA:301,0
DA:303,1
DA:304,1
DA:313,5
DA:314,5
DA:315,4
DA:317,1
DA:327,5
DA:334,1
DA:335,1
DA:337,0
DA:348,8
DA:360,1
DA:372,1
DA:383,1
DA:395,1
DA:417,2
DA:418,2
DA:419,2
DA:421,0
DA:422,0
DA:423,0
DA:424,0
DA:426,0
DA:427,0
DA:429,0
DA:430,0
DA:441,0
DA:442,0
DA:443,0
DA:445,0
DA:446,0
DA:447,0
DA:461,0
DA:462,0
DA:463,0
DA:465,0
DA:466,0
DA:467,0
DA:468,0
DA:470,0
DA:471,0
DA:473,0
DA:474,0
DA:484,2
DA:485,2
DA:486,2
DA:488,0
DA:489,0
DA:490,0
DA:503,0
DA:504,0
DA:505,0
DA:507,0
DA:508,0
DA:509,0
DA:511,0
DA:512,0
DA:514,0
DA:515,0
DA:525,0
DA:526,0
DA:527,0
DA:529,0
DA:530,0
DA:541,2
DA:561,2
DA:562,2
DA:580,14
DA:588,14
DA:590,10
DA:603,0
DA:604,0
DA:608,0
DA:609,0
DA:610,0
DA:611,0
DA:612,0
DA:617,0
DA:626,2
DA:638,12
DA:645,0
DA:666,0
DA:669,0
DA:673,0
DA:674,0
DA:676,0
DA:687,5
DA:690,5
DA:691,2
DA:695,3
DA:697,0
DA:699,0
DA:700,0
DA:701,0
DA:704,0
DA:709,3
DA:710,3
DA:714,0
DA:715,0
DA:718,0
DA:727,7
DA:729,7
DA:730,0
DA:733,7
DA:735,0
DA:736,0
DA:737,0
DA:738,0
DA:739,0
DA:744,7
DA:745,7
DA:748,7
DA:750,0
DA:751,0
DA:752,0
DA:764,0
DA:775,7
DA:777,7
DA:778,0
DA:782,7
DA:785,7
DA:786,0
DA:789,0
DA:790,0
DA:793,0
DA:796,7
DA:799,7
DA:801,2
DA:802,0
DA:803,0
DA:805,0
DA:806,0
DA:807,0
DA:811,0
DA:812,0
DA:825,2
DA:833,2
DA:837,5
DA:838,1
DA:846,1
DA:849,0
DA:851,0
DA:854,0
DA:863,0
DA:864,0
DA:868,0
DA:869,0
DA:872,1
DA:876,4
DA:884,4
DA:885,0
DA:888,4
DA:899,0
DA:900,0
DA:903,0
DA:911,0
DA:912,0
DA:916,0
DA:919,0
DA:920,0
DA:921,0
DA:922,0
DA:925,0
DA:930,0
DA:940,0
DA:941,0
DA:943,0
DA:944,0
DA:946,0
DA:954,299
DA:957,0
DA:960,0
DA:961,0
DA:962,0
DA:963,0
DA:967,0
DA:970,0
DA:971,0
DA:975,0
DA:976,0
DA:978,0
DA:979,0
DA:982,0
DA:987,299
DA:990,0
DA:993,0
DA:994,0
DA:996,0
DA:999,7
DA:1005,0
DA:1008,0
DA:1012,0
DA:1015,0
DA:1019,0
DA:1022,0
DA:1029,4
LF:243
LH:91
BRDA:145,0,0,36
BRDA:145,0,1,36
BRDA:169,1,0,10
BRDA:172,2,0,299
BRDA:172,2,1,297
BRDA:173,3,0,299
BRDA:173,3,1,297
BRDA:179,4,0,299
BRDA:179,4,1,18
BRDA:180,5,0,299
BRDA:180,5,1,296
BRDA:182,6,0,299
BRDA:182,6,1,289
BRDA:183,7,0,299
BRDA:183,7,1,292
BRDA:184,8,0,299
BRDA:184,8,1,294
BRDA:185,9,0,299
BRDA:185,9,1,294
BRDA:186,10,0,299
BRDA:186,10,1,294
BRDA:187,11,0,299
BRDA:187,11,1,291
BRDA:188,12,0,299
BRDA:188,12,1,293
BRDA:189,13,0,299
BRDA:189,13,1,293
BRDA:194,14,0,0
BRDA:197,15,0,0
BRDA:202,16,0,0
BRDA:215,17,0,281
BRDA:231,18,0,1
BRDA:245,19,0,1
BRDA:265,20,0,1
BRDA:269,21,0,0
BRDA:282,22,0,1
BRDA:300,23,0,0
BRDA:314,24,0,4
BRDA:314,24,1,1
BRDA:334,25,0,1
BRDA:411,26,0,0
BRDA:417,27,0,2
BRDA:422,28,0,0
BRDA:423,29,0,0
BRDA:424,30,0,0
BRDA:427,31,0,0
BRDA:427,31,1,0
BRDA:441,32,0,0
BRDA:456,33,0,0
BRDA:461,34,0,0
BRDA:466,35,0,0
BRDA:467,36,0,0
BRDA:468,37,0,0
BRDA:471,38,0,0
BRDA:471,38,1,0
BRDA:484,39,0,2
BRDA:499,40,0,0
BRDA:503,41,0,0
BRDA:508,42,0,0
BRDA:509,43,0,0
BRDA:512,44,0,0
BRDA:512,44,1,0
BRDA:525,45,0,0
BRDA:603,46,0,0
BRDA:608,47,0,0
BRDA:610,48,0,0
BRDA:690,49,0,2
BRDA:695,50,0,0
BRDA:695,51,0,3
BRDA:695,51,1,3
BRDA:697,52,0,0
BRDA:697,52,1,0
BRDA:697,53,0,0
BRDA:697,53,1,0
BRDA:700,54,0,0
BRDA:709,55,0,3
BRDA:714,56,0,0
BRDA:714,57,0,0
BRDA:714,57,1,0
BRDA:729,58,0,0
BRDA:733,59,0,0
BRDA:733,59,1,7
BRDA:736,60,0,0
BRDA:738,61,0,0
BRDA:748,62,0,0
BRDA:748,63,0,7
BRDA:748,63,1,0
BRDA:751,64,0,0
BRDA:777,65,0,0
BRDA:785,66,0,0
BRDA:789,67,0,0
BRDA:799,68,0,2
BRDA:799,69,0,7
BRDA:799,69,1,6
BRDA:801,70,0,0
BRDA:801,71,0,2
BRDA:801,71,1,0
BRDA:806,72,0,0
BRDA:837,73,0,1
BRDA:846,74,0,0
BRDA:849,75,0,0
BRDA:849,75,1,0
BRDA:863,76,0,0
BRDA:884,77,0,0
BRDA:911,78,0,0
BRDA:920,79,0,0
BRDA:940,80,0,0
BRDA:940,81,0,0
BRDA:940,81,1,0
BRDA:943,82,0,0
BRDA:943,83,0,0
BRDA:943,83,1,0
BRDA:960,84,0,0
BRDA:962,85,0,0
BRDA:970,86,0,0
BRDA:975,87,0,0
BRDA:975,88,0,0
BRDA:975,88,1,0
BRDA:978,89,0,0
BRDA:978,90,0,0
BRDA:978,90,1,0
BRDA:993,91,0,0
BRF:122
BRH:48
end_of_record
TN:
SF:src/services/TokenManager.ts
FN:24,(anonymous_0)
FN:27,(anonymous_1)
FN:31,(anonymous_2)
FN:35,(anonymous_3)
FN:57,(anonymous_4)
FN:65,(anonymous_5)
FN:83,(anonymous_6)
FN:113,(anonymous_7)
FN:139,(anonymous_8)
FN:178,(anonymous_9)
FN:191,(anonymous_10)
FN:198,(anonymous_11)
FN:205,(anonymous_12)
FN:212,(anonymous_13)
FN:229,(anonymous_14)
FNF:15
FNH:0
FNDA:0,(anonymous_0)
FNDA:0,(anonymous_1)
FNDA:0,(anonymous_2)
FNDA:0,(anonymous_3)
FNDA:0,(anonymous_4)
FNDA:0,(anonymous_5)
FNDA:0,(anonymous_6)
FNDA:0,(anonymous_7)
FNDA:0,(anonymous_8)
FNDA:0,(anonymous_9)
FNDA:0,(anonymous_10)
FNDA:0,(anonymous_11)
FNDA:0,(anonymous_12)
FNDA:0,(anonymous_13)
FNDA:0,(anonymous_14)
DA:24,36
DA:25,0
DA:28,0
DA:32,0
DA:36,0
DA:53,36
DA:58,0
DA:59,0
DA:66,0
DA:73,0
DA:74,0
DA:77,0
DA:84,0
DA:99,0
DA:100,0
DA:101,0
DA:104,0
DA:105,0
DA:106,0
DA:107,0
DA:114,0
DA:115,0
DA:116,0
DA:120,0
DA:121,0
DA:122,0
DA:123,0
DA:124,0
DA:125,0
DA:128,0
DA:129,0
DA:133,0
DA:140,0
DA:142,0
DA:143,0
DA:144,0
DA:145,0
DA:147,0
DA:150,0
DA:164,0
DA:165,0
DA:166,0
DA:169,0
DA:170,0
DA:171,0
DA:172,0
DA:179,0
DA:180,0
DA:181,0
DA:184,0
DA:185,0
DA:192,0
DA:199,0
DA:206,0
DA:213,0
DA:214,0
DA:216,0
DA:230,0
LF:58
LH:2
BRDA:59,0,0,0
BRDA:59,0,1,0
BRDA:70,1,0,0
BRDA:70,1,1,0
BRDA:73,2,0,0
BRDA:99,3,0,0
BRDA:115,4,0,0
BRDA:122,5,0,0
BRDA:142,6,0,0
BRDA:144,7,0,0
BRDA:164,8,0,0
BRDA:180,9,0,0
BRDA:214,10,0,0
BRDA:214,10,1,0
BRDA:219,11,0,0
BRDA:219,11,1,0
BRDA:222,12,0,0
BRDA:222,12,1,0
BRF:18
BRH:0
end_of_record
TN:
SF:src/services/api-key-service.ts
FN:24,(anonymous_0)
FN:30,(anonymous_1)
FN:34,(anonymous_2)
FN:38,(anonymous_3)
FN:47,(anonymous_4)
FN:48,(anonymous_5)
FN:51,(anonymous_6)
FN:59,(anonymous_7)
FN:69,(anonymous_8)
FN:81,(anonymous_9)
FN:87,(anonymous_10)
FN:91,(anonymous_11)
FN:95,(anonymous_12)
FN:103,(anonymous_13)
FN:107,(anonymous_14)
FN:110,(anonymous_15)
FN:120,(anonymous_16)
FN:128,(anonymous_17)
FN:157,(anonymous_18)
FN:195,(anonymous_19)
FN:334,(anonymous_20)
FN:341,(anonymous_21)
FN:343,(anonymous_22)
FN:349,(anonymous_23)
FN:370,(anonymous_24)
FN:377,(anonymous_25)
FN:384,(anonymous_26)
FN:413,(anonymous_27)
FN:420,(anonymous_28)
FN:469,(anonymous_29)
FN:498,(anonymous_30)
FN:505,(anonymous_31)
FN:529,(anonymous_32)
FN:536,(anonymous_33)
FN:542,(anonymous_34)
FN:553,(anonymous_35)
FN:554,(anonymous_36)
FN:555,(anonymous_37)
FN:556,(anonymous_38)
FNF:39
FNH:31
FNDA:52,(anonymous_0)
FNDA:33,(anonymous_1)
FNDA:11,(anonymous_2)
FNDA:33,(anonymous_3)
FNDA:4,(anonymous_4)
FNDA:9,(anonymous_5)
FNDA:19,(anonymous_6)
FNDA:0,(anonymous_7)
FNDA:14,(anonymous_8)
FNDA:2,(anonymous_9)
FNDA:1,(anonymous_10)
FNDA:2,(anonymous_11)
FNDA:0,(anonymous_12)
FNDA:0,(anonymous_13)
FNDA:0,(anonymous_14)
FNDA:0,(anonymous_15)
FNDA:52,(anonymous_16)
FNDA:52,(anonymous_17)
FNDA:34,(anonymous_18)
FNDA:17,(anonymous_19)
FNDA:3,(anonymous_20)
FNDA:3,(anonymous_21)
FNDA:4,(anonymous_22)
FNDA:2,(anonymous_23)
FNDA:4,(anonymous_24)
FNDA:0,(anonymous_25)
FNDA:17,(anonymous_26)
FNDA:2,(anonymous_27)
FNDA:3,(anonymous_28)
FNDA:2,(anonymous_29)
FNDA:0,(anonymous_30)
FNDA:0,(anonymous_31)
FNDA:3,(anonymous_32)
FNDA:4,(anonymous_33)
FNDA:1,(anonymous_34)
FNDA:3,(anonymous_35)
FNDA:3,(anonymous_36)
FNDA:3,(anonymous_37)
FNDA:3,(anonymous_38)
DA:1,25
DA:19,25
DA:25,52
DA:26,52
DA:27,52
DA:31,33
DA:35,11
DA:39,33
DA:40,47
DA:41,28
DA:44,5
DA:48,9
DA:52,19
DA:53,19
DA:55,18
DA:56,18
DA:60,0
DA:61,0
DA:62,0
DA:63,0
DA:65,0
DA:70,14
DA:71,14
DA:74,14
DA:75,0
DA:78,14
DA:82,2
DA:83,2
DA:88,1
DA:92,2
DA:96,0
DA:97,0
DA:99,0
DA:100,0
DA:104,0
DA:108,0
DA:109,0
DA:110,0
DA:117,25
DA:121,52
DA:122,52
DA:129,52
DA:130,52
DA:131,0
DA:132,0
DA:134,0
DA:135,0
DA:148,0
DA:149,0
DA:159,34
DA:162,33
DA:163,33
DA:166,33
DA:184,33
DA:186,33
DA:196,17
DA:199,17
DA:200,1
DA:207,1
DA:214,16
DA:215,16
DA:217,16
DA:218,2
DA:225,2
DA:232,14
DA:233,1
DA:241,1
DA:249,13
DA:251,1
DA:253,1
DA:261,1
DA:269,12
DA:270,1
DA:278,1
DA:287,11
DA:288,2
DA:289,2
DA:290,1
DA:298,1
DA:307,10
DA:313,10
DA:320,10
DA:321,10
DA:323,10
DA:335,3
DA:342,3
DA:343,4
DA:350,2
DA:353,2
DA:354,2
DA:355,2
DA:356,2
DA:357,2
DA:358,2
DA:359,2
DA:360,2
DA:361,2
DA:363,2
DA:364,2
DA:371,4
DA:378,0
DA:385,17
DA:387,17
DA:388,17
DA:390,17
DA:391,14
DA:403,14
DA:406,0
DA:414,2
DA:421,3
DA:422,3
DA:423,1
DA:427,2
DA:428,2
DA:431,2
DA:437,2
DA:439,2
DA:440,0
DA:443,2
DA:444,2
DA:445,0
DA:449,2
DA:450,2
DA:451,0
DA:452,0
DA:454,0
DA:460,2
DA:470,2
DA:473,2
DA:474,2
DA:475,1
DA:478,1
DA:479,1
DA:481,1
DA:491,1
DA:492,1
DA:499,0
DA:506,0
DA:507,0
DA:509,0
DA:510,0
DA:511,0
DA:512,0
DA:513,0
DA:514,0
DA:515,0
DA:518,0
DA:523,0
DA:531,3
DA:532,1
DA:536,4
DA:549,1
DA:551,1
DA:553,3
DA:554,3
DA:555,3
DA:556,3
DA:562,25
LF:158
LH:119
BRDA:35,0,0,11
BRDA:35,0,1,2
BRDA:40,1,0,28
BRDA:53,2,0,1
BRDA:61,3,0,0
BRDA:70,4,0,14
BRDA:70,4,1,10
BRDA:74,5,0,0
BRDA:82,6,0,2
BRDA:82,6,1,0
BRDA:83,7,0,1
BRDA:83,7,1,1
BRDA:92,8,0,2
BRDA:92,8,1,2
BRDA:97,9,0,0
BRDA:110,10,0,0
BRDA:110,10,1,0
BRDA:130,11,0,0
BRDA:130,12,0,52
BRDA:130,12,1,0
BRDA:134,13,0,0
BRDA:170,14,0,33
BRDA:170,14,1,3
BRDA:175,15,0,33
BRDA:175,15,1,1
BRDA:177,16,0,33
BRDA:177,16,1,10
BRDA:178,17,0,33
BRDA:178,17,1,2
BRDA:179,18,0,33
BRDA:179,18,1,0
BRDA:180,19,0,33
BRDA:180,19,1,1
BRDA:199,20,0,1
BRDA:217,21,0,2
BRDA:232,22,0,1
BRDA:249,23,0,1
BRDA:249,24,0,13
BRDA:249,24,1,1
BRDA:269,25,0,1
BRDA:269,26,0,12
BRDA:269,26,1,3
BRDA:287,27,0,2
BRDA:287,28,0,11
BRDA:287,28,1,2
BRDA:289,29,0,1
BRDA:320,30,0,2
BRDA:320,30,1,8
BRDA:321,31,0,0
BRDA:321,31,1,10
BRDA:343,32,0,2
BRDA:343,32,1,1
BRDA:354,33,0,2
BRDA:355,34,0,1
BRDA:356,35,0,1
BRDA:357,36,0,0
BRDA:358,37,0,0
BRDA:359,38,0,0
BRDA:360,39,0,0
BRDA:361,40,0,0
BRDA:364,41,0,1
BRDA:364,41,1,1
BRDA:390,42,0,14
BRDA:396,43,0,14
BRDA:396,43,1,7
BRDA:397,44,0,14
BRDA:397,44,1,5
BRDA:398,45,0,14
BRDA:398,45,1,5
BRDA:399,46,0,14
BRDA:399,46,1,4
BRDA:400,47,0,14
BRDA:400,47,1,0
BRDA:422,48,0,1
BRDA:439,49,0,0
BRDA:444,50,0,0
BRDA:450,51,0,0
BRDA:474,52,0,1
BRDA:510,53,0,0
BRDA:513,54,0,0
BRDA:531,55,0,1
BRF:81
BRH:59
end_of_record
TN:
SF:src/services/authentication-validator.ts
FN:16,(anonymous_1)
FN:23,(anonymous_2)
FN:30,(anonymous_3)
FN:37,(anonymous_4)
FN:44,(anonymous_5)
FN:563,(anonymous_6)
FN:623,(anonymous_7)
FN:821,(anonymous_8)
FN:860,(anonymous_9)
FN:889,(anonymous_10)
FN:941,(anonymous_11)
FN:955,(anonymous_12)
FN:996,(anonymous_13)
FN:1070,(anonymous_14)
FN:1135,(anonymous_15)
FN:1162,(anonymous_16)
FN:1180,(anonymous_17)
FN:1256,(anonymous_18)
FN:1276,(anonymous_19)
FN:1296,(anonymous_20)
FN:1322,(anonymous_21)
FN:1323,(anonymous_22)
FN:1324,(anonymous_23)
FN:1347,(anonymous_24)
FN:1420,(anonymous_25)
FN:1426,(anonymous_26)
FN:1435,(anonymous_27)
FN:1461,(anonymous_28)
FN:1475,(anonymous_29)
FN:1501,(anonymous_30)
FN:1505,(anonymous_31)
FN:1514,(anonymous_32)
FN:1574,(anonymous_33)
FN:1582,(anonymous_34)
FN:1603,(anonymous_35)
FN:1629,(anonymous_36)
FN:1636,(anonymous_37)
FN:1661,(anonymous_38)
FN:1716,(anonymous_39)
FN:1735,(anonymous_40)
FN:1744,(anonymous_41)
FN:1751,(anonymous_42)
FN:1812,(anonymous_43)
FN:1845,(anonymous_44)
FN:1871,(anonymous_45)
FN:1885,(anonymous_46)
FN:1971,(anonymous_47)
FN:2014,(anonymous_48)
FN:2036,(anonymous_49)
FN:2048,(anonymous_50)
FN:2088,(anonymous_51)
FNF:51
FNH:0
FNDA:0,(anonymous_1)
FNDA:0,(anonymous_2)
FNDA:0,(anonymous_3)
FNDA:0,(anonymous_4)
FNDA:0,(anonymous_5)
FNDA:0,(anonymous_6)
FNDA:0,(anonymous_7)
FNDA:0,(anonymous_8)
FNDA:0,(anonymous_9)
FNDA:0,(anonymous_10)
FNDA:0,(anonymous_11)
FNDA:0,(anonymous_12)
FNDA:0,(anonymous_13)
FNDA:0,(anonymous_14)
FNDA:0,(anonymous_15)
FNDA:0,(anonymous_16)
FNDA:0,(anonymous_17)
FNDA:0,(anonymous_18)
FNDA:0,(anonymous_19)
FNDA:0,(anonymous_20)
FNDA:0,(anonymous_21)
FNDA:0,(anonymous_22)
FNDA:0,(anonymous_23)
FNDA:0,(anonymous_24)
FNDA:0,(anonymous_25)
FNDA:0,(anonymous_26)
FNDA:0,(anonymous_27)
FNDA:0,(anonymous_28)
FNDA:0,(anonymous_29)
FNDA:0,(anonymous_30)
FNDA:0,(anonymous_31)
FNDA:0,(anonymous_32)
FNDA:0,(anonymous_33)
FNDA:0,(anonymous_34)
FNDA:0,(anonymous_35)
FNDA:0,(anonymous_36)
FNDA:0,(anonymous_37)
FNDA:0,(anonymous_38)
FNDA:0,(anonymous_39)
FNDA:0,(anonymous_40)
FNDA:0,(anonymous_41)
FNDA:0,(anonymous_42)
FNDA:0,(anonymous_43)
FNDA:0,(anonymous_44)
FNDA:0,(anonymous_45)
FNDA:0,(anonymous_46)
FNDA:0,(anonymous_47)
FNDA:0,(anonymous_48)
FNDA:0,(anonymous_49)
FNDA:0,(anonymous_50)
FNDA:0,(anonymous_51)
DA:1,0
DA:3,0
DA:10,0
DA:15,0
DA:16,0
DA:17,0
DA:18,0
DA:22,0
DA:23,0
DA:24,0
DA:25,0
DA:29,0
DA:30,0
DA:31,0
DA:32,0
DA:36,0
DA:37,0
DA:38,0
DA:39,0
DA:43,0
DA:44,0
DA:45,0
DA:46,0
DA:542,0
DA:551,0
DA:565,0
DA:575,0
DA:576,0
DA:580,0
DA:592,0
DA:593,0
DA:596,0
DA:599,0
DA:607,0
DA:608,0
DA:624,0
DA:627,0
DA:628,0
DA:642,0
DA:643,0
DA:657,0
DA:658,0
DA:672,0
DA:673,0
DA:686,0
DA:687,0
DA:702,0
DA:703,0
DA:717,0
DA:718,0
DA:732,0
DA:733,0
DA:734,0
DA:735,0
DA:749,0
DA:750,0
DA:762,0
DA:763,0
DA:776,0
DA:790,0
DA:804,0
DA:822,0
DA:824,0
DA:825,0
DA:826,0
DA:827,0
DA:829,0
DA:833,0
DA:836,0
DA:840,0
DA:845,0
DA:848,0
DA:865,0
DA:866,0
DA:869,0
DA:871,0
DA:872,0
DA:875,0
DA:876,0
DA:877,0
DA:878,0
DA:880,0
DA:890,0
DA:891,0
DA:902,0
DA:903,0
DA:904,0
DA:906,0
DA:908,0
DA:917,0
DA:918,0
DA:919,0
DA:920,0
DA:922,0
DA:923,0
DA:925,0
DA:926,0
DA:928,0
DA:931,0
DA:942,0
DA:943,0
DA:946,0
DA:956,0
DA:958,0
DA:959,0
DA:960,0
DA:963,0
DA:964,0
DA:966,0
DA:973,0
DA:974,0
DA:976,0
DA:982,0
DA:983,0
DA:986,0
DA:997,0
DA:999,0
DA:1001,0
DA:1004,0
DA:1005,0
DA:1007,0
DA:1009,0
DA:1011,0
DA:1018,0
DA:1026,0
DA:1030,0
DA:1031,0
DA:1032,0
DA:1033,0
DA:1034,0
DA:1035,0
DA:1036,0
DA:1037,0
DA:1038,0
DA:1039,0
DA:1040,0
DA:1041,0
DA:1042,0
DA:1043,0
DA:1044,0
DA:1046,0
DA:1049,0
DA:1055,0
DA:1056,0
DA:1059,0
DA:1074,0
DA:1076,0
DA:1078,0
DA:1079,0
DA:1081,0
DA:1085,0
DA:1086,0
DA:1088,0
DA:1095,0
DA:1098,0
DA:1100,0
DA:1101,0
DA:1102,0
DA:1103,0
DA:1104,0
DA:1105,0
DA:1106,0
DA:1107,0
DA:1108,0
DA:1109,0
DA:1110,0
DA:1111,0
DA:1112,0
DA:1113,0
DA:1115,0
DA:1118,0
DA:1136,0
DA:1142,0
DA:1145,0
DA:1146,0
DA:1147,0
DA:1148,0
DA:1149,0
DA:1150,0
DA:1153,0
DA:1159,0
DA:1160,0
DA:1162,0
DA:1165,0
DA:1185,0
DA:1187,0
DA:1189,0
DA:1190,0
DA:1192,0
DA:1196,0
DA:1197,0
DA:1199,0
DA:1208,0
DA:1209,0
DA:1210,0
DA:1211,0
DA:1214,0
DA:1216,0
DA:1219,0
DA:1221,0
DA:1222,0
DA:1223,0
DA:1224,0
DA:1225,0
DA:1226,0
DA:1227,0
DA:1228,0
DA:1229,0
DA:1230,0
DA:1231,0
DA:1232,0
DA:1233,0
DA:1234,0
DA:1236,0
DA:1239,0
DA:1260,0
DA:1261,0
DA:1262,0
DA:1263,0
DA:1265,0
DA:1266,0
DA:1280,0
DA:1281,0
DA:1282,0
DA:1284,0
DA:1285,0
DA:1301,0
DA:1302,0
DA:1303,0
DA:1306,0
DA:1307,0
DA:1308,0
DA:1310,0
DA:1311,0
DA:1316,0
DA:1320,0
DA:1321,0
DA:1322,0
DA:1323,0
DA:1324,0
DA:1326,0
DA:1351,0
DA:1389,0
DA:1390,0
DA:1392,0
DA:1393,0
DA:1394,0
DA:1395,0
DA:1400,0
DA:1401,0
DA:1410,0
DA:1424,0
DA:1426,0
DA:1427,0
DA:1435,0
DA:1436,0
DA:1437,0
DA:1439,0
DA:1448,0
DA:1461,0
DA:1462,0
DA:1463,0
DA:1475,0
DA:1476,0
DA:1477,0
DA:1478,0
DA:1490,0
DA:1505,0
DA:1506,0
DA:1514,0
DA:1515,0
DA:1516,0
DA:1518,0
DA:1519,0
DA:1524,0
DA:1527,0
DA:1528,0
DA:1529,0
DA:1530,0
DA:1531,0
DA:1534,0
DA:1535,0
DA:1537,0
DA:1538,0
DA:1542,0
DA:1543,0
DA:1544,0
DA:1548,0
DA:1549,0
DA:1553,0
DA:1554,0
DA:1557,0
DA:1559,0
DA:1574,0
DA:1575,0
DA:1582,0
DA:1583,0
DA:1584,0
DA:1591,0
DA:1608,0
DA:1609,0
DA:1611,0
DA:1612,0
DA:1613,0
DA:1615,0
DA:1616,0
DA:1623,0
DA:1624,0
DA:1627,0
DA:1628,0
DA:1629,0
DA:1632,0
DA:1634,0
DA:1635,0
DA:1636,0
DA:1641,0
DA:1665,0
DA:1666,0
DA:1669,0
DA:1670,0
DA:1671,0
DA:1675,0
DA:1676,0
DA:1677,0
DA:1681,0
DA:1682,0
DA:1683,0
DA:1687,0
DA:1688,0
DA:1689,0
DA:1693,0
DA:1694,0
DA:1695,0
DA:1696,0
DA:1697,0
DA:1698,0
DA:1701,0
DA:1702,0
DA:1707,0
DA:1711,0
DA:1712,0
DA:1716,0
DA:1718,0
DA:1736,0
DA:1745,0
DA:1752,0
DA:1760,0
DA:1761,0
DA:1762,0
DA:1763,0
DA:1765,0
DA:1766,0
DA:1767,0
DA:1771,0
DA:1776,0
DA:1777,0
DA:1778,0
DA:1779,0
DA:1780,0
DA:1781,0
DA:1785,0
DA:1786,0
DA:1787,0
DA:1788,0
DA:1789,0
DA:1794,0
DA:1795,0
DA:1796,0
DA:1799,0
DA:1806,0
DA:1817,0
DA:1818,0
DA:1821,0
DA:1822,0
DA:1824,0
DA:1831,0
DA:1833,0
DA:1839,0
DA:1846,0
DA:1847,0
DA:1850,0
DA:1851,0
DA:1852,0
DA:1855,0
DA:1856,0
DA:1857,0
DA:1858,0
DA:1862,0
DA:1865,0
DA:1872,0
DA:1873,0
DA:1876,0
DA:1877,0
DA:1879,0
DA:1886,0
DA:1888,0
DA:1892,0
DA:1893,0
DA:1894,0
DA:1897,0
DA:1904,0
DA:1913,0
DA:1915,0
DA:1916,0
DA:1919,0
DA:1925,0
DA:1930,0
DA:1937,0
DA:1938,0
DA:1944,0
DA:1952,0
DA:1953,0
DA:1955,0
DA:1960,0
DA:1972,0
DA:1978,0
DA:1979,0
DA:1980,0
DA:1981,0
DA:1986,0
DA:1991,0
DA:2001,0
DA:2004,0
DA:2005,0
DA:2008,0
DA:2015,0
DA:2016,0
DA:2018,0
DA:2019,0
DA:2020,0
DA:2021,0
DA:2025,0
DA:2026,0
DA:2037,0
DA:2038,0
DA:2040,0
DA:2055,0
DA:2056,0
DA:2057,0
DA:2061,0
DA:2062,0
DA:2063,0
DA:2065,0
DA:2068,0
DA:2069,0
DA:2071,0
DA:2072,0
DA:2076,0
DA:2093,0
DA:2094,0
DA:2097,0
DA:2098,0
DA:2107,0
DA:2108,0
LF:454
LH:0
BRDA:563,0,0,0
BRDA:566,1,0,0
BRDA:566,1,1,0
BRDA:567,2,0,0
BRDA:567,2,1,0
BRDA:568,3,0,0
BRDA:568,3,1,0
BRDA:569,4,0,0
BRDA:569,4,1,0
BRDA:570,5,0,0
BRDA:570,5,1,0
BRDA:571,6,0,0
BRDA:571,6,1,0
BRDA:575,7,0,0
BRDA:592,8,0,0
BRDA:607,9,0,0
BRDA:627,10,0,0
BRDA:627,10,1,0
BRDA:642,11,0,0
BRDA:642,11,1,0
BRDA:657,12,0,0
BRDA:657,12,1,0
BRDA:672,13,0,0
BRDA:672,13,1,0
BRDA:686,14,0,0
BRDA:686,14,1,0
BRDA:702,15,0,0
BRDA:702,15,1,0
BRDA:717,16,0,0
BRDA:717,16,1,0
BRDA:732,17,0,0
BRDA:732,17,1,0
BRDA:734,18,0,0
BRDA:734,18,1,0
BRDA:734,19,0,0
BRDA:734,19,1,0
BRDA:749,20,0,0
BRDA:749,20,1,0
BRDA:762,21,0,0
BRDA:762,21,1,0
BRDA:807,22,0,0
BRDA:807,22,1,0
BRDA:807,23,0,0
BRDA:807,23,1,0
BRDA:809,24,0,0
BRDA:809,24,1,0
BRDA:822,25,0,0
BRDA:822,25,1,0
BRDA:822,25,2,0
BRDA:822,25,3,0
BRDA:822,25,4,0
BRDA:822,25,5,0
BRDA:822,25,6,0
BRDA:822,25,7,0
BRDA:822,25,8,0
BRDA:824,26,0,0
BRDA:824,26,1,0
BRDA:826,27,0,0
BRDA:826,27,1,0
BRDA:826,28,0,0
BRDA:826,28,1,0
BRDA:865,29,0,0
BRDA:871,30,0,0
BRDA:875,31,0,0
BRDA:875,31,1,0
BRDA:890,32,0,0
BRDA:890,33,0,0
BRDA:890,33,1,0
BRDA:903,34,0,0
BRDA:903,34,1,0
BRDA:906,35,0,0
BRDA:906,35,1,0
BRDA:906,35,2,0
BRDA:917,36,0,0
BRDA:919,37,0,0
BRDA:922,38,0,0
BRDA:925,39,0,0
BRDA:942,40,0,0
BRDA:959,41,0,0
BRDA:974,42,0,0
BRDA:974,42,1,0
BRDA:982,43,0,0
BRDA:1007,44,0,0
BRDA:1007,44,1,0
BRDA:1015,45,0,0
BRDA:1015,45,1,0
BRDA:1030,46,0,0
BRDA:1030,46,1,0
BRDA:1033,47,0,0
BRDA:1033,47,1,0
BRDA:1036,48,0,0
BRDA:1036,48,1,0
BRDA:1039,49,0,0
BRDA:1039,49,1,0
BRDA:1042,50,0,0
BRDA:1042,50,1,0
BRDA:1046,51,0,0
BRDA:1046,51,1,0
BRDA:1055,52,0,0
BRDA:1078,53,0,0
BRDA:1078,53,1,0
BRDA:1100,54,0,0
BRDA:1100,54,1,0
BRDA:1104,55,0,0
BRDA:1104,55,1,0
BRDA:1107,56,0,0
BRDA:1107,56,1,0
BRDA:1108,57,0,0
BRDA:1108,57,1,0
BRDA:1111,58,0,0
BRDA:1111,58,1,0
BRDA:1115,59,0,0
BRDA:1115,59,1,0
BRDA:1145,60,0,0
BRDA:1145,60,1,0
BRDA:1147,61,0,0
BRDA:1147,61,1,0
BRDA:1149,62,0,0
BRDA:1149,62,1,0
BRDA:1154,63,0,0
BRDA:1154,63,1,0
BRDA:1155,64,0,0
BRDA:1155,64,1,0
BRDA:1162,65,0,0
BRDA:1162,65,1,0
BRDA:1167,66,0,0
BRDA:1167,66,1,0
BRDA:1183,67,0,0
BRDA:1189,68,0,0
BRDA:1189,68,1,0
BRDA:1208,69,0,0
BRDA:1221,70,0,0
BRDA:1221,70,1,0
BRDA:1225,71,0,0
BRDA:1225,71,1,0
BRDA:1228,72,0,0
BRDA:1228,72,1,0
BRDA:1229,73,0,0
BRDA:1229,73,1,0
BRDA:1232,74,0,0
BRDA:1232,74,1,0
BRDA:1236,75,0,0
BRDA:1236,75,1,0
BRDA:1258,76,0,0
BRDA:1261,77,0,0
BRDA:1262,78,0,0
BRDA:1263,79,0,0
BRDA:1265,80,0,0
BRDA:1265,80,1,0
BRDA:1278,81,0,0
BRDA:1281,82,0,0
BRDA:1282,83,0,0
BRDA:1284,84,0,0
BRDA:1284,84,1,0
BRDA:1299,85,0,0
BRDA:1310,86,0,0
BRDA:1310,86,1,0
BRDA:1389,87,0,0
BRDA:1389,87,1,0
BRDA:1400,88,0,0
BRDA:1400,88,1,0
BRDA:1421,89,0,0
BRDA:1422,90,0,0
BRDA:1439,91,0,0
BRDA:1439,91,1,0
BRDA:1440,92,0,0
BRDA:1440,92,1,0
BRDA:1443,93,0,0
BRDA:1443,93,1,0
BRDA:1444,94,0,0
BRDA:1444,94,1,0
BRDA:1502,95,0,0
BRDA:1503,96,0,0
BRDA:1518,97,0,0
BRDA:1518,98,0,0
BRDA:1518,98,1,0
BRDA:1534,99,0,0
BRDA:1537,100,0,0
BRDA:1543,101,0,0
BRDA:1548,102,0,0
BRDA:1548,103,0,0
BRDA:1548,103,1,0
BRDA:1553,104,0,0
BRDA:1557,105,0,0
BRDA:1557,105,1,0
BRDA:1562,106,0,0
BRDA:1562,106,1,0
BRDA:1563,107,0,0
BRDA:1563,107,1,0
BRDA:1566,108,0,0
BRDA:1566,108,1,0
BRDA:1567,109,0,0
BRDA:1567,109,1,0
BRDA:1604,110,0,0
BRDA:1605,111,0,0
BRDA:1606,112,0,0
BRDA:1615,113,0,0
BRDA:1623,114,0,0
BRDA:1623,114,1,0
BRDA:1627,115,0,0
BRDA:1632,116,0,0
BRDA:1632,116,1,0
BRDA:1634,117,0,0
BRDA:1663,118,0,0
BRDA:1670,119,0,0
BRDA:1670,120,0,0
BRDA:1670,120,1,0
BRDA:1676,121,0,0
BRDA:1676,122,0,0
BRDA:1676,122,1,0
BRDA:1682,123,0,0
BRDA:1688,124,0,0
BRDA:1688,125,0,0
BRDA:1688,125,1,0
BRDA:1697,126,0,0
BRDA:1697,127,0,0
BRDA:1697,127,1,0
BRDA:1701,128,0,0
BRDA:1701,128,1,0
BRDA:1712,129,0,0
BRDA:1712,129,1,0
BRDA:1712,129,2,0
BRDA:1712,129,3,0
BRDA:1712,129,4,0
BRDA:1761,130,0,0
BRDA:1761,130,1,0
BRDA:1766,131,0,0
BRDA:1769,132,0,0
BRDA:1769,132,1,0
BRDA:1776,133,0,0
BRDA:1779,134,0,0
BRDA:1786,135,0,0
BRDA:1786,135,1,0
BRDA:1788,136,0,0
BRDA:1788,137,0,0
BRDA:1788,137,1,0
BRDA:1795,138,0,0
BRDA:1795,139,0,0
BRDA:1795,139,1,0
BRDA:1817,140,0,0
BRDA:1822,141,0,0
BRDA:1822,141,1,0
BRDA:1846,142,0,0
BRDA:1851,143,0,0
BRDA:1856,144,0,0
BRDA:1872,145,0,0
BRDA:1893,146,0,0
BRDA:1915,147,0,0
BRDA:1915,147,1,0
BRDA:1937,148,0,0
BRDA:1937,148,1,0
BRDA:1971,149,0,0
BRDA:1979,150,0,0
BRDA:1979,151,0,0
BRDA:1979,151,1,0
BRDA:1980,152,0,0
BRDA:1980,152,1,0
BRDA:2004,153,0,0
BRDA:2004,154,0,0
BRDA:2004,154,1,0
BRDA:2019,155,0,0
BRDA:2025,156,0,0
BRDA:2062,157,0,0
BRDA:2062,157,1,0
BRDA:2068,158,0,0
BRDA:2068,159,0,0
BRDA:2068,159,1,0
BRDA:2071,160,0,0
BRDA:2071,161,0,0
BRDA:2071,161,1,0
BRDA:2093,162,0,0
BRDA:2093,163,0,0
BRDA:2093,163,1,0
BRDA:2107,164,0,0
BRDA:2107,164,1,0
BRDA:2108,165,0,0
BRDA:2108,165,1,0
BRF:277
BRH:0
end_of_record
TN:
SF:src/services/form-modification-operations.ts
FN:50,(anonymous_0)
FN:55,(anonymous_1)
FN:78,(anonymous_2)
FN:80,(anonymous_3)
FN:80,(anonymous_4)
FN:82,(anonymous_5)
FN:106,(anonymous_6)
FN:192,(anonymous_7)
FN:234,(anonymous_8)
FN:273,(anonymous_9)
FN:307,(anonymous_10)
FN:366,(anonymous_11)
FN:397,(anonymous_12)
FN:421,(anonymous_13)
FN:505,(anonymous_14)
FN:586,(anonymous_15)
FN:668,(anonymous_16)
FN:680,(anonymous_17)
FN:689,(anonymous_18)
FN:702,(anonymous_19)
FN:703,(anonymous_20)
FN:703,(anonymous_21)
FN:716,(anonymous_22)
FN:744,(anonymous_23)
FN:756,(anonymous_24)
FN:816,(anonymous_25)
FN:835,(anonymous_26)
FN:850,(anonymous_27)
FN:866,(anonymous_28)
FN:885,(anonymous_29)
FN:891,(anonymous_30)
FN:939,(anonymous_31)
FN:954,(anonymous_32)
FN:972,(anonymous_33)
FN:989,(anonymous_34)
FN:1007,(anonymous_35)
FN:1037,(anonymous_36)
FN:1041,(anonymous_37)
FN:1046,(anonymous_38)
FN:1067,(anonymous_39)
FN:1078,(anonymous_40)
FN:1078,(anonymous_41)
FN:1079,(anonymous_42)
FN:1086,(anonymous_43)
FN:1092,(anonymous_44)
FNF:45
FNH:33
FNDA:2,(anonymous_0)
FNDA:6,(anonymous_1)
FNDA:6,(anonymous_2)
FNDA:19,(anonymous_3)
FNDA:19,(anonymous_4)
FNDA:19,(anonymous_5)
FNDA:27,(anonymous_6)
FNDA:8,(anonymous_7)
FNDA:3,(anonymous_8)
FNDA:6,(anonymous_9)
FNDA:2,(anonymous_10)
FNDA:2,(anonymous_11)
FNDA:1,(anonymous_12)
FNDA:2,(anonymous_13)
FNDA:4,(anonymous_14)
FNDA:3,(anonymous_15)
FNDA:11,(anonymous_16)
FNDA:0,(anonymous_17)
FNDA:3,(anonymous_18)
FNDA:7,(anonymous_19)
FNDA:9,(anonymous_20)
FNDA:9,(anonymous_21)
FNDA:2,(anonymous_22)
FNDA:18,(anonymous_23)
FNDA:7,(anonymous_24)
FNDA:0,(anonymous_25)
FNDA:0,(anonymous_26)
FNDA:0,(anonymous_27)
FNDA:0,(anonymous_28)
FNDA:1,(anonymous_29)
FNDA:3,(anonymous_30)
FNDA:0,(anonymous_31)
FNDA:0,(anonymous_32)
FNDA:0,(anonymous_33)
FNDA:0,(anonymous_34)
FNDA:4,(anonymous_35)
FNDA:0,(anonymous_36)
FNDA:0,(anonymous_37)
FNDA:0,(anonymous_38)
FNDA:4,(anonymous_39)
FNDA:15,(anonymous_40)
FNDA:15,(anonymous_41)
FNDA:15,(anonymous_42)
FNDA:15,(anonymous_43)
FNDA:15,(anonymous_44)
DA:1,25
DA:13,25
DA:51,2
DA:52,2
DA:55,2
DA:56,6
DA:57,0
DA:61,2
DA:62,0
DA:63,0
DA:64,0
DA:70,2
DA:79,6
DA:80,19
DA:82,6
DA:83,19
DA:84,0
DA:85,0
DA:86,0
DA:93,6
DA:101,25
DA:111,27
DA:113,27
DA:115,27
DA:116,1
DA:126,26
DA:128,8
DA:129,8
DA:131,3
DA:132,3
DA:134,1
DA:135,1
DA:137,1
DA:138,1
DA:140,2
DA:141,2
DA:143,1
DA:144,1
DA:146,2
DA:147,2
DA:149,4
DA:150,4
DA:152,3
DA:153,3
DA:155,1
DA:164,26
DA:165,18
DA:167,18
DA:168,17
DA:170,18
DA:171,18
DA:174,18
DA:177,26
DA:180,0
DA:193,8
DA:194,1
DA:202,7
DA:203,7
DA:206,7
DA:213,7
DA:218,7
DA:235,3
DA:236,3
DA:237,3
DA:238,3
DA:239,3
DA:241,3
DA:242,1
DA:250,2
DA:251,2
DA:252,2
DA:253,0
DA:260,2
DA:263,2
DA:264,2
DA:265,0
DA:273,6
DA:275,2
DA:281,2
DA:282,2
DA:283,0
DA:291,2
DA:312,2
DA:313,2
DA:314,2
DA:315,2
DA:316,2
DA:318,2
DA:319,0
DA:327,2
DA:328,2
DA:329,2
DA:331,2
DA:332,0
DA:340,2
DA:345,2
DA:350,2
DA:367,2
DA:368,1
DA:376,1
DA:381,1
DA:398,1
DA:400,1
DA:405,1
DA:422,2
DA:424,2
DA:425,0
DA:433,2
DA:434,0
DA:442,2
DA:443,2
DA:444,2
DA:446,2
DA:450,2
DA:451,1
DA:459,1
DA:460,1
DA:461,0
DA:469,1
DA:470,1
DA:472,1
DA:473,0
DA:481,1
DA:483,1
DA:488,1
DA:506,4
DA:507,4
DA:508,1
DA:516,3
DA:517,3
DA:518,3
DA:519,3
DA:520,3
DA:521,3
DA:522,0
DA:530,3
DA:531,3
DA:533,3
DA:534,0
DA:542,3
DA:543,1
DA:551,2
DA:552,2
DA:554,2
DA:555,1
DA:558,2
DA:563,2
DA:564,2
DA:566,2
DA:571,2
DA:587,3
DA:588,3
DA:589,3
DA:592,3
DA:594,3
DA:595,0
DA:603,3
DA:604,3
DA:605,3
DA:607,3
DA:608,0
DA:616,3
DA:617,3
DA:620,3
DA:621,2
DA:622,2
DA:624,3
DA:625,0
DA:626,0
DA:628,3
DA:629,1
DA:630,1
DA:632,3
DA:633,0
DA:634,0
DA:636,3
DA:637,1
DA:638,1
DA:641,3
DA:642,1
DA:650,2
DA:652,2
DA:657,2
DA:669,11
DA:671,11
DA:672,9
DA:673,9
DA:674,1
DA:676,8
DA:679,2
DA:680,0
DA:681,0
DA:682,0
DA:684,0
DA:687,2
DA:688,2
DA:689,3
DA:690,2
DA:691,0
DA:693,2
DA:696,0
DA:703,9
DA:704,7
DA:705,7
DA:706,0
DA:707,0
DA:708,0
DA:710,7
DA:717,2
DA:738,2
DA:745,18
DA:762,7
DA:770,7
DA:772,0
DA:775,0
DA:778,0
DA:781,0
DA:787,1
DA:790,0
DA:793,0
DA:796,0
DA:799,0
DA:802,4
DA:806,2
DA:820,0
DA:839,0
DA:854,0
DA:870,0
DA:890,1
DA:891,3
DA:900,1
DA:908,1
DA:909,0
DA:917,1
DA:918,0
DA:925,1
DA:926,1
DA:933,0
DA:943,0
DA:958,0
DA:976,0
DA:993,0
DA:1011,4
DA:1038,0
DA:1042,0
DA:1046,0
DA:1068,4
DA:1070,4
DA:1071,0
DA:1073,4
DA:1074,0
DA:1078,15
DA:1079,15
DA:1080,4
DA:1081,1
DA:1082,1
DA:1086,15
DA:1087,4
DA:1088,1
DA:1092,4
DA:1093,15
DA:1095,4
DA:1096,1
DA:1100,4
DA:1101,4
DA:1103,4
LF:266
LH:208
BRDA:56,0,0,0
BRDA:56,1,0,6
BRDA:56,1,1,0
BRDA:63,2,0,0
BRDA:83,3,0,0
BRDA:85,4,0,0
BRDA:113,5,0,27
BRDA:113,5,1,1
BRDA:113,6,0,0
BRDA:113,6,1,1
BRDA:115,7,0,1
BRDA:126,8,0,8
BRDA:126,8,1,3
BRDA:126,8,2,1
BRDA:126,8,3,1
BRDA:126,8,4,2
BRDA:126,8,5,1
BRDA:126,8,6,2
BRDA:126,8,7,4
BRDA:126,8,8,3
BRDA:126,8,9,1
BRDA:164,9,0,18
BRDA:164,10,0,26
BRDA:164,10,1,18
BRDA:165,11,0,18
BRDA:165,11,1,17
BRDA:167,12,0,17
BRDA:184,13,0,0
BRDA:184,13,1,0
BRDA:193,14,0,1
BRDA:203,15,0,7
BRDA:203,15,1,2
BRDA:203,16,0,2
BRDA:203,16,1,0
BRDA:209,17,0,7
BRDA:209,17,1,0
BRDA:236,18,0,0
BRDA:237,19,0,1
BRDA:238,20,0,2
BRDA:241,21,0,1
BRDA:241,22,0,3
BRDA:241,22,1,2
BRDA:244,23,0,1
BRDA:244,23,1,0
BRDA:246,24,0,1
BRDA:246,24,1,0
BRDA:252,25,0,0
BRDA:264,26,0,0
BRDA:282,27,0,0
BRDA:313,28,0,0
BRDA:314,29,0,1
BRDA:315,30,0,1
BRDA:318,31,0,0
BRDA:318,32,0,2
BRDA:318,32,1,2
BRDA:321,33,0,0
BRDA:321,33,1,0
BRDA:323,34,0,0
BRDA:323,34,1,0
BRDA:331,35,0,0
BRDA:367,36,0,1
BRDA:398,37,0,1
BRDA:398,37,1,0
BRDA:411,38,0,1
BRDA:411,38,1,0
BRDA:424,39,0,0
BRDA:424,40,0,2
BRDA:424,40,1,0
BRDA:424,40,2,0
BRDA:433,41,0,0
BRDA:443,42,0,0
BRDA:444,43,0,0
BRDA:446,44,0,2
BRDA:446,44,1,0
BRDA:450,45,0,1
BRDA:450,46,0,2
BRDA:450,46,1,2
BRDA:450,46,2,2
BRDA:460,47,0,0
BRDA:460,48,0,1
BRDA:460,48,1,1
BRDA:472,49,0,0
BRDA:507,50,0,1
BRDA:517,51,0,0
BRDA:518,52,0,0
BRDA:519,53,0,3
BRDA:521,54,0,0
BRDA:521,55,0,3
BRDA:521,55,1,3
BRDA:524,56,0,0
BRDA:524,56,1,0
BRDA:526,57,0,0
BRDA:526,57,1,0
BRDA:533,58,0,0
BRDA:542,59,0,1
BRDA:554,60,0,1
BRDA:588,61,0,0
BRDA:589,62,0,3
BRDA:594,63,0,0
BRDA:594,64,0,3
BRDA:594,64,1,3
BRDA:597,65,0,0
BRDA:597,65,1,0
BRDA:599,66,0,0
BRDA:599,66,1,0
BRDA:607,67,0,0
BRDA:620,68,0,2
BRDA:624,69,0,0
BRDA:628,70,0,1
BRDA:629,71,0,1
BRDA:629,71,1,1
BRDA:632,72,0,0
BRDA:633,73,0,0
BRDA:633,73,1,0
BRDA:636,74,0,1
BRDA:641,75,0,1
BRDA:671,76,0,9
BRDA:673,77,0,1
BRDA:673,78,0,9
BRDA:673,78,1,9
BRDA:679,79,0,0
BRDA:681,80,0,0
BRDA:687,81,0,2
BRDA:690,82,0,0
BRDA:707,83,0,0
BRDA:707,83,1,0
BRDA:738,84,0,2
BRDA:738,84,1,0
BRDA:770,85,0,0
BRDA:770,85,1,0
BRDA:770,85,2,0
BRDA:770,85,3,0
BRDA:770,85,4,0
BRDA:770,85,5,1
BRDA:770,85,6,1
BRDA:770,85,7,1
BRDA:770,85,8,0
BRDA:770,85,9,0
BRDA:770,85,10,0
BRDA:770,85,11,0
BRDA:770,85,12,4
BRDA:770,85,13,2
BRDA:890,86,0,1
BRDA:890,86,1,0
BRDA:908,87,0,0
BRDA:917,88,0,0
BRDA:925,89,0,1
BRDA:1040,90,0,0
BRDA:1040,90,1,0
BRDA:1041,91,0,0
BRDA:1041,91,1,0
BRDA:1046,92,0,0
BRDA:1046,92,1,0
BRDA:1051,93,0,0
BRDA:1051,93,1,0
BRDA:1054,94,0,0
BRDA:1054,94,1,0
BRDA:1070,95,0,0
BRDA:1073,96,0,0
BRDA:1073,97,0,4
BRDA:1073,97,1,4
BRDA:1080,98,0,1
BRDA:1086,99,0,15
BRDA:1086,99,1,14
BRDA:1087,100,0,1
BRDA:1093,101,0,15
BRDA:1093,101,1,5
BRDA:1093,101,2,4
BRDA:1095,102,0,1
BRF:169
BRH:86
end_of_record
TN:
SF:src/services/form-modification-parser.ts
FN:6,(anonymous_0)
FN:22,(anonymous_1)
FN:76,(anonymous_2)
FN:84,(anonymous_3)
FN:118,(anonymous_4)
FN:120,(anonymous_5)
FN:126,(anonymous_6)
FN:133,(anonymous_7)
FN:155,(anonymous_8)
FN:194,(anonymous_9)
FN:202,(anonymous_10)
FN:217,(anonymous_11)
FN:228,(anonymous_12)
FN:239,(anonymous_13)
FN:251,(anonymous_14)
FN:263,(anonymous_15)
FN:275,(anonymous_16)
FN:286,(anonymous_17)
FN:297,(anonymous_18)
FN:309,(anonymous_19)
FN:321,(anonymous_20)
FN:328,(anonymous_21)
FN:334,(anonymous_22)
FN:346,(anonymous_23)
FN:353,(anonymous_24)
FN:357,(anonymous_25)
FN:358,(anonymous_26)
FN:361,(anonymous_27)
FN:376,(anonymous_28)
FN:378,(anonymous_29)
FNF:30
FNH:30
FNDA:26,(anonymous_0)
FNDA:26,(anonymous_1)
FNDA:50,(anonymous_2)
FNDA:52,(anonymous_3)
FNDA:3,(anonymous_4)
FNDA:6,(anonymous_5)
FNDA:2,(anonymous_6)
FNDA:3,(anonymous_7)
FNDA:50,(anonymous_8)
FNDA:50,(anonymous_9)
FNDA:35,(anonymous_10)
FNDA:3,(anonymous_11)
FNDA:1,(anonymous_12)
FNDA:3,(anonymous_13)
FNDA:1,(anonymous_14)
FNDA:1,(anonymous_15)
FNDA:1,(anonymous_16)
FNDA:1,(anonymous_17)
FNDA:2,(anonymous_18)
FNDA:1,(anonymous_19)
FNDA:1,(anonymous_20)
FNDA:55,(anonymous_21)
FNDA:3,(anonymous_22)
FNDA:3,(anonymous_23)
FNDA:3,(anonymous_24)
FNDA:6,(anonymous_25)
FNDA:6,(anonymous_26)
FNDA:50,(anonymous_27)
FNDA:35,(anonymous_28)
FNDA:40,(anonymous_29)
DA:1,26
DA:6,26
DA:7,26
DA:8,26
DA:9,26
DA:10,26
DA:11,26
DA:12,26
DA:13,26
DA:14,26
DA:15,26
DA:16,26
DA:22,26
DA:23,26
DA:24,26
DA:25,26
DA:26,26
DA:72,26
DA:77,50
DA:78,50
DA:85,52
DA:87,52
DA:88,143
DA:89,143
DA:90,50
DA:92,50
DA:104,2
DA:119,3
DA:120,6
DA:127,2
DA:134,3
DA:135,3
DA:138,3
DA:139,1
DA:143,3
DA:144,1
DA:148,3
DA:149,1
DA:152,3
DA:156,50
DA:195,50
DA:203,35
DA:204,35
DA:217,3
DA:228,1
DA:239,3
DA:251,1
DA:263,1
DA:275,1
DA:286,1
DA:297,2
DA:309,1
DA:321,1
DA:330,55
DA:331,55
DA:334,55
DA:335,3
DA:336,3
DA:340,55
DA:346,55
DA:347,3
DA:350,55
DA:355,3
DA:356,3
DA:357,6
DA:358,6
DA:362,50
DA:364,35
DA:367,5
DA:370,5
DA:372,5
DA:377,35
DA:378,40
DA:380,35
LF:74
LH:74
BRDA:6,0,0,26
BRDA:6,0,1,26
BRDA:22,1,0,26
BRDA:22,1,1,26
BRDA:89,2,0,50
BRDA:127,3,0,2
BRDA:127,3,1,1
BRDA:138,4,0,1
BRDA:143,5,0,1
BRDA:143,6,0,3
BRDA:143,6,1,2
BRDA:148,7,0,1
BRDA:148,8,0,3
BRDA:148,8,1,3
BRDA:205,9,0,35
BRDA:205,9,1,0
BRDA:206,10,0,35
BRDA:206,10,1,0
BRDA:218,11,0,3
BRDA:218,11,1,0
BRDA:240,12,0,3
BRDA:240,12,1,0
BRDA:264,13,0,1
BRDA:264,13,1,0
BRDA:298,14,0,2
BRDA:298,14,1,0
BRDA:299,15,0,2
BRDA:299,15,1,0
BRDA:311,16,0,1
BRDA:311,16,1,0
BRDA:322,17,0,1
BRDA:322,17,1,0
BRDA:362,18,0,35
BRDA:362,18,1,4
BRDA:362,18,2,5
BRDA:362,18,3,4
BRDA:362,18,4,5
BRDA:362,18,5,5
BRDA:367,19,0,5
BRDA:367,19,1,1
BRDA:370,20,0,5
BRDA:370,20,1,1
BRF:42
BRH:33
end_of_record
TN:
SF:src/services/form-permission-service.ts
FN:24,(anonymous_0)
FN:31,(anonymous_1)
FN:42,(anonymous_2)
FN:69,(anonymous_3)
FN:95,(anonymous_4)
FN:106,(anonymous_5)
FN:118,(anonymous_6)
FN:129,(anonymous_7)
FN:139,(anonymous_8)
FN:162,(anonymous_9)
FN:172,(anonymous_10)
FN:178,(anonymous_11)
FN:188,(anonymous_12)
FN:194,(anonymous_13)
FN:204,(anonymous_14)
FN:210,(anonymous_15)
FNF:16
FNH:0
FNDA:0,(anonymous_0)
FNDA:0,(anonymous_1)
FNDA:0,(anonymous_2)
FNDA:0,(anonymous_3)
FNDA:0,(anonymous_4)
FNDA:0,(anonymous_5)
FNDA:0,(anonymous_6)
FNDA:0,(anonymous_7)
FNDA:0,(anonymous_8)
FNDA:0,(anonymous_9)
FNDA:0,(anonymous_10)
FNDA:0,(anonymous_11)
FNDA:0,(anonymous_12)
FNDA:0,(anonymous_13)
FNDA:0,(anonymous_14)
FNDA:0,(anonymous_15)
DA:2,13
DA:3,13
DA:21,13
DA:25,0
DA:32,0
DA:49,0
DA:58,0
DA:75,0
DA:84,0
DA:96,0
DA:107,0
DA:119,0
DA:134,0
DA:139,0
DA:151,0
DA:167,0
DA:171,0
DA:172,0
DA:183,0
DA:187,0
DA:188,0
DA:199,0
DA:203,0
DA:204,0
DA:215,0
DA:217,0
LF:26
LH:3
BRDA:24,0,0,0
BRDA:46,1,0,0
BRDA:73,2,0,0
BRDA:136,3,0,0
BRDA:136,3,1,0
BRDA:137,4,0,0
BRDA:137,4,1,0
BRDA:138,5,0,0
BRDA:138,5,1,0
BRDA:139,6,0,0
BRDA:139,6,1,0
BRDA:143,7,0,0
BRDA:143,7,1,0
BRDA:167,8,0,0
BRDA:167,8,1,0
BRDA:197,9,0,0
BRDA:213,10,0,0
BRF:17
BRH:0
end_of_record
TN:
SF:src/services/form-publication-service.ts
FN:27,(anonymous_0)
FN:37,(anonymous_1)
FN:64,(anonymous_2)
FN:86,(anonymous_3)
FN:117,(anonymous_4)
FN:135,(anonymous_5)
FN:177,(anonymous_6)
FN:195,(anonymous_7)
FN:217,(anonymous_8)
FN:231,(anonymous_9)
[...]
DA:21,1
DA:25,1
DA:29,1
LF:8
LH:8
BRDA:8,0,0,5
BRDA:12,1,0,0
BRF:2
BRH:1
end_of_record
TN:
SF:src/types/capabilities.ts
FNF:0
FNH:0
DA:85,2
LF:1
LH:1
BRF:0
BRH:0
end_of_record
TN:
SF:src/types/errors.ts
FN:17,(anonymous_0)
FNF:1
FNH:1
FNDA:5,(anonymous_0)
DA:13,2
DA:18,5
DA:19,5
DA:20,5
DA:21,5
DA:24,5
LF:6
LH:6
BRF:0
BRH:0
end_of_record
TN:
SF:src/types/toml.d.ts
FNF:0
FNH:0
LF:0
LH:0
BRF:0
BRH:0
end_of_record
TN:
SF:src/utils/capability-negotiation.ts
FN:10,areVersionsCompatible
FN:21,negotiateCapabilities
FN:103,validateClientCapabilities
FN:112,(anonymous_3)
FNF:4
FNH:4
FNDA:13,areVersionsCompatible
FNDA:15,negotiateCapabilities
FNDA:8,validateClientCapabilities
FNDA:6,(anonymous_3)
DA:1,2
DA:2,2
DA:12,13
DA:21,2
DA:23,15
DA:28,15
DA:29,2
DA:30,2
DA:32,2
DA:33,2
DA:35,2
DA:36,2
DA:38,2
DA:39,2
DA:41,2
DA:45,13
DA:46,5
DA:57,8
DA:58,5
DA:67,8
DA:68,3
DA:78,8
DA:79,2
DA:88,8
DA:89,3
DA:95,8
DA:103,2
DA:104,8
DA:105,3
DA:108,5
DA:111,5
DA:112,6
DA:114,5
DA:115,1
DA:119,4
DA:120,1
DA:124,3
DA:125,0
DA:129,3
DA:130,0
DA:134,3
DA:135,2
DA:136,0
DA:139,2
DA:140,2
DA:141,1
DA:145,2
LF:47
LH:44
BRDA:28,0,0,2
BRDA:29,1,0,2
BRDA:32,2,0,2
BRDA:35,3,0,2
BRDA:38,4,0,2
BRDA:45,5,0,5
BRDA:57,6,0,5
BRDA:57,7,0,8
BRDA:57,7,1,5
BRDA:59,8,0,5
BRDA:59,8,1,1
BRDA:59,8,2,0
BRDA:60,9,0,5
BRDA:60,9,1,2
BRDA:60,9,2,0
BRDA:61,10,0,5
BRDA:61,10,1,3
BRDA:61,10,2,0
BRDA:62,11,0,5
BRDA:62,11,1,3
BRDA:62,11,2,0
BRDA:67,12,0,3
BRDA:67,13,0,8
BRDA:67,13,1,3
BRDA:69,14,0,3
BRDA:69,14,1,0
BRDA:69,14,2,0
BRDA:70,15,0,3
BRDA:70,15,1,1
BRDA:70,15,2,0
BRDA:71,16,0,3
BRDA:71,16,1,1
BRDA:71,16,2,0
BRDA:72,17,0,3
BRDA:72,17,1,1
BRDA:72,17,2,0
BRDA:73,18,0,3
BRDA:73,18,1,1
BRDA:73,18,2,0
BRDA:78,19,0,2
BRDA:78,20,0,8
BRDA:78,20,1,2
BRDA:80,21,0,2
BRDA:80,21,1,0
BRDA:80,21,2,0
BRDA:81,22,0,2
BRDA:81,22,1,0
BRDA:81,22,2,0
BRDA:82,23,0,2
BRDA:82,23,1,0
BRDA:82,23,2,0
BRDA:83,24,0,2
BRDA:83,24,1,0
BRDA:83,24,2,0
BRDA:88,25,0,3
BRDA:88,26,0,8
BRDA:88,26,1,3
BRDA:90,27,0,3
BRDA:90,27,1,0
BRDA:90,27,2,0
BRDA:91,28,0,3
BRDA:91,28,1,1
BRDA:91,28,2,0
BRDA:104,29,0,3
BRDA:104,30,0,8
BRDA:104,30,1,7
BRDA:114,31,0,1
BRDA:119,32,0,1
BRDA:119,33,0,4
BRDA:119,33,1,3
BRDA:124,34,0,0
BRDA:124,35,0,3
BRDA:124,35,1,0
BRDA:129,36,0,0
BRDA:129,37,0,3
BRDA:129,37,1,0
BRDA:134,38,0,2
BRDA:135,39,0,0
BRDA:140,40,0,1
BRDA:140,41,0,2
BRDA:140,41,1,2
BRF:81
BRH:55
end_of_record
TN:
SF:src/utils/config.ts
FN:50,getRequiredEnvVar
FN:61,getOptionalEnvVar
FN:68,getEnvVarAsNumber
FN:81,getEnvVarAsBoolean
FN:126,validateConfig
FNF:5
FNH:5
FNDA:22,getRequiredEnvVar
FNDA:21,getOptionalEnvVar
FNDA:11,getEnvVarAsNumber
FNDA:3,getEnvVarAsBoolean
FNDA:1,validateConfig
DA:1,5
DA:4,5
DA:51,22
DA:52,22
DA:53,1
DA:55,21
DA:62,21
DA:69,11
DA:70,11
DA:71,2
DA:72,2
DA:73,1
DA:75,1
DA:82,3
DA:83,3
DA:84,1
DA:90,5
DA:126,5
DA:127,1
DA:129,1
DA:130,1
DA:131,1
DA:132,1
DA:133,1
DA:135,1
DA:137,0
DA:138,0
DA:142,3
LF:28
LH:26
BRDA:52,0,0,1
BRDA:62,1,0,21
BRDA:62,1,1,18
BRDA:70,2,0,9
BRDA:72,3,0,1
BRDA:83,4,0,2
BRF:6
BRH:6
end_of_record
TN:
SF:src/utils/crypto.ts
FN:32,(anonymous_1)
FN:53,(anonymous_2)
FN:82,(anonymous_3)
FN:93,(anonymous_4)
FN:116,(anonymous_5)
FN:126,(anonymous_6)
FN:147,(anonymous_7)
FN:167,(anonymous_8)
FN:174,(anonymous_9)
FN:184,(anonymous_10)
FN:195,(anonymous_11)
FN:202,(anonymous_12)
FN:212,(anonymous_13)
FN:238,(anonymous_14)
FN:270,(anonymous_15)
FNF:15
FNH:15
FNDA:7,(anonymous_1)
FNDA:48,(anonymous_2)
FNDA:63,(anonymous_3)
FNDA:26,(anonymous_4)
FNDA:74,(anonymous_5)
FNDA:4,(anonymous_6)
FNDA:3,(anonymous_7)
FNDA:3,(anonymous_8)
FNDA:11,(anonymous_9)
FNDA:3,(anonymous_10)
FNDA:49,(anonymous_11)
FNDA:3,(anonymous_12)
FNDA:3,(anonymous_13)
FNDA:3,(anonymous_14)
FNDA:5,(anonymous_15)
DA:1,26
DA:2,26
DA:25,26
DA:26,26
DA:27,26
DA:33,7
DA:34,7
DA:35,1
DA:39,6
DA:40,6
DA:41,2
DA:42,2
DA:43,2
DA:47,4
DA:58,48
DA:61,48
DA:62,4
DA:66,44
DA:67,44
DA:70,44
DA:71,44
DA:72,43
DA:73,43
DA:76,44
DA:83,63
DA:95,26
DA:96,5
DA:100,21
DA:101,21
DA:102,1
DA:105,20
DA:106,20
DA:109,20
DA:110,20
DA:117,74
DA:127,4
DA:128,3
DA:130,3
DA:132,3
DA:133,3
DA:135,3
DA:137,3
DA:148,3
DA:149,3
DA:150,3
DA:152,3
DA:154,3
DA:155,3
DA:158,3
DA:159,3
DA:161,3
DA:168,3
DA:175,11
DA:185,3
DA:186,3
DA:196,49
DA:203,3
DA:213,3
DA:218,3
DA:219,3
DA:225,3
DA:226,3
DA:228,3
DA:229,3
DA:230,3
DA:232,3
DA:239,3
DA:240,3
DA:242,3
DA:243,0
DA:246,3
DA:247,3
DA:248,3
DA:250,3
DA:251,1
DA:254,2
DA:255,2
DA:257,2
DA:258,1
DA:261,1
DA:263,0
DA:271,5
DA:272,2
DA:275,3
DA:276,3
DA:277,3
DA:279,3
LF:87
LH:85
BRDA:34,0,0,1
BRDA:40,1,0,2
BRDA:53,2,0,42
BRDA:55,3,0,42
BRDA:56,4,0,46
BRDA:57,5,0,47
BRDA:61,6,0,4
BRDA:61,7,0,48
BRDA:61,7,1,46
BRDA:71,8,0,43
BRDA:95,9,0,5
BRDA:101,10,0,1
BRDA:101,11,0,21
BRDA:101,11,1,21
BRDA:135,12,0,3
BRDA:135,12,1,0
BRDA:154,13,0,3
BRDA:154,14,0,3
BRDA:154,14,1,3
BRDA:167,15,0,3
BRDA:212,16,0,0
BRDA:228,17,0,3
BRDA:228,17,1,0
BRDA:242,18,0,0
BRDA:242,19,0,3
BRDA:242,19,1,3
BRDA:242,19,2,3
BRDA:246,20,0,3
BRDA:246,20,1,0
BRDA:250,21,0,1
BRDA:257,22,0,1
BRDA:257,23,0,2
BRDA:257,23,1,2
BRDA:270,24,0,2
BRDA:271,25,0,2
BRF:35
BRH:30
end_of_record
TN:
SF:src/utils/index.ts
FN:13,(anonymous_0)
FN:13,(anonymous_1)
FN:17,(anonymous_2)
FN:18,(anonymous_3)
FN:19,(anonymous_4)
FN:20,(anonymous_5)
FN:21,(anonymous_6)
FNF:7
FNH:0
FNDA:0,(anonymous_0)
FNDA:0,(anonymous_1)
FNDA:0,(anonymous_2)
FNDA:0,(anonymous_3)
FNDA:0,(anonymous_4)
FNDA:0,(anonymous_5)
FNDA:0,(anonymous_6)
DA:13,0
DA:16,0
DA:17,0
DA:18,0
DA:19,0
DA:20,0
DA:21,0
LF:7
LH:0
BRF:0
BRH:0
end_of_record
TN:
SF:src/utils/input-sanitizer.ts
FN:35,sanitizeString
FN:97,sanitizeObject
FN:111,(anonymous_3)
FN:133,sanitizeArray
FN:141,(anonymous_5)
FN:158,(anonymous_6)
FN:165,(anonymous_7)
FN:173,(anonymous_8)
FN:185,(anonymous_9)
FN:193,(anonymous_10)
FN:206,(anonymous_11)
FN:212,(anonymous_12)
FN:223,(anonymous_13)
FNF:13
FNH:13
FNDA:49,sanitizeString
FNDA:32,sanitizeObject
FNDA:3,(anonymous_3)
FNDA:2,sanitizeArray
FNDA:5,(anonymous_5)
FNDA:10,(anonymous_6)
FNDA:5,(anonymous_7)
FNDA:5,(anonymous_8)
FNDA:4,(anonymous_9)
FNDA:17,(anonymous_10)
FNDA:131,(anonymous_11)
FNDA:18,(anonymous_12)
FNDA:78,(anonymous_13)
DA:1,3
DA:22,3
DA:35,3
DA:39,49
DA:40,3
DA:44,46
DA:45,32
DA:54,14
DA:59,14
DA:60,0
DA:62,14
DA:64,14
DA:65,14
DA:68,14
DA:69,4
DA:72,14
DA:75,14
DA:76,0
DA:78,14
DA:80,14
DA:81,4
DA:84,14
DA:87,14
DA:97,3
DA:101,32
DA:102,0
DA:105,32
DA:107,32
DA:108,31
DA:109,22
DA:110,9
DA:111,1
DA:112,3
DA:118,8
DA:119,4
DA:123,32
DA:133,3
DA:137,2
DA:138,1
DA:141,1
DA:142,5
DA:143,3
DA:144,2
DA:145,1
DA:147,1
DA:154,3
DA:159,10
DA:166,5
DA:167,5
DA:174,5
DA:175,5
DA:176,4
DA:178,1
DA:187,4
DA:194,17
DA:206,131
DA:213,18
DA:223,78
DA:230,3
LF:59
LH:56
BRDA:37,0,0,15
BRDA:39,1,0,3
BRDA:44,2,0,32
BRDA:59,3,0,0
BRDA:59,3,1,14
BRDA:64,4,0,14
BRDA:68,5,0,4
BRDA:75,6,0,0
BRDA:75,6,1,14
BRDA:80,7,0,4
BRDA:99,8,0,4
BRDA:101,9,0,0
BRDA:101,10,0,32
BRDA:101,10,1,32
BRDA:108,11,0,22
BRDA:108,11,1,9
BRDA:110,12,0,1
BRDA:110,12,1,8
BRDA:112,13,0,3
BRDA:112,13,1,0
BRDA:114,14,0,0
BRDA:114,14,1,0
BRDA:114,15,0,0
BRDA:114,15,1,0
BRDA:118,16,0,4
BRDA:118,17,0,8
BRDA:118,17,1,5
BRDA:135,18,0,2
BRDA:137,19,0,1
BRDA:142,20,0,3
BRDA:142,20,1,2
BRDA:144,21,0,1
BRDA:144,22,0,2
BRDA:144,22,1,1
BRF:34
BRH:26
end_of_record
TN:
SF:src/validation/constants.ts
FN:65,(anonymous_0)
FN:85,(anonymous_1)
FN:122,(anonymous_2)
FN:152,(anonymous_3)
FN:182,(anonymous_4)
FN:228,(anonymous_5)
FN:231,checkDepth
FN:270,(anonymous_7)
FN:286,(anonymous_8)
FNF:9
FNH:0
FNDA:0,(anonymous_0)
FNDA:0,(anonymous_1)
FNDA:0,(anonymous_2)
FNDA:0,(anonymous_3)
FNDA:0,(anonymous_4)
FNDA:0,(anonymous_5)
FNDA:0,checkDepth
FNDA:0,(anonymous_7)
FNDA:0,(anonymous_8)
DA:5,1
DA:10,1
DA:15,1
DA:20,1
DA:25,1
DA:39,1
DA:47,1
DA:60,1
DA:66,0
DA:67,0
DA:68,0
DA:78,0
DA:86,0
DA:87,0
DA:89,0
DA:90,0
DA:102,0
DA:103,0
DA:115,0
DA:123,0
DA:124,0
DA:125,0
DA:134,0
DA:135,0
DA:145,0
DA:153,0
DA:154,0
DA:155,0
DA:164,0
DA:165,0
DA:175,0
DA:183,0
DA:184,0
DA:186,0
DA:187,0
DA:196,0
DA:197,0
DA:209,0
DA:210,0
DA:221,0
DA:229,0
DA:232,0
DA:233,0
DA:242,0
DA:245,0
DA:246,0
DA:249,0
DA:250,0
DA:251,0
DA:252,0
DA:253,0
DA:256,0
DA:259,0
DA:260,0
DA:263,0
DA:271,0
DA:273,0
DA:274,0
DA:275,0
DA:286,0
DA:287,0
DA:288,0
DA:297,0
DA:298,0
DA:313,0
LF:65
LH:8
BRDA:67,0,0,0
BRDA:67,1,0,0
BRDA:67,1,1,0
BRDA:67,1,2,0
BRDA:87,2,0,0
BRDA:89,3,0,0
BRDA:102,4,0,0
BRDA:124,5,0,0
BRDA:124,5,1,0
BRDA:124,6,0,0
BRDA:124,6,1,0
BRDA:124,6,2,0
BRDA:134,7,0,0
BRDA:154,8,0,0
BRDA:154,8,1,0
BRDA:164,9,0,0
BRDA:164,10,0,0
BRDA:164,10,1,0
BRDA:164,10,2,0
BRDA:184,11,0,0
BRDA:184,12,0,0
BRDA:184,12,1,0
BRDA:186,13,0,0
BRDA:186,13,1,0
BRDA:196,14,0,0
BRDA:209,15,0,0
BRDA:209,16,0,0
BRDA:209,16,1,0
BRDA:231,17,0,0
BRDA:231,18,0,0
BRDA:232,19,0,0
BRDA:245,20,0,0
BRDA:245,21,0,0
BRDA:245,21,1,0
BRDA:259,22,0,0
BRDA:273,23,0,0
BRDA:273,24,0,0
BRDA:273,24,1,0
BRDA:274,25,0,0
BRDA:274,25,1,0
BRDA:287,26,0,0
BRDA:287,26,1,0
BRDA:297,27,0,0
BRDA:297,28,0,0
BRDA:297,28,1,0
BRF:45
BRH:0
end_of_record
TN:
SF:src/validation/demo.ts
FN:128,demonstrateValidation
FN:157,(anonymous_1)
FNF:2
FNH:0
FNDA:0,demonstrateValidation
FNDA:0,(anonymous_1)
DA:8,0
DA:9,0
DA:15,0
DA:91,0
DA:128,0
DA:129,0
DA:132,0
DA:139,0
DA:145,0
DA:146,0
DA:149,0
DA:151,0
DA:152,0
DA:153,0
DA:155,0
DA:156,0
DA:157,0
DA:158,0
DA:162,0
DA:163,0
DA:166,0
DA:167,0
DA:168,0
DA:169,0
DA:171,0
DA:172,0
DA:175,0
DA:176,0
DA:178,0
DA:179,0
DA:180,0
DA:181,0
DA:191,0
DA:192,0
DA:193,0
DA:194,0
DA:195,0
DA:196,0
DA:197,0
DA:198,0
DA:199,0
DA:200,0
DA:201,0
DA:203,0
DA:209,0
DA:212,0
DA:213,0
LF:47
LH:0
BRDA:151,0,0,0
BRDA:151,0,1,0
BRDA:155,1,0,0
BRDA:212,2,0,0
BRF:4
BRH:0
end_of_record
TN:
SF:src/validation/index.ts
FN:8,(anonymous_0)
FN:9,(anonymous_1)
FN:10,(anonymous_2)
FN:11,(anonymous_3)
FN:23,(anonymous_4)
FN:24,(anonymous_5)
FN:25,(anonymous_6)
FNF:7
FNH:0
FNDA:0,(anonymous_0)
FNDA:0,(anonymous_1)
FNDA:0,(anonymous_2)
FNDA:0,(anonymous_3)
FNDA:0,(anonymous_4)
FNDA:0,(anonymous_5)
FNDA:0,(anonymous_6)
DA:8,0
DA:9,0
DA:10,0
DA:11,0
DA:22,0
DA:23,0
DA:24,0
DA:25,0
LF:8
LH:0
BRF:0
BRH:0
end_of_record
TN:
SF:src/validation/mcp-tool-validator.ts
FN:40,(anonymous_0)
FN:63,(anonymous_1)
FN:132,(anonymous_2)
FN:151,(anonymous_3)
FN:182,(anonymous_4)
FN:189,(anonymous_5)
FN:219,(anonymous_6)
FN:224,(anonymous_7)
FN:236,(anonymous_8)
FN:260,(anonymous_9)
FN:267,(anonymous_10)
FN:269,(anonymous_11)
FN:276,(anonymous_12)
FN:283,(anonymous_13)
FN:291,(anonymous_14)
FNF:15
FNH:0
FNDA:0,(anonymous_0)
FNDA:0,(anonymous_1)
FNDA:0,(anonymous_2)
FNDA:0,(anonymous_3)
FNDA:0,(anonymous_4)
FNDA:0,(anonymous_5)
FNDA:0,(anonymous_6)
FNDA:0,(anonymous_7)
FNDA:0,(anonymous_8)
FNDA:0,(anonymous_9)
FNDA:0,(anonymous_10)
FNDA:0,(anonymous_11)
FNDA:0,(anonymous_12)
FNDA:0,(anonymous_13)
FNDA:0,(anonymous_14)
DA:7,0
DA:17,0
DA:18,0
DA:35,0
DA:41,0
DA:53,0
DA:54,0
DA:64,0
DA:70,0
DA:71,0
DA:72,0
DA:75,0
DA:76,0
DA:77,0
DA:79,0
DA:80,0
DA:82,0
DA:83,0
DA:85,0
DA:86,0
DA:88,0
DA:89,0
DA:94,0
DA:107,0
DA:108,0
DA:109,0
DA:110,0
DA:111,0
DA:114,0
DA:126,0
DA:133,0
DA:134,0
DA:135,0
DA:138,0
DA:139,0
DA:140,0
DA:144,0
DA:145,0
DA:146,0
DA:148,0
DA:151,0
DA:161,0
DA:162,0
DA:163,0
DA:166,0
DA:183,0
DA:186,0
DA:189,0
DA:195,0
DA:196,0
DA:198,0
DA:213,0
DA:220,0
DA:221,0
DA:224,0
DA:225,0
DA:226,0
DA:227,0
DA:229,0
DA:234,0
DA:235,0
DA:236,0
DA:237,0
DA:254,0
DA:261,0
DA:268,0
DA:269,0
DA:270,0
DA:277,0
DA:284,0
DA:285,0
DA:292,0
LF:72
LH:0
BRDA:40,0,0,0
BRDA:56,1,0,0
BRDA:56,1,1,0
BRDA:80,2,0,0
BRDA:80,2,1,0
BRDA:80,2,2,0
BRDA:96,3,0,0
BRDA:96,3,1,0
BRDA:100,4,0,0
BRDA:100,4,1,0
BRDA:107,5,0,0
BRDA:107,6,0,0
BRDA:107,6,1,0
BRDA:138,7,0,0
BRDA:146,8,0,0
BRDA:153,9,0,0
BRDA:153,9,1,0
BRDA:190,10,0,0
BRDA:190,10,1,0
BRDA:201,11,0,0
BRDA:201,11,1,0
BRDA:208,12,0,0
BRDA:208,12,1,0
BRDA:225,13,0,0
BRDA:226,14,0,0
BRDA:235,15,0,0
BRF:26
BRH:0
end_of_record
TN:
SF:src/validation/schema-validator.ts
FN:25,(anonymous_0)
FN:37,(anonymous_1)
FN:74,(anonymous_2)
FN:133,(anonymous_3)
FN:167,(anonymous_4)
FN:189,(anonymous_5)
FN:207,(anonymous_6)
FN:230,(anonymous_7)
FN:270,(anonymous_8)
FN:296,(anonymous_9)
FN:334,(anonymous_10)
FN:372,(anonymous_11)
FN:397,(anonymous_12)
FNF:13
FNH:13
FNDA:50,(anonymous_0)
FNDA:47,(anonymous_1)
FNDA:47,(anonymous_2)
FNDA:6,(anonymous_3)
FNDA:45,(anonymous_4)
FNDA:45,(anonymous_5)
FNDA:1076,(anonymous_6)
FNDA:1028,(anonymous_7)
FNDA:46,(anonymous_8)
FNDA:11,(anonymous_9)
FNDA:6,(anonymous_10)
FNDA:15,(anonymous_11)
FNDA:8,(anonymous_12)
DA:7,1
DA:13,1
DA:22,1
DA:26,50
DA:38,47
DA:39,47
DA:40,47
DA:43,47
DA:46,46
DA:47,45
DA:51,46
DA:52,46
DA:56,46
DA:58,46
DA:80,47
DA:81,2
DA:93,46
DA:94,1
DA:106,46
DA:107,15
DA:108,5
DA:120,15
DA:121,4
DA:122,1
DA:133,3
DA:134,6
DA:135,1
DA:151,46
DA:152,5
DA:173,45
DA:174,2
DA:175,1
DA:188,45
DA:189,45
DA:190,45
DA:191,1
DA:215,1076
DA:216,1
DA:225,1
DA:229,1075
DA:230,26
DA:231,1028
DA:232,1028
DA:244,1075
DA:245,2
DA:255,1075
DA:256,0
DA:276,46
DA:278,11
DA:279,11
DA:282,6
DA:283,6
DA:285,15
DA:286,15
DA:288,8
DA:289,8
DA:303,11
DA:304,2
DA:305,1
DA:318,11
DA:319,1
DA:341,6
DA:342,2
DA:343,1
DA:356,6
DA:357,1
DA:379,15
DA:380,1
DA:381,1
DA:404,8
DA:405,1
DA:406,1
LF:72
LH:71
BRDA:25,0,0,43
BRDA:46,1,0,45
BRDA:51,2,0,46
BRDA:80,3,0,2
BRDA:80,4,0,47
BRDA:80,4,1,3
BRDA:93,5,0,1
BRDA:93,6,0,46
BRDA:93,6,1,43
BRDA:106,7,0,15
BRDA:107,8,0,5
BRDA:107,9,0,15
BRDA:107,9,1,6
BRDA:120,10,0,4
BRDA:121,11,0,1
BRDA:121,11,1,3
BRDA:134,12,0,1
BRDA:151,13,0,5
BRDA:151,14,0,46
BRDA:151,14,1,8
BRDA:151,14,2,6
BRDA:173,15,0,2
BRDA:174,16,0,1
BRDA:190,17,0,1
BRDA:196,18,0,1
BRDA:196,18,1,0
BRDA:212,19,0,46
BRDA:213,20,0,46
BRDA:215,21,0,1
BRDA:229,22,0,26
BRDA:229,23,0,1075
BRDA:229,23,1,26
BRDA:231,24,0,1028
BRDA:231,25,0,1028
BRDA:231,25,1,1028
BRDA:238,26,0,17
BRDA:238,26,1,1011
BRDA:244,27,0,2
BRDA:244,28,0,1075
BRDA:244,28,1,2
BRDA:251,29,0,0
BRDA:251,29,1,2
BRDA:255,30,0,0
BRDA:255,31,0,1075
BRDA:255,31,1,0
BRDA:262,32,0,0
BRDA:262,32,1,0
BRDA:276,33,0,11
BRDA:276,33,1,5
BRDA:276,33,2,6
BRDA:276,33,3,15
BRDA:276,33,4,8
BRDA:303,34,0,2
BRDA:303,35,0,11
BRDA:303,35,1,3
BRDA:304,36,0,1
BRDA:318,37,0,1
BRDA:318,38,0,11
BRDA:318,38,1,3
BRDA:341,39,0,2
BRDA:341,40,0,6
BRDA:341,40,1,2
BRDA:342,41,0,1
BRDA:356,42,0,1
BRDA:356,43,0,6
BRDA:356,43,1,2
BRDA:379,44,0,1
BRDA:379,45,0,15
BRDA:379,45,1,2
BRDA:380,46,0,1
BRDA:404,47,0,1
BRDA:404,48,0,8
BRDA:404,48,1,3
BRDA:405,49,0,1
BRF:74
BRH:68
end_of_record
TN:
SF:src/validation/types.ts
FN:10,(anonymous_0)
FN:151,(anonymous_1)
FNF:2
FNH:1
FNDA:3,(anonymous_0)
FNDA:0,(anonymous_1)
DA:5,3
DA:10,3
DA:11,3
DA:12,3
DA:13,3
DA:147,3
DA:151,0
DA:156,3
DA:167,3
LF:9
LH:8
BRDA:10,0,0,3
BRDA:10,0,1,3
BRDA:151,1,0,0
BRDA:151,1,1,0
BRF:4
BRH:2
end_of_record
TN:
SF:src/validation/validate-project-tools.ts
FN:232,validateProjectTools
FN:264,(anonymous_1)
FN:284,(anonymous_2)
FNF:3
FNH:0
FNDA:0,validateProjectTools
FNDA:0,(anonymous_1)
FNDA:0,(anonymous_2)
DA:8,0
DA:9,0
DA:15,0
DA:232,0
DA:233,0
DA:234,0
DA:237,0
DA:246,0
DA:255,0
DA:258,0
DA:259,0
DA:260,0
DA:262,0
DA:263,0
DA:264,0
DA:265,0
DA:269,0
DA:270,0
DA:274,0
DA:275,0
DA:276,0
DA:277,0
DA:278,0
DA:279,0
DA:282,0
DA:283,0
DA:284,0
DA:285,0
DA:286,0
DA:287,0
DA:288,0
DA:289,0
DA:293,0
DA:295,0
DA:296,0
DA:297,0
DA:300,0
DA:301,0
DA:302,0
DA:306,0
DA:307,0
DA:308,0
DA:311,0
DA:312,0
DA:313,0
DA:316,0
DA:317,0
DA:318,0
DA:321,0
DA:324,0
DA:325,0
DA:326,0
DA:327,0
DA:328,0
DA:329,0
DA:330,0
DA:331,0
DA:332,0
DA:333,0
DA:334,0
DA:336,0
DA:340,0
DA:341,0
LF:63
LH:0
BRDA:258,0,0,0
BRDA:258,0,1,0
BRDA:262,1,0,0
BRDA:286,2,0,0
BRDA:286,2,1,0
BRDA:287,3,0,0
BRDA:287,3,1,0
BRDA:288,4,0,0
BRDA:288,4,1,0
BRDA:301,5,0,0
BRDA:321,6,0,0
BRDA:321,6,1,0
BRDA:340,7,0,0
BRF:13
BRH:0
end_of_record
TN:
SF:src/validation/validation-reporter.ts
FN:50,(anonymous_0)
FN:57,(anonymous_1)
FN:90,(anonymous_2)
FN:97,(anonymous_3)
FN:113,(anonymous_4)
FN:117,(anonymous_5)
FN:122,(anonymous_6)
FN:129,(anonymous_7)
FN:140,(anonymous_8)
FN:155,(anonymous_9)
FN:172,(anonymous_10)
FN:180,(anonymous_11)
FN:193,(anonymous_12)
FN:206,(anonymous_13)
FN:212,(anonymous_14)
FN:220,(anonymous_15)
FN:229,(anonymous_16)
FN:247,(anonymous_17)
FN:262,(anonymous_18)
FN:279,(anonymous_19)
FN:290,(anonymous_20)
FN:309,(anonymous_21)
FN:319,(anonymous_22)
FN:326,(anonymous_23)
FNF:24
FNH:0
FNDA:0,(anonymous_0)
FNDA:0,(anonymous_1)
FNDA:0,(anonymous_2)
FNDA:0,(anonymous_3)
FNDA:0,(anonymous_4)
FNDA:0,(anonymous_5)
FNDA:0,(anonymous_6)
FNDA:0,(anonymous_7)
FNDA:0,(anonymous_8)
FNDA:0,(anonymous_9)
FNDA:0,(anonymous_10)
FNDA:0,(anonymous_11)
FNDA:0,(anonymous_12)
FNDA:0,(anonymous_13)
FNDA:0,(anonymous_14)
FNDA:0,(anonymous_15)
FNDA:0,(anonymous_16)
FNDA:0,(anonymous_17)
FNDA:0,(anonymous_18)
FNDA:0,(anonymous_19)
FNDA:0,(anonymous_20)
FNDA:0,(anonymous_21)
FNDA:0,(anonymous_22)
FNDA:0,(anonymous_23)
DA:12,0
DA:35,0
DA:47,0
DA:51,0
DA:58,0
DA:61,0
DA:64,0
DA:65,0
DA:69,0
DA:72,0
DA:73,0
DA:77,0
DA:78,0
DA:82,0
DA:84,0
DA:91,0
DA:98,0
DA:110,0
DA:113,0
DA:114,0
DA:117,0
DA:118,0
DA:122,0
DA:123,0
DA:129,0
DA:130,0
DA:134,0
DA:141,0
DA:156,0
DA:157,0
DA:159,0
DA:173,0
DA:178,0
DA:179,0
DA:180,0
DA:181,0
DA:182,0
DA:186,0
DA:187,0
DA:191,0
DA:192,0
DA:193,0
DA:194,0
DA:195,0
DA:200,0
DA:207,0
DA:212,0
DA:213,0
DA:214,0
DA:216,0
DA:218,0
DA:219,0
DA:220,0
DA:221,0
DA:222,0
DA:227,0
DA:228,0
DA:229,0
DA:230,0
DA:231,0
DA:236,0
DA:237,0
DA:241,0
DA:248,0
DA:250,0
DA:263,0
DA:265,0
DA:280,0
DA:281,0
DA:283,0
DA:291,0
DA:303,0
DA:310,0
DA:311,0
DA:313,0
DA:320,0
DA:327,0
LF:77
LH:0
BRDA:50,0,0,0
BRDA:64,1,0,0
BRDA:72,2,0,0
BRDA:72,3,0,0
BRDA:72,3,1,0
BRDA:77,4,0,0
BRDA:157,5,0,0
BRDA:157,5,1,0
BRDA:178,6,0,0
BRDA:181,7,0,0
BRDA:181,8,0,0
BRDA:181,8,1,0
BRDA:186,9,0,0
BRDA:186,10,0,0
BRDA:186,10,1,0
BRDA:191,11,0,0
BRDA:194,12,0,0
BRDA:194,13,0,0
BRDA:194,13,1,0
BRDA:214,14,0,0
BRDA:214,14,1,0
BRDA:218,15,0,0
BRDA:221,16,0,0
BRDA:221,17,0,0
BRDA:221,17,1,0
BRDA:227,18,0,0
BRDA:230,19,0,0
BRDA:230,20,0,0
BRDA:230,20,1,0
BRDA:236,21,0,0
BRDA:268,22,0,0
BRDA:268,22,1,0
BRDA:269,23,0,0
BRDA:269,23,1,0
BRDA:270,24,0,0
BRDA:270,24,1,0
BRDA:271,25,0,0
BRDA:271,25,1,0
BRDA:272,26,0,0
BRDA:272,26,1,0
BRDA:280,27,0,0
BRDA:280,27,1,0
BRDA:297,28,0,0
BRDA:297,28,1,0
BRDA:298,29,0,0
BRDA:298,29,1,0
BRDA:299,30,0,0
BRDA:299,30,1,0
BRDA:300,31,0,0
BRDA:300,31,1,0
BRDA:310,32,0,0
BRDA:310,33,0,0
BRDA:310,33,1,0
BRDA:310,33,2,0
BRF:54
BRH:0
end_of_record
TN:
SF:src/validation/validation-utils.ts
FN:18,(anonymous_0)
FN:35,(anonymous_1)
FN:62,(anonymous_2)
FN:84,(anonymous_3)
FN:109,(anonymous_4)
FN:131,(anonymous_5)
FN:142,(anonymous_6)
FN:149,(anonymous_7)
FN:182,(anonymous_8)
FN:199,(anonymous_9)
FN:215,(anonymous_10)
FN:216,(anonymous_11)
FNF:12
FNH:12
FNDA:24,(anonymous_0)
FNDA:5,(anonymous_1)
FNDA:4,(anonymous_2)
FNDA:14,(anonymous_3)
FNDA:4,(anonymous_4)
FNDA:15,(anonymous_5)
FNDA:2,(anonymous_6)
FNDA:5,(anonymous_7)
FNDA:5,(anonymous_8)
FNDA:16,(anonymous_9)
FNDA:2,(anonymous_10)
FNDA:6,(anonymous_11)
DA:5,2
DA:14,2
DA:24,24
DA:36,5
DA:37,5
DA:38,5
DA:40,5
DA:41,8
DA:42,8
DA:43,8
DA:46,5
DA:63,4
DA:65,4
DA:66,1
DA:69,4
DA:70,1
DA:71,1
DA:74,4
DA:75,1
DA:78,4
DA:85,14
DA:86,3
DA:89,11
DA:92,11
DA:93,4
DA:96,4
DA:97,7
DA:98,7
DA:103,11
DA:110,4
DA:111,1
DA:114,3
DA:115,3
DA:116,3
DA:117,3
DA:119,1
DA:122,2
DA:125,3
DA:132,15
DA:133,3
DA:135,12
DA:136,12
DA:143,2
DA:150,5
DA:152,5
DA:154,2
DA:155,2
DA:162,2
DA:165,3
DA:166,5
DA:167,2
DA:176,3
DA:183,5
DA:184,3
DA:187,2
DA:189,2
DA:200,16
DA:202,7
DA:204,5
DA:206,3
DA:208,1
DA:216,2
DA:217,6
DA:218,6
DA:219,6
LF:65
LH:65
BRDA:21,0,0,2
BRDA:22,1,0,15
BRDA:65,2,0,1
BRDA:69,3,0,1
BRDA:69,4,0,4
BRDA:69,4,1,1
BRDA:74,5,0,1
BRDA:85,6,0,3
BRDA:85,7,0,14
BRDA:85,7,1,12
BRDA:92,8,0,4
BRDA:92,9,0,11
BRDA:92,9,1,4
BRDA:97,10,0,7
BRDA:97,11,0,7
BRDA:97,11,1,7
BRDA:110,12,0,1
BRDA:110,13,0,4
BRDA:110,13,1,4
BRDA:114,14,0,3
BRDA:114,14,1,0
BRDA:116,15,0,3
BRDA:116,15,1,0
BRDA:117,16,0,1
BRDA:117,16,1,2
BRDA:132,17,0,3
BRDA:132,18,0,15
BRDA:132,18,1,12
BRDA:152,19,0,2
BRDA:152,20,0,5
BRDA:152,20,1,3
BRDA:166,21,0,2
BRDA:166,22,0,5
BRDA:166,22,1,3
BRDA:166,22,2,3
BRDA:183,23,0,3
BRDA:200,24,0,7
BRDA:200,24,1,5
BRDA:200,24,2,3
BRDA:200,24,3,1
BRF:40
BRH:38
end_of_record
